27.07.2019 18:58:30 (Batman) : DRAWING PARTS DELETED: A   [Ã.2]
27.07.2019 18:58:30 (Batman) : DRAWING DELETED: A   [Ã.2]
30.07.2019 00:41:14 (Batman) : DRAWING PARTS DELETED: A   [Ã.14]
30.07.2019 00:41:17 (Batman) : DRAWING PARTS DELETED: A   [Ã.30]
30.07.2019 00:41:17 (Batman) : DRAWING DELETED: A   [Ã.30]
30.07.2019 00:49:00 (Batman) : DRAWING DELETED: A   [Ã.2]
30.07.2019 00:49:00 (Batman) : DRAWING DELETED: A   [Ã.3]
30.07.2019 00:49:00 (Batman) : DRAWING DELETED: A   [Ã.14]
30.07.2019 00:49:00 (Batman) : DRAWING DELETED: A   [Ã.23]
30.07.2019 00:49:00 (Batman) : DRAWING DELETED: A   [Ã.30]
30.07.2019 00:49:00 (Batman) : DRAWING DELETED: A   [Ã.34]
30.07.2019 00:49:00 (Batman) : DRAWING DELETED: A   [Ã.35]
30.07.2019 00:54:47 (Batman) : DRAWING PARTS DELETED: A   [Ã.30]
30.07.2019 00:54:47 (Batman) : DRAWING DELETED: A   [Ã.30]
01.08.2019 00:41:32 (Batman) : DRAWING PARTS DELETED: A   [¡œ.2]
01.08.2019 00:41:32 (Batman) : DRAWING DELETED: A   [¡œ.2]
01.08.2019 18:20:29 (Batman) : DRAWING PARTS DELETED: A   [Õ.7]
01.08.2019 18:20:29 (Batman) : DRAWING DELETED: A   [Õ.7]
01.08.2019 21:43:24 (Batman) : DRAWING PARTS DELETED: A   [Õ.6]
01.08.2019 21:43:24 (Batman) : DRAWING DELETED: A   [Õ.6]
01.08.2019 21:46:42 (Batman) : DRAWING DELETED: A   [Õ.6]
01.08.2019 21:46:50 (Batman) : DRAWING PARTS DELETED: A   [Õ.6]
01.08.2019 21:46:50 (Batman) : DRAWING DELETED: A   [Õ.6]
