07.08.2019 19:30:20 : Creating selected parts (Hard stamps: None)
  Guid: ID5FFA3036-EF44-429C-BF19-9C1F0E5D31E4  Part: 178 => 178.nc1  NC Settings: DSTV for plates
  Guid: IDD9FCBFCF-3363-4961-952F-DF611B40A2DD  Part: 182 => 182.nc1  NC Settings: DSTV for plates
  Guid: IDAB9D21D3-B7CE-4BBC-8A61-D72A01072432  Part: 184 => 184.nc1  NC Settings: DSTV for plates
  Guid: ID82967AE7-4FC3-44C9-80A9-3801CF46C19C  Part: 185 => 185.nc1  NC Settings: DSTV for plates
  Guid: ID3348B2BB-8D29-4990-B6AE-E4DC90E4BD7E  Part: 186 => 186.nc1  NC Settings: DSTV for plates
  Guid: IDD466BAE1-A046-4C73-B644-173C5DAF9A0B  Part: 183 => 183.nc1  NC Settings: DSTV for plates
  Guid: ID9CBB02E1-542F-4E23-BAC7-35CC8D9BC58D  Part: 6 => 6.nc1  NC Settings: DSTV for plates
  Guid: ID95747F4E-4D7F-4C68-9F50-B3D091A7BA55  Part: 11 => 11.nc1  NC Settings: DSTV for plates
  Guid: IDB6FDCA6C-2A68-4A6E-8018-240123855E97  Part: 7 => 7.nc1  NC Settings: DSTV for plates
  Guid: ID534479FF-0066-4103-A83B-2D134ED6DB72  Part: 19 => 19.nc1  NC Settings: DSTV for plates
  Guid: ID473DFE9A-ACFF-4C86-8B2D-4209A0DAA8E9  Part: 14 => 14.nc1  NC Settings: DSTV for plates
  Guid: IDDF77E2DB-6D4B-43A2-969C-7298B8A67CA8  Part: 12 => 12.nc1  NC Settings: DSTV for plates
  Guid: IDBDBE4D0A-B715-4F9E-A2A3-B0D528D63D8E  Part: 18 => 18.nc1  NC Settings: DSTV for plates
  Guid: ID045C27AF-F9BC-402E-902E-7EA37E687A63  Part: 95 => 95.nc1  NC Settings: DSTV for plates
  Guid: IDB715DA93-6E01-4AB1-B91D-3EA340136BFD  Part: 111 => 111.nc1  NC Settings: DSTV for plates
  Guid: ID7CC7BDBC-F8BB-42C5-AFE1-9053B40AA2FC  Part: 59 => 59.nc1  NC Settings: DSTV for plates
07.08.2019 19:30:20 : Creating selected parts (Hard stamps: None)
  Guid: ID40AB1CE4-D8D2-4441-8BF4-472156F06C35  Part: 195 => 195.nc1  NC Settings: DSTV for profiles
  Guid: IDE0E7C6BC-1B92-441D-B15A-6F0E94E2AD15  Part: 126 => 126.nc1  NC Settings: DSTV for profiles
  Guid: IDE6B6580D-B46F-4742-A6C6-2C633C7E8C93  Part: 198 => 198.nc1  NC Settings: DSTV for profiles
  Guid: ID4607920E-4E3D-46E9-9C6F-567BB5F317EB  Part: 197 => 197.nc1  NC Settings: DSTV for profiles
  Guid: ID27247469-19C6-4E50-9DFB-024A872F44AF  Part: 190 => 190.nc1  NC Settings: DSTV for profiles
  Guid: ID29205F6C-2791-4BDB-86C0-C9AE827A9B45  Part: 189 => 189.nc1  NC Settings: DSTV for profiles
  Guid: IDBD524BF0-27AE-4B50-A3A1-CA69DFCF652B  Part: 194 => 194.nc1  NC Settings: DSTV for profiles
  Guid: IDED355D2F-2F51-4980-9D57-B850863854E5  Part: 193 => 193.nc1  NC Settings: DSTV for profiles
  Guid: ID74262C87-D058-4D9F-A4ED-8DB4023B289E  Part: 192 => 192.nc1  NC Settings: DSTV for profiles
  Guid: IDF910CAC1-6751-456C-A448-4E62CBFFE613  Part: 191 => 191.nc1  NC Settings: DSTV for profiles
  Guid: ID8A8D1CB7-DFA0-4AB6-B38F-9EF52963050B  Part: 188 => 188.nc1  NC Settings: DSTV for profiles
  Guid: ID197A2764-CD26-4CDA-A5C4-E8970D7056E8  Part: 187 => 187.nc1  NC Settings: DSTV for profiles
  Guid: ID0CC1C2C8-4E93-428A-A983-3AF7626EA046  Part: 196 => 196.nc1  NC Settings: DSTV for profiles
  Guid: ID4C403548-E233-4494-9EE1-F80F5AF81394  Part: 4 => 4.nc1  NC Settings: DSTV for profiles
  Guid: ID661D552C-68FF-4610-BDFE-1D4ED8DE1040  Part: 5 => 5.nc1  NC Settings: DSTV for profiles
  Guid: IDC9CF50D0-275A-4563-9FDA-BA51C1B79A5B  Part: 84 => 84.nc1  NC Settings: DSTV for profiles
  Guid: IDC3843275-57AE-437C-A6A5-B0B9A79995D9  Part: 1 => 1.nc1  NC Settings: DSTV for profiles
  Guid: IDD14E2ED0-F497-4C63-AE68-D87FE54B163A  Part: 83 => 83.nc1  NC Settings: DSTV for profiles
  Guid: ID883DBE48-EB31-4D93-9531-9804BEEBA201  Part: 3 => 3.nc1  NC Settings: DSTV for profiles
  Guid: ID57A405A2-CA24-4AC5-968F-1DACB5A0FF1D  Part: 2 => 2.nc1  NC Settings: DSTV for profiles
08.08.2019 19:30:39 : Creating selected parts (Hard stamps: None)
  Guid: ID0149A313-116A-4B68-8B8D-012BDE1E20CE  Part: 162 => 162.nc1  NC Settings: DSTV for plates
  Guid: IDD9FCBFCF-3363-4961-952F-DF611B40A2DD  Part: 182 => 182.nc1  NC Settings: DSTV for plates
  Guid: IDF841F34E-D58F-43A3-9B79-C1F7123CAD27  Part: 159 => 159.nc1  NC Settings: DSTV for plates
  Guid: ID95747F4E-4D7F-4C68-9F50-B3D091A7BA55  Part: 11 => 11.nc1  NC Settings: DSTV for plates
  Guid: ID2C26702D-E89A-4320-BFAE-A91789E4D409  Part: 127 => 127.nc1  NC Settings: DSTV for plates
  Guid: IDA8E6D648-656C-443B-B6BB-5710DA2435AC  Part: 248 => 248.nc1  NC Settings: DSTV for plates
  Guid: ID8D8605F7-30E4-4FAD-8301-90CE76F34281  Part: 253 => 253.nc1  NC Settings: DSTV for plates
  Guid: IDB07F7709-2EC5-4DC3-9517-B8BF36C163AB  Part: 247 => 247.nc1  NC Settings: DSTV for plates
  Guid: ID7C9481D8-6573-4DDB-A0EC-10DEEBEFB803  Part: 155 => 155.nc1  NC Settings: DSTV for plates
  Guid: ID4EE53424-835F-4EC0-BEB2-54626CC946E8  Part: 202 => 202.nc1  NC Settings: DSTV for plates
  Guid: ID07995187-131B-40A0-BEC5-4FDC3B9CD322  Part: 204 => 204.nc1  NC Settings: DSTV for plates
  Guid: IDC3CE8C61-FB74-428E-82DD-98859C6599EC  Part: 203 => 203.nc1  NC Settings: DSTV for plates
  Guid: ID56CA99F8-0D5C-48DD-9048-526390A8D327  Part: 235 => 235.nc1  NC Settings: DSTV for plates
  Guid: IDDAEE7BC9-3F43-4304-8FD9-D8422A7ED7B1  Part: 226 => 226.nc1  NC Settings: DSTV for plates
  Guid: ID23D49656-BA20-4742-B00C-5258EB2E7000  Part: 206 => 206.nc1  NC Settings: DSTV for plates
  Guid: IDA6C0F60F-50BE-4BB0-8771-063D8DA71B73  Part: 225 => 225.nc1  NC Settings: DSTV for plates
  Guid: ID839B3A6C-11EF-41F1-99A2-E8BD72B4467A  Part: 224 => 224.nc1  NC Settings: DSTV for plates
  Guid: IDC62AA861-D608-47C2-A1F1-1823D4C22141  Part: 237 => 237.nc1  NC Settings: DSTV for plates
  Guid: IDED9385BC-0F6B-4BBE-9B8B-04117707A76C  Part: 205 => 205.nc1  NC Settings: DSTV for plates
  Guid: ID3DC24466-ABA3-4351-B269-1E02C256FE9B  Part: 239 => 239.nc1  NC Settings: DSTV for plates
  Guid: ID5F4680F0-0FEB-4FCC-886E-E422F52B5853  Part: 238 => 238.nc1  NC Settings: DSTV for plates
  Guid: ID8FF2DB31-CE3B-4491-ADD8-BB589B522529  Part: 240 => 240.nc1  NC Settings: DSTV for plates
  Guid: IDE25DFA62-FB55-4659-889D-8A59087DC9A9  Part: 236 => 236.nc1  NC Settings: DSTV for plates
  Guid: IDD8850170-5649-440B-B92C-63DA5686CDE0  Part: 227 => 227.nc1  NC Settings: DSTV for plates
  Guid: IDCD63B62D-7F8A-4A7D-B497-145C62F15E1D  Part: 229 => 229.nc1  NC Settings: DSTV for plates
  Guid: ID60B73126-9E63-4F38-B060-F3765D736DED  Part: 230 => 230.nc1  NC Settings: DSTV for plates
  Guid: IDC990E241-63DD-48B2-B645-1A04AE0FDED1  Part: 228 => 228.nc1  NC Settings: DSTV for plates
  Guid: IDE7E15771-3D4A-4411-99EB-C698DB799996  Part: 208 => 208.nc1  NC Settings: DSTV for plates
  Guid: ID5D11CC60-D1FD-42F5-88BC-6E53FE9146C8  Part: 207 => 207.nc1  NC Settings: DSTV for plates
  Guid: IDC20E0E32-D9A8-4448-875B-147DBE9622E5  Part: 209 => 209.nc1  NC Settings: DSTV for plates
  Guid: ID3920EA06-7062-42E4-A771-B7CE1CADDBDD  Part: 210 => 210.nc1  NC Settings: DSTV for plates
  Guid: ID2D2F692E-46EB-4E07-B029-7DC6234BE906  Part: 96 => 96.nc1  NC Settings: DSTV for plates
  Guid: ID5513C905-5FD7-40B0-9D07-F78F7B6095FD  Part: 135 => 135.nc1  NC Settings: DSTV for plates
  Guid: ID3563AB57-FE9E-4248-A073-FA98A9298FC7  Part: 163 => 163.nc1  NC Settings: DSTV for plates
  Guid: ID83ED2B0B-ACE3-4151-9500-709FEDBBFA07  Part: 164 => 164.nc1  NC Settings: DSTV for plates
  Guid: ID70EBDC98-37AA-42C7-A2D0-63F38A34DB0B  Part: 128 => 128.nc1  NC Settings: DSTV for plates
  Guid: ID7221C7C2-76C1-443F-92BE-DA260B6B0E41  Part: 92 => 92.nc1  NC Settings: DSTV for plates
  Guid: ID84B54437-84AA-410C-9369-0A6E887BD4E0  Part: 133 => 133.nc1  NC Settings: DSTV for plates
  Guid: IDA338415B-C183-425C-8919-701EF4F9D0B2  Part: 132 => 132.nc1  NC Settings: DSTV for plates
  Guid: IDC79AEBB4-5700-4CFA-9A35-F730D73A402E  Part: 136 => 136.nc1  NC Settings: DSTV for plates
  Guid: IDAF8A9876-D456-4E08-9E60-A899D6CFBC29  Part: 90 => 90.nc1  NC Settings: DSTV for plates
  Guid: ID65BD93B5-2AA2-42E1-9CE5-97446CF5C27C  Part: 125 => 125.nc1  NC Settings: DSTV for plates
  Guid: ID35CB24D3-1082-4F91-AD98-B44FEE78B1E0  Part: 130 => 130.nc1  NC Settings: DSTV for plates
  Guid: ID5733C97E-6B5C-4D3E-8CA7-F6955307193B  Part: 131 => 131.nc1  NC Settings: DSTV for plates
  Guid: IDFF54FA29-A32A-43D6-9F58-C92F69CD886F  Part: 134 => 134.nc1  NC Settings: DSTV for plates
  Guid: ID181D89AE-BDCA-490D-9440-62480EF0C8FC  Part: 103 => 103.nc1  NC Settings: DSTV for plates
  Guid: ID9BA96E0F-E6CC-4E23-B584-396EC16C4F88  Part: 106 => 106.nc1  NC Settings: DSTV for plates
  Guid: IDCFE98A4E-4D7C-404E-B4E8-116B6E2AA2B6  Part: 62 => 62.nc1  NC Settings: DSTV for plates
  Guid: IDF095C336-DF1E-47CF-9B88-7ABF9D5F63A2  Part: 109 => 109.nc1  NC Settings: DSTV for plates
  Guid: ID6CFAA931-40A8-4730-9E22-9C6E573B5B22  Part: 114 => 114.nc1  NC Settings: DSTV for plates
  Guid: IDC0C2CFCA-9463-4CB4-8CBC-D1B9F9E906BE  Part: 110 => 110.nc1  NC Settings: DSTV for plates
  Guid: ID701654D7-93C7-4E05-B739-2AEA0B79A576  Part: 113 => 113.nc1  NC Settings: DSTV for plates
  Guid: ID4069FE4F-63D1-42A0-B5BE-6E3A3181672E  Part: 165 => 165.nc1  NC Settings: DSTV for plates
  Guid: IDAEC07BCD-4C5C-4777-8E3E-5D8A21B07937  Part: 102 => 102.nc1  NC Settings: DSTV for plates
  Guid: ID7647FC13-AB4B-4C86-BE47-8BD36BCC979B  Part: 105 => 105.nc1  NC Settings: DSTV for plates
  Guid: IDA0836CC5-AC6D-4987-82B5-596938235D6D  Part: 181 => 181.nc1  NC Settings: DSTV for plates
  Guid: IDC4B0B9C8-104B-4055-B82B-7B48D84A1DAD  Part: 101 => 101.nc1  NC Settings: DSTV for plates
  Guid: IDA7569903-3CEF-4D16-8746-FA49CDF5DDA4  Part: 61 => 61.nc1  NC Settings: DSTV for plates
  Guid: IDE8647114-EDD9-4F5D-B600-52603355E4ED  Part: 85 => 85.nc1  NC Settings: DSTV for plates
  Guid: ID0B21B0B3-0A2A-4206-AAA3-616BD8248456  Part: 86 => 86.nc1  NC Settings: DSTV for plates
  Guid: ID846C84B4-9829-4F57-AC49-98BEFC8B7D26  Part: 97 => 97.nc1  NC Settings: DSTV for plates
  Guid: ID2EF79A21-0385-451E-8409-44FCAAD058C5  Part: 100 => 100.nc1  NC Settings: DSTV for plates
  Guid: IDB5660B2C-0F8C-4D33-ABDB-376DCD13D27E  Part: 104 => 104.nc1  NC Settings: DSTV for plates
  Guid: IDC75E9455-711C-4D98-BCEB-9793058C32AC  Part: 91 => 91.nc1  NC Settings: DSTV for plates
  Guid: IDB4C33A6B-5756-45CB-AB55-4D58C0225D2E  Part: 99 => 99.nc1  NC Settings: DSTV for plates
  Guid: IDD7570E97-F710-45AE-8186-0D0A798BAAC3  Part: 93 => 93.nc1  NC Settings: DSTV for plates
08.08.2019 19:30:40 : Creating selected parts (Hard stamps: None)
  Guid: IDE48DF498-4B9A-4079-B6E1-5F6745907DDE  Part: 223 => 223.nc1  NC Settings: DSTV for profiles
  Guid: IDA5ABE849-CE4E-446B-AEB3-19DA43710A85  Part: 55 => 55.nc1  NC Settings: DSTV for profiles
  Guid: ID3B314644-36D2-454D-A0BE-36AC58FE5A6B  Part: 249 => 249.nc1  NC Settings: DSTV for profiles
  Guid: ID4076F53F-36B6-4CD9-9463-A6681F7B2DF0  Part: 156 => 156.nc1  NC Settings: DSTV for profiles
  Guid: ID27EFE3D8-37F0-4F62-8DE0-BF27B9C0C8DE  Part: 222 => 222.nc1  NC Settings: DSTV for profiles
  Guid: ID6838190E-537A-4A9A-BB75-C8D4855DC3CA  Part: 252 => 252.nc1  NC Settings: DSTV for profiles
  Guid: IDAF6080F1-0FB5-4939-8D59-0A3B19F1395D  Part: 251 => 251.nc1  NC Settings: DSTV for profiles
  Guid: ID926FE323-6DC9-4C35-8ADD-4709BEDC9F64  Part: 214 => 214.nc1  NC Settings: DSTV for profiles
  Guid: ID02D3EC8C-98FB-4AB6-AB1E-5764EAFAC248  Part: 213 => 213.nc1  NC Settings: DSTV for profiles
  Guid: ID2F85D1B9-8897-4A1D-8CD8-CBC8E47BB55B  Part: 246 => 246.nc1  NC Settings: DSTV for profiles
  Guid: IDE601E366-9C93-4FBD-AD9C-9E77067C549C  Part: 151 => 151.nc1  NC Settings: DSTV for profiles
  Guid: IDB737EAC0-7829-46C7-B52B-A343E6CAEB37  Part: 245 => 245.nc1  NC Settings: DSTV for profiles
  Guid: ID4E5907EE-E911-4B06-9EA1-10A5AA52A4A4  Part: 242 => 242.nc1  NC Settings: DSTV for profiles
  Guid: ID9425D016-337E-456D-AE62-ED687DBACA82  Part: 241 => 241.nc1  NC Settings: DSTV for profiles
  Guid: ID05645106-BB71-4B09-8254-CBB1AA602124  Part: 244 => 244.nc1  NC Settings: DSTV for profiles
  Guid: IDCA9FA1E8-B14A-45AF-8ED3-69D2C14E38A7  Part: 243 => 243.nc1  NC Settings: DSTV for profiles
  Guid: ID0357F084-B5C1-4A4D-BEFE-6CDE6DA84082  Part: 234 => 234.nc1  NC Settings: DSTV for profiles
  Guid: IDBCF1EF6D-AF88-4B97-9E55-4838554A92D5  Part: 233 => 233.nc1  NC Settings: DSTV for profiles
  Guid: ID366377F5-ABEB-4F3F-BF35-AD52CF78F553  Part: 232 => 232.nc1  NC Settings: DSTV for profiles
  Guid: ID4D68A5D5-4B1B-4163-A759-E7482CE13C90  Part: 231 => 231.nc1  NC Settings: DSTV for profiles
  Guid: ID6525B3D0-E1DB-4C17-82C2-BBCAC9949FEC  Part: 218 => 218.nc1  NC Settings: DSTV for profiles
  Guid: ID768E2E26-C290-4AF9-A96D-EFA55618539A  Part: 215 => 215.nc1  NC Settings: DSTV for profiles
  Guid: ID23F7B1D9-F3D0-4415-81DD-C332A015B025  Part: 212 => 212.nc1  NC Settings: DSTV for profiles
  Guid: ID96E92BEA-A8D8-4799-B5AE-D5B76D62B359  Part: 221 => 221.nc1  NC Settings: DSTV for profiles
  Guid: ID6D010F72-AEA5-4234-943A-778CFC1714AA  Part: 211 => 211.nc1  NC Settings: DSTV for profiles
  Guid: ID1AD9C866-2228-4721-BE56-666F5ADBC9C0  Part: 220 => 220.nc1  NC Settings: DSTV for profiles
  Guid: IDECD42FED-3ED5-4682-97DE-9167FF6C615B  Part: 219 => 219.nc1  NC Settings: DSTV for profiles
  Guid: ID86A21259-1E75-4CCB-B388-029C62AC9AB4  Part: 217 => 217.nc1  NC Settings: DSTV for profiles
  Guid: ID907BA5D9-167C-493D-B4AC-EA12DDA8EFCF  Part: 216 => 216.nc1  NC Settings: DSTV for profiles
  Guid: IDBFA32B56-FB8A-4F39-8058-6B3670754B01  Part: 158 => 158.nc1  NC Settings: DSTV for profiles
  Guid: ID7E563EE6-F0A9-4B0F-9133-FC9DE84931ED  Part: 169 => 169.nc1  NC Settings: DSTV for profiles
  Guid: ID82CC994E-B1C4-4F47-8741-38147DB92E05  Part: 167 => 167.nc1  NC Settings: DSTV for profiles
  Guid: IDABA84FD2-AD0A-42E9-B9E2-3563A17D25BF  Part: 107 => 107.nc1  NC Settings: DSTV for profiles
  Guid: IDB53E535D-3009-4345-A230-422E772AFD4A  Part: 168 => 168.nc1  NC Settings: DSTV for profiles
  Guid: ID2FA6C7C0-55B9-40E2-9994-51E404364AE4  Part: 166 => 166.nc1  NC Settings: DSTV for profiles
  Guid: IDB1E90BEA-1009-4777-A6F2-E621A1109553  Part: 129 => 129.nc1  NC Settings: DSTV for profiles
  Guid: ID17745CD3-0957-421F-A3F8-B31BEC87A99E  Part: 173 => 173.nc1  NC Settings: DSTV for profiles
  Guid: IDEDD88CA9-DA65-49A4-99DF-4D117244EDB6  Part: 170 => 170.nc1  NC Settings: DSTV for profiles
  Guid: ID6F193E9B-9750-422F-BA03-7953DDF0DC96  Part: 57 => 57.nc1  NC Settings: DSTV for profiles
  Guid: ID9881740F-52FF-4F95-9448-3D9FA0363EE2  Part: 118 => 118.nc1  NC Settings: DSTV for profiles
  Guid: ID027464FB-BC06-46C0-8F63-4C0DD7DF30F6  Part: 137 => 137.nc1  NC Settings: DSTV for profiles
  Guid: ID951322DB-06BB-49BA-A43C-33C178F62DB8  Part: 172 => 172.nc1  NC Settings: DSTV for profiles
  Guid: ID74DA1B00-219A-4E4B-A011-8035D85CE4FF  Part: 171 => 171.nc1  NC Settings: DSTV for profiles
  Guid: IDE0E7C6BC-1B92-441D-B15A-6F0E94E2AD15  Part: 126 => 126.nc1  NC Settings: DSTV for profiles
  Guid: ID40794099-F943-4212-B17A-387E587CAC76  Part: 140 => 140.nc1  NC Settings: DSTV for profiles
  Guid: ID81B367D9-14C9-4535-9749-4B9C3239DA4A  Part: 154 => 154.nc1  NC Settings: DSTV for profiles
  Guid: ID1429C918-3824-4143-8BB5-E220630EA44B  Part: 148 => 148.nc1  NC Settings: DSTV for profiles
  Guid: IDFF7E2BBB-3124-49A5-B0A0-022CE2761E7A  Part: 153 => 153.nc1  NC Settings: DSTV for profiles
  Guid: ID27848D6C-E6BF-4F07-99C0-A92D01B8E2CD  Part: 152 => 152.nc1  NC Settings: DSTV for profiles
  Guid: ID5BA0E0DF-B62F-4FDD-8764-67A3B3269216  Part: 147 => 147.nc1  NC Settings: DSTV for profiles
  Guid: IDB7238FC8-928C-40F0-AB78-D368E9F62B33  Part: 146 => 146.nc1  NC Settings: DSTV for profiles
  Guid: ID82256B33-9BC8-4128-9AF2-68E18958F581  Part: 145 => 145.nc1  NC Settings: DSTV for profiles
  Guid: IDC37F2387-FD11-4D7F-80A3-CB54EB5799FA  Part: 150 => 150.nc1  NC Settings: DSTV for profiles
  Guid: ID9EF9B3BF-78D5-46B4-A56D-4379C4CF426F  Part: 149 => 149.nc1  NC Settings: DSTV for profiles
  Guid: ID2FF4C6CD-58B6-4392-A47F-8F469D972EA0  Part: 141 => 141.nc1  NC Settings: DSTV for profiles
  Guid: ID307D438F-6427-4526-9C24-76D2BF3749E9  Part: 138 => 138.nc1  NC Settings: DSTV for profiles
  Guid: IDB5DCA225-15ED-40A5-8DE6-4D5701F69F25  Part: 144 => 144.nc1  NC Settings: DSTV for profiles
  Guid: ID9C4CAF2E-6738-49E5-87FD-F1BE014D59E4  Part: 143 => 143.nc1  NC Settings: DSTV for profiles
  Guid: ID19F08761-B847-4645-A406-D111E6BD8127  Part: 142 => 142.nc1  NC Settings: DSTV for profiles
  Guid: ID6AEFA132-05DF-4C24-A697-F40468689A19  Part: 115 => 115.nc1  NC Settings: DSTV for profiles
  Guid: ID2C0A60E9-631F-46E6-98DA-2D168CCC3220  Part: 124 => 124.nc1  NC Settings: DSTV for profiles
  Guid: ID41DD1726-E693-427A-ABF5-6E074DD24128  Part: 123 => 123.nc1  NC Settings: DSTV for profiles
  Guid: ID0EC65349-09E8-45FC-BBDE-A551F7EB25E4  Part: 122 => 122.nc1  NC Settings: DSTV for profiles
  Guid: ID87AE3626-C0A8-475C-BBD6-DA26767F3C88  Part: 121 => 121.nc1  NC Settings: DSTV for profiles
  Guid: ID905C4CE8-40D3-4431-B575-FBED42CF8927  Part: 117 => 117.nc1  NC Settings: DSTV for profiles
  Guid: IDFB87CBBF-6526-4492-B78F-97BB731FC0F8  Part: 119 => 119.nc1  NC Settings: DSTV for profiles
  Guid: IDD7CEFE6D-6B94-40AE-85F8-46B7442CF893  Part: 120 => 120.nc1  NC Settings: DSTV for profiles
  Guid: ID169E7CC9-4C77-4F9B-A9F4-98D2EEFC27C5  Part: 116 => 116.nc1  NC Settings: DSTV for profiles
  Guid: ID964090A1-5862-438E-8A7E-45BB4A79FB4A  Part: 108 => 108.nc1  NC Settings: DSTV for profiles
  Guid: ID018D688E-2021-48A9-A704-DED64FE1D211  Part: 89 => 89.nc1  NC Settings: DSTV for profiles
  Guid: IDADE67339-D1CB-4071-A79C-68BC557405A1  Part: 112 => 112.nc1  NC Settings: DSTV for profiles
  Guid: IDD313C82D-3B82-4D12-9E57-3F610D09492B  Part: 139 => 139.nc1  NC Settings: DSTV for profiles
  Guid: IDC1022EBE-375F-4F85-ACCC-2364CCDE4636  Part: 94 => 94.nc1  NC Settings: DSTV for profiles
  Guid: ID441499F0-65A9-4664-B8FE-178AF797D7FE  Part: 67 => 67.nc1  NC Settings: DSTV for profiles
  Guid: ID765B6552-86C3-4259-A7BB-1D77B0536FB8  Part: 88 => 88.nc1  NC Settings: DSTV for profiles
  Guid: ID15F93A24-3FE5-491F-BF17-1B4D4E55DE48  Part: 87 => 87.nc1  NC Settings: DSTV for profiles
13.08.2019 23:33:11 : Creating selected parts (Hard stamps: None)
  Guid: ID5FFA3036-EF44-429C-BF19-9C1F0E5D31E4  Part: 178 => 178.nc1  NC Settings: DSTV for plates
  Guid: IDD9FCBFCF-3363-4961-952F-DF611B40A2DD  Part: 182 => 182.nc1  NC Settings: DSTV for plates
  Guid: IDAB9D21D3-B7CE-4BBC-8A61-D72A01072432  Part: 184 => 184.nc1  NC Settings: DSTV for plates
  Guid: ID82967AE7-4FC3-44C9-80A9-3801CF46C19C  Part: 185 => 185.nc1  NC Settings: DSTV for plates
  Guid: ID3348B2BB-8D29-4990-B6AE-E4DC90E4BD7E  Part: 186 => 186.nc1  NC Settings: DSTV for plates
  Guid: IDD466BAE1-A046-4C73-B644-173C5DAF9A0B  Part: 183 => 183.nc1  NC Settings: DSTV for plates
13.08.2019 23:33:11 : Creating selected parts (Hard stamps: None)
  Guid: ID40AB1CE4-D8D2-4441-8BF4-472156F06C35  Part: 195 => 195.nc1  NC Settings: DSTV for profiles
  Guid: IDE0E7C6BC-1B92-441D-B15A-6F0E94E2AD15  Part: 126 => 126.nc1  NC Settings: DSTV for profiles
  Guid: IDE6B6580D-B46F-4742-A6C6-2C633C7E8C93  Part: 198 => 198.nc1  NC Settings: DSTV for profiles
  Guid: ID4607920E-4E3D-46E9-9C6F-567BB5F317EB  Part: 197 => 197.nc1  NC Settings: DSTV for profiles
  Guid: ID27247469-19C6-4E50-9DFB-024A872F44AF  Part: 190 => 190.nc1  NC Settings: DSTV for profiles
  Guid: ID29205F6C-2791-4BDB-86C0-C9AE827A9B45  Part: 189 => 189.nc1  NC Settings: DSTV for profiles
  Guid: IDBD524BF0-27AE-4B50-A3A1-CA69DFCF652B  Part: 194 => 194.nc1  NC Settings: DSTV for profiles
  Guid: IDED355D2F-2F51-4980-9D57-B850863854E5  Part: 193 => 193.nc1  NC Settings: DSTV for profiles
  Guid: ID74262C87-D058-4D9F-A4ED-8DB4023B289E  Part: 192 => 192.nc1  NC Settings: DSTV for profiles
  Guid: IDF910CAC1-6751-456C-A448-4E62CBFFE613  Part: 191 => 191.nc1  NC Settings: DSTV for profiles
  Guid: ID8A8D1CB7-DFA0-4AB6-B38F-9EF52963050B  Part: 188 => 188.nc1  NC Settings: DSTV for profiles
  Guid: ID197A2764-CD26-4CDA-A5C4-E8970D7056E8  Part: 187 => 187.nc1  NC Settings: DSTV for profiles
  Guid: ID0CC1C2C8-4E93-428A-A983-3AF7626EA046  Part: 196 => 196.nc1  NC Settings: DSTV for profiles
