31.07.2019 21:20:01 Information:Previous log file path: 'C:\Users\evgen\AppData\Local\Trimble\TeklaStructures\2017\CatalogTreeFeature\2017.0.0.0\ComponentCatalog_evgen.log'
31.07.2019 21:20:01 Information:Previous log file path: '\\25.98.58.137\TeklaStructuresModels\Олимпроект\Олимпроект(ФОК)\logs\ComponentCatalog_evgen.log'
31.07.2019 21:20:01 Information:New log file path: '\\25.98.58.137\TeklaStructuresModels\Олимпроект\Олимпроект(ФОК)\logs\ComponentCatalog_evgen.log'
31.07.2019 21:20:01 Information:New log file path: '\\25.98.58.137\TeklaStructuresModels\Олимпроект\Олимпроект(ФОК)\logs\ComponentCatalog_evgen.log'
31.07.2019 21:20:02 Error:В данной модели не установлен пользовательский компонент для элемента: Фундаментные болты, источник: c:\programdata\tekla structures\2017\environments\russia\system\componentcatalog.xml
31.07.2019 21:20:02 Error:В данной модели не установлен пользовательский компонент для элемента: Фундаментный болт с пластиной, источник: c:\programdata\tekla structures\2017\environments\russia\system\componentcatalog.xml
31.07.2019 21:20:02 Error:В данной модели не установлен пользовательский компонент для элемента: Фундаментный болт с пластиной, источник: c:\programdata\tekla structures\2017\environments\russia\system\componentcatalog.xml
31.07.2019 21:20:02 Error:В данной модели не установлен пользовательский компонент для элемента: Фундаментные болты, источник: c:\programdata\tekla structures\2017\environments\russia\system\componentcatalog.xml
31.07.2019 21:20:02 Error:В данной модели не установлен пользовательский компонент для элемента: Фундаментный болт с пластиной, источник: c:\programdata\tekla structures\2017\environments\russia\system\componentcatalog.xml
31.07.2019 21:20:02 Error:В данной модели не установлен пользовательский компонент для элемента: Фундаментные болты, источник: c:\programdata\tekla structures\2017\environments\russia\system\componentcatalog.xml
31.07.2019 21:20:02 Error:В данной модели не установлен пользовательский компонент для элемента: Каркас_плоский, источник: c:\programdata\tekla structures\2017\environments\russia\system\componentcatalog.xml
31.07.2019 21:20:03 Error:В данной модели не установлен пользовательский компонент для элемента: ЗД_3, источник: c:\programdata\tekla structures\2017\environments\russia\system\componentcatalog.xml
31.07.2019 21:20:03 Error:В данной модели не установлен пользовательский компонент для элемента: ЗД_2, источник: c:\programdata\tekla structures\2017\environments\russia\system\componentcatalog.xml
31.07.2019 21:20:03 Error:В данной модели не установлен пользовательский компонент для элемента: ЗД_1, источник: c:\programdata\tekla structures\2017\environments\russia\system\componentcatalog.xml
31.07.2019 21:20:03 Error:В данной модели не установлен пользовательский компонент для элемента: Монтажная петля, источник: c:\programdata\tekla structures\2017\environments\russia\system\componentcatalog.xml
31.07.2019 21:20:03 Error:В данной модели не установлен пользовательский компонент для элемента: Плиты железобетонные ленточных фундаментов ФЛ, источник: c:\programdata\tekla structures\2017\environments\russia\system\componentcatalog.xml
31.07.2019 21:20:03 Error:В данной модели не установлен пользовательский компонент для элемента: Сваи забивные квадратного сечения СН, источник: c:\programdata\tekla structures\2017\environments\russia\system\componentcatalog.xml
31.07.2019 21:20:03 Error:В данной модели не установлен пользовательский компонент для элемента: Каркас плоский вертикальный СП, источник: c:\programdata\tekla structures\2017\environments\russia\system\componentcatalog.xml
31.07.2019 21:20:03 Error:В данной модели не установлен пользовательский компонент для элемента: Блоки бетонные ФБС ФБВ ФБП, источник: c:\programdata\tekla structures\2017\environments\russia\system\componentcatalog.xml
31.07.2019 21:20:03 Error:В данной модели не установлен пользовательский компонент для элемента: Фундаментные болты, источник: c:\programdata\tekla structures\2017\environments\russia\system\componentcatalog.xml
31.07.2019 21:20:03 Error:В данной модели не установлен пользовательский компонент для элемента: Фундаментный болт с пластиной, источник: c:\programdata\tekla structures\2017\environments\russia\system\componentcatalog.xml
31.07.2019 21:20:04 Error:В данной модели не установлен пользовательский компонент для элемента: Фундаментные болты, источник: c:\programdata\tekla structures\2017\environments\russia\system\componentcatalog.xml
31.07.2019 21:20:04 Error:В данной модели не установлен пользовательский компонент для элемента: Фундаментный болт с пластиной, источник: c:\programdata\tekla structures\2017\environments\russia\system\componentcatalog.xml
31.07.2019 21:20:04 Error:В данной модели не установлен пользовательский компонент для элемента: Фундаментный болт с пластиной, источник: c:\programdata\tekla structures\2017\environments\russia\system\componentcatalog.xml
31.07.2019 21:20:04 Error:В данной модели не установлен пользовательский компонент для элемента: Фундаментные болты, источник: c:\programdata\tekla structures\2017\environments\russia\system\componentcatalog.xml
31.07.2019 21:20:04 Error:В данной модели не установлен пользовательский компонент для элемента: Фундаментный болт с пластиной, источник: c:\programdata\tekla structures\2017\environments\russia\system\componentcatalog.xml
31.07.2019 21:20:04 Error:В данной модели не установлен пользовательский компонент для элемента: Фундаментные болты, источник: c:\programdata\tekla structures\2017\environments\russia\system\componentcatalog.xml
31.07.2019 21:20:04 Error:В данной модели не установлен пользовательский компонент для элемента: Каркас_плоский, источник: c:\programdata\tekla structures\2017\environments\russia\system\componentcatalog.xml
31.07.2019 21:20:04 Error:В данной модели не установлен пользовательский компонент для элемента: ЗД_3, источник: c:\programdata\tekla structures\2017\environments\russia\system\componentcatalog.xml
31.07.2019 21:20:04 Error:В данной модели не установлен пользовательский компонент для элемента: ЗД_2, источник: c:\programdata\tekla structures\2017\environments\russia\system\componentcatalog.xml
31.07.2019 21:20:04 Error:В данной модели не установлен пользовательский компонент для элемента: ЗД_1, источник: c:\programdata\tekla structures\2017\environments\russia\system\componentcatalog.xml
31.07.2019 21:20:04 Error:В данной модели не установлен пользовательский компонент для элемента: Монтажная петля, источник: c:\programdata\tekla structures\2017\environments\russia\system\componentcatalog.xml
31.07.2019 21:20:04 Error:В данной модели не установлен пользовательский компонент для элемента: Плиты железобетонные ленточных фундаментов ФЛ, источник: c:\programdata\tekla structures\2017\environments\russia\system\componentcatalog.xml
31.07.2019 21:20:04 Error:В данной модели не установлен пользовательский компонент для элемента: Сваи забивные квадратного сечения СН, источник: c:\programdata\tekla structures\2017\environments\russia\system\componentcatalog.xml
31.07.2019 21:20:04 Error:В данной модели не установлен пользовательский компонент для элемента: Каркас плоский вертикальный СП, источник: c:\programdata\tekla structures\2017\environments\russia\system\componentcatalog.xml
31.07.2019 21:20:04 Error:В данной модели не установлен пользовательский компонент для элемента: Блоки бетонные ФБС ФБВ ФБП, источник: c:\programdata\tekla structures\2017\environments\russia\system\componentcatalog.xml
31.07.2019 21:20:04 Error:В данной модели не установлен пользовательский компонент для элемента: Фундаментные болты, источник: c:\programdata\tekla structures\2017\environments\russia\system\componentcatalog.xml
31.07.2019 21:20:04 Error:В данной модели не установлен пользовательский компонент для элемента: Фундаментный болт с пластиной, источник: c:\programdata\tekla structures\2017\environments\russia\system\componentcatalog.xml
03.08.2019 14:20:11 Information:Previous log file path: 'C:\Users\evgen\AppData\Local\Trimble\TeklaStructures\2017\CatalogTreeFeature\2017.0.0.0\ComponentCatalog_evgen.log'
03.08.2019 14:20:11 Information:New log file path: '\\25.98.58.137\TeklaStructuresModels\Олимпроект\Олимпроект(ФОК)\logs\ComponentCatalog_evgen.log'
03.08.2019 14:20:12 Information:Previous log file path: '\\25.98.58.137\TeklaStructuresModels\Олимпроект\Олимпроект(ФОК)\logs\ComponentCatalog_evgen.log'
03.08.2019 14:20:13 Information:New log file path: '\\25.98.58.137\TeklaStructuresModels\Олимпроект\Олимпроект(ФОК)\logs\ComponentCatalog_evgen.log'
03.08.2019 14:20:13 Error:В данной модели не установлен пользовательский компонент для элемента: Фундаментные болты, источник: c:\programdata\tekla structures\2017\environments\russia\system\componentcatalog.xml
03.08.2019 14:20:14 Error:В данной модели не установлен пользовательский компонент для элемента: Фундаментный болт с пластиной, источник: c:\programdata\tekla structures\2017\environments\russia\system\componentcatalog.xml
03.08.2019 14:20:21 Error:В данной модели не установлен пользовательский компонент для элемента: Фундаментный болт с пластиной, источник: c:\programdata\tekla structures\2017\environments\russia\system\componentcatalog.xml
03.08.2019 14:20:22 Error:В данной модели не установлен пользовательский компонент для элемента: Фундаментные болты, источник: c:\programdata\tekla structures\2017\environments\russia\system\componentcatalog.xml
03.08.2019 14:20:24 Error:В данной модели не установлен пользовательский компонент для элемента: Фундаментный болт с пластиной, источник: c:\programdata\tekla structures\2017\environments\russia\system\componentcatalog.xml
03.08.2019 14:20:25 Error:В данной модели не установлен пользовательский компонент для элемента: Фундаментные болты, источник: c:\programdata\tekla structures\2017\environments\russia\system\componentcatalog.xml
03.08.2019 14:20:26 Error:В данной модели не установлен пользовательский компонент для элемента: Каркас_плоский, источник: c:\programdata\tekla structures\2017\environments\russia\system\componentcatalog.xml
03.08.2019 14:20:27 Error:В данной модели не установлен пользовательский компонент для элемента: ЗД_3, источник: c:\programdata\tekla structures\2017\environments\russia\system\componentcatalog.xml
03.08.2019 14:20:27 Error:В данной модели не установлен пользовательский компонент для элемента: ЗД_2, источник: c:\programdata\tekla structures\2017\environments\russia\system\componentcatalog.xml
03.08.2019 14:20:28 Error:В данной модели не установлен пользовательский компонент для элемента: ЗД_1, источник: c:\programdata\tekla structures\2017\environments\russia\system\componentcatalog.xml
03.08.2019 14:20:29 Error:В данной модели не установлен пользовательский компонент для элемента: Монтажная петля, источник: c:\programdata\tekla structures\2017\environments\russia\system\componentcatalog.xml
03.08.2019 14:20:29 Error:В данной модели не установлен пользовательский компонент для элемента: Плиты железобетонные ленточных фундаментов ФЛ, источник: c:\programdata\tekla structures\2017\environments\russia\system\componentcatalog.xml
03.08.2019 14:20:30 Error:В данной модели не установлен пользовательский компонент для элемента: Сваи забивные квадратного сечения СН, источник: c:\programdata\tekla structures\2017\environments\russia\system\componentcatalog.xml
03.08.2019 14:20:31 Error:В данной модели не установлен пользовательский компонент для элемента: Каркас плоский вертикальный СП, источник: c:\programdata\tekla structures\2017\environments\russia\system\componentcatalog.xml
03.08.2019 14:20:31 Error:В данной модели не установлен пользовательский компонент для элемента: Блоки бетонные ФБС ФБВ ФБП, источник: c:\programdata\tekla structures\2017\environments\russia\system\componentcatalog.xml
03.08.2019 14:20:34 Error:В данной модели не установлен пользовательский компонент для элемента: Фундаментные болты, источник: c:\programdata\tekla structures\2017\environments\russia\system\componentcatalog.xml
03.08.2019 14:20:34 Error:В данной модели не установлен пользовательский компонент для элемента: Фундаментный болт с пластиной, источник: c:\programdata\tekla structures\2017\environments\russia\system\componentcatalog.xml
03.08.2019 14:20:40 Error:В данной модели не установлен пользовательский компонент для элемента: Фундаментные болты, источник: c:\programdata\tekla structures\2017\environments\russia\system\componentcatalog.xml
03.08.2019 14:20:41 Error:В данной модели не установлен пользовательский компонент для элемента: Фундаментный болт с пластиной, источник: c:\programdata\tekla structures\2017\environments\russia\system\componentcatalog.xml
03.08.2019 14:20:41 Error:В данной модели не установлен пользовательский компонент для элемента: Фундаментный болт с пластиной, источник: c:\programdata\tekla structures\2017\environments\russia\system\componentcatalog.xml
03.08.2019 14:20:42 Error:В данной модели не установлен пользовательский компонент для элемента: Фундаментные болты, источник: c:\programdata\tekla structures\2017\environments\russia\system\componentcatalog.xml
03.08.2019 14:20:43 Error:В данной модели не установлен пользовательский компонент для элемента: Фундаментный болт с пластиной, источник: c:\programdata\tekla structures\2017\environments\russia\system\componentcatalog.xml
03.08.2019 14:20:44 Error:В данной модели не установлен пользовательский компонент для элемента: Фундаментные болты, источник: c:\programdata\tekla structures\2017\environments\russia\system\componentcatalog.xml
03.08.2019 14:20:44 Error:В данной модели не установлен пользовательский компонент для элемента: Каркас_плоский, источник: c:\programdata\tekla structures\2017\environments\russia\system\componentcatalog.xml
03.08.2019 14:20:45 Error:В данной модели не установлен пользовательский компонент для элемента: ЗД_3, источник: c:\programdata\tekla structures\2017\environments\russia\system\componentcatalog.xml
03.08.2019 14:20:46 Error:В данной модели не установлен пользовательский компонент для элемента: ЗД_2, источник: c:\programdata\tekla structures\2017\environments\russia\system\componentcatalog.xml
03.08.2019 14:20:46 Error:В данной модели не установлен пользовательский компонент для элемента: ЗД_1, источник: c:\programdata\tekla structures\2017\environments\russia\system\componentcatalog.xml
03.08.2019 14:20:47 Error:В данной модели не установлен пользовательский компонент для элемента: Монтажная петля, источник: c:\programdata\tekla structures\2017\environments\russia\system\componentcatalog.xml
03.08.2019 14:20:48 Error:В данной модели не установлен пользовательский компонент для элемента: Плиты железобетонные ленточных фундаментов ФЛ, источник: c:\programdata\tekla structures\2017\environments\russia\system\componentcatalog.xml
03.08.2019 14:20:49 Error:В данной модели не установлен пользовательский компонент для элемента: Сваи забивные квадратного сечения СН, источник: c:\programdata\tekla structures\2017\environments\russia\system\componentcatalog.xml
03.08.2019 14:20:50 Error:В данной модели не установлен пользовательский компонент для элемента: Каркас плоский вертикальный СП, источник: c:\programdata\tekla structures\2017\environments\russia\system\componentcatalog.xml
03.08.2019 14:20:51 Error:В данной модели не установлен пользовательский компонент для элемента: Блоки бетонные ФБС ФБВ ФБП, источник: c:\programdata\tekla structures\2017\environments\russia\system\componentcatalog.xml
03.08.2019 14:20:52 Error:В данной модели не установлен пользовательский компонент для элемента: Фундаментные болты, источник: c:\programdata\tekla structures\2017\environments\russia\system\componentcatalog.xml
03.08.2019 14:20:52 Error:В данной модели не установлен пользовательский компонент для элемента: Фундаментный болт с пластиной, источник: c:\programdata\tekla structures\2017\environments\russia\system\componentcatalog.xml
03.08.2019 14:29:59 Information:Previous log file path: '\\25.98.58.137\TeklaStructuresModels\Олимпроект\Олимпроект(ФОК)\logs\ComponentCatalog_evgen.log'
03.08.2019 14:30:00 Information:New log file path: '\\25.98.58.137\TeklaStructuresModels\Олимпроект\Олимпроект(ФОК)\logs\ComponentCatalog_evgen.log'
03.08.2019 14:30:02 Error:В данной модели не установлен пользовательский компонент для элемента: Фундаментные болты, источник: c:\programdata\tekla structures\2017\environments\russia\system\componentcatalog.xml
03.08.2019 14:30:02 Error:В данной модели не установлен пользовательский компонент для элемента: Фундаментный болт с пластиной, источник: c:\programdata\tekla structures\2017\environments\russia\system\componentcatalog.xml
03.08.2019 14:30:03 Error:В данной модели не установлен пользовательский компонент для элемента: Фундаментный болт с пластиной, источник: c:\programdata\tekla structures\2017\environments\russia\system\componentcatalog.xml
03.08.2019 14:30:03 Error:В данной модели не установлен пользовательский компонент для элемента: Фундаментные болты, источник: c:\programdata\tekla structures\2017\environments\russia\system\componentcatalog.xml
03.08.2019 14:30:04 Error:В данной модели не установлен пользовательский компонент для элемента: Фундаментный болт с пластиной, источник: c:\programdata\tekla structures\2017\environments\russia\system\componentcatalog.xml
03.08.2019 14:30:05 Error:В данной модели не установлен пользовательский компонент для элемента: Фундаментные болты, источник: c:\programdata\tekla structures\2017\environments\russia\system\componentcatalog.xml
03.08.2019 14:30:06 Error:В данной модели не установлен пользовательский компонент для элемента: Каркас_плоский, источник: c:\programdata\tekla structures\2017\environments\russia\system\componentcatalog.xml
03.08.2019 14:30:08 Error:В данной модели не установлен пользовательский компонент для элемента: ЗД_3, источник: c:\programdata\tekla structures\2017\environments\russia\system\componentcatalog.xml
03.08.2019 14:30:08 Error:В данной модели не установлен пользовательский компонент для элемента: ЗД_2, источник: c:\programdata\tekla structures\2017\environments\russia\system\componentcatalog.xml
03.08.2019 14:30:09 Error:В данной модели не установлен пользовательский компонент для элемента: ЗД_1, источник: c:\programdata\tekla structures\2017\environments\russia\system\componentcatalog.xml
03.08.2019 14:30:10 Error:В данной модели не установлен пользовательский компонент для элемента: Монтажная петля, источник: c:\programdata\tekla structures\2017\environments\russia\system\componentcatalog.xml
03.08.2019 14:30:11 Error:В данной модели не установлен пользовательский компонент для элемента: Плиты железобетонные ленточных фундаментов ФЛ, источник: c:\programdata\tekla structures\2017\environments\russia\system\componentcatalog.xml
03.08.2019 14:30:12 Error:В данной модели не установлен пользовательский компонент для элемента: Сваи забивные квадратного сечения СН, источник: c:\programdata\tekla structures\2017\environments\russia\system\componentcatalog.xml
03.08.2019 14:30:12 Error:В данной модели не установлен пользовательский компонент для элемента: Каркас плоский вертикальный СП, источник: c:\programdata\tekla structures\2017\environments\russia\system\componentcatalog.xml
03.08.2019 14:30:13 Error:В данной модели не установлен пользовательский компонент для элемента: Блоки бетонные ФБС ФБВ ФБП, источник: c:\programdata\tekla structures\2017\environments\russia\system\componentcatalog.xml
03.08.2019 14:30:14 Error:В данной модели не установлен пользовательский компонент для элемента: Фундаментные болты, источник: c:\programdata\tekla structures\2017\environments\russia\system\componentcatalog.xml
03.08.2019 14:30:14 Error:В данной модели не установлен пользовательский компонент для элемента: Фундаментный болт с пластиной, источник: c:\programdata\tekla structures\2017\environments\russia\system\componentcatalog.xml
03.08.2019 14:49:59 Information:Previous log file path: '\\25.98.58.137\TeklaStructuresModels\Олимпроект\Олимпроект(ФОК)\logs\ComponentCatalog_evgen.log'
03.08.2019 14:50:00 Information:New log file path: '\\25.98.58.137\TeklaStructuresModels\Олимпроект\Олимпроект(ФОК)\logs\ComponentCatalog_evgen.log'
03.08.2019 14:50:04 Error:В данной модели не установлен пользовательский компонент для элемента: Фундаментные болты, источник: c:\programdata\tekla structures\2017\environments\russia\system\componentcatalog.xml
03.08.2019 14:50:04 Error:В данной модели не установлен пользовательский компонент для элемента: Фундаментный болт с пластиной, источник: c:\programdata\tekla structures\2017\environments\russia\system\componentcatalog.xml
03.08.2019 14:50:05 Error:В данной модели не установлен пользовательский компонент для элемента: Фундаментный болт с пластиной, источник: c:\programdata\tekla structures\2017\environments\russia\system\componentcatalog.xml
03.08.2019 14:50:05 Error:В данной модели не установлен пользовательский компонент для элемента: Фундаментные болты, источник: c:\programdata\tekla structures\2017\environments\russia\system\componentcatalog.xml
03.08.2019 14:50:06 Error:В данной модели не установлен пользовательский компонент для элемента: Фундаментный болт с пластиной, источник: c:\programdata\tekla structures\2017\environments\russia\system\componentcatalog.xml
03.08.2019 14:50:06 Error:В данной модели не установлен пользовательский компонент для элемента: Фундаментные болты, источник: c:\programdata\tekla structures\2017\environments\russia\system\componentcatalog.xml
03.08.2019 14:50:06 Error:В данной модели не установлен пользовательский компонент для элемента: Каркас_плоский, источник: c:\programdata\tekla structures\2017\environments\russia\system\componentcatalog.xml
03.08.2019 14:50:07 Error:В данной модели не установлен пользовательский компонент для элемента: ЗД_3, источник: c:\programdata\tekla structures\2017\environments\russia\system\componentcatalog.xml
03.08.2019 14:50:07 Error:В данной модели не установлен пользовательский компонент для элемента: ЗД_2, источник: c:\programdata\tekla structures\2017\environments\russia\system\componentcatalog.xml
03.08.2019 14:50:08 Error:В данной модели не установлен пользовательский компонент для элемента: ЗД_1, источник: c:\programdata\tekla structures\2017\environments\russia\system\componentcatalog.xml
03.08.2019 14:50:08 Error:В данной модели не установлен пользовательский компонент для элемента: Монтажная петля, источник: c:\programdata\tekla structures\2017\environments\russia\system\componentcatalog.xml
03.08.2019 14:50:09 Error:В данной модели не установлен пользовательский компонент для элемента: Плиты железобетонные ленточных фундаментов ФЛ, источник: c:\programdata\tekla structures\2017\environments\russia\system\componentcatalog.xml
03.08.2019 14:50:09 Error:В данной модели не установлен пользовательский компонент для элемента: Сваи забивные квадратного сечения СН, источник: c:\programdata\tekla structures\2017\environments\russia\system\componentcatalog.xml
03.08.2019 14:50:10 Error:В данной модели не установлен пользовательский компонент для элемента: Каркас плоский вертикальный СП, источник: c:\programdata\tekla structures\2017\environments\russia\system\componentcatalog.xml
03.08.2019 14:50:10 Error:В данной модели не установлен пользовательский компонент для элемента: Блоки бетонные ФБС ФБВ ФБП, источник: c:\programdata\tekla structures\2017\environments\russia\system\componentcatalog.xml
03.08.2019 14:50:11 Error:В данной модели не установлен пользовательский компонент для элемента: Фундаментные болты, источник: c:\programdata\tekla structures\2017\environments\russia\system\componentcatalog.xml
03.08.2019 14:50:11 Error:В данной модели не установлен пользовательский компонент для элемента: Фундаментный болт с пластиной, источник: c:\programdata\tekla structures\2017\environments\russia\system\componentcatalog.xml
03.08.2019 15:17:31 Information:Previous log file path: 'C:\Users\evgen\AppData\Local\Trimble\TeklaStructures\2017\CatalogTreeFeature\2017.0.0.0\ComponentCatalog_evgen.log'
03.08.2019 15:17:32 Information:Previous log file path: '\\25.98.58.137\TeklaStructuresModels\Олимпроект\Олимпроект(ФОК)\logs\ComponentCatalog_evgen.log'
03.08.2019 15:17:32 Information:New log file path: '\\25.98.58.137\TeklaStructuresModels\Олимпроект\Олимпроект(ФОК)\logs\ComponentCatalog_evgen.log'
03.08.2019 15:17:32 Information:New log file path: '\\25.98.58.137\TeklaStructuresModels\Олимпроект\Олимпроект(ФОК)\logs\ComponentCatalog_evgen.log'
03.08.2019 15:17:33 Error:В данной модели не установлен пользовательский компонент для элемента: Фундаментные болты, источник: c:\programdata\tekla structures\2017\environments\russia\system\componentcatalog.xml
03.08.2019 15:17:33 Error:В данной модели не установлен пользовательский компонент для элемента: Фундаментный болт с пластиной, источник: c:\programdata\tekla structures\2017\environments\russia\system\componentcatalog.xml
03.08.2019 15:17:33 Error:В данной модели не установлен пользовательский компонент для элемента: Фундаментный болт с пластиной, источник: c:\programdata\tekla structures\2017\environments\russia\system\componentcatalog.xml
03.08.2019 15:17:34 Error:В данной модели не установлен пользовательский компонент для элемента: Фундаментные болты, источник: c:\programdata\tekla structures\2017\environments\russia\system\componentcatalog.xml
03.08.2019 15:17:34 Error:В данной модели не установлен пользовательский компонент для элемента: Фундаментный болт с пластиной, источник: c:\programdata\tekla structures\2017\environments\russia\system\componentcatalog.xml
03.08.2019 15:17:35 Error:В данной модели не установлен пользовательский компонент для элемента: Фундаментные болты, источник: c:\programdata\tekla structures\2017\environments\russia\system\componentcatalog.xml
03.08.2019 15:17:35 Error:В данной модели не установлен пользовательский компонент для элемента: Каркас_плоский, источник: c:\programdata\tekla structures\2017\environments\russia\system\componentcatalog.xml
03.08.2019 15:17:35 Error:В данной модели не установлен пользовательский компонент для элемента: ЗД_3, источник: c:\programdata\tekla structures\2017\environments\russia\system\componentcatalog.xml
03.08.2019 15:17:36 Error:В данной модели не установлен пользовательский компонент для элемента: ЗД_2, источник: c:\programdata\tekla structures\2017\environments\russia\system\componentcatalog.xml
03.08.2019 15:17:36 Error:В данной модели не установлен пользовательский компонент для элемента: ЗД_1, источник: c:\programdata\tekla structures\2017\environments\russia\system\componentcatalog.xml
03.08.2019 15:17:36 Error:В данной модели не установлен пользовательский компонент для элемента: Монтажная петля, источник: c:\programdata\tekla structures\2017\environments\russia\system\componentcatalog.xml
03.08.2019 15:17:37 Error:В данной модели не установлен пользовательский компонент для элемента: Плиты железобетонные ленточных фундаментов ФЛ, источник: c:\programdata\tekla structures\2017\environments\russia\system\componentcatalog.xml
03.08.2019 15:17:37 Error:В данной модели не установлен пользовательский компонент для элемента: Сваи забивные квадратного сечения СН, источник: c:\programdata\tekla structures\2017\environments\russia\system\componentcatalog.xml
03.08.2019 15:17:37 Error:В данной модели не установлен пользовательский компонент для элемента: Каркас плоский вертикальный СП, источник: c:\programdata\tekla structures\2017\environments\russia\system\componentcatalog.xml
03.08.2019 15:17:38 Error:В данной модели не установлен пользовательский компонент для элемента: Блоки бетонные ФБС ФБВ ФБП, источник: c:\programdata\tekla structures\2017\environments\russia\system\componentcatalog.xml
03.08.2019 15:17:38 Error:В данной модели не установлен пользовательский компонент для элемента: Фундаментные болты, источник: c:\programdata\tekla structures\2017\environments\russia\system\componentcatalog.xml
03.08.2019 15:17:38 Error:В данной модели не установлен пользовательский компонент для элемента: Фундаментный болт с пластиной, источник: c:\programdata\tekla structures\2017\environments\russia\system\componentcatalog.xml
03.08.2019 15:17:40 Error:В данной модели не установлен пользовательский компонент для элемента: Фундаментные болты, источник: c:\programdata\tekla structures\2017\environments\russia\system\componentcatalog.xml
03.08.2019 15:17:40 Error:В данной модели не установлен пользовательский компонент для элемента: Фундаментный болт с пластиной, источник: c:\programdata\tekla structures\2017\environments\russia\system\componentcatalog.xml
03.08.2019 15:17:41 Error:В данной модели не установлен пользовательский компонент для элемента: Фундаментный болт с пластиной, источник: c:\programdata\tekla structures\2017\environments\russia\system\componentcatalog.xml
03.08.2019 15:17:41 Error:В данной модели не установлен пользовательский компонент для элемента: Фундаментные болты, источник: c:\programdata\tekla structures\2017\environments\russia\system\componentcatalog.xml
03.08.2019 15:17:41 Error:В данной модели не установлен пользовательский компонент для элемента: Фундаментный болт с пластиной, источник: c:\programdata\tekla structures\2017\environments\russia\system\componentcatalog.xml
03.08.2019 15:17:42 Error:В данной модели не установлен пользовательский компонент для элемента: Фундаментные болты, источник: c:\programdata\tekla structures\2017\environments\russia\system\componentcatalog.xml
03.08.2019 15:17:42 Error:В данной модели не установлен пользовательский компонент для элемента: Каркас_плоский, источник: c:\programdata\tekla structures\2017\environments\russia\system\componentcatalog.xml
03.08.2019 15:17:42 Error:В данной модели не установлен пользовательский компонент для элемента: ЗД_3, источник: c:\programdata\tekla structures\2017\environments\russia\system\componentcatalog.xml
03.08.2019 15:17:42 Error:В данной модели не установлен пользовательский компонент для элемента: ЗД_2, источник: c:\programdata\tekla structures\2017\environments\russia\system\componentcatalog.xml
03.08.2019 15:17:43 Error:В данной модели не установлен пользовательский компонент для элемента: ЗД_1, источник: c:\programdata\tekla structures\2017\environments\russia\system\componentcatalog.xml
03.08.2019 15:17:43 Error:В данной модели не установлен пользовательский компонент для элемента: Монтажная петля, источник: c:\programdata\tekla structures\2017\environments\russia\system\componentcatalog.xml
03.08.2019 15:17:43 Error:В данной модели не установлен пользовательский компонент для элемента: Плиты железобетонные ленточных фундаментов ФЛ, источник: c:\programdata\tekla structures\2017\environments\russia\system\componentcatalog.xml
03.08.2019 15:17:43 Error:В данной модели не установлен пользовательский компонент для элемента: Сваи забивные квадратного сечения СН, источник: c:\programdata\tekla structures\2017\environments\russia\system\componentcatalog.xml
03.08.2019 15:17:44 Error:В данной модели не установлен пользовательский компонент для элемента: Каркас плоский вертикальный СП, источник: c:\programdata\tekla structures\2017\environments\russia\system\componentcatalog.xml
03.08.2019 15:17:44 Error:В данной модели не установлен пользовательский компонент для элемента: Блоки бетонные ФБС ФБВ ФБП, источник: c:\programdata\tekla structures\2017\environments\russia\system\componentcatalog.xml
03.08.2019 15:17:44 Error:В данной модели не установлен пользовательский компонент для элемента: Фундаментные болты, источник: c:\programdata\tekla structures\2017\environments\russia\system\componentcatalog.xml
03.08.2019 15:17:44 Error:В данной модели не установлен пользовательский компонент для элемента: Фундаментный болт с пластиной, источник: c:\programdata\tekla structures\2017\environments\russia\system\componentcatalog.xml
03.08.2019 15:23:18 Information:Previous log file path: '\\25.98.58.137\TeklaStructuresModels\Олимпроект\Олимпроект(ФОК)\logs\ComponentCatalog_evgen.log'
03.08.2019 15:23:18 Information:New log file path: '\\25.98.58.137\TeklaStructuresModels\Олимпроект\Олимпроект(ФОК)\logs\ComponentCatalog_evgen.log'
03.08.2019 15:23:20 Error:В данной модели не установлен пользовательский компонент для элемента: Фундаментные болты, источник: c:\programdata\tekla structures\2017\environments\russia\system\componentcatalog.xml
03.08.2019 15:23:20 Error:В данной модели не установлен пользовательский компонент для элемента: Фундаментный болт с пластиной, источник: c:\programdata\tekla structures\2017\environments\russia\system\componentcatalog.xml
03.08.2019 15:23:20 Error:В данной модели не установлен пользовательский компонент для элемента: Фундаментный болт с пластиной, источник: c:\programdata\tekla structures\2017\environments\russia\system\componentcatalog.xml
03.08.2019 15:23:21 Error:В данной модели не установлен пользовательский компонент для элемента: Фундаментные болты, источник: c:\programdata\tekla structures\2017\environments\russia\system\componentcatalog.xml
03.08.2019 15:23:21 Error:В данной модели не установлен пользовательский компонент для элемента: Фундаментный болт с пластиной, источник: c:\programdata\tekla structures\2017\environments\russia\system\componentcatalog.xml
03.08.2019 15:23:21 Error:В данной модели не установлен пользовательский компонент для элемента: Фундаментные болты, источник: c:\programdata\tekla structures\2017\environments\russia\system\componentcatalog.xml
03.08.2019 15:23:22 Error:В данной модели не установлен пользовательский компонент для элемента: Каркас_плоский, источник: c:\programdata\tekla structures\2017\environments\russia\system\componentcatalog.xml
03.08.2019 15:23:22 Error:В данной модели не установлен пользовательский компонент для элемента: ЗД_3, источник: c:\programdata\tekla structures\2017\environments\russia\system\componentcatalog.xml
03.08.2019 15:23:23 Error:В данной модели не установлен пользовательский компонент для элемента: ЗД_2, источник: c:\programdata\tekla structures\2017\environments\russia\system\componentcatalog.xml
03.08.2019 15:23:23 Error:В данной модели не установлен пользовательский компонент для элемента: ЗД_1, источник: c:\programdata\tekla structures\2017\environments\russia\system\componentcatalog.xml
03.08.2019 15:23:24 Error:В данной модели не установлен пользовательский компонент для элемента: Монтажная петля, источник: c:\programdata\tekla structures\2017\environments\russia\system\componentcatalog.xml
03.08.2019 15:23:24 Error:В данной модели не установлен пользовательский компонент для элемента: Плиты железобетонные ленточных фундаментов ФЛ, источник: c:\programdata\tekla structures\2017\environments\russia\system\componentcatalog.xml
03.08.2019 15:23:24 Error:В данной модели не установлен пользовательский компонент для элемента: Сваи забивные квадратного сечения СН, источник: c:\programdata\tekla structures\2017\environments\russia\system\componentcatalog.xml
03.08.2019 15:23:25 Error:В данной модели не установлен пользовательский компонент для элемента: Каркас плоский вертикальный СП, источник: c:\programdata\tekla structures\2017\environments\russia\system\componentcatalog.xml
03.08.2019 15:23:25 Error:В данной модели не установлен пользовательский компонент для элемента: Блоки бетонные ФБС ФБВ ФБП, источник: c:\programdata\tekla structures\2017\environments\russia\system\componentcatalog.xml
03.08.2019 15:23:25 Error:В данной модели не установлен пользовательский компонент для элемента: Фундаментные болты, источник: c:\programdata\tekla structures\2017\environments\russia\system\componentcatalog.xml
03.08.2019 15:23:26 Error:В данной модели не установлен пользовательский компонент для элемента: Фундаментный болт с пластиной, источник: c:\programdata\tekla structures\2017\environments\russia\system\componentcatalog.xml
03.08.2019 15:28:23 Information:Previous log file path: '\\25.98.58.137\TeklaStructuresModels\Олимпроект\Олимпроект(ФОК)\logs\ComponentCatalog_evgen.log'
03.08.2019 15:28:23 Information:New log file path: '\\25.98.58.137\TeklaStructuresModels\Олимпроект\Олимпроект(ФОК)\logs\ComponentCatalog_evgen.log'
03.08.2019 15:28:24 Error:В данной модели не установлен пользовательский компонент для элемента: Фундаментные болты, источник: c:\programdata\tekla structures\2017\environments\russia\system\componentcatalog.xml
03.08.2019 15:28:24 Error:В данной модели не установлен пользовательский компонент для элемента: Фундаментный болт с пластиной, источник: c:\programdata\tekla structures\2017\environments\russia\system\componentcatalog.xml
03.08.2019 15:28:25 Error:В данной модели не установлен пользовательский компонент для элемента: Фундаментный болт с пластиной, источник: c:\programdata\tekla structures\2017\environments\russia\system\componentcatalog.xml
03.08.2019 15:28:25 Error:В данной модели не установлен пользовательский компонент для элемента: Фундаментные болты, источник: c:\programdata\tekla structures\2017\environments\russia\system\componentcatalog.xml
03.08.2019 15:28:25 Error:В данной модели не установлен пользовательский компонент для элемента: Фундаментный болт с пластиной, источник: c:\programdata\tekla structures\2017\environments\russia\system\componentcatalog.xml
03.08.2019 15:28:26 Error:В данной модели не установлен пользовательский компонент для элемента: Фундаментные болты, источник: c:\programdata\tekla structures\2017\environments\russia\system\componentcatalog.xml
03.08.2019 15:28:26 Error:В данной модели не установлен пользовательский компонент для элемента: Каркас_плоский, источник: c:\programdata\tekla structures\2017\environments\russia\system\componentcatalog.xml
03.08.2019 15:28:26 Error:В данной модели не установлен пользовательский компонент для элемента: ЗД_3, источник: c:\programdata\tekla structures\2017\environments\russia\system\componentcatalog.xml
03.08.2019 15:28:26 Error:В данной модели не установлен пользовательский компонент для элемента: ЗД_2, источник: c:\programdata\tekla structures\2017\environments\russia\system\componentcatalog.xml
03.08.2019 15:28:27 Error:В данной модели не установлен пользовательский компонент для элемента: ЗД_1, источник: c:\programdata\tekla structures\2017\environments\russia\system\componentcatalog.xml
03.08.2019 15:28:27 Error:В данной модели не установлен пользовательский компонент для элемента: Монтажная петля, источник: c:\programdata\tekla structures\2017\environments\russia\system\componentcatalog.xml
03.08.2019 15:28:27 Error:В данной модели не установлен пользовательский компонент для элемента: Плиты железобетонные ленточных фундаментов ФЛ, источник: c:\programdata\tekla structures\2017\environments\russia\system\componentcatalog.xml
03.08.2019 15:28:27 Error:В данной модели не установлен пользовательский компонент для элемента: Сваи забивные квадратного сечения СН, источник: c:\programdata\tekla structures\2017\environments\russia\system\componentcatalog.xml
03.08.2019 15:28:28 Error:В данной модели не установлен пользовательский компонент для элемента: Каркас плоский вертикальный СП, источник: c:\programdata\tekla structures\2017\environments\russia\system\componentcatalog.xml
03.08.2019 15:28:28 Error:В данной модели не установлен пользовательский компонент для элемента: Блоки бетонные ФБС ФБВ ФБП, источник: c:\programdata\tekla structures\2017\environments\russia\system\componentcatalog.xml
03.08.2019 15:28:29 Error:В данной модели не установлен пользовательский компонент для элемента: Фундаментные болты, источник: c:\programdata\tekla structures\2017\environments\russia\system\componentcatalog.xml
03.08.2019 15:28:29 Error:В данной модели не установлен пользовательский компонент для элемента: Фундаментный болт с пластиной, источник: c:\programdata\tekla structures\2017\environments\russia\system\componentcatalog.xml
03.08.2019 15:37:44 Information:Previous log file path: '\\25.98.58.137\TeklaStructuresModels\Олимпроект\Олимпроект(ФОК)\logs\ComponentCatalog_evgen.log'
03.08.2019 15:37:44 Information:New log file path: '\\25.98.58.137\TeklaStructuresModels\Олимпроект\Олимпроект(ФОК)\logs\ComponentCatalog_evgen.log'
03.08.2019 15:37:45 Error:В данной модели не установлен пользовательский компонент для элемента: Фундаментные болты, источник: c:\programdata\tekla structures\2017\environments\russia\system\componentcatalog.xml
03.08.2019 15:37:45 Error:В данной модели не установлен пользовательский компонент для элемента: Фундаментный болт с пластиной, источник: c:\programdata\tekla structures\2017\environments\russia\system\componentcatalog.xml
03.08.2019 15:37:45 Error:В данной модели не установлен пользовательский компонент для элемента: Фундаментный болт с пластиной, источник: c:\programdata\tekla structures\2017\environments\russia\system\componentcatalog.xml
03.08.2019 15:37:46 Error:В данной модели не установлен пользовательский компонент для элемента: Фундаментные болты, источник: c:\programdata\tekla structures\2017\environments\russia\system\componentcatalog.xml
03.08.2019 15:37:46 Error:В данной модели не установлен пользовательский компонент для элемента: Фундаментный болт с пластиной, источник: c:\programdata\tekla structures\2017\environments\russia\system\componentcatalog.xml
03.08.2019 15:37:46 Error:В данной модели не установлен пользовательский компонент для элемента: Фундаментные болты, источник: c:\programdata\tekla structures\2017\environments\russia\system\componentcatalog.xml
03.08.2019 15:37:47 Error:В данной модели не установлен пользовательский компонент для элемента: Каркас_плоский, источник: c:\programdata\tekla structures\2017\environments\russia\system\componentcatalog.xml
03.08.2019 15:37:47 Error:В данной модели не установлен пользовательский компонент для элемента: ЗД_3, источник: c:\programdata\tekla structures\2017\environments\russia\system\componentcatalog.xml
03.08.2019 15:37:47 Error:В данной модели не установлен пользовательский компонент для элемента: ЗД_2, источник: c:\programdata\tekla structures\2017\environments\russia\system\componentcatalog.xml
03.08.2019 15:37:48 Error:В данной модели не установлен пользовательский компонент для элемента: ЗД_1, источник: c:\programdata\tekla structures\2017\environments\russia\system\componentcatalog.xml
03.08.2019 15:37:48 Error:В данной модели не установлен пользовательский компонент для элемента: Монтажная петля, источник: c:\programdata\tekla structures\2017\environments\russia\system\componentcatalog.xml
03.08.2019 15:37:49 Error:В данной модели не установлен пользовательский компонент для элемента: Плиты железобетонные ленточных фундаментов ФЛ, источник: c:\programdata\tekla structures\2017\environments\russia\system\componentcatalog.xml
03.08.2019 15:37:49 Error:В данной модели не установлен пользовательский компонент для элемента: Сваи забивные квадратного сечения СН, источник: c:\programdata\tekla structures\2017\environments\russia\system\componentcatalog.xml
03.08.2019 15:37:49 Error:В данной модели не установлен пользовательский компонент для элемента: Каркас плоский вертикальный СП, источник: c:\programdata\tekla structures\2017\environments\russia\system\componentcatalog.xml
03.08.2019 15:37:50 Error:В данной модели не установлен пользовательский компонент для элемента: Блоки бетонные ФБС ФБВ ФБП, источник: c:\programdata\tekla structures\2017\environments\russia\system\componentcatalog.xml
03.08.2019 15:37:50 Error:В данной модели не установлен пользовательский компонент для элемента: Фундаментные болты, источник: c:\programdata\tekla structures\2017\environments\russia\system\componentcatalog.xml
03.08.2019 15:37:50 Error:В данной модели не установлен пользовательский компонент для элемента: Фундаментный болт с пластиной, источник: c:\programdata\tekla structures\2017\environments\russia\system\componentcatalog.xml
