24.07.2019 22:30:51 Information:Previous log file path: 'C:\Users\AnDrEy\AppData\Local\Trimble\TeklaStructures\2017\CatalogTreeFeature\2017.0.0.0\ComponentCatalog_AnDrEy.log'
24.07.2019 22:30:52 Information:Previous log file path: '\\25.98.58.137\TeklaStructuresModels\Олимпроект\Олимпроект(ФОК)\logs\ComponentCatalog_AnDrEy.log'
24.07.2019 22:30:52 Information:New log file path: '\\25.98.58.137\TeklaStructuresModels\Олимпроект\Олимпроект(ФОК)\logs\ComponentCatalog_AnDrEy.log'
24.07.2019 22:30:52 Information:New log file path: '\\25.98.58.137\TeklaStructuresModels\Олимпроект\Олимпроект(ФОК)\logs\ComponentCatalog_AnDrEy.log'
24.07.2019 22:30:53 Error:В данной модели не установлен пользовательский компонент для элемента: Фундаментные болты, источник: c:\teklastructures\2017\environments\russia\system\componentcatalog.xml
24.07.2019 22:30:54 Error:В данной модели не установлен пользовательский компонент для элемента: Фундаментный болт с пластиной, источник: c:\teklastructures\2017\environments\russia\system\componentcatalog.xml
24.07.2019 22:30:54 Error:В данной модели не установлен пользовательский компонент для элемента: Фундаментный болт с пластиной, источник: c:\teklastructures\2017\environments\russia\system\componentcatalog.xml
24.07.2019 22:30:55 Error:В данной модели не установлен пользовательский компонент для элемента: Фундаментные болты, источник: c:\teklastructures\2017\environments\russia\system\componentcatalog.xml
24.07.2019 22:30:55 Error:В данной модели не установлен пользовательский компонент для элемента: Фундаментный болт с пластиной, источник: c:\teklastructures\2017\environments\russia\system\componentcatalog.xml
24.07.2019 22:30:56 Error:В данной модели не установлен пользовательский компонент для элемента: Фундаментные болты, источник: c:\teklastructures\2017\environments\russia\system\componentcatalog.xml
24.07.2019 22:30:56 Error:В данной модели не установлен пользовательский компонент для элемента: Каркас_плоский, источник: c:\teklastructures\2017\environments\russia\system\componentcatalog.xml
24.07.2019 22:30:57 Error:В данной модели не установлен пользовательский компонент для элемента: ЗД_3, источник: c:\teklastructures\2017\environments\russia\system\componentcatalog.xml
24.07.2019 22:30:57 Error:В данной модели не установлен пользовательский компонент для элемента: ЗД_2, источник: c:\teklastructures\2017\environments\russia\system\componentcatalog.xml
24.07.2019 22:30:57 Error:В данной модели не установлен пользовательский компонент для элемента: ЗД_1, источник: c:\teklastructures\2017\environments\russia\system\componentcatalog.xml
24.07.2019 22:30:58 Error:В данной модели не установлен пользовательский компонент для элемента: Монтажная петля, источник: c:\teklastructures\2017\environments\russia\system\componentcatalog.xml
24.07.2019 22:30:58 Error:В данной модели не установлен пользовательский компонент для элемента: Плиты железобетонные ленточных фундаментов ФЛ, источник: c:\teklastructures\2017\environments\russia\system\componentcatalog.xml
24.07.2019 22:30:59 Error:В данной модели не установлен пользовательский компонент для элемента: Сваи забивные квадратного сечения СН, источник: c:\teklastructures\2017\environments\russia\system\componentcatalog.xml
24.07.2019 22:30:59 Error:В данной модели не установлен пользовательский компонент для элемента: Каркас плоский вертикальный СП, источник: c:\teklastructures\2017\environments\russia\system\componentcatalog.xml
24.07.2019 22:31:00 Error:В данной модели не установлен пользовательский компонент для элемента: Блоки бетонные ФБС ФБВ ФБП, источник: c:\teklastructures\2017\environments\russia\system\componentcatalog.xml
24.07.2019 22:31:00 Error:В данной модели не установлен пользовательский компонент для элемента: Фундаментные болты, источник: c:\teklastructures\2017\environments\russia\system\componentcatalog.xml
24.07.2019 22:31:01 Error:В данной модели не установлен пользовательский компонент для элемента: Фундаментный болт с пластиной, источник: c:\teklastructures\2017\environments\russia\system\componentcatalog.xml
24.07.2019 22:31:04 Error:В данной модели не установлен пользовательский компонент для элемента: Фундаментные болты, источник: c:\teklastructures\2017\environments\russia\system\componentcatalog.xml
24.07.2019 22:31:05 Error:В данной модели не установлен пользовательский компонент для элемента: Фундаментный болт с пластиной, источник: c:\teklastructures\2017\environments\russia\system\componentcatalog.xml
24.07.2019 22:31:06 Error:В данной модели не установлен пользовательский компонент для элемента: Фундаментный болт с пластиной, источник: c:\teklastructures\2017\environments\russia\system\componentcatalog.xml
24.07.2019 22:31:06 Error:В данной модели не установлен пользовательский компонент для элемента: Фундаментные болты, источник: c:\teklastructures\2017\environments\russia\system\componentcatalog.xml
24.07.2019 22:31:07 Error:В данной модели не установлен пользовательский компонент для элемента: Фундаментный болт с пластиной, источник: c:\teklastructures\2017\environments\russia\system\componentcatalog.xml
24.07.2019 22:31:07 Error:В данной модели не установлен пользовательский компонент для элемента: Фундаментные болты, источник: c:\teklastructures\2017\environments\russia\system\componentcatalog.xml
24.07.2019 22:31:08 Error:В данной модели не установлен пользовательский компонент для элемента: Каркас_плоский, источник: c:\teklastructures\2017\environments\russia\system\componentcatalog.xml
24.07.2019 22:31:08 Error:В данной модели не установлен пользовательский компонент для элемента: ЗД_3, источник: c:\teklastructures\2017\environments\russia\system\componentcatalog.xml
24.07.2019 22:31:09 Error:В данной модели не установлен пользовательский компонент для элемента: ЗД_2, источник: c:\teklastructures\2017\environments\russia\system\componentcatalog.xml
24.07.2019 22:31:09 Error:В данной модели не установлен пользовательский компонент для элемента: ЗД_1, источник: c:\teklastructures\2017\environments\russia\system\componentcatalog.xml
24.07.2019 22:31:09 Error:В данной модели не установлен пользовательский компонент для элемента: Монтажная петля, источник: c:\teklastructures\2017\environments\russia\system\componentcatalog.xml
24.07.2019 22:31:10 Error:В данной модели не установлен пользовательский компонент для элемента: Плиты железобетонные ленточных фундаментов ФЛ, источник: c:\teklastructures\2017\environments\russia\system\componentcatalog.xml
24.07.2019 22:31:10 Error:В данной модели не установлен пользовательский компонент для элемента: Сваи забивные квадратного сечения СН, источник: c:\teklastructures\2017\environments\russia\system\componentcatalog.xml
24.07.2019 22:31:11 Error:В данной модели не установлен пользовательский компонент для элемента: Каркас плоский вертикальный СП, источник: c:\teklastructures\2017\environments\russia\system\componentcatalog.xml
24.07.2019 22:31:11 Error:В данной модели не установлен пользовательский компонент для элемента: Блоки бетонные ФБС ФБВ ФБП, источник: c:\teklastructures\2017\environments\russia\system\componentcatalog.xml
24.07.2019 22:31:11 Error:В данной модели не установлен пользовательский компонент для элемента: Фундаментные болты, источник: c:\teklastructures\2017\environments\russia\system\componentcatalog.xml
24.07.2019 22:31:12 Error:В данной модели не установлен пользовательский компонент для элемента: Фундаментный болт с пластиной, источник: c:\teklastructures\2017\environments\russia\system\componentcatalog.xml
24.07.2019 22:50:17 Information:Previous log file path: 'C:\Users\AnDrEy\AppData\Local\Trimble\TeklaStructures\2017\CatalogTreeFeature\2017.0.0.0\ComponentCatalog_AnDrEy.log'
24.07.2019 22:50:17 Information:Previous log file path: '\\25.98.58.137\TeklaStructuresModels\Олимпроект\Олимпроект(ФОК)\logs\ComponentCatalog_AnDrEy.log'
24.07.2019 22:50:18 Information:New log file path: '\\25.98.58.137\TeklaStructuresModels\Олимпроект\Олимпроект(ФОК)\logs\ComponentCatalog_AnDrEy.log'
24.07.2019 22:50:19 Information:New log file path: '\\25.98.58.137\TeklaStructuresModels\Олимпроект\Олимпроект(ФОК)\logs\ComponentCatalog_AnDrEy.log'
24.07.2019 22:50:20 Error:В данной модели не установлен пользовательский компонент для элемента: Фундаментные болты, источник: c:\teklastructures\2017\environments\russia\system\componentcatalog.xml
24.07.2019 22:50:21 Error:В данной модели не установлен пользовательский компонент для элемента: Фундаментный болт с пластиной, источник: c:\teklastructures\2017\environments\russia\system\componentcatalog.xml
24.07.2019 22:50:21 Error:В данной модели не установлен пользовательский компонент для элемента: Фундаментный болт с пластиной, источник: c:\teklastructures\2017\environments\russia\system\componentcatalog.xml
24.07.2019 22:50:22 Error:В данной модели не установлен пользовательский компонент для элемента: Фундаментные болты, источник: c:\teklastructures\2017\environments\russia\system\componentcatalog.xml
24.07.2019 22:50:22 Error:В данной модели не установлен пользовательский компонент для элемента: Фундаментный болт с пластиной, источник: c:\teklastructures\2017\environments\russia\system\componentcatalog.xml
24.07.2019 22:50:23 Error:В данной модели не установлен пользовательский компонент для элемента: Фундаментные болты, источник: c:\teklastructures\2017\environments\russia\system\componentcatalog.xml
24.07.2019 22:50:23 Error:В данной модели не установлен пользовательский компонент для элемента: Каркас_плоский, источник: c:\teklastructures\2017\environments\russia\system\componentcatalog.xml
24.07.2019 22:50:24 Error:В данной модели не установлен пользовательский компонент для элемента: ЗД_3, источник: c:\teklastructures\2017\environments\russia\system\componentcatalog.xml
24.07.2019 22:50:24 Error:В данной модели не установлен пользовательский компонент для элемента: ЗД_2, источник: c:\teklastructures\2017\environments\russia\system\componentcatalog.xml
24.07.2019 22:50:25 Error:В данной модели не установлен пользовательский компонент для элемента: ЗД_1, источник: c:\teklastructures\2017\environments\russia\system\componentcatalog.xml
24.07.2019 22:50:25 Error:В данной модели не установлен пользовательский компонент для элемента: Монтажная петля, источник: c:\teklastructures\2017\environments\russia\system\componentcatalog.xml
24.07.2019 22:50:25 Error:В данной модели не установлен пользовательский компонент для элемента: Плиты железобетонные ленточных фундаментов ФЛ, источник: c:\teklastructures\2017\environments\russia\system\componentcatalog.xml
24.07.2019 22:50:26 Error:В данной модели не установлен пользовательский компонент для элемента: Сваи забивные квадратного сечения СН, источник: c:\teklastructures\2017\environments\russia\system\componentcatalog.xml
24.07.2019 22:50:26 Error:В данной модели не установлен пользовательский компонент для элемента: Каркас плоский вертикальный СП, источник: c:\teklastructures\2017\environments\russia\system\componentcatalog.xml
24.07.2019 22:50:27 Error:В данной модели не установлен пользовательский компонент для элемента: Блоки бетонные ФБС ФБВ ФБП, источник: c:\teklastructures\2017\environments\russia\system\componentcatalog.xml
24.07.2019 22:50:27 Error:В данной модели не установлен пользовательский компонент для элемента: Фундаментные болты, источник: c:\teklastructures\2017\environments\russia\system\componentcatalog.xml
24.07.2019 22:50:28 Error:В данной модели не установлен пользовательский компонент для элемента: Фундаментный болт с пластиной, источник: c:\teklastructures\2017\environments\russia\system\componentcatalog.xml
24.07.2019 22:50:32 Error:В данной модели не установлен пользовательский компонент для элемента: Фундаментные болты, источник: c:\teklastructures\2017\environments\russia\system\componentcatalog.xml
24.07.2019 22:50:33 Error:В данной модели не установлен пользовательский компонент для элемента: Фундаментный болт с пластиной, источник: c:\teklastructures\2017\environments\russia\system\componentcatalog.xml
24.07.2019 22:50:33 Error:В данной модели не установлен пользовательский компонент для элемента: Фундаментный болт с пластиной, источник: c:\teklastructures\2017\environments\russia\system\componentcatalog.xml
24.07.2019 22:50:34 Error:В данной модели не установлен пользовательский компонент для элемента: Фундаментные болты, источник: c:\teklastructures\2017\environments\russia\system\componentcatalog.xml
24.07.2019 22:50:34 Error:В данной модели не установлен пользовательский компонент для элемента: Фундаментный болт с пластиной, источник: c:\teklastructures\2017\environments\russia\system\componentcatalog.xml
24.07.2019 22:50:35 Error:В данной модели не установлен пользовательский компонент для элемента: Фундаментные болты, источник: c:\teklastructures\2017\environments\russia\system\componentcatalog.xml
24.07.2019 22:50:35 Error:В данной модели не установлен пользовательский компонент для элемента: Каркас_плоский, источник: c:\teklastructures\2017\environments\russia\system\componentcatalog.xml
24.07.2019 22:50:36 Error:В данной модели не установлен пользовательский компонент для элемента: ЗД_3, источник: c:\teklastructures\2017\environments\russia\system\componentcatalog.xml
24.07.2019 22:50:36 Error:В данной модели не установлен пользовательский компонент для элемента: ЗД_2, источник: c:\teklastructures\2017\environments\russia\system\componentcatalog.xml
24.07.2019 22:50:37 Error:В данной модели не установлен пользовательский компонент для элемента: ЗД_1, источник: c:\teklastructures\2017\environments\russia\system\componentcatalog.xml
24.07.2019 22:50:37 Error:В данной модели не установлен пользовательский компонент для элемента: Монтажная петля, источник: c:\teklastructures\2017\environments\russia\system\componentcatalog.xml
24.07.2019 22:50:37 Error:В данной модели не установлен пользовательский компонент для элемента: Плиты железобетонные ленточных фундаментов ФЛ, источник: c:\teklastructures\2017\environments\russia\system\componentcatalog.xml
24.07.2019 22:50:38 Error:В данной модели не установлен пользовательский компонент для элемента: Сваи забивные квадратного сечения СН, источник: c:\teklastructures\2017\environments\russia\system\componentcatalog.xml
24.07.2019 22:50:38 Error:В данной модели не установлен пользовательский компонент для элемента: Каркас плоский вертикальный СП, источник: c:\teklastructures\2017\environments\russia\system\componentcatalog.xml
24.07.2019 22:50:39 Error:В данной модели не установлен пользовательский компонент для элемента: Блоки бетонные ФБС ФБВ ФБП, источник: c:\teklastructures\2017\environments\russia\system\componentcatalog.xml
24.07.2019 22:50:39 Error:В данной модели не установлен пользовательский компонент для элемента: Фундаментные болты, источник: c:\teklastructures\2017\environments\russia\system\componentcatalog.xml
24.07.2019 22:50:40 Error:В данной модели не установлен пользовательский компонент для элемента: Фундаментный болт с пластиной, источник: c:\teklastructures\2017\environments\russia\system\componentcatalog.xml
24.07.2019 22:54:29 Information:Previous log file path: '\\25.98.58.137\TeklaStructuresModels\Олимпроект\Олимпроект(ФОК)\logs\ComponentCatalog_AnDrEy.log'
24.07.2019 22:54:30 Information:New log file path: '\\25.98.58.137\TeklaStructuresModels\Олимпроект\Олимпроект(ФОК)\logs\ComponentCatalog_AnDrEy.log'
24.07.2019 22:54:31 Error:В данной модели не установлен пользовательский компонент для элемента: Фундаментные болты, источник: c:\teklastructures\2017\environments\russia\system\componentcatalog.xml
24.07.2019 22:54:32 Error:В данной модели не установлен пользовательский компонент для элемента: Фундаментный болт с пластиной, источник: c:\teklastructures\2017\environments\russia\system\componentcatalog.xml
24.07.2019 22:54:32 Error:В данной модели не установлен пользовательский компонент для элемента: Фундаментный болт с пластиной, источник: c:\teklastructures\2017\environments\russia\system\componentcatalog.xml
24.07.2019 22:54:33 Error:В данной модели не установлен пользовательский компонент для элемента: Фундаментные болты, источник: c:\teklastructures\2017\environments\russia\system\componentcatalog.xml
24.07.2019 22:54:33 Error:В данной модели не установлен пользовательский компонент для элемента: Фундаментный болт с пластиной, источник: c:\teklastructures\2017\environments\russia\system\componentcatalog.xml
24.07.2019 22:54:34 Error:В данной модели не установлен пользовательский компонент для элемента: Фундаментные болты, источник: c:\teklastructures\2017\environments\russia\system\componentcatalog.xml
24.07.2019 22:54:34 Error:В данной модели не установлен пользовательский компонент для элемента: Каркас_плоский, источник: c:\teklastructures\2017\environments\russia\system\componentcatalog.xml
24.07.2019 22:54:35 Error:В данной модели не установлен пользовательский компонент для элемента: ЗД_3, источник: c:\teklastructures\2017\environments\russia\system\componentcatalog.xml
24.07.2019 22:54:36 Error:В данной модели не установлен пользовательский компонент для элемента: ЗД_2, источник: c:\teklastructures\2017\environments\russia\system\componentcatalog.xml
24.07.2019 22:54:36 Error:В данной модели не установлен пользовательский компонент для элемента: ЗД_1, источник: c:\teklastructures\2017\environments\russia\system\componentcatalog.xml
24.07.2019 22:54:37 Error:В данной модели не установлен пользовательский компонент для элемента: Монтажная петля, источник: c:\teklastructures\2017\environments\russia\system\componentcatalog.xml
24.07.2019 22:54:37 Error:В данной модели не установлен пользовательский компонент для элемента: Плиты железобетонные ленточных фундаментов ФЛ, источник: c:\teklastructures\2017\environments\russia\system\componentcatalog.xml
24.07.2019 22:54:38 Error:В данной модели не установлен пользовательский компонент для элемента: Сваи забивные квадратного сечения СН, источник: c:\teklastructures\2017\environments\russia\system\componentcatalog.xml
24.07.2019 22:54:38 Error:В данной модели не установлен пользовательский компонент для элемента: Каркас плоский вертикальный СП, источник: c:\teklastructures\2017\environments\russia\system\componentcatalog.xml
24.07.2019 22:54:39 Error:В данной модели не установлен пользовательский компонент для элемента: Блоки бетонные ФБС ФБВ ФБП, источник: c:\teklastructures\2017\environments\russia\system\componentcatalog.xml
24.07.2019 22:54:39 Error:В данной модели не установлен пользовательский компонент для элемента: Фундаментные болты, источник: c:\teklastructures\2017\environments\russia\system\componentcatalog.xml
24.07.2019 22:54:40 Error:В данной модели не установлен пользовательский компонент для элемента: Фундаментный болт с пластиной, источник: c:\teklastructures\2017\environments\russia\system\componentcatalog.xml
24.07.2019 23:22:03 Information:Previous log file path: 'C:\Users\AnDrEy\AppData\Local\Trimble\TeklaStructures\2017\CatalogTreeFeature\2017.0.0.0\ComponentCatalog_AnDrEy.log'
24.07.2019 23:22:07 Information:New log file path: '\\25.98.58.137\TeklaStructuresModels\Олимпроект\Олимпроект(ФОК)\logs\ComponentCatalog_AnDrEy.log'
24.07.2019 23:22:08 Error:В данной модели не установлен пользовательский компонент для элемента: Фундаментные болты, источник: c:\teklastructures\2017\environments\russia\system\componentcatalog.xml
24.07.2019 23:22:09 Error:В данной модели не установлен пользовательский компонент для элемента: Фундаментный болт с пластиной, источник: c:\teklastructures\2017\environments\russia\system\componentcatalog.xml
24.07.2019 23:22:11 Error:В данной модели не установлен пользовательский компонент для элемента: Фундаментный болт с пластиной, источник: c:\teklastructures\2017\environments\russia\system\componentcatalog.xml
24.07.2019 23:22:12 Error:В данной модели не установлен пользовательский компонент для элемента: Фундаментные болты, источник: c:\teklastructures\2017\environments\russia\system\componentcatalog.xml
24.07.2019 23:22:13 Error:В данной модели не установлен пользовательский компонент для элемента: Фундаментный болт с пластиной, источник: c:\teklastructures\2017\environments\russia\system\componentcatalog.xml
24.07.2019 23:22:15 Error:В данной модели не установлен пользовательский компонент для элемента: Фундаментные болты, источник: c:\teklastructures\2017\environments\russia\system\componentcatalog.xml
24.07.2019 23:22:16 Error:В данной модели не установлен пользовательский компонент для элемента: Каркас_плоский, источник: c:\teklastructures\2017\environments\russia\system\componentcatalog.xml
24.07.2019 23:22:17 Error:В данной модели не установлен пользовательский компонент для элемента: ЗД_3, источник: c:\teklastructures\2017\environments\russia\system\componentcatalog.xml
24.07.2019 23:22:19 Error:В данной модели не установлен пользовательский компонент для элемента: ЗД_2, источник: c:\teklastructures\2017\environments\russia\system\componentcatalog.xml
24.07.2019 23:22:20 Error:В данной модели не установлен пользовательский компонент для элемента: ЗД_1, источник: c:\teklastructures\2017\environments\russia\system\componentcatalog.xml
24.07.2019 23:22:21 Error:В данной модели не установлен пользовательский компонент для элемента: Монтажная петля, источник: c:\teklastructures\2017\environments\russia\system\componentcatalog.xml
24.07.2019 23:22:22 Error:В данной модели не установлен пользовательский компонент для элемента: Плиты железобетонные ленточных фундаментов ФЛ, источник: c:\teklastructures\2017\environments\russia\system\componentcatalog.xml
24.07.2019 23:22:24 Error:В данной модели не установлен пользовательский компонент для элемента: Сваи забивные квадратного сечения СН, источник: c:\teklastructures\2017\environments\russia\system\componentcatalog.xml
24.07.2019 23:22:28 Error:В данной модели не установлен пользовательский компонент для элемента: Каркас плоский вертикальный СП, источник: c:\teklastructures\2017\environments\russia\system\componentcatalog.xml
24.07.2019 23:22:29 Error:В данной модели не установлен пользовательский компонент для элемента: Блоки бетонные ФБС ФБВ ФБП, источник: c:\teklastructures\2017\environments\russia\system\componentcatalog.xml
24.07.2019 23:22:30 Error:В данной модели не установлен пользовательский компонент для элемента: Фундаментные болты, источник: c:\teklastructures\2017\environments\russia\system\componentcatalog.xml
24.07.2019 23:22:31 Error:В данной модели не установлен пользовательский компонент для элемента: Фундаментный болт с пластиной, источник: c:\teklastructures\2017\environments\russia\system\componentcatalog.xml
25.07.2019 19:32:39 Information:Previous log file path: 'C:\Users\AnDrEy\AppData\Local\Trimble\TeklaStructures\2017\CatalogTreeFeature\2017.0.0.0\ComponentCatalog_AnDrEy.log'
25.07.2019 19:32:39 Information:New log file path: '\\25.98.58.137\TeklaStructuresModels\Олимпроект\Олимпроект(ФОК)\logs\ComponentCatalog_AnDrEy.log'
25.07.2019 19:32:40 Error:В данной модели не установлен пользовательский компонент для элемента: Фундаментные болты, источник: c:\teklastructures\2017\environments\russia\system\componentcatalog.xml
25.07.2019 19:32:41 Error:В данной модели не установлен пользовательский компонент для элемента: Фундаментный болт с пластиной, источник: c:\teklastructures\2017\environments\russia\system\componentcatalog.xml
25.07.2019 19:32:41 Error:В данной модели не установлен пользовательский компонент для элемента: Фундаментный болт с пластиной, источник: c:\teklastructures\2017\environments\russia\system\componentcatalog.xml
25.07.2019 19:32:41 Error:В данной модели не установлен пользовательский компонент для элемента: Фундаментные болты, источник: c:\teklastructures\2017\environments\russia\system\componentcatalog.xml
25.07.2019 19:32:41 Error:В данной модели не установлен пользовательский компонент для элемента: Фундаментный болт с пластиной, источник: c:\teklastructures\2017\environments\russia\system\componentcatalog.xml
25.07.2019 19:32:42 Error:В данной модели не установлен пользовательский компонент для элемента: Фундаментные болты, источник: c:\teklastructures\2017\environments\russia\system\componentcatalog.xml
25.07.2019 19:32:42 Error:В данной модели не установлен пользовательский компонент для элемента: Каркас_плоский, источник: c:\teklastructures\2017\environments\russia\system\componentcatalog.xml
25.07.2019 19:32:42 Error:В данной модели не установлен пользовательский компонент для элемента: ЗД_3, источник: c:\teklastructures\2017\environments\russia\system\componentcatalog.xml
25.07.2019 19:32:42 Error:В данной модели не установлен пользовательский компонент для элемента: ЗД_2, источник: c:\teklastructures\2017\environments\russia\system\componentcatalog.xml
25.07.2019 19:32:42 Error:В данной модели не установлен пользовательский компонент для элемента: ЗД_1, источник: c:\teklastructures\2017\environments\russia\system\componentcatalog.xml
25.07.2019 19:32:42 Error:В данной модели не установлен пользовательский компонент для элемента: Монтажная петля, источник: c:\teklastructures\2017\environments\russia\system\componentcatalog.xml
25.07.2019 19:32:43 Error:В данной модели не установлен пользовательский компонент для элемента: Плиты железобетонные ленточных фундаментов ФЛ, источник: c:\teklastructures\2017\environments\russia\system\componentcatalog.xml
25.07.2019 19:32:43 Error:В данной модели не установлен пользовательский компонент для элемента: Сваи забивные квадратного сечения СН, источник: c:\teklastructures\2017\environments\russia\system\componentcatalog.xml
25.07.2019 19:32:43 Error:В данной модели не установлен пользовательский компонент для элемента: Каркас плоский вертикальный СП, источник: c:\teklastructures\2017\environments\russia\system\componentcatalog.xml
25.07.2019 19:32:43 Error:В данной модели не установлен пользовательский компонент для элемента: Блоки бетонные ФБС ФБВ ФБП, источник: c:\teklastructures\2017\environments\russia\system\componentcatalog.xml
25.07.2019 19:32:43 Error:В данной модели не установлен пользовательский компонент для элемента: Фундаментные болты, источник: c:\teklastructures\2017\environments\russia\system\componentcatalog.xml
25.07.2019 19:32:43 Error:В данной модели не установлен пользовательский компонент для элемента: Фундаментный болт с пластиной, источник: c:\teklastructures\2017\environments\russia\system\componentcatalog.xml
25.07.2019 19:43:30 Information:Previous log file path: '\\25.98.58.137\TeklaStructuresModels\Олимпроект\Олимпроект(ФОК)\logs\ComponentCatalog_AnDrEy.log'
25.07.2019 19:43:30 Information:New log file path: '\\25.98.58.137\TeklaStructuresModels\Олимпроект\Олимпроект(ФОК)\logs\ComponentCatalog_AnDrEy.log'
25.07.2019 19:43:31 Error:В данной модели не установлен пользовательский компонент для элемента: Фундаментные болты, источник: c:\teklastructures\2017\environments\russia\system\componentcatalog.xml
25.07.2019 19:43:31 Error:В данной модели не установлен пользовательский компонент для элемента: Фундаментный болт с пластиной, источник: c:\teklastructures\2017\environments\russia\system\componentcatalog.xml
25.07.2019 19:43:31 Error:В данной модели не установлен пользовательский компонент для элемента: Фундаментный болт с пластиной, источник: c:\teklastructures\2017\environments\russia\system\componentcatalog.xml
25.07.2019 19:43:31 Error:В данной модели не установлен пользовательский компонент для элемента: Фундаментные болты, источник: c:\teklastructures\2017\environments\russia\system\componentcatalog.xml
25.07.2019 19:43:32 Error:В данной модели не установлен пользовательский компонент для элемента: Фундаментный болт с пластиной, источник: c:\teklastructures\2017\environments\russia\system\componentcatalog.xml
25.07.2019 19:43:32 Error:В данной модели не установлен пользовательский компонент для элемента: Фундаментные болты, источник: c:\teklastructures\2017\environments\russia\system\componentcatalog.xml
25.07.2019 19:43:32 Error:В данной модели не установлен пользовательский компонент для элемента: Каркас_плоский, источник: c:\teklastructures\2017\environments\russia\system\componentcatalog.xml
25.07.2019 19:43:32 Error:В данной модели не установлен пользовательский компонент для элемента: ЗД_3, источник: c:\teklastructures\2017\environments\russia\system\componentcatalog.xml
25.07.2019 19:43:32 Error:В данной модели не установлен пользовательский компонент для элемента: ЗД_2, источник: c:\teklastructures\2017\environments\russia\system\componentcatalog.xml
25.07.2019 19:43:33 Error:В данной модели не установлен пользовательский компонент для элемента: ЗД_1, источник: c:\teklastructures\2017\environments\russia\system\componentcatalog.xml
25.07.2019 19:43:33 Error:В данной модели не установлен пользовательский компонент для элемента: Монтажная петля, источник: c:\teklastructures\2017\environments\russia\system\componentcatalog.xml
25.07.2019 19:43:33 Error:В данной модели не установлен пользовательский компонент для элемента: Плиты железобетонные ленточных фундаментов ФЛ, источник: c:\teklastructures\2017\environments\russia\system\componentcatalog.xml
25.07.2019 19:43:33 Error:В данной модели не установлен пользовательский компонент для элемента: Сваи забивные квадратного сечения СН, источник: c:\teklastructures\2017\environments\russia\system\componentcatalog.xml
25.07.2019 19:43:33 Error:В данной модели не установлен пользовательский компонент для элемента: Каркас плоский вертикальный СП, источник: c:\teklastructures\2017\environments\russia\system\componentcatalog.xml
25.07.2019 19:43:33 Error:В данной модели не установлен пользовательский компонент для элемента: Блоки бетонные ФБС ФБВ ФБП, источник: c:\teklastructures\2017\environments\russia\system\componentcatalog.xml
25.07.2019 19:43:34 Error:В данной модели не установлен пользовательский компонент для элемента: Фундаментные болты, источник: c:\teklastructures\2017\environments\russia\system\componentcatalog.xml
25.07.2019 19:43:34 Error:В данной модели не установлен пользовательский компонент для элемента: Фундаментный болт с пластиной, источник: c:\teklastructures\2017\environments\russia\system\componentcatalog.xml
25.07.2019 20:52:31 Information:Previous log file path: '\\25.98.58.137\TeklaStructuresModels\Олимпроект\Олимпроект(ФОК)\logs\ComponentCatalog_AnDrEy.log'
25.07.2019 20:52:32 Information:New log file path: '\\25.98.58.137\TeklaStructuresModels\Олимпроект\Олимпроект(ФОК)\logs\ComponentCatalog_AnDrEy.log'
25.07.2019 20:52:33 Error:В данной модели не установлен пользовательский компонент для элемента: Фундаментные болты, источник: c:\teklastructures\2017\environments\russia\system\componentcatalog.xml
25.07.2019 20:52:34 Error:В данной модели не установлен пользовательский компонент для элемента: Фундаментный болт с пластиной, источник: c:\teklastructures\2017\environments\russia\system\componentcatalog.xml
25.07.2019 20:52:34 Error:В данной модели не установлен пользовательский компонент для элемента: Фундаментный болт с пластиной, источник: c:\teklastructures\2017\environments\russia\system\componentcatalog.xml
25.07.2019 20:52:35 Error:В данной модели не установлен пользовательский компонент для элемента: Фундаментные болты, источник: c:\teklastructures\2017\environments\russia\system\componentcatalog.xml
25.07.2019 20:52:36 Error:В данной модели не установлен пользовательский компонент для элемента: Фундаментный болт с пластиной, источник: c:\teklastructures\2017\environments\russia\system\componentcatalog.xml
25.07.2019 20:52:37 Error:В данной модели не установлен пользовательский компонент для элемента: Фундаментные болты, источник: c:\teklastructures\2017\environments\russia\system\componentcatalog.xml
25.07.2019 20:52:37 Error:В данной модели не установлен пользовательский компонент для элемента: Каркас_плоский, источник: c:\teklastructures\2017\environments\russia\system\componentcatalog.xml
25.07.2019 20:52:38 Error:В данной модели не установлен пользовательский компонент для элемента: ЗД_3, источник: c:\teklastructures\2017\environments\russia\system\componentcatalog.xml
25.07.2019 20:52:38 Error:В данной модели не установлен пользовательский компонент для элемента: ЗД_2, источник: c:\teklastructures\2017\environments\russia\system\componentcatalog.xml
25.07.2019 20:52:39 Error:В данной модели не установлен пользовательский компонент для элемента: ЗД_1, источник: c:\teklastructures\2017\environments\russia\system\componentcatalog.xml
25.07.2019 20:52:39 Error:В данной модели не установлен пользовательский компонент для элемента: Монтажная петля, источник: c:\teklastructures\2017\environments\russia\system\componentcatalog.xml
25.07.2019 20:52:39 Error:В данной модели не установлен пользовательский компонент для элемента: Плиты железобетонные ленточных фундаментов ФЛ, источник: c:\teklastructures\2017\environments\russia\system\componentcatalog.xml
25.07.2019 20:52:39 Error:В данной модели не установлен пользовательский компонент для элемента: Сваи забивные квадратного сечения СН, источник: c:\teklastructures\2017\environments\russia\system\componentcatalog.xml
25.07.2019 20:52:40 Error:В данной модели не установлен пользовательский компонент для элемента: Каркас плоский вертикальный СП, источник: c:\teklastructures\2017\environments\russia\system\componentcatalog.xml
25.07.2019 20:52:40 Error:В данной модели не установлен пользовательский компонент для элемента: Блоки бетонные ФБС ФБВ ФБП, источник: c:\teklastructures\2017\environments\russia\system\componentcatalog.xml
25.07.2019 20:52:40 Error:В данной модели не установлен пользовательский компонент для элемента: Фундаментные болты, источник: c:\teklastructures\2017\environments\russia\system\componentcatalog.xml
25.07.2019 20:52:41 Error:В данной модели не установлен пользовательский компонент для элемента: Фундаментный болт с пластиной, источник: c:\teklastructures\2017\environments\russia\system\componentcatalog.xml
25.07.2019 21:29:13 Information:Previous log file path: '\\25.98.58.137\TeklaStructuresModels\Олимпроект\Олимпроект(ФОК)\logs\ComponentCatalog_AnDrEy.log'
25.07.2019 21:29:13 Information:New log file path: '\\25.98.58.137\TeklaStructuresModels\Олимпроект\Олимпроект(ФОК)\logs\ComponentCatalog_AnDrEy.log'
25.07.2019 21:29:14 Error:В данной модели не установлен пользовательский компонент для элемента: Фундаментные болты, источник: c:\teklastructures\2017\environments\russia\system\componentcatalog.xml
25.07.2019 21:29:14 Error:В данной модели не установлен пользовательский компонент для элемента: Фундаментный болт с пластиной, источник: c:\teklastructures\2017\environments\russia\system\componentcatalog.xml
25.07.2019 21:29:15 Error:В данной модели не установлен пользовательский компонент для элемента: Фундаментный болт с пластиной, источник: c:\teklastructures\2017\environments\russia\system\componentcatalog.xml
25.07.2019 21:29:15 Error:В данной модели не установлен пользовательский компонент для элемента: Фундаментные болты, источник: c:\teklastructures\2017\environments\russia\system\componentcatalog.xml
25.07.2019 21:29:15 Error:В данной модели не установлен пользовательский компонент для элемента: Фундаментный болт с пластиной, источник: c:\teklastructures\2017\environments\russia\system\componentcatalog.xml
25.07.2019 21:29:15 Error:В данной модели не установлен пользовательский компонент для элемента: Фундаментные болты, источник: c:\teklastructures\2017\environments\russia\system\componentcatalog.xml
25.07.2019 21:29:16 Error:В данной модели не установлен пользовательский компонент для элемента: Каркас_плоский, источник: c:\teklastructures\2017\environments\russia\system\componentcatalog.xml
25.07.2019 21:29:16 Error:В данной модели не установлен пользовательский компонент для элемента: ЗД_3, источник: c:\teklastructures\2017\environments\russia\system\componentcatalog.xml
25.07.2019 21:29:16 Error:В данной модели не установлен пользовательский компонент для элемента: ЗД_2, источник: c:\teklastructures\2017\environments\russia\system\componentcatalog.xml
25.07.2019 21:29:16 Error:В данной модели не установлен пользовательский компонент для элемента: ЗД_1, источник: c:\teklastructures\2017\environments\russia\system\componentcatalog.xml
25.07.2019 21:29:17 Error:В данной модели не установлен пользовательский компонент для элемента: Монтажная петля, источник: c:\teklastructures\2017\environments\russia\system\componentcatalog.xml
25.07.2019 21:29:17 Error:В данной модели не установлен пользовательский компонент для элемента: Плиты железобетонные ленточных фундаментов ФЛ, источник: c:\teklastructures\2017\environments\russia\system\componentcatalog.xml
25.07.2019 21:29:17 Error:В данной модели не установлен пользовательский компонент для элемента: Сваи забивные квадратного сечения СН, источник: c:\teklastructures\2017\environments\russia\system\componentcatalog.xml
25.07.2019 21:29:17 Error:В данной модели не установлен пользовательский компонент для элемента: Каркас плоский вертикальный СП, источник: c:\teklastructures\2017\environments\russia\system\componentcatalog.xml
25.07.2019 21:29:18 Error:В данной модели не установлен пользовательский компонент для элемента: Блоки бетонные ФБС ФБВ ФБП, источник: c:\teklastructures\2017\environments\russia\system\componentcatalog.xml
25.07.2019 21:29:18 Error:В данной модели не установлен пользовательский компонент для элемента: Фундаментные болты, источник: c:\teklastructures\2017\environments\russia\system\componentcatalog.xml
25.07.2019 21:29:18 Error:В данной модели не установлен пользовательский компонент для элемента: Фундаментный болт с пластиной, источник: c:\teklastructures\2017\environments\russia\system\componentcatalog.xml
