02.08.2019 9:33:05 Information:Previous log file path: 'C:\Users\korablev\AppData\Local\Trimble\TeklaStructures\2017\CatalogTreeFeature\2017.0.0.0\ComponentCatalog_korablev.log'
02.08.2019 9:33:05 Information:New log file path: 'Z:\pc100532(Korablev)\Олимпроект\Олимпроект(ФОК)\logs\ComponentCatalog_korablev.log'
02.08.2019 9:33:05 Information:Previous log file path: 'Z:\pc100532(Korablev)\Олимпроект\Олимпроект(ФОК)\logs\ComponentCatalog_korablev.log'
02.08.2019 9:33:05 Information:New log file path: 'Z:\pc100532(Korablev)\Олимпроект\Олимпроект(ФОК)\logs\ComponentCatalog_korablev.log'
02.08.2019 9:33:05 Error:В данной модели не установлен пользовательский компонент для элемента: Фундаментные болты, источник: c:\teklastructures\2017\environments\russia\system\componentcatalog.xml
02.08.2019 9:33:05 Error:В данной модели не установлен пользовательский компонент для элемента: Фундаментный болт с пластиной, источник: c:\teklastructures\2017\environments\russia\system\componentcatalog.xml
02.08.2019 9:33:05 Error:В данной модели не установлен пользовательский компонент для элемента: Фундаментный болт с пластиной, источник: c:\teklastructures\2017\environments\russia\system\componentcatalog.xml
02.08.2019 9:33:05 Error:В данной модели не установлен пользовательский компонент для элемента: Фундаментные болты, источник: c:\teklastructures\2017\environments\russia\system\componentcatalog.xml
02.08.2019 9:33:05 Error:В данной модели не установлен пользовательский компонент для элемента: Фундаментный болт с пластиной, источник: c:\teklastructures\2017\environments\russia\system\componentcatalog.xml
02.08.2019 9:33:05 Error:В данной модели не установлен пользовательский компонент для элемента: Фундаментные болты, источник: c:\teklastructures\2017\environments\russia\system\componentcatalog.xml
02.08.2019 9:33:05 Error:В данной модели не установлен пользовательский компонент для элемента: Каркас_плоский, источник: c:\teklastructures\2017\environments\russia\system\componentcatalog.xml
02.08.2019 9:33:05 Error:В данной модели не установлен пользовательский компонент для элемента: ЗД_3, источник: c:\teklastructures\2017\environments\russia\system\componentcatalog.xml
02.08.2019 9:33:05 Error:В данной модели не установлен пользовательский компонент для элемента: ЗД_2, источник: c:\teklastructures\2017\environments\russia\system\componentcatalog.xml
02.08.2019 9:33:05 Error:В данной модели не установлен пользовательский компонент для элемента: ЗД_1, источник: c:\teklastructures\2017\environments\russia\system\componentcatalog.xml
02.08.2019 9:33:05 Error:В данной модели не установлен пользовательский компонент для элемента: Монтажная петля, источник: c:\teklastructures\2017\environments\russia\system\componentcatalog.xml
02.08.2019 9:33:06 Error:В данной модели не установлен пользовательский компонент для элемента: Плиты железобетонные ленточных фундаментов ФЛ, источник: c:\teklastructures\2017\environments\russia\system\componentcatalog.xml
02.08.2019 9:33:06 Error:В данной модели не установлен пользовательский компонент для элемента: Сваи забивные квадратного сечения СН, источник: c:\teklastructures\2017\environments\russia\system\componentcatalog.xml
02.08.2019 9:33:06 Error:В данной модели не установлен пользовательский компонент для элемента: Каркас плоский вертикальный СП, источник: c:\teklastructures\2017\environments\russia\system\componentcatalog.xml
02.08.2019 9:33:06 Error:В данной модели не установлен пользовательский компонент для элемента: Блоки бетонные ФБС ФБВ ФБП, источник: c:\teklastructures\2017\environments\russia\system\componentcatalog.xml
02.08.2019 9:33:06 Error:В данной модели не установлен пользовательский компонент для элемента: Фундаментные болты, источник: c:\teklastructures\2017\environments\russia\system\componentcatalog.xml
02.08.2019 9:33:06 Error:В данной модели не установлен пользовательский компонент для элемента: Фундаментный болт с пластиной, источник: c:\teklastructures\2017\environments\russia\system\componentcatalog.xml
02.08.2019 9:33:06 Error:В данной модели не установлен пользовательский компонент для элемента: Фундаментные болты, источник: c:\teklastructures\2017\environments\russia\system\componentcatalog.xml
02.08.2019 9:33:06 Error:В данной модели не установлен пользовательский компонент для элемента: Фундаментный болт с пластиной, источник: c:\teklastructures\2017\environments\russia\system\componentcatalog.xml
02.08.2019 9:33:06 Error:В данной модели не установлен пользовательский компонент для элемента: Фундаментный болт с пластиной, источник: c:\teklastructures\2017\environments\russia\system\componentcatalog.xml
02.08.2019 9:33:06 Error:В данной модели не установлен пользовательский компонент для элемента: Фундаментные болты, источник: c:\teklastructures\2017\environments\russia\system\componentcatalog.xml
02.08.2019 9:33:06 Error:В данной модели не установлен пользовательский компонент для элемента: Фундаментный болт с пластиной, источник: c:\teklastructures\2017\environments\russia\system\componentcatalog.xml
02.08.2019 9:33:06 Error:В данной модели не установлен пользовательский компонент для элемента: Фундаментные болты, источник: c:\teklastructures\2017\environments\russia\system\componentcatalog.xml
02.08.2019 9:33:06 Error:В данной модели не установлен пользовательский компонент для элемента: Каркас_плоский, источник: c:\teklastructures\2017\environments\russia\system\componentcatalog.xml
02.08.2019 9:33:06 Error:В данной модели не установлен пользовательский компонент для элемента: ЗД_3, источник: c:\teklastructures\2017\environments\russia\system\componentcatalog.xml
02.08.2019 9:33:06 Error:В данной модели не установлен пользовательский компонент для элемента: ЗД_2, источник: c:\teklastructures\2017\environments\russia\system\componentcatalog.xml
02.08.2019 9:33:06 Error:В данной модели не установлен пользовательский компонент для элемента: ЗД_1, источник: c:\teklastructures\2017\environments\russia\system\componentcatalog.xml
02.08.2019 9:33:06 Error:В данной модели не установлен пользовательский компонент для элемента: Монтажная петля, источник: c:\teklastructures\2017\environments\russia\system\componentcatalog.xml
02.08.2019 9:33:06 Error:В данной модели не установлен пользовательский компонент для элемента: Плиты железобетонные ленточных фундаментов ФЛ, источник: c:\teklastructures\2017\environments\russia\system\componentcatalog.xml
02.08.2019 9:33:06 Error:В данной модели не установлен пользовательский компонент для элемента: Сваи забивные квадратного сечения СН, источник: c:\teklastructures\2017\environments\russia\system\componentcatalog.xml
02.08.2019 9:33:06 Error:В данной модели не установлен пользовательский компонент для элемента: Каркас плоский вертикальный СП, источник: c:\teklastructures\2017\environments\russia\system\componentcatalog.xml
02.08.2019 9:33:06 Error:В данной модели не установлен пользовательский компонент для элемента: Блоки бетонные ФБС ФБВ ФБП, источник: c:\teklastructures\2017\environments\russia\system\componentcatalog.xml
02.08.2019 9:33:06 Error:В данной модели не установлен пользовательский компонент для элемента: Фундаментные болты, источник: c:\teklastructures\2017\environments\russia\system\componentcatalog.xml
02.08.2019 9:33:06 Error:В данной модели не установлен пользовательский компонент для элемента: Фундаментный болт с пластиной, источник: c:\teklastructures\2017\environments\russia\system\componentcatalog.xml
02.08.2019 10:00:51 Information:Previous log file path: 'Z:\pc100532(Korablev)\Олимпроект\Олимпроект(ФОК)\logs\ComponentCatalog_korablev.log'
02.08.2019 10:00:51 Information:New log file path: 'Z:\pc100532(Korablev)\Олимпроект\Олимпроект(ФОК)\logs\ComponentCatalog_korablev.log'
02.08.2019 10:00:52 Error:В данной модели не установлен пользовательский компонент для элемента: Фундаментные болты, источник: c:\teklastructures\2017\environments\russia\system\componentcatalog.xml
02.08.2019 10:00:52 Error:В данной модели не установлен пользовательский компонент для элемента: Фундаментный болт с пластиной, источник: c:\teklastructures\2017\environments\russia\system\componentcatalog.xml
02.08.2019 10:00:52 Error:В данной модели не установлен пользовательский компонент для элемента: Фундаментный болт с пластиной, источник: c:\teklastructures\2017\environments\russia\system\componentcatalog.xml
02.08.2019 10:00:52 Error:В данной модели не установлен пользовательский компонент для элемента: Фундаментные болты, источник: c:\teklastructures\2017\environments\russia\system\componentcatalog.xml
02.08.2019 10:00:52 Error:В данной модели не установлен пользовательский компонент для элемента: Фундаментный болт с пластиной, источник: c:\teklastructures\2017\environments\russia\system\componentcatalog.xml
02.08.2019 10:00:52 Error:В данной модели не установлен пользовательский компонент для элемента: Фундаментные болты, источник: c:\teklastructures\2017\environments\russia\system\componentcatalog.xml
02.08.2019 10:00:52 Error:В данной модели не установлен пользовательский компонент для элемента: Каркас_плоский, источник: c:\teklastructures\2017\environments\russia\system\componentcatalog.xml
02.08.2019 10:00:52 Error:В данной модели не установлен пользовательский компонент для элемента: ЗД_3, источник: c:\teklastructures\2017\environments\russia\system\componentcatalog.xml
02.08.2019 10:00:52 Error:В данной модели не установлен пользовательский компонент для элемента: ЗД_2, источник: c:\teklastructures\2017\environments\russia\system\componentcatalog.xml
02.08.2019 10:00:52 Error:В данной модели не установлен пользовательский компонент для элемента: ЗД_1, источник: c:\teklastructures\2017\environments\russia\system\componentcatalog.xml
02.08.2019 10:00:52 Error:В данной модели не установлен пользовательский компонент для элемента: Монтажная петля, источник: c:\teklastructures\2017\environments\russia\system\componentcatalog.xml
02.08.2019 10:00:52 Error:В данной модели не установлен пользовательский компонент для элемента: Плиты железобетонные ленточных фундаментов ФЛ, источник: c:\teklastructures\2017\environments\russia\system\componentcatalog.xml
02.08.2019 10:00:52 Error:В данной модели не установлен пользовательский компонент для элемента: Сваи забивные квадратного сечения СН, источник: c:\teklastructures\2017\environments\russia\system\componentcatalog.xml
02.08.2019 10:00:52 Error:В данной модели не установлен пользовательский компонент для элемента: Каркас плоский вертикальный СП, источник: c:\teklastructures\2017\environments\russia\system\componentcatalog.xml
02.08.2019 10:00:52 Error:В данной модели не установлен пользовательский компонент для элемента: Блоки бетонные ФБС ФБВ ФБП, источник: c:\teklastructures\2017\environments\russia\system\componentcatalog.xml
02.08.2019 10:00:52 Error:В данной модели не установлен пользовательский компонент для элемента: Фундаментные болты, источник: c:\teklastructures\2017\environments\russia\system\componentcatalog.xml
02.08.2019 10:00:52 Error:В данной модели не установлен пользовательский компонент для элемента: Фундаментный болт с пластиной, источник: c:\teklastructures\2017\environments\russia\system\componentcatalog.xml
02.08.2019 10:02:25 Information:Previous log file path: 'Z:\pc100532(Korablev)\Олимпроект\Олимпроект(ФОК)\logs\ComponentCatalog_korablev.log'
02.08.2019 10:02:25 Information:New log file path: 'Z:\pc100532(Korablev)\Олимпроект\Олимпроект(ФОК)\logs\ComponentCatalog_korablev.log'
02.08.2019 10:02:25 Error:В данной модели не установлен пользовательский компонент для элемента: Фундаментные болты, источник: c:\teklastructures\2017\environments\russia\system\componentcatalog.xml
02.08.2019 10:02:25 Error:В данной модели не установлен пользовательский компонент для элемента: Фундаментный болт с пластиной, источник: c:\teklastructures\2017\environments\russia\system\componentcatalog.xml
02.08.2019 10:02:25 Error:В данной модели не установлен пользовательский компонент для элемента: Фундаментный болт с пластиной, источник: c:\teklastructures\2017\environments\russia\system\componentcatalog.xml
02.08.2019 10:02:25 Error:В данной модели не установлен пользовательский компонент для элемента: Фундаментные болты, источник: c:\teklastructures\2017\environments\russia\system\componentcatalog.xml
02.08.2019 10:02:25 Error:В данной модели не установлен пользовательский компонент для элемента: Фундаментный болт с пластиной, источник: c:\teklastructures\2017\environments\russia\system\componentcatalog.xml
02.08.2019 10:02:25 Error:В данной модели не установлен пользовательский компонент для элемента: Фундаментные болты, источник: c:\teklastructures\2017\environments\russia\system\componentcatalog.xml
02.08.2019 10:02:25 Error:В данной модели не установлен пользовательский компонент для элемента: Каркас_плоский, источник: c:\teklastructures\2017\environments\russia\system\componentcatalog.xml
02.08.2019 10:02:25 Error:В данной модели не установлен пользовательский компонент для элемента: ЗД_3, источник: c:\teklastructures\2017\environments\russia\system\componentcatalog.xml
02.08.2019 10:02:25 Error:В данной модели не установлен пользовательский компонент для элемента: ЗД_2, источник: c:\teklastructures\2017\environments\russia\system\componentcatalog.xml
02.08.2019 10:02:25 Error:В данной модели не установлен пользовательский компонент для элемента: ЗД_1, источник: c:\teklastructures\2017\environments\russia\system\componentcatalog.xml
02.08.2019 10:02:25 Error:В данной модели не установлен пользовательский компонент для элемента: Монтажная петля, источник: c:\teklastructures\2017\environments\russia\system\componentcatalog.xml
02.08.2019 10:02:25 Error:В данной модели не установлен пользовательский компонент для элемента: Плиты железобетонные ленточных фундаментов ФЛ, источник: c:\teklastructures\2017\environments\russia\system\componentcatalog.xml
02.08.2019 10:02:25 Error:В данной модели не установлен пользовательский компонент для элемента: Сваи забивные квадратного сечения СН, источник: c:\teklastructures\2017\environments\russia\system\componentcatalog.xml
02.08.2019 10:02:25 Error:В данной модели не установлен пользовательский компонент для элемента: Каркас плоский вертикальный СП, источник: c:\teklastructures\2017\environments\russia\system\componentcatalog.xml
02.08.2019 10:02:25 Error:В данной модели не установлен пользовательский компонент для элемента: Блоки бетонные ФБС ФБВ ФБП, источник: c:\teklastructures\2017\environments\russia\system\componentcatalog.xml
02.08.2019 10:02:25 Error:В данной модели не установлен пользовательский компонент для элемента: Фундаментные болты, источник: c:\teklastructures\2017\environments\russia\system\componentcatalog.xml
02.08.2019 10:02:25 Error:В данной модели не установлен пользовательский компонент для элемента: Фундаментный болт с пластиной, источник: c:\teklastructures\2017\environments\russia\system\componentcatalog.xml
02.08.2019 10:20:06 Information:Previous log file path: 'C:\Users\korablev\AppData\Local\Trimble\TeklaStructures\2017\CatalogTreeFeature\2017.0.0.0\ComponentCatalog_korablev.log'
02.08.2019 10:20:06 Information:New log file path: 'Z:\pc100532(Korablev)\Олимпроект\Олимпроект(ФОК)\logs\ComponentCatalog_korablev.log'
02.08.2019 10:20:06 Information:Previous log file path: 'Z:\pc100532(Korablev)\Олимпроект\Олимпроект(ФОК)\logs\ComponentCatalog_korablev.log'
02.08.2019 10:20:06 Information:New log file path: 'Z:\pc100532(Korablev)\Олимпроект\Олимпроект(ФОК)\logs\ComponentCatalog_korablev.log'
02.08.2019 10:20:07 Error:В данной модели не установлен пользовательский компонент для элемента: Фундаментные болты, источник: c:\teklastructures\2017\environments\russia\system\componentcatalog.xml
02.08.2019 10:20:07 Error:В данной модели не установлен пользовательский компонент для элемента: Фундаментный болт с пластиной, источник: c:\teklastructures\2017\environments\russia\system\componentcatalog.xml
02.08.2019 10:20:07 Error:В данной модели не установлен пользовательский компонент для элемента: Фундаментный болт с пластиной, источник: c:\teklastructures\2017\environments\russia\system\componentcatalog.xml
02.08.2019 10:20:07 Error:В данной модели не установлен пользовательский компонент для элемента: Фундаментные болты, источник: c:\teklastructures\2017\environments\russia\system\componentcatalog.xml
02.08.2019 10:20:07 Error:В данной модели не установлен пользовательский компонент для элемента: Фундаментный болт с пластиной, источник: c:\teklastructures\2017\environments\russia\system\componentcatalog.xml
02.08.2019 10:20:07 Error:В данной модели не установлен пользовательский компонент для элемента: Фундаментные болты, источник: c:\teklastructures\2017\environments\russia\system\componentcatalog.xml
02.08.2019 10:20:07 Error:В данной модели не установлен пользовательский компонент для элемента: Каркас_плоский, источник: c:\teklastructures\2017\environments\russia\system\componentcatalog.xml
02.08.2019 10:20:07 Error:В данной модели не установлен пользовательский компонент для элемента: ЗД_3, источник: c:\teklastructures\2017\environments\russia\system\componentcatalog.xml
02.08.2019 10:20:07 Error:В данной модели не установлен пользовательский компонент для элемента: ЗД_2, источник: c:\teklastructures\2017\environments\russia\system\componentcatalog.xml
02.08.2019 10:20:07 Error:В данной модели не установлен пользовательский компонент для элемента: ЗД_1, источник: c:\teklastructures\2017\environments\russia\system\componentcatalog.xml
02.08.2019 10:20:07 Error:В данной модели не установлен пользовательский компонент для элемента: Монтажная петля, источник: c:\teklastructures\2017\environments\russia\system\componentcatalog.xml
02.08.2019 10:20:07 Error:В данной модели не установлен пользовательский компонент для элемента: Плиты железобетонные ленточных фундаментов ФЛ, источник: c:\teklastructures\2017\environments\russia\system\componentcatalog.xml
02.08.2019 10:20:07 Error:В данной модели не установлен пользовательский компонент для элемента: Сваи забивные квадратного сечения СН, источник: c:\teklastructures\2017\environments\russia\system\componentcatalog.xml
02.08.2019 10:20:07 Error:В данной модели не установлен пользовательский компонент для элемента: Каркас плоский вертикальный СП, источник: c:\teklastructures\2017\environments\russia\system\componentcatalog.xml
02.08.2019 10:20:07 Error:В данной модели не установлен пользовательский компонент для элемента: Блоки бетонные ФБС ФБВ ФБП, источник: c:\teklastructures\2017\environments\russia\system\componentcatalog.xml
02.08.2019 10:20:07 Error:В данной модели не установлен пользовательский компонент для элемента: Фундаментные болты, источник: c:\teklastructures\2017\environments\russia\system\componentcatalog.xml
02.08.2019 10:20:07 Error:В данной модели не установлен пользовательский компонент для элемента: Фундаментный болт с пластиной, источник: c:\teklastructures\2017\environments\russia\system\componentcatalog.xml
02.08.2019 10:20:08 Error:В данной модели не установлен пользовательский компонент для элемента: Фундаментные болты, источник: c:\teklastructures\2017\environments\russia\system\componentcatalog.xml
02.08.2019 10:20:08 Error:В данной модели не установлен пользовательский компонент для элемента: Фундаментный болт с пластиной, источник: c:\teklastructures\2017\environments\russia\system\componentcatalog.xml
02.08.2019 10:20:08 Error:В данной модели не установлен пользовательский компонент для элемента: Фундаментный болт с пластиной, источник: c:\teklastructures\2017\environments\russia\system\componentcatalog.xml
02.08.2019 10:20:08 Error:В данной модели не установлен пользовательский компонент для элемента: Фундаментные болты, источник: c:\teklastructures\2017\environments\russia\system\componentcatalog.xml
02.08.2019 10:20:08 Error:В данной модели не установлен пользовательский компонент для элемента: Фундаментный болт с пластиной, источник: c:\teklastructures\2017\environments\russia\system\componentcatalog.xml
02.08.2019 10:20:08 Error:В данной модели не установлен пользовательский компонент для элемента: Фундаментные болты, источник: c:\teklastructures\2017\environments\russia\system\componentcatalog.xml
02.08.2019 10:20:08 Error:В данной модели не установлен пользовательский компонент для элемента: Каркас_плоский, источник: c:\teklastructures\2017\environments\russia\system\componentcatalog.xml
02.08.2019 10:20:08 Error:В данной модели не установлен пользовательский компонент для элемента: ЗД_3, источник: c:\teklastructures\2017\environments\russia\system\componentcatalog.xml
02.08.2019 10:20:08 Error:В данной модели не установлен пользовательский компонент для элемента: ЗД_2, источник: c:\teklastructures\2017\environments\russia\system\componentcatalog.xml
02.08.2019 10:20:08 Error:В данной модели не установлен пользовательский компонент для элемента: ЗД_1, источник: c:\teklastructures\2017\environments\russia\system\componentcatalog.xml
02.08.2019 10:20:08 Error:В данной модели не установлен пользовательский компонент для элемента: Монтажная петля, источник: c:\teklastructures\2017\environments\russia\system\componentcatalog.xml
02.08.2019 10:20:08 Error:В данной модели не установлен пользовательский компонент для элемента: Плиты железобетонные ленточных фундаментов ФЛ, источник: c:\teklastructures\2017\environments\russia\system\componentcatalog.xml
02.08.2019 10:20:08 Error:В данной модели не установлен пользовательский компонент для элемента: Сваи забивные квадратного сечения СН, источник: c:\teklastructures\2017\environments\russia\system\componentcatalog.xml
02.08.2019 10:20:08 Error:В данной модели не установлен пользовательский компонент для элемента: Каркас плоский вертикальный СП, источник: c:\teklastructures\2017\environments\russia\system\componentcatalog.xml
02.08.2019 10:20:08 Error:В данной модели не установлен пользовательский компонент для элемента: Блоки бетонные ФБС ФБВ ФБП, источник: c:\teklastructures\2017\environments\russia\system\componentcatalog.xml
02.08.2019 10:20:08 Error:В данной модели не установлен пользовательский компонент для элемента: Фундаментные болты, источник: c:\teklastructures\2017\environments\russia\system\componentcatalog.xml
02.08.2019 10:20:08 Error:В данной модели не установлен пользовательский компонент для элемента: Фундаментный болт с пластиной, источник: c:\teklastructures\2017\environments\russia\system\componentcatalog.xml
02.08.2019 10:25:34 Information:Previous log file path: 'Z:\pc100532(Korablev)\Олимпроект\Олимпроект(ФОК)\logs\ComponentCatalog_korablev.log'
02.08.2019 10:25:34 Information:New log file path: 'Z:\pc100532(Korablev)\Олимпроект\Олимпроект(ФОК)\logs\ComponentCatalog_korablev.log'
02.08.2019 10:25:34 Error:В данной модели не установлен пользовательский компонент для элемента: Фундаментные болты, источник: c:\teklastructures\2017\environments\russia\system\componentcatalog.xml
02.08.2019 10:25:34 Error:В данной модели не установлен пользовательский компонент для элемента: Фундаментный болт с пластиной, источник: c:\teklastructures\2017\environments\russia\system\componentcatalog.xml
02.08.2019 10:25:34 Error:В данной модели не установлен пользовательский компонент для элемента: Фундаментный болт с пластиной, источник: c:\teklastructures\2017\environments\russia\system\componentcatalog.xml
02.08.2019 10:25:34 Error:В данной модели не установлен пользовательский компонент для элемента: Фундаментные болты, источник: c:\teklastructures\2017\environments\russia\system\componentcatalog.xml
02.08.2019 10:25:34 Error:В данной модели не установлен пользовательский компонент для элемента: Фундаментный болт с пластиной, источник: c:\teklastructures\2017\environments\russia\system\componentcatalog.xml
02.08.2019 10:25:34 Error:В данной модели не установлен пользовательский компонент для элемента: Фундаментные болты, источник: c:\teklastructures\2017\environments\russia\system\componentcatalog.xml
02.08.2019 10:25:34 Error:В данной модели не установлен пользовательский компонент для элемента: Каркас_плоский, источник: c:\teklastructures\2017\environments\russia\system\componentcatalog.xml
02.08.2019 10:25:34 Error:В данной модели не установлен пользовательский компонент для элемента: ЗД_3, источник: c:\teklastructures\2017\environments\russia\system\componentcatalog.xml
02.08.2019 10:25:34 Error:В данной модели не установлен пользовательский компонент для элемента: ЗД_2, источник: c:\teklastructures\2017\environments\russia\system\componentcatalog.xml
02.08.2019 10:25:34 Error:В данной модели не установлен пользовательский компонент для элемента: ЗД_1, источник: c:\teklastructures\2017\environments\russia\system\componentcatalog.xml
02.08.2019 10:25:34 Error:В данной модели не установлен пользовательский компонент для элемента: Монтажная петля, источник: c:\teklastructures\2017\environments\russia\system\componentcatalog.xml
02.08.2019 10:25:34 Error:В данной модели не установлен пользовательский компонент для элемента: Плиты железобетонные ленточных фундаментов ФЛ, источник: c:\teklastructures\2017\environments\russia\system\componentcatalog.xml
02.08.2019 10:25:34 Error:В данной модели не установлен пользовательский компонент для элемента: Сваи забивные квадратного сечения СН, источник: c:\teklastructures\2017\environments\russia\system\componentcatalog.xml
02.08.2019 10:25:34 Error:В данной модели не установлен пользовательский компонент для элемента: Каркас плоский вертикальный СП, источник: c:\teklastructures\2017\environments\russia\system\componentcatalog.xml
02.08.2019 10:25:34 Error:В данной модели не установлен пользовательский компонент для элемента: Блоки бетонные ФБС ФБВ ФБП, источник: c:\teklastructures\2017\environments\russia\system\componentcatalog.xml
02.08.2019 10:25:34 Error:В данной модели не установлен пользовательский компонент для элемента: Фундаментные болты, источник: c:\teklastructures\2017\environments\russia\system\componentcatalog.xml
02.08.2019 10:25:34 Error:В данной модели не установлен пользовательский компонент для элемента: Фундаментный болт с пластиной, источник: c:\teklastructures\2017\environments\russia\system\componentcatalog.xml
02.08.2019 10:52:26 Information:Previous log file path: 'Z:\pc100532(Korablev)\Олимпроект\Олимпроект(ФОК)\logs\ComponentCatalog_korablev.log'
02.08.2019 10:52:27 Information:New log file path: 'Z:\pc100532(Korablev)\Олимпроект\Олимпроект(ФОК)\logs\ComponentCatalog_korablev.log'
02.08.2019 10:52:27 Error:В данной модели не установлен пользовательский компонент для элемента: Фундаментные болты, источник: c:\teklastructures\2017\environments\russia\system\componentcatalog.xml
02.08.2019 10:52:27 Error:В данной модели не установлен пользовательский компонент для элемента: Фундаментный болт с пластиной, источник: c:\teklastructures\2017\environments\russia\system\componentcatalog.xml
02.08.2019 10:52:27 Error:В данной модели не установлен пользовательский компонент для элемента: Фундаментный болт с пластиной, источник: c:\teklastructures\2017\environments\russia\system\componentcatalog.xml
02.08.2019 10:52:27 Error:В данной модели не установлен пользовательский компонент для элемента: Фундаментные болты, источник: c:\teklastructures\2017\environments\russia\system\componentcatalog.xml
02.08.2019 10:52:27 Error:В данной модели не установлен пользовательский компонент для элемента: Фундаментный болт с пластиной, источник: c:\teklastructures\2017\environments\russia\system\componentcatalog.xml
02.08.2019 10:52:27 Error:В данной модели не установлен пользовательский компонент для элемента: Фундаментные болты, источник: c:\teklastructures\2017\environments\russia\system\componentcatalog.xml
02.08.2019 10:52:27 Error:В данной модели не установлен пользовательский компонент для элемента: Каркас_плоский, источник: c:\teklastructures\2017\environments\russia\system\componentcatalog.xml
02.08.2019 10:52:27 Error:В данной модели не установлен пользовательский компонент для элемента: ЗД_3, источник: c:\teklastructures\2017\environments\russia\system\componentcatalog.xml
02.08.2019 10:52:27 Error:В данной модели не установлен пользовательский компонент для элемента: ЗД_2, источник: c:\teklastructures\2017\environments\russia\system\componentcatalog.xml
02.08.2019 10:52:27 Error:В данной модели не установлен пользовательский компонент для элемента: ЗД_1, источник: c:\teklastructures\2017\environments\russia\system\componentcatalog.xml
02.08.2019 10:52:27 Error:В данной модели не установлен пользовательский компонент для элемента: Монтажная петля, источник: c:\teklastructures\2017\environments\russia\system\componentcatalog.xml
02.08.2019 10:52:27 Error:В данной модели не установлен пользовательский компонент для элемента: Плиты железобетонные ленточных фундаментов ФЛ, источник: c:\teklastructures\2017\environments\russia\system\componentcatalog.xml
02.08.2019 10:52:27 Error:В данной модели не установлен пользовательский компонент для элемента: Сваи забивные квадратного сечения СН, источник: c:\teklastructures\2017\environments\russia\system\componentcatalog.xml
02.08.2019 10:52:27 Error:В данной модели не установлен пользовательский компонент для элемента: Каркас плоский вертикальный СП, источник: c:\teklastructures\2017\environments\russia\system\componentcatalog.xml
02.08.2019 10:52:27 Error:В данной модели не установлен пользовательский компонент для элемента: Блоки бетонные ФБС ФБВ ФБП, источник: c:\teklastructures\2017\environments\russia\system\componentcatalog.xml
02.08.2019 10:52:27 Error:В данной модели не установлен пользовательский компонент для элемента: Фундаментные болты, источник: c:\teklastructures\2017\environments\russia\system\componentcatalog.xml
02.08.2019 10:52:27 Error:В данной модели не установлен пользовательский компонент для элемента: Фундаментный болт с пластиной, источник: c:\teklastructures\2017\environments\russia\system\componentcatalog.xml
02.08.2019 11:51:41 Information:Previous log file path: 'C:\Users\korablev\AppData\Local\Trimble\TeklaStructures\2017\CatalogTreeFeature\2017.0.0.0\ComponentCatalog_korablev.log'
02.08.2019 11:51:41 Information:New log file path: 'Z:\pc100532(Korablev)\Олимпроект2\Олимпроект(ФОК)\logs\ComponentCatalog_korablev.log'
02.08.2019 11:51:42 Error:В данной модели не установлен пользовательский компонент для элемента: Фундаментные болты, источник: c:\teklastructures\2017\environments\russia\system\componentcatalog.xml
02.08.2019 11:51:42 Error:В данной модели не установлен пользовательский компонент для элемента: Фундаментный болт с пластиной, источник: c:\teklastructures\2017\environments\russia\system\componentcatalog.xml
02.08.2019 11:51:42 Error:В данной модели не установлен пользовательский компонент для элемента: Фундаментный болт с пластиной, источник: c:\teklastructures\2017\environments\russia\system\componentcatalog.xml
02.08.2019 11:51:42 Error:В данной модели не установлен пользовательский компонент для элемента: Фундаментные болты, источник: c:\teklastructures\2017\environments\russia\system\componentcatalog.xml
02.08.2019 11:51:42 Error:В данной модели не установлен пользовательский компонент для элемента: Фундаментный болт с пластиной, источник: c:\teklastructures\2017\environments\russia\system\componentcatalog.xml
02.08.2019 11:51:42 Error:В данной модели не установлен пользовательский компонент для элемента: Фундаментные болты, источник: c:\teklastructures\2017\environments\russia\system\componentcatalog.xml
02.08.2019 11:51:42 Error:В данной модели не установлен пользовательский компонент для элемента: Каркас_плоский, источник: c:\teklastructures\2017\environments\russia\system\componentcatalog.xml
02.08.2019 11:51:42 Error:В данной модели не установлен пользовательский компонент для элемента: ЗД_3, источник: c:\teklastructures\2017\environments\russia\system\componentcatalog.xml
02.08.2019 11:51:42 Error:В данной модели не установлен пользовательский компонент для элемента: ЗД_2, источник: c:\teklastructures\2017\environments\russia\system\componentcatalog.xml
02.08.2019 11:51:42 Error:В данной модели не установлен пользовательский компонент для элемента: ЗД_1, источник: c:\teklastructures\2017\environments\russia\system\componentcatalog.xml
02.08.2019 11:51:42 Error:В данной модели не установлен пользовательский компонент для элемента: Монтажная петля, источник: c:\teklastructures\2017\environments\russia\system\componentcatalog.xml
02.08.2019 11:51:43 Error:В данной модели не установлен пользовательский компонент для элемента: Плиты железобетонные ленточных фундаментов ФЛ, источник: c:\teklastructures\2017\environments\russia\system\componentcatalog.xml
02.08.2019 11:51:43 Error:В данной модели не установлен пользовательский компонент для элемента: Сваи забивные квадратного сечения СН, источник: c:\teklastructures\2017\environments\russia\system\componentcatalog.xml
02.08.2019 11:51:43 Error:В данной модели не установлен пользовательский компонент для элемента: Каркас плоский вертикальный СП, источник: c:\teklastructures\2017\environments\russia\system\componentcatalog.xml
02.08.2019 11:51:43 Error:В данной модели не установлен пользовательский компонент для элемента: Блоки бетонные ФБС ФБВ ФБП, источник: c:\teklastructures\2017\environments\russia\system\componentcatalog.xml
02.08.2019 11:51:43 Error:В данной модели не установлен пользовательский компонент для элемента: Фундаментные болты, источник: c:\teklastructures\2017\environments\russia\system\componentcatalog.xml
02.08.2019 11:51:43 Error:В данной модели не установлен пользовательский компонент для элемента: Фундаментный болт с пластиной, источник: c:\teklastructures\2017\environments\russia\system\componentcatalog.xml
02.08.2019 14:24:09 Information:Previous log file path: 'Z:\pc100532(Korablev)\Олимпроект2\Олимпроект(ФОК)\logs\ComponentCatalog_korablev.log'
02.08.2019 14:24:09 Information:New log file path: 'Z:\pc100532(Korablev)\Олимпроект2\Олимпроект(ФОК)\logs\ComponentCatalog_korablev.log'
02.08.2019 14:24:09 Error:В данной модели не установлен пользовательский компонент для элемента: Фундаментные болты, источник: c:\teklastructures\2017\environments\russia\system\componentcatalog.xml
02.08.2019 14:24:09 Error:В данной модели не установлен пользовательский компонент для элемента: Фундаментный болт с пластиной, источник: c:\teklastructures\2017\environments\russia\system\componentcatalog.xml
02.08.2019 14:24:09 Error:В данной модели не установлен пользовательский компонент для элемента: Фундаментный болт с пластиной, источник: c:\teklastructures\2017\environments\russia\system\componentcatalog.xml
02.08.2019 14:24:09 Error:В данной модели не установлен пользовательский компонент для элемента: Фундаментные болты, источник: c:\teklastructures\2017\environments\russia\system\componentcatalog.xml
02.08.2019 14:24:09 Error:В данной модели не установлен пользовательский компонент для элемента: Фундаментный болт с пластиной, источник: c:\teklastructures\2017\environments\russia\system\componentcatalog.xml
02.08.2019 14:24:09 Error:В данной модели не установлен пользовательский компонент для элемента: Фундаментные болты, источник: c:\teklastructures\2017\environments\russia\system\componentcatalog.xml
02.08.2019 14:24:09 Error:В данной модели не установлен пользовательский компонент для элемента: Каркас_плоский, источник: c:\teklastructures\2017\environments\russia\system\componentcatalog.xml
02.08.2019 14:24:09 Error:В данной модели не установлен пользовательский компонент для элемента: ЗД_3, источник: c:\teklastructures\2017\environments\russia\system\componentcatalog.xml
02.08.2019 14:24:10 Error:В данной модели не установлен пользовательский компонент для элемента: ЗД_2, источник: c:\teklastructures\2017\environments\russia\system\componentcatalog.xml
02.08.2019 14:24:10 Error:В данной модели не установлен пользовательский компонент для элемента: ЗД_1, источник: c:\teklastructures\2017\environments\russia\system\componentcatalog.xml
02.08.2019 14:24:10 Error:В данной модели не установлен пользовательский компонент для элемента: Монтажная петля, источник: c:\teklastructures\2017\environments\russia\system\componentcatalog.xml
02.08.2019 14:24:10 Error:В данной модели не установлен пользовательский компонент для элемента: Плиты железобетонные ленточных фундаментов ФЛ, источник: c:\teklastructures\2017\environments\russia\system\componentcatalog.xml
02.08.2019 14:24:10 Error:В данной модели не установлен пользовательский компонент для элемента: Сваи забивные квадратного сечения СН, источник: c:\teklastructures\2017\environments\russia\system\componentcatalog.xml
02.08.2019 14:24:10 Error:В данной модели не установлен пользовательский компонент для элемента: Каркас плоский вертикальный СП, источник: c:\teklastructures\2017\environments\russia\system\componentcatalog.xml
02.08.2019 14:24:10 Error:В данной модели не установлен пользовательский компонент для элемента: Блоки бетонные ФБС ФБВ ФБП, источник: c:\teklastructures\2017\environments\russia\system\componentcatalog.xml
02.08.2019 14:24:10 Error:В данной модели не установлен пользовательский компонент для элемента: Фундаментные болты, источник: c:\teklastructures\2017\environments\russia\system\componentcatalog.xml
02.08.2019 14:24:10 Error:В данной модели не установлен пользовательский компонент для элемента: Фундаментный болт с пластиной, источник: c:\teklastructures\2017\environments\russia\system\componentcatalog.xml
02.08.2019 14:49:39 Information:Previous log file path: 'C:\Users\korablev\AppData\Local\Trimble\TeklaStructures\2017\CatalogTreeFeature\2017.0.0.0\ComponentCatalog_korablev.log'
02.08.2019 14:49:39 Information:New log file path: 'Z:\pc100532(Korablev)\Олимпроект2\Олимпроект(ФОК)\logs\ComponentCatalog_korablev.log'
02.08.2019 14:49:39 Information:Previous log file path: 'Z:\pc100532(Korablev)\Олимпроект2\Олимпроект(ФОК)\logs\ComponentCatalog_korablev.log'
02.08.2019 14:49:39 Information:New log file path: 'Z:\pc100532(Korablev)\Олимпроект2\Олимпроект(ФОК)\logs\ComponentCatalog_korablev.log'
02.08.2019 14:49:39 Error:В данной модели не установлен пользовательский компонент для элемента: Фундаментные болты, источник: c:\teklastructures\2017\environments\russia\system\componentcatalog.xml
02.08.2019 14:49:39 Error:В данной модели не установлен пользовательский компонент для элемента: Фундаментный болт с пластиной, источник: c:\teklastructures\2017\environments\russia\system\componentcatalog.xml
02.08.2019 14:49:39 Error:В данной модели не установлен пользовательский компонент для элемента: Фундаментный болт с пластиной, источник: c:\teklastructures\2017\environments\russia\system\componentcatalog.xml
02.08.2019 14:49:39 Error:В данной модели не установлен пользовательский компонент для элемента: Фундаментные болты, источник: c:\teklastructures\2017\environments\russia\system\componentcatalog.xml
02.08.2019 14:49:39 Error:В данной модели не установлен пользовательский компонент для элемента: Фундаментный болт с пластиной, источник: c:\teklastructures\2017\environments\russia\system\componentcatalog.xml
02.08.2019 14:49:39 Error:В данной модели не установлен пользовательский компонент для элемента: Фундаментные болты, источник: c:\teklastructures\2017\environments\russia\system\componentcatalog.xml
02.08.2019 14:49:39 Error:В данной модели не установлен пользовательский компонент для элемента: Каркас_плоский, источник: c:\teklastructures\2017\environments\russia\system\componentcatalog.xml
02.08.2019 14:49:39 Error:В данной модели не установлен пользовательский компонент для элемента: ЗД_3, источник: c:\teklastructures\2017\environments\russia\system\componentcatalog.xml
02.08.2019 14:49:39 Error:В данной модели не установлен пользовательский компонент для элемента: ЗД_2, источник: c:\teklastructures\2017\environments\russia\system\componentcatalog.xml
02.08.2019 14:49:39 Error:В данной модели не установлен пользовательский компонент для элемента: ЗД_1, источник: c:\teklastructures\2017\environments\russia\system\componentcatalog.xml
02.08.2019 14:49:39 Error:В данной модели не установлен пользовательский компонент для элемента: Монтажная петля, источник: c:\teklastructures\2017\environments\russia\system\componentcatalog.xml
02.08.2019 14:49:40 Error:В данной модели не установлен пользовательский компонент для элемента: Плиты железобетонные ленточных фундаментов ФЛ, источник: c:\teklastructures\2017\environments\russia\system\componentcatalog.xml
02.08.2019 14:49:40 Error:В данной модели не установлен пользовательский компонент для элемента: Сваи забивные квадратного сечения СН, источник: c:\teklastructures\2017\environments\russia\system\componentcatalog.xml
02.08.2019 14:49:40 Error:В данной модели не установлен пользовательский компонент для элемента: Каркас плоский вертикальный СП, источник: c:\teklastructures\2017\environments\russia\system\componentcatalog.xml
02.08.2019 14:49:40 Error:В данной модели не установлен пользовательский компонент для элемента: Блоки бетонные ФБС ФБВ ФБП, источник: c:\teklastructures\2017\environments\russia\system\componentcatalog.xml
02.08.2019 14:49:40 Error:В данной модели не установлен пользовательский компонент для элемента: Фундаментные болты, источник: c:\teklastructures\2017\environments\russia\system\componentcatalog.xml
02.08.2019 14:49:40 Error:В данной модели не установлен пользовательский компонент для элемента: Фундаментный болт с пластиной, источник: c:\teklastructures\2017\environments\russia\system\componentcatalog.xml
02.08.2019 14:49:40 Error:В данной модели не установлен пользовательский компонент для элемента: Фундаментные болты, источник: c:\teklastructures\2017\environments\russia\system\componentcatalog.xml
02.08.2019 14:49:40 Error:В данной модели не установлен пользовательский компонент для элемента: Фундаментный болт с пластиной, источник: c:\teklastructures\2017\environments\russia\system\componentcatalog.xml
02.08.2019 14:49:40 Error:В данной модели не установлен пользовательский компонент для элемента: Фундаментный болт с пластиной, источник: c:\teklastructures\2017\environments\russia\system\componentcatalog.xml
02.08.2019 14:49:40 Error:В данной модели не установлен пользовательский компонент для элемента: Фундаментные болты, источник: c:\teklastructures\2017\environments\russia\system\componentcatalog.xml
02.08.2019 14:49:40 Error:В данной модели не установлен пользовательский компонент для элемента: Фундаментный болт с пластиной, источник: c:\teklastructures\2017\environments\russia\system\componentcatalog.xml
02.08.2019 14:49:40 Error:В данной модели не установлен пользовательский компонент для элемента: Фундаментные болты, источник: c:\teklastructures\2017\environments\russia\system\componentcatalog.xml
02.08.2019 14:49:40 Error:В данной модели не установлен пользовательский компонент для элемента: Каркас_плоский, источник: c:\teklastructures\2017\environments\russia\system\componentcatalog.xml
02.08.2019 14:49:40 Error:В данной модели не установлен пользовательский компонент для элемента: ЗД_3, источник: c:\teklastructures\2017\environments\russia\system\componentcatalog.xml
02.08.2019 14:49:40 Error:В данной модели не установлен пользовательский компонент для элемента: ЗД_2, источник: c:\teklastructures\2017\environments\russia\system\componentcatalog.xml
02.08.2019 14:49:40 Error:В данной модели не установлен пользовательский компонент для элемента: ЗД_1, источник: c:\teklastructures\2017\environments\russia\system\componentcatalog.xml
02.08.2019 14:49:40 Error:В данной модели не установлен пользовательский компонент для элемента: Монтажная петля, источник: c:\teklastructures\2017\environments\russia\system\componentcatalog.xml
02.08.2019 14:49:40 Error:В данной модели не установлен пользовательский компонент для элемента: Плиты железобетонные ленточных фундаментов ФЛ, источник: c:\teklastructures\2017\environments\russia\system\componentcatalog.xml
02.08.2019 14:49:40 Error:В данной модели не установлен пользовательский компонент для элемента: Сваи забивные квадратного сечения СН, источник: c:\teklastructures\2017\environments\russia\system\componentcatalog.xml
02.08.2019 14:49:40 Error:В данной модели не установлен пользовательский компонент для элемента: Каркас плоский вертикальный СП, источник: c:\teklastructures\2017\environments\russia\system\componentcatalog.xml
02.08.2019 14:49:40 Error:В данной модели не установлен пользовательский компонент для элемента: Блоки бетонные ФБС ФБВ ФБП, источник: c:\teklastructures\2017\environments\russia\system\componentcatalog.xml
02.08.2019 14:49:40 Error:В данной модели не установлен пользовательский компонент для элемента: Фундаментные болты, источник: c:\teklastructures\2017\environments\russia\system\componentcatalog.xml
02.08.2019 14:49:40 Error:В данной модели не установлен пользовательский компонент для элемента: Фундаментный болт с пластиной, источник: c:\teklastructures\2017\environments\russia\system\componentcatalog.xml
02.08.2019 15:08:01 Information:Previous log file path: 'Z:\pc100532(Korablev)\Олимпроект2\Олимпроект(ФОК)\logs\ComponentCatalog_korablev.log'
02.08.2019 15:08:01 Information:New log file path: 'Z:\pc100532(Korablev)\Олимпроект2\Олимпроект(ФОК)\logs\ComponentCatalog_korablev.log'
02.08.2019 15:08:01 Error:В данной модели не установлен пользовательский компонент для элемента: Фундаментные болты, источник: c:\teklastructures\2017\environments\russia\system\componentcatalog.xml
02.08.2019 15:08:01 Error:В данной модели не установлен пользовательский компонент для элемента: Фундаментный болт с пластиной, источник: c:\teklastructures\2017\environments\russia\system\componentcatalog.xml
02.08.2019 15:08:01 Error:В данной модели не установлен пользовательский компонент для элемента: Фундаментный болт с пластиной, источник: c:\teklastructures\2017\environments\russia\system\componentcatalog.xml
02.08.2019 15:08:01 Error:В данной модели не установлен пользовательский компонент для элемента: Фундаментные болты, источник: c:\teklastructures\2017\environments\russia\system\componentcatalog.xml
02.08.2019 15:08:01 Error:В данной модели не установлен пользовательский компонент для элемента: Фундаментный болт с пластиной, источник: c:\teklastructures\2017\environments\russia\system\componentcatalog.xml
02.08.2019 15:08:02 Error:В данной модели не установлен пользовательский компонент для элемента: Фундаментные болты, источник: c:\teklastructures\2017\environments\russia\system\componentcatalog.xml
02.08.2019 15:08:02 Error:В данной модели не установлен пользовательский компонент для элемента: Каркас_плоский, источник: c:\teklastructures\2017\environments\russia\system\componentcatalog.xml
02.08.2019 15:08:02 Error:В данной модели не установлен пользовательский компонент для элемента: ЗД_3, источник: c:\teklastructures\2017\environments\russia\system\componentcatalog.xml
02.08.2019 15:08:02 Error:В данной модели не установлен пользовательский компонент для элемента: ЗД_2, источник: c:\teklastructures\2017\environments\russia\system\componentcatalog.xml
02.08.2019 15:08:02 Error:В данной модели не установлен пользовательский компонент для элемента: ЗД_1, источник: c:\teklastructures\2017\environments\russia\system\componentcatalog.xml
02.08.2019 15:08:02 Error:В данной модели не установлен пользовательский компонент для элемента: Монтажная петля, источник: c:\teklastructures\2017\environments\russia\system\componentcatalog.xml
02.08.2019 15:08:02 Error:В данной модели не установлен пользовательский компонент для элемента: Плиты железобетонные ленточных фундаментов ФЛ, источник: c:\teklastructures\2017\environments\russia\system\componentcatalog.xml
02.08.2019 15:08:02 Error:В данной модели не установлен пользовательский компонент для элемента: Сваи забивные квадратного сечения СН, источник: c:\teklastructures\2017\environments\russia\system\componentcatalog.xml
02.08.2019 15:08:02 Error:В данной модели не установлен пользовательский компонент для элемента: Каркас плоский вертикальный СП, источник: c:\teklastructures\2017\environments\russia\system\componentcatalog.xml
02.08.2019 15:08:02 Error:В данной модели не установлен пользовательский компонент для элемента: Блоки бетонные ФБС ФБВ ФБП, источник: c:\teklastructures\2017\environments\russia\system\componentcatalog.xml
02.08.2019 15:08:02 Error:В данной модели не установлен пользовательский компонент для элемента: Фундаментные болты, источник: c:\teklastructures\2017\environments\russia\system\componentcatalog.xml
02.08.2019 15:08:02 Error:В данной модели не установлен пользовательский компонент для элемента: Фундаментный болт с пластиной, источник: c:\teklastructures\2017\environments\russia\system\componentcatalog.xml
02.08.2019 15:27:06 Information:Previous log file path: 'Z:\pc100532(Korablev)\Олимпроект2\Олимпроект(ФОК)\logs\ComponentCatalog_korablev.log'
02.08.2019 15:27:06 Information:New log file path: 'Z:\pc100532(Korablev)\Олимпроект2\Олимпроект(ФОК)\logs\ComponentCatalog_korablev.log'
02.08.2019 15:27:06 Error:В данной модели не установлен пользовательский компонент для элемента: Фундаментные болты, источник: c:\teklastructures\2017\environments\russia\system\componentcatalog.xml
02.08.2019 15:27:06 Error:В данной модели не установлен пользовательский компонент для элемента: Фундаментный болт с пластиной, источник: c:\teklastructures\2017\environments\russia\system\componentcatalog.xml
02.08.2019 15:27:06 Error:В данной модели не установлен пользовательский компонент для элемента: Фундаментный болт с пластиной, источник: c:\teklastructures\2017\environments\russia\system\componentcatalog.xml
02.08.2019 15:27:06 Error:В данной модели не установлен пользовательский компонент для элемента: Фундаментные болты, источник: c:\teklastructures\2017\environments\russia\system\componentcatalog.xml
02.08.2019 15:27:06 Error:В данной модели не установлен пользовательский компонент для элемента: Фундаментный болт с пластиной, источник: c:\teklastructures\2017\environments\russia\system\componentcatalog.xml
02.08.2019 15:27:07 Error:В данной модели не установлен пользовательский компонент для элемента: Фундаментные болты, источник: c:\teklastructures\2017\environments\russia\system\componentcatalog.xml
02.08.2019 15:27:07 Error:В данной модели не установлен пользовательский компонент для элемента: Каркас_плоский, источник: c:\teklastructures\2017\environments\russia\system\componentcatalog.xml
02.08.2019 15:27:07 Error:В данной модели не установлен пользовательский компонент для элемента: ЗД_3, источник: c:\teklastructures\2017\environments\russia\system\componentcatalog.xml
02.08.2019 15:27:07 Error:В данной модели не установлен пользовательский компонент для элемента: ЗД_2, источник: c:\teklastructures\2017\environments\russia\system\componentcatalog.xml
02.08.2019 15:27:07 Error:В данной модели не установлен пользовательский компонент для элемента: ЗД_1, источник: c:\teklastructures\2017\environments\russia\system\componentcatalog.xml
02.08.2019 15:27:07 Error:В данной модели не установлен пользовательский компонент для элемента: Монтажная петля, источник: c:\teklastructures\2017\environments\russia\system\componentcatalog.xml
02.08.2019 15:27:07 Error:В данной модели не установлен пользовательский компонент для элемента: Плиты железобетонные ленточных фундаментов ФЛ, источник: c:\teklastructures\2017\environments\russia\system\componentcatalog.xml
02.08.2019 15:27:07 Error:В данной модели не установлен пользовательский компонент для элемента: Сваи забивные квадратного сечения СН, источник: c:\teklastructures\2017\environments\russia\system\componentcatalog.xml
02.08.2019 15:27:07 Error:В данной модели не установлен пользовательский компонент для элемента: Каркас плоский вертикальный СП, источник: c:\teklastructures\2017\environments\russia\system\componentcatalog.xml
02.08.2019 15:27:07 Error:В данной модели не установлен пользовательский компонент для элемента: Блоки бетонные ФБС ФБВ ФБП, источник: c:\teklastructures\2017\environments\russia\system\componentcatalog.xml
02.08.2019 15:27:07 Error:В данной модели не установлен пользовательский компонент для элемента: Фундаментные болты, источник: c:\teklastructures\2017\environments\russia\system\componentcatalog.xml
02.08.2019 15:27:07 Error:В данной модели не установлен пользовательский компонент для элемента: Фундаментный болт с пластиной, источник: c:\teklastructures\2017\environments\russia\system\componentcatalog.xml
