11.08.2019 18:36:09 Error:В данной модели не установлен пользовательский компонент для элемента: Каркас плоский вертикальный СП, источник: c:\programdata\tekla structures\2017\environments\russia\system\componentcatalog.xml
11.08.2019 18:36:09 Error:В данной модели не установлен пользовательский компонент для элемента: Блоки бетонные ФБС ФБВ ФБП, источник: c:\programdata\tekla structures\2017\environments\russia\system\componentcatalog.xml
11.08.2019 18:36:09 Error:В данной модели не установлен пользовательский компонент для элемента: Фундаментные болты, источник: c:\programdata\tekla structures\2017\environments\russia\system\componentcatalog.xml
11.08.2019 18:36:09 Error:В данной модели не установлен пользовательский компонент для элемента: Фундаментный болт с пластиной, источник: c:\programdata\tekla structures\2017\environments\russia\system\componentcatalog.xml
11.08.2019 19:28:16 Information:Previous log file path: 'C:\TeklaStructuresModels\Олимпроект\Олимпроект(ФОК)\logs\ComponentCatalog_Batman.log'
11.08.2019 19:28:16 Information:New log file path: 'C:\TeklaStructuresModels\Олимпроект\Олимпроект(ФОК)\logs\ComponentCatalog_Batman.log'
11.08.2019 19:28:16 Error:В данной модели не установлен пользовательский компонент для элемента: Фундаментные болты, источник: c:\programdata\tekla structures\2017\environments\russia\system\componentcatalog.xml
11.08.2019 19:28:16 Error:В данной модели не установлен пользовательский компонент для элемента: Фундаментный болт с пластиной, источник: c:\programdata\tekla structures\2017\environments\russia\system\componentcatalog.xml
11.08.2019 19:28:16 Error:В данной модели не установлен пользовательский компонент для элемента: Фундаментный болт с пластиной, источник: c:\programdata\tekla structures\2017\environments\russia\system\componentcatalog.xml
11.08.2019 19:28:16 Error:В данной модели не установлен пользовательский компонент для элемента: Фундаментные болты, источник: c:\programdata\tekla structures\2017\environments\russia\system\componentcatalog.xml
11.08.2019 19:28:16 Error:В данной модели не установлен пользовательский компонент для элемента: Фундаментный болт с пластиной, источник: c:\programdata\tekla structures\2017\environments\russia\system\componentcatalog.xml
11.08.2019 19:28:16 Error:В данной модели не установлен пользовательский компонент для элемента: Фундаментные болты, источник: c:\programdata\tekla structures\2017\environments\russia\system\componentcatalog.xml
11.08.2019 19:28:16 Error:В данной модели не установлен пользовательский компонент для элемента: Каркас_плоский, источник: c:\programdata\tekla structures\2017\environments\russia\system\componentcatalog.xml
11.08.2019 19:28:16 Error:В данной модели не установлен пользовательский компонент для элемента: ЗД_3, источник: c:\programdata\tekla structures\2017\environments\russia\system\componentcatalog.xml
11.08.2019 19:28:16 Error:В данной модели не установлен пользовательский компонент для элемента: ЗД_2, источник: c:\programdata\tekla structures\2017\environments\russia\system\componentcatalog.xml
11.08.2019 19:28:16 Error:В данной модели не установлен пользовательский компонент для элемента: ЗД_1, источник: c:\programdata\tekla structures\2017\environments\russia\system\componentcatalog.xml
11.08.2019 19:28:16 Error:В данной модели не установлен пользовательский компонент для элемента: Монтажная петля, источник: c:\programdata\tekla structures\2017\environments\russia\system\componentcatalog.xml
11.08.2019 19:28:16 Error:В данной модели не установлен пользовательский компонент для элемента: Плиты железобетонные ленточных фундаментов ФЛ, источник: c:\programdata\tekla structures\2017\environments\russia\system\componentcatalog.xml
11.08.2019 19:28:16 Error:В данной модели не установлен пользовательский компонент для элемента: Сваи забивные квадратного сечения СН, источник: c:\programdata\tekla structures\2017\environments\russia\system\componentcatalog.xml
11.08.2019 19:28:16 Error:В данной модели не установлен пользовательский компонент для элемента: Каркас плоский вертикальный СП, источник: c:\programdata\tekla structures\2017\environments\russia\system\componentcatalog.xml
11.08.2019 19:28:16 Error:В данной модели не установлен пользовательский компонент для элемента: Блоки бетонные ФБС ФБВ ФБП, источник: c:\programdata\tekla structures\2017\environments\russia\system\componentcatalog.xml
11.08.2019 19:28:16 Error:В данной модели не установлен пользовательский компонент для элемента: Фундаментные болты, источник: c:\programdata\tekla structures\2017\environments\russia\system\componentcatalog.xml
11.08.2019 19:28:16 Error:В данной модели не установлен пользовательский компонент для элемента: Фундаментный болт с пластиной, источник: c:\programdata\tekla structures\2017\environments\russia\system\componentcatalog.xml
11.08.2019 19:58:11 Information:Previous log file path: 'C:\TeklaStructuresModels\Олимпроект\Олимпроект(ФОК)\logs\ComponentCatalog_Batman.log'
11.08.2019 19:58:11 Information:New log file path: 'C:\TeklaStructuresModels\Олимпроект\Олимпроект(ФОК)\logs\ComponentCatalog_Batman.log'
11.08.2019 19:58:11 Error:В данной модели не установлен пользовательский компонент для элемента: Фундаментные болты, источник: c:\programdata\tekla structures\2017\environments\russia\system\componentcatalog.xml
11.08.2019 19:58:11 Error:В данной модели не установлен пользовательский компонент для элемента: Фундаментный болт с пластиной, источник: c:\programdata\tekla structures\2017\environments\russia\system\componentcatalog.xml
11.08.2019 19:58:11 Error:В данной модели не установлен пользовательский компонент для элемента: Фундаментный болт с пластиной, источник: c:\programdata\tekla structures\2017\environments\russia\system\componentcatalog.xml
11.08.2019 19:58:11 Error:В данной модели не установлен пользовательский компонент для элемента: Фундаментные болты, источник: c:\programdata\tekla structures\2017\environments\russia\system\componentcatalog.xml
11.08.2019 19:58:11 Error:В данной модели не установлен пользовательский компонент для элемента: Фундаментный болт с пластиной, источник: c:\programdata\tekla structures\2017\environments\russia\system\componentcatalog.xml
11.08.2019 19:58:11 Error:В данной модели не установлен пользовательский компонент для элемента: Фундаментные болты, источник: c:\programdata\tekla structures\2017\environments\russia\system\componentcatalog.xml
11.08.2019 19:58:11 Error:В данной модели не установлен пользовательский компонент для элемента: Каркас_плоский, источник: c:\programdata\tekla structures\2017\environments\russia\system\componentcatalog.xml
11.08.2019 19:58:11 Error:В данной модели не установлен пользовательский компонент для элемента: ЗД_3, источник: c:\programdata\tekla structures\2017\environments\russia\system\componentcatalog.xml
11.08.2019 19:58:11 Error:В данной модели не установлен пользовательский компонент для элемента: ЗД_2, источник: c:\programdata\tekla structures\2017\environments\russia\system\componentcatalog.xml
11.08.2019 19:58:11 Error:В данной модели не установлен пользовательский компонент для элемента: ЗД_1, источник: c:\programdata\tekla structures\2017\environments\russia\system\componentcatalog.xml
11.08.2019 19:58:11 Error:В данной модели не установлен пользовательский компонент для элемента: Монтажная петля, источник: c:\programdata\tekla structures\2017\environments\russia\system\componentcatalog.xml
11.08.2019 19:58:11 Error:В данной модели не установлен пользовательский компонент для элемента: Плиты железобетонные ленточных фундаментов ФЛ, источник: c:\programdata\tekla structures\2017\environments\russia\system\componentcatalog.xml
11.08.2019 19:58:11 Error:В данной модели не установлен пользовательский компонент для элемента: Сваи забивные квадратного сечения СН, источник: c:\programdata\tekla structures\2017\environments\russia\system\componentcatalog.xml
11.08.2019 19:58:11 Error:В данной модели не установлен пользовательский компонент для элемента: Каркас плоский вертикальный СП, источник: c:\programdata\tekla structures\2017\environments\russia\system\componentcatalog.xml
11.08.2019 19:58:11 Error:В данной модели не установлен пользовательский компонент для элемента: Блоки бетонные ФБС ФБВ ФБП, источник: c:\programdata\tekla structures\2017\environments\russia\system\componentcatalog.xml
11.08.2019 19:58:11 Error:В данной модели не установлен пользовательский компонент для элемента: Фундаментные болты, источник: c:\programdata\tekla structures\2017\environments\russia\system\componentcatalog.xml
11.08.2019 19:58:11 Error:В данной модели не установлен пользовательский компонент для элемента: Фундаментный болт с пластиной, источник: c:\programdata\tekla structures\2017\environments\russia\system\componentcatalog.xml
11.08.2019 20:01:30 Information:Previous log file path: 'C:\TeklaStructuresModels\Олимпроект\Олимпроект(ФОК)\logs\ComponentCatalog_Batman.log'
11.08.2019 20:01:30 Information:New log file path: 'C:\TeklaStructuresModels\Олимпроект\Олимпроект(ФОК)\logs\ComponentCatalog_Batman.log'
11.08.2019 20:01:30 Error:В данной модели не установлен пользовательский компонент для элемента: Фундаментные болты, источник: c:\programdata\tekla structures\2017\environments\russia\system\componentcatalog.xml
11.08.2019 20:01:30 Error:В данной модели не установлен пользовательский компонент для элемента: Фундаментный болт с пластиной, источник: c:\programdata\tekla structures\2017\environments\russia\system\componentcatalog.xml
11.08.2019 20:01:30 Error:В данной модели не установлен пользовательский компонент для элемента: Фундаментный болт с пластиной, источник: c:\programdata\tekla structures\2017\environments\russia\system\componentcatalog.xml
11.08.2019 20:01:30 Error:В данной модели не установлен пользовательский компонент для элемента: Фундаментные болты, источник: c:\programdata\tekla structures\2017\environments\russia\system\componentcatalog.xml
11.08.2019 20:01:30 Error:В данной модели не установлен пользовательский компонент для элемента: Фундаментный болт с пластиной, источник: c:\programdata\tekla structures\2017\environments\russia\system\componentcatalog.xml
11.08.2019 20:01:30 Error:В данной модели не установлен пользовательский компонент для элемента: Фундаментные болты, источник: c:\programdata\tekla structures\2017\environments\russia\system\componentcatalog.xml
11.08.2019 20:01:30 Error:В данной модели не установлен пользовательский компонент для элемента: Каркас_плоский, источник: c:\programdata\tekla structures\2017\environments\russia\system\componentcatalog.xml
11.08.2019 20:01:30 Error:В данной модели не установлен пользовательский компонент для элемента: ЗД_3, источник: c:\programdata\tekla structures\2017\environments\russia\system\componentcatalog.xml
11.08.2019 20:01:30 Error:В данной модели не установлен пользовательский компонент для элемента: ЗД_2, источник: c:\programdata\tekla structures\2017\environments\russia\system\componentcatalog.xml
11.08.2019 20:01:30 Error:В данной модели не установлен пользовательский компонент для элемента: ЗД_1, источник: c:\programdata\tekla structures\2017\environments\russia\system\componentcatalog.xml
11.08.2019 20:01:30 Error:В данной модели не установлен пользовательский компонент для элемента: Монтажная петля, источник: c:\programdata\tekla structures\2017\environments\russia\system\componentcatalog.xml
11.08.2019 20:01:30 Error:В данной модели не установлен пользовательский компонент для элемента: Плиты железобетонные ленточных фундаментов ФЛ, источник: c:\programdata\tekla structures\2017\environments\russia\system\componentcatalog.xml
11.08.2019 20:01:30 Error:В данной модели не установлен пользовательский компонент для элемента: Сваи забивные квадратного сечения СН, источник: c:\programdata\tekla structures\2017\environments\russia\system\componentcatalog.xml
11.08.2019 20:01:30 Error:В данной модели не установлен пользовательский компонент для элемента: Каркас плоский вертикальный СП, источник: c:\programdata\tekla structures\2017\environments\russia\system\componentcatalog.xml
11.08.2019 20:01:30 Error:В данной модели не установлен пользовательский компонент для элемента: Блоки бетонные ФБС ФБВ ФБП, источник: c:\programdata\tekla structures\2017\environments\russia\system\componentcatalog.xml
11.08.2019 20:01:30 Error:В данной модели не установлен пользовательский компонент для элемента: Фундаментные болты, источник: c:\programdata\tekla structures\2017\environments\russia\system\componentcatalog.xml
11.08.2019 20:01:30 Error:В данной модели не установлен пользовательский компонент для элемента: Фундаментный болт с пластиной, источник: c:\programdata\tekla structures\2017\environments\russia\system\componentcatalog.xml
11.08.2019 20:30:19 Information:Previous log file path: 'C:\TeklaStructuresModels\Олимпроект\Олимпроект(ФОК)\logs\ComponentCatalog_Batman.log'
11.08.2019 20:30:19 Information:New log file path: 'C:\TeklaStructuresModels\Олимпроект\Олимпроект(ФОК)\logs\ComponentCatalog_Batman.log'
11.08.2019 20:30:19 Error:В данной модели не установлен пользовательский компонент для элемента: Фундаментные болты, источник: c:\programdata\tekla structures\2017\environments\russia\system\componentcatalog.xml
11.08.2019 20:30:19 Error:В данной модели не установлен пользовательский компонент для элемента: Фундаментный болт с пластиной, источник: c:\programdata\tekla structures\2017\environments\russia\system\componentcatalog.xml
11.08.2019 20:30:19 Error:В данной модели не установлен пользовательский компонент для элемента: Фундаментный болт с пластиной, источник: c:\programdata\tekla structures\2017\environments\russia\system\componentcatalog.xml
11.08.2019 20:30:19 Error:В данной модели не установлен пользовательский компонент для элемента: Фундаментные болты, источник: c:\programdata\tekla structures\2017\environments\russia\system\componentcatalog.xml
11.08.2019 20:30:19 Error:В данной модели не установлен пользовательский компонент для элемента: Фундаментный болт с пластиной, источник: c:\programdata\tekla structures\2017\environments\russia\system\componentcatalog.xml
11.08.2019 20:30:19 Error:В данной модели не установлен пользовательский компонент для элемента: Фундаментные болты, источник: c:\programdata\tekla structures\2017\environments\russia\system\componentcatalog.xml
11.08.2019 20:30:19 Error:В данной модели не установлен пользовательский компонент для элемента: Каркас_плоский, источник: c:\programdata\tekla structures\2017\environments\russia\system\componentcatalog.xml
11.08.2019 20:30:19 Error:В данной модели не установлен пользовательский компонент для элемента: ЗД_3, источник: c:\programdata\tekla structures\2017\environments\russia\system\componentcatalog.xml
11.08.2019 20:30:19 Error:В данной модели не установлен пользовательский компонент для элемента: ЗД_2, источник: c:\programdata\tekla structures\2017\environments\russia\system\componentcatalog.xml
11.08.2019 20:30:19 Error:В данной модели не установлен пользовательский компонент для элемента: ЗД_1, источник: c:\programdata\tekla structures\2017\environments\russia\system\componentcatalog.xml
11.08.2019 20:30:19 Error:В данной модели не установлен пользовательский компонент для элемента: Монтажная петля, источник: c:\programdata\tekla structures\2017\environments\russia\system\componentcatalog.xml
11.08.2019 20:30:19 Error:В данной модели не установлен пользовательский компонент для элемента: Плиты железобетонные ленточных фундаментов ФЛ, источник: c:\programdata\tekla structures\2017\environments\russia\system\componentcatalog.xml
11.08.2019 20:30:19 Error:В данной модели не установлен пользовательский компонент для элемента: Сваи забивные квадратного сечения СН, источник: c:\programdata\tekla structures\2017\environments\russia\system\componentcatalog.xml
11.08.2019 20:30:19 Error:В данной модели не установлен пользовательский компонент для элемента: Каркас плоский вертикальный СП, источник: c:\programdata\tekla structures\2017\environments\russia\system\componentcatalog.xml
11.08.2019 20:30:19 Error:В данной модели не установлен пользовательский компонент для элемента: Блоки бетонные ФБС ФБВ ФБП, источник: c:\programdata\tekla structures\2017\environments\russia\system\componentcatalog.xml
11.08.2019 20:30:19 Error:В данной модели не установлен пользовательский компонент для элемента: Фундаментные болты, источник: c:\programdata\tekla structures\2017\environments\russia\system\componentcatalog.xml
11.08.2019 20:30:19 Error:В данной модели не установлен пользовательский компонент для элемента: Фундаментный болт с пластиной, источник: c:\programdata\tekla structures\2017\environments\russia\system\componentcatalog.xml
11.08.2019 20:40:11 Information:Previous log file path: 'C:\TeklaStructuresModels\Олимпроект\Олимпроект(ФОК)\logs\ComponentCatalog_Batman.log'
11.08.2019 20:40:11 Information:New log file path: 'C:\TeklaStructuresModels\Олимпроект\Олимпроект(ФОК)\logs\ComponentCatalog_Batman.log'
11.08.2019 20:40:11 Error:В данной модели не установлен пользовательский компонент для элемента: Фундаментные болты, источник: c:\programdata\tekla structures\2017\environments\russia\system\componentcatalog.xml
11.08.2019 20:40:11 Error:В данной модели не установлен пользовательский компонент для элемента: Фундаментный болт с пластиной, источник: c:\programdata\tekla structures\2017\environments\russia\system\componentcatalog.xml
11.08.2019 20:40:12 Error:В данной модели не установлен пользовательский компонент для элемента: Фундаментный болт с пластиной, источник: c:\programdata\tekla structures\2017\environments\russia\system\componentcatalog.xml
11.08.2019 20:40:12 Error:В данной модели не установлен пользовательский компонент для элемента: Фундаментные болты, источник: c:\programdata\tekla structures\2017\environments\russia\system\componentcatalog.xml
11.08.2019 20:40:12 Error:В данной модели не установлен пользовательский компонент для элемента: Фундаментный болт с пластиной, источник: c:\programdata\tekla structures\2017\environments\russia\system\componentcatalog.xml
11.08.2019 20:40:12 Error:В данной модели не установлен пользовательский компонент для элемента: Фундаментные болты, источник: c:\programdata\tekla structures\2017\environments\russia\system\componentcatalog.xml
11.08.2019 20:40:12 Error:В данной модели не установлен пользовательский компонент для элемента: Каркас_плоский, источник: c:\programdata\tekla structures\2017\environments\russia\system\componentcatalog.xml
11.08.2019 20:40:12 Error:В данной модели не установлен пользовательский компонент для элемента: ЗД_3, источник: c:\programdata\tekla structures\2017\environments\russia\system\componentcatalog.xml
11.08.2019 20:40:12 Error:В данной модели не установлен пользовательский компонент для элемента: ЗД_2, источник: c:\programdata\tekla structures\2017\environments\russia\system\componentcatalog.xml
11.08.2019 20:40:12 Error:В данной модели не установлен пользовательский компонент для элемента: ЗД_1, источник: c:\programdata\tekla structures\2017\environments\russia\system\componentcatalog.xml
11.08.2019 20:40:12 Error:В данной модели не установлен пользовательский компонент для элемента: Монтажная петля, источник: c:\programdata\tekla structures\2017\environments\russia\system\componentcatalog.xml
11.08.2019 20:40:12 Error:В данной модели не установлен пользовательский компонент для элемента: Плиты железобетонные ленточных фундаментов ФЛ, источник: c:\programdata\tekla structures\2017\environments\russia\system\componentcatalog.xml
11.08.2019 20:40:12 Error:В данной модели не установлен пользовательский компонент для элемента: Сваи забивные квадратного сечения СН, источник: c:\programdata\tekla structures\2017\environments\russia\system\componentcatalog.xml
11.08.2019 20:40:12 Error:В данной модели не установлен пользовательский компонент для элемента: Каркас плоский вертикальный СП, источник: c:\programdata\tekla structures\2017\environments\russia\system\componentcatalog.xml
11.08.2019 20:40:12 Error:В данной модели не установлен пользовательский компонент для элемента: Блоки бетонные ФБС ФБВ ФБП, источник: c:\programdata\tekla structures\2017\environments\russia\system\componentcatalog.xml
11.08.2019 20:40:12 Error:В данной модели не установлен пользовательский компонент для элемента: Фундаментные болты, источник: c:\programdata\tekla structures\2017\environments\russia\system\componentcatalog.xml
11.08.2019 20:40:12 Error:В данной модели не установлен пользовательский компонент для элемента: Фундаментный болт с пластиной, источник: c:\programdata\tekla structures\2017\environments\russia\system\componentcatalog.xml
11.08.2019 21:15:21 Information:Previous log file path: 'C:\TeklaStructuresModels\Олимпроект\Олимпроект(ФОК)\logs\ComponentCatalog_Batman.log'
11.08.2019 21:15:21 Information:New log file path: 'C:\TeklaStructuresModels\Олимпроект\Олимпроект(ФОК)\logs\ComponentCatalog_Batman.log'
11.08.2019 21:15:21 Error:В данной модели не установлен пользовательский компонент для элемента: Фундаментные болты, источник: c:\programdata\tekla structures\2017\environments\russia\system\componentcatalog.xml
11.08.2019 21:15:21 Error:В данной модели не установлен пользовательский компонент для элемента: Фундаментный болт с пластиной, источник: c:\programdata\tekla structures\2017\environments\russia\system\componentcatalog.xml
11.08.2019 21:15:21 Error:В данной модели не установлен пользовательский компонент для элемента: Фундаментный болт с пластиной, источник: c:\programdata\tekla structures\2017\environments\russia\system\componentcatalog.xml
11.08.2019 21:15:21 Error:В данной модели не установлен пользовательский компонент для элемента: Фундаментные болты, источник: c:\programdata\tekla structures\2017\environments\russia\system\componentcatalog.xml
11.08.2019 21:15:21 Error:В данной модели не установлен пользовательский компонент для элемента: Фундаментный болт с пластиной, источник: c:\programdata\tekla structures\2017\environments\russia\system\componentcatalog.xml
11.08.2019 21:15:21 Error:В данной модели не установлен пользовательский компонент для элемента: Фундаментные болты, источник: c:\programdata\tekla structures\2017\environments\russia\system\componentcatalog.xml
11.08.2019 21:15:21 Error:В данной модели не установлен пользовательский компонент для элемента: Каркас_плоский, источник: c:\programdata\tekla structures\2017\environments\russia\system\componentcatalog.xml
11.08.2019 21:15:21 Error:В данной модели не установлен пользовательский компонент для элемента: ЗД_3, источник: c:\programdata\tekla structures\2017\environments\russia\system\componentcatalog.xml
11.08.2019 21:15:21 Error:В данной модели не установлен пользовательский компонент для элемента: ЗД_2, источник: c:\programdata\tekla structures\2017\environments\russia\system\componentcatalog.xml
11.08.2019 21:15:21 Error:В данной модели не установлен пользовательский компонент для элемента: ЗД_1, источник: c:\programdata\tekla structures\2017\environments\russia\system\componentcatalog.xml
11.08.2019 21:15:21 Error:В данной модели не установлен пользовательский компонент для элемента: Монтажная петля, источник: c:\programdata\tekla structures\2017\environments\russia\system\componentcatalog.xml
11.08.2019 21:15:21 Error:В данной модели не установлен пользовательский компонент для элемента: Плиты железобетонные ленточных фундаментов ФЛ, источник: c:\programdata\tekla structures\2017\environments\russia\system\componentcatalog.xml
11.08.2019 21:15:21 Error:В данной модели не установлен пользовательский компонент для элемента: Сваи забивные квадратного сечения СН, источник: c:\programdata\tekla structures\2017\environments\russia\system\componentcatalog.xml
11.08.2019 21:15:21 Error:В данной модели не установлен пользовательский компонент для элемента: Каркас плоский вертикальный СП, источник: c:\programdata\tekla structures\2017\environments\russia\system\componentcatalog.xml
11.08.2019 21:15:21 Error:В данной модели не установлен пользовательский компонент для элемента: Блоки бетонные ФБС ФБВ ФБП, источник: c:\programdata\tekla structures\2017\environments\russia\system\componentcatalog.xml
11.08.2019 21:15:21 Error:В данной модели не установлен пользовательский компонент для элемента: Фундаментные болты, источник: c:\programdata\tekla structures\2017\environments\russia\system\componentcatalog.xml
11.08.2019 21:15:21 Error:В данной модели не установлен пользовательский компонент для элемента: Фундаментный болт с пластиной, источник: c:\programdata\tekla structures\2017\environments\russia\system\componentcatalog.xml
11.08.2019 21:18:53 Information:Previous log file path: 'C:\TeklaStructuresModels\Олимпроект\Олимпроект(ФОК)\logs\ComponentCatalog_Batman.log'
11.08.2019 21:18:53 Information:New log file path: 'C:\TeklaStructuresModels\Олимпроект\Олимпроект(ФОК)\logs\ComponentCatalog_Batman.log'
11.08.2019 21:18:53 Error:В данной модели не установлен пользовательский компонент для элемента: Фундаментные болты, источник: c:\programdata\tekla structures\2017\environments\russia\system\componentcatalog.xml
11.08.2019 21:18:53 Error:В данной модели не установлен пользовательский компонент для элемента: Фундаментный болт с пластиной, источник: c:\programdata\tekla structures\2017\environments\russia\system\componentcatalog.xml
11.08.2019 21:18:53 Error:В данной модели не установлен пользовательский компонент для элемента: Фундаментный болт с пластиной, источник: c:\programdata\tekla structures\2017\environments\russia\system\componentcatalog.xml
11.08.2019 21:18:53 Error:В данной модели не установлен пользовательский компонент для элемента: Фундаментные болты, источник: c:\programdata\tekla structures\2017\environments\russia\system\componentcatalog.xml
11.08.2019 21:18:53 Error:В данной модели не установлен пользовательский компонент для элемента: Фундаментный болт с пластиной, источник: c:\programdata\tekla structures\2017\environments\russia\system\componentcatalog.xml
11.08.2019 21:18:53 Error:В данной модели не установлен пользовательский компонент для элемента: Фундаментные болты, источник: c:\programdata\tekla structures\2017\environments\russia\system\componentcatalog.xml
11.08.2019 21:18:53 Error:В данной модели не установлен пользовательский компонент для элемента: Каркас_плоский, источник: c:\programdata\tekla structures\2017\environments\russia\system\componentcatalog.xml
11.08.2019 21:18:53 Error:В данной модели не установлен пользовательский компонент для элемента: ЗД_3, источник: c:\programdata\tekla structures\2017\environments\russia\system\componentcatalog.xml
11.08.2019 21:18:53 Error:В данной модели не установлен пользовательский компонент для элемента: ЗД_2, источник: c:\programdata\tekla structures\2017\environments\russia\system\componentcatalog.xml
11.08.2019 21:18:53 Error:В данной модели не установлен пользовательский компонент для элемента: ЗД_1, источник: c:\programdata\tekla structures\2017\environments\russia\system\componentcatalog.xml
11.08.2019 21:18:53 Error:В данной модели не установлен пользовательский компонент для элемента: Монтажная петля, источник: c:\programdata\tekla structures\2017\environments\russia\system\componentcatalog.xml
11.08.2019 21:18:53 Error:В данной модели не установлен пользовательский компонент для элемента: Плиты железобетонные ленточных фундаментов ФЛ, источник: c:\programdata\tekla structures\2017\environments\russia\system\componentcatalog.xml
11.08.2019 21:18:53 Error:В данной модели не установлен пользовательский компонент для элемента: Сваи забивные квадратного сечения СН, источник: c:\programdata\tekla structures\2017\environments\russia\system\componentcatalog.xml
11.08.2019 21:18:53 Error:В данной модели не установлен пользовательский компонент для элемента: Каркас плоский вертикальный СП, источник: c:\programdata\tekla structures\2017\environments\russia\system\componentcatalog.xml
11.08.2019 21:18:53 Error:В данной модели не установлен пользовательский компонент для элемента: Блоки бетонные ФБС ФБВ ФБП, источник: c:\programdata\tekla structures\2017\environments\russia\system\componentcatalog.xml
11.08.2019 21:18:53 Error:В данной модели не установлен пользовательский компонент для элемента: Фундаментные болты, источник: c:\programdata\tekla structures\2017\environments\russia\system\componentcatalog.xml
11.08.2019 21:18:53 Error:В данной модели не установлен пользовательский компонент для элемента: Фундаментный болт с пластиной, источник: c:\programdata\tekla structures\2017\environments\russia\system\componentcatalog.xml
11.08.2019 21:24:12 Information:Previous log file path: 'C:\TeklaStructuresModels\Олимпроект\Олимпроект(ФОК)\logs\ComponentCatalog_Batman.log'
11.08.2019 21:24:12 Information:New log file path: 'C:\TeklaStructuresModels\Олимпроект\Олимпроект(ФОК)\logs\ComponentCatalog_Batman.log'
11.08.2019 21:24:13 Error:В данной модели не установлен пользовательский компонент для элемента: Фундаментные болты, источник: c:\programdata\tekla structures\2017\environments\russia\system\componentcatalog.xml
11.08.2019 21:24:13 Error:В данной модели не установлен пользовательский компонент для элемента: Фундаментный болт с пластиной, источник: c:\programdata\tekla structures\2017\environments\russia\system\componentcatalog.xml
11.08.2019 21:24:13 Error:В данной модели не установлен пользовательский компонент для элемента: Фундаментный болт с пластиной, источник: c:\programdata\tekla structures\2017\environments\russia\system\componentcatalog.xml
11.08.2019 21:24:13 Error:В данной модели не установлен пользовательский компонент для элемента: Фундаментные болты, источник: c:\programdata\tekla structures\2017\environments\russia\system\componentcatalog.xml
11.08.2019 21:24:13 Error:В данной модели не установлен пользовательский компонент для элемента: Фундаментный болт с пластиной, источник: c:\programdata\tekla structures\2017\environments\russia\system\componentcatalog.xml
11.08.2019 21:24:13 Error:В данной модели не установлен пользовательский компонент для элемента: Фундаментные болты, источник: c:\programdata\tekla structures\2017\environments\russia\system\componentcatalog.xml
11.08.2019 21:24:13 Error:В данной модели не установлен пользовательский компонент для элемента: Каркас_плоский, источник: c:\programdata\tekla structures\2017\environments\russia\system\componentcatalog.xml
11.08.2019 21:24:13 Error:В данной модели не установлен пользовательский компонент для элемента: ЗД_3, источник: c:\programdata\tekla structures\2017\environments\russia\system\componentcatalog.xml
11.08.2019 21:24:13 Error:В данной модели не установлен пользовательский компонент для элемента: ЗД_2, источник: c:\programdata\tekla structures\2017\environments\russia\system\componentcatalog.xml
11.08.2019 21:24:13 Error:В данной модели не установлен пользовательский компонент для элемента: ЗД_1, источник: c:\programdata\tekla structures\2017\environments\russia\system\componentcatalog.xml
11.08.2019 21:24:13 Error:В данной модели не установлен пользовательский компонент для элемента: Монтажная петля, источник: c:\programdata\tekla structures\2017\environments\russia\system\componentcatalog.xml
11.08.2019 21:24:13 Error:В данной модели не установлен пользовательский компонент для элемента: Плиты железобетонные ленточных фундаментов ФЛ, источник: c:\programdata\tekla structures\2017\environments\russia\system\componentcatalog.xml
11.08.2019 21:24:13 Error:В данной модели не установлен пользовательский компонент для элемента: Сваи забивные квадратного сечения СН, источник: c:\programdata\tekla structures\2017\environments\russia\system\componentcatalog.xml
11.08.2019 21:24:13 Error:В данной модели не установлен пользовательский компонент для элемента: Каркас плоский вертикальный СП, источник: c:\programdata\tekla structures\2017\environments\russia\system\componentcatalog.xml
11.08.2019 21:24:13 Error:В данной модели не установлен пользовательский компонент для элемента: Блоки бетонные ФБС ФБВ ФБП, источник: c:\programdata\tekla structures\2017\environments\russia\system\componentcatalog.xml
11.08.2019 21:24:13 Error:В данной модели не установлен пользовательский компонент для элемента: Фундаментные болты, источник: c:\programdata\tekla structures\2017\environments\russia\system\componentcatalog.xml
11.08.2019 21:24:13 Error:В данной модели не установлен пользовательский компонент для элемента: Фундаментный болт с пластиной, источник: c:\programdata\tekla structures\2017\environments\russia\system\componentcatalog.xml
11.08.2019 21:31:53 Information:Previous log file path: 'C:\TeklaStructuresModels\Олимпроект\Олимпроект(ФОК)\logs\ComponentCatalog_Batman.log'
11.08.2019 21:31:53 Information:New log file path: 'C:\TeklaStructuresModels\Олимпроект\Олимпроект(ФОК)\logs\ComponentCatalog_Batman.log'
11.08.2019 21:31:54 Error:В данной модели не установлен пользовательский компонент для элемента: Фундаментные болты, источник: c:\programdata\tekla structures\2017\environments\russia\system\componentcatalog.xml
11.08.2019 21:31:54 Error:В данной модели не установлен пользовательский компонент для элемента: Фундаментный болт с пластиной, источник: c:\programdata\tekla structures\2017\environments\russia\system\componentcatalog.xml
11.08.2019 21:31:54 Error:В данной модели не установлен пользовательский компонент для элемента: Фундаментный болт с пластиной, источник: c:\programdata\tekla structures\2017\environments\russia\system\componentcatalog.xml
11.08.2019 21:31:54 Error:В данной модели не установлен пользовательский компонент для элемента: Фундаментные болты, источник: c:\programdata\tekla structures\2017\environments\russia\system\componentcatalog.xml
11.08.2019 21:31:54 Error:В данной модели не установлен пользовательский компонент для элемента: Фундаментный болт с пластиной, источник: c:\programdata\tekla structures\2017\environments\russia\system\componentcatalog.xml
11.08.2019 21:31:54 Error:В данной модели не установлен пользовательский компонент для элемента: Фундаментные болты, источник: c:\programdata\tekla structures\2017\environments\russia\system\componentcatalog.xml
11.08.2019 21:31:54 Error:В данной модели не установлен пользовательский компонент для элемента: Каркас_плоский, источник: c:\programdata\tekla structures\2017\environments\russia\system\componentcatalog.xml
11.08.2019 21:31:54 Error:В данной модели не установлен пользовательский компонент для элемента: ЗД_3, источник: c:\programdata\tekla structures\2017\environments\russia\system\componentcatalog.xml
11.08.2019 21:31:54 Error:В данной модели не установлен пользовательский компонент для элемента: ЗД_2, источник: c:\programdata\tekla structures\2017\environments\russia\system\componentcatalog.xml
11.08.2019 21:31:54 Error:В данной модели не установлен пользовательский компонент для элемента: ЗД_1, источник: c:\programdata\tekla structures\2017\environments\russia\system\componentcatalog.xml
11.08.2019 21:31:54 Error:В данной модели не установлен пользовательский компонент для элемента: Монтажная петля, источник: c:\programdata\tekla structures\2017\environments\russia\system\componentcatalog.xml
11.08.2019 21:31:54 Error:В данной модели не установлен пользовательский компонент для элемента: Плиты железобетонные ленточных фундаментов ФЛ, источник: c:\programdata\tekla structures\2017\environments\russia\system\componentcatalog.xml
11.08.2019 21:31:54 Error:В данной модели не установлен пользовательский компонент для элемента: Сваи забивные квадратного сечения СН, источник: c:\programdata\tekla structures\2017\environments\russia\system\componentcatalog.xml
11.08.2019 21:31:54 Error:В данной модели не установлен пользовательский компонент для элемента: Каркас плоский вертикальный СП, источник: c:\programdata\tekla structures\2017\environments\russia\system\componentcatalog.xml
11.08.2019 21:31:54 Error:В данной модели не установлен пользовательский компонент для элемента: Блоки бетонные ФБС ФБВ ФБП, источник: c:\programdata\tekla structures\2017\environments\russia\system\componentcatalog.xml
11.08.2019 21:31:54 Error:В данной модели не установлен пользовательский компонент для элемента: Фундаментные болты, источник: c:\programdata\tekla structures\2017\environments\russia\system\componentcatalog.xml
11.08.2019 21:31:54 Error:В данной модели не установлен пользовательский компонент для элемента: Фундаментный болт с пластиной, источник: c:\programdata\tekla structures\2017\environments\russia\system\componentcatalog.xml
11.08.2019 23:14:48 Information:Previous log file path: 'C:\Users\Batman\AppData\Local\Trimble\TeklaStructures\2017\CatalogTreeFeature\2017.0.0.0\ComponentCatalog_Batman.log'
11.08.2019 23:14:49 Information:New log file path: 'C:\TeklaStructuresModels\Олимпроект\Олимпроект(ФОК)\logs\ComponentCatalog_Batman.log'
11.08.2019 23:14:50 Error:В данной модели не установлен пользовательский компонент для элемента: Фундаментные болты, источник: c:\programdata\tekla structures\2017\environments\russia\system\componentcatalog.xml
11.08.2019 23:14:50 Error:В данной модели не установлен пользовательский компонент для элемента: Фундаментный болт с пластиной, источник: c:\programdata\tekla structures\2017\environments\russia\system\componentcatalog.xml
11.08.2019 23:14:50 Error:В данной модели не установлен пользовательский компонент для элемента: Фундаментный болт с пластиной, источник: c:\programdata\tekla structures\2017\environments\russia\system\componentcatalog.xml
11.08.2019 23:14:50 Error:В данной модели не установлен пользовательский компонент для элемента: Фундаментные болты, источник: c:\programdata\tekla structures\2017\environments\russia\system\componentcatalog.xml
11.08.2019 23:14:50 Error:В данной модели не установлен пользовательский компонент для элемента: Фундаментный болт с пластиной, источник: c:\programdata\tekla structures\2017\environments\russia\system\componentcatalog.xml
11.08.2019 23:14:50 Error:В данной модели не установлен пользовательский компонент для элемента: Фундаментные болты, источник: c:\programdata\tekla structures\2017\environments\russia\system\componentcatalog.xml
11.08.2019 23:14:50 Error:В данной модели не установлен пользовательский компонент для элемента: Каркас_плоский, источник: c:\programdata\tekla structures\2017\environments\russia\system\componentcatalog.xml
11.08.2019 23:14:50 Error:В данной модели не установлен пользовательский компонент для элемента: ЗД_3, источник: c:\programdata\tekla structures\2017\environments\russia\system\componentcatalog.xml
11.08.2019 23:14:50 Error:В данной модели не установлен пользовательский компонент для элемента: ЗД_2, источник: c:\programdata\tekla structures\2017\environments\russia\system\componentcatalog.xml
11.08.2019 23:14:50 Error:В данной модели не установлен пользовательский компонент для элемента: ЗД_1, источник: c:\programdata\tekla structures\2017\environments\russia\system\componentcatalog.xml
11.08.2019 23:14:50 Error:В данной модели не установлен пользовательский компонент для элемента: Монтажная петля, источник: c:\programdata\tekla structures\2017\environments\russia\system\componentcatalog.xml
11.08.2019 23:14:50 Error:В данной модели не установлен пользовательский компонент для элемента: Плиты железобетонные ленточных фундаментов ФЛ, источник: c:\programdata\tekla structures\2017\environments\russia\system\componentcatalog.xml
11.08.2019 23:14:50 Error:В данной модели не установлен пользовательский компонент для элемента: Сваи забивные квадратного сечения СН, источник: c:\programdata\tekla structures\2017\environments\russia\system\componentcatalog.xml
11.08.2019 23:14:50 Error:В данной модели не установлен пользовательский компонент для элемента: Каркас плоский вертикальный СП, источник: c:\programdata\tekla structures\2017\environments\russia\system\componentcatalog.xml
11.08.2019 23:14:50 Error:В данной модели не установлен пользовательский компонент для элемента: Блоки бетонные ФБС ФБВ ФБП, источник: c:\programdata\tekla structures\2017\environments\russia\system\componentcatalog.xml
11.08.2019 23:14:50 Error:В данной модели не установлен пользовательский компонент для элемента: Фундаментные болты, источник: c:\programdata\tekla structures\2017\environments\russia\system\componentcatalog.xml
11.08.2019 23:14:50 Error:В данной модели не установлен пользовательский компонент для элемента: Фундаментный болт с пластиной, источник: c:\programdata\tekla structures\2017\environments\russia\system\componentcatalog.xml
12.08.2019 0:36:15 Information:Previous log file path: 'C:\TeklaStructuresModels\Олимпроект\Олимпроект(ФОК)\logs\ComponentCatalog_Batman.log'
12.08.2019 0:36:15 Information:New log file path: 'C:\TeklaStructuresModels\Олимпроект\Олимпроект(ФОК)\logs\ComponentCatalog_Batman.log'
12.08.2019 0:36:15 Error:В данной модели не установлен пользовательский компонент для элемента: Фундаментные болты, источник: c:\programdata\tekla structures\2017\environments\russia\system\componentcatalog.xml
12.08.2019 0:36:15 Error:В данной модели не установлен пользовательский компонент для элемента: Фундаментный болт с пластиной, источник: c:\programdata\tekla structures\2017\environments\russia\system\componentcatalog.xml
12.08.2019 0:36:15 Error:В данной модели не установлен пользовательский компонент для элемента: Фундаментный болт с пластиной, источник: c:\programdata\tekla structures\2017\environments\russia\system\componentcatalog.xml
12.08.2019 0:36:15 Error:В данной модели не установлен пользовательский компонент для элемента: Фундаментные болты, источник: c:\programdata\tekla structures\2017\environments\russia\system\componentcatalog.xml
12.08.2019 0:36:15 Error:В данной модели не установлен пользовательский компонент для элемента: Фундаментный болт с пластиной, источник: c:\programdata\tekla structures\2017\environments\russia\system\componentcatalog.xml
12.08.2019 0:36:15 Error:В данной модели не установлен пользовательский компонент для элемента: Фундаментные болты, источник: c:\programdata\tekla structures\2017\environments\russia\system\componentcatalog.xml
12.08.2019 0:36:15 Error:В данной модели не установлен пользовательский компонент для элемента: Каркас_плоский, источник: c:\programdata\tekla structures\2017\environments\russia\system\componentcatalog.xml
12.08.2019 0:36:15 Error:В данной модели не установлен пользовательский компонент для элемента: ЗД_3, источник: c:\programdata\tekla structures\2017\environments\russia\system\componentcatalog.xml
12.08.2019 0:36:15 Error:В данной модели не установлен пользовательский компонент для элемента: ЗД_2, источник: c:\programdata\tekla structures\2017\environments\russia\system\componentcatalog.xml
12.08.2019 0:36:15 Error:В данной модели не установлен пользовательский компонент для элемента: ЗД_1, источник: c:\programdata\tekla structures\2017\environments\russia\system\componentcatalog.xml
12.08.2019 0:36:15 Error:В данной модели не установлен пользовательский компонент для элемента: Монтажная петля, источник: c:\programdata\tekla structures\2017\environments\russia\system\componentcatalog.xml
12.08.2019 0:36:15 Error:В данной модели не установлен пользовательский компонент для элемента: Плиты железобетонные ленточных фундаментов ФЛ, источник: c:\programdata\tekla structures\2017\environments\russia\system\componentcatalog.xml
12.08.2019 0:36:15 Error:В данной модели не установлен пользовательский компонент для элемента: Сваи забивные квадратного сечения СН, источник: c:\programdata\tekla structures\2017\environments\russia\system\componentcatalog.xml
12.08.2019 0:36:15 Error:В данной модели не установлен пользовательский компонент для элемента: Каркас плоский вертикальный СП, источник: c:\programdata\tekla structures\2017\environments\russia\system\componentcatalog.xml
12.08.2019 0:36:15 Error:В данной модели не установлен пользовательский компонент для элемента: Блоки бетонные ФБС ФБВ ФБП, источник: c:\programdata\tekla structures\2017\environments\russia\system\componentcatalog.xml
12.08.2019 0:36:15 Error:В данной модели не установлен пользовательский компонент для элемента: Фундаментные болты, источник: c:\programdata\tekla structures\2017\environments\russia\system\componentcatalog.xml
12.08.2019 0:36:15 Error:В данной модели не установлен пользовательский компонент для элемента: Фундаментный болт с пластиной, источник: c:\programdata\tekla structures\2017\environments\russia\system\componentcatalog.xml
12.08.2019 1:01:46 Information:Previous log file path: 'C:\TeklaStructuresModels\Олимпроект\Олимпроект(ФОК)\logs\ComponentCatalog_Batman.log'
12.08.2019 1:01:46 Information:New log file path: 'C:\TeklaStructuresModels\Олимпроект\Олимпроект(ФОК)\logs\ComponentCatalog_Batman.log'
12.08.2019 1:01:46 Error:В данной модели не установлен пользовательский компонент для элемента: Фундаментные болты, источник: c:\programdata\tekla structures\2017\environments\russia\system\componentcatalog.xml
12.08.2019 1:01:46 Error:В данной модели не установлен пользовательский компонент для элемента: Фундаментный болт с пластиной, источник: c:\programdata\tekla structures\2017\environments\russia\system\componentcatalog.xml
12.08.2019 1:01:46 Error:В данной модели не установлен пользовательский компонент для элемента: Фундаментный болт с пластиной, источник: c:\programdata\tekla structures\2017\environments\russia\system\componentcatalog.xml
12.08.2019 1:01:46 Error:В данной модели не установлен пользовательский компонент для элемента: Фундаментные болты, источник: c:\programdata\tekla structures\2017\environments\russia\system\componentcatalog.xml
12.08.2019 1:01:46 Error:В данной модели не установлен пользовательский компонент для элемента: Фундаментный болт с пластиной, источник: c:\programdata\tekla structures\2017\environments\russia\system\componentcatalog.xml
12.08.2019 1:01:46 Error:В данной модели не установлен пользовательский компонент для элемента: Фундаментные болты, источник: c:\programdata\tekla structures\2017\environments\russia\system\componentcatalog.xml
12.08.2019 1:01:46 Error:В данной модели не установлен пользовательский компонент для элемента: Каркас_плоский, источник: c:\programdata\tekla structures\2017\environments\russia\system\componentcatalog.xml
12.08.2019 1:01:46 Error:В данной модели не установлен пользовательский компонент для элемента: ЗД_3, источник: c:\programdata\tekla structures\2017\environments\russia\system\componentcatalog.xml
12.08.2019 1:01:46 Error:В данной модели не установлен пользовательский компонент для элемента: ЗД_2, источник: c:\programdata\tekla structures\2017\environments\russia\system\componentcatalog.xml
12.08.2019 1:01:46 Error:В данной модели не установлен пользовательский компонент для элемента: ЗД_1, источник: c:\programdata\tekla structures\2017\environments\russia\system\componentcatalog.xml
12.08.2019 1:01:46 Error:В данной модели не установлен пользовательский компонент для элемента: Монтажная петля, источник: c:\programdata\tekla structures\2017\environments\russia\system\componentcatalog.xml
12.08.2019 1:01:46 Error:В данной модели не установлен пользовательский компонент для элемента: Плиты железобетонные ленточных фундаментов ФЛ, источник: c:\programdata\tekla structures\2017\environments\russia\system\componentcatalog.xml
12.08.2019 1:01:46 Error:В данной модели не установлен пользовательский компонент для элемента: Сваи забивные квадратного сечения СН, источник: c:\programdata\tekla structures\2017\environments\russia\system\componentcatalog.xml
12.08.2019 1:01:46 Error:В данной модели не установлен пользовательский компонент для элемента: Каркас плоский вертикальный СП, источник: c:\programdata\tekla structures\2017\environments\russia\system\componentcatalog.xml
12.08.2019 1:01:46 Error:В данной модели не установлен пользовательский компонент для элемента: Блоки бетонные ФБС ФБВ ФБП, источник: c:\programdata\tekla structures\2017\environments\russia\system\componentcatalog.xml
12.08.2019 1:01:46 Error:В данной модели не установлен пользовательский компонент для элемента: Фундаментные болты, источник: c:\programdata\tekla structures\2017\environments\russia\system\componentcatalog.xml
12.08.2019 1:01:46 Error:В данной модели не установлен пользовательский компонент для элемента: Фундаментный болт с пластиной, источник: c:\programdata\tekla structures\2017\environments\russia\system\componentcatalog.xml
12.08.2019 1:26:18 Information:Previous log file path: 'C:\TeklaStructuresModels\Олимпроект\Олимпроект(ФОК)\logs\ComponentCatalog_Batman.log'
12.08.2019 1:26:18 Information:New log file path: 'C:\TeklaStructuresModels\Олимпроект\Олимпроект(ФОК)\logs\ComponentCatalog_Batman.log'
12.08.2019 1:26:19 Error:В данной модели не установлен пользовательский компонент для элемента: Фундаментные болты, источник: c:\programdata\tekla structures\2017\environments\russia\system\componentcatalog.xml
12.08.2019 1:26:19 Error:В данной модели не установлен пользовательский компонент для элемента: Фундаментный болт с пластиной, источник: c:\programdata\tekla structures\2017\environments\russia\system\componentcatalog.xml
12.08.2019 1:26:19 Error:В данной модели не установлен пользовательский компонент для элемента: Фундаментный болт с пластиной, источник: c:\programdata\tekla structures\2017\environments\russia\system\componentcatalog.xml
12.08.2019 1:26:19 Error:В данной модели не установлен пользовательский компонент для элемента: Фундаментные болты, источник: c:\programdata\tekla structures\2017\environments\russia\system\componentcatalog.xml
12.08.2019 1:26:19 Error:В данной модели не установлен пользовательский компонент для элемента: Фундаментный болт с пластиной, источник: c:\programdata\tekla structures\2017\environments\russia\system\componentcatalog.xml
12.08.2019 1:26:19 Error:В данной модели не установлен пользовательский компонент для элемента: Фундаментные болты, источник: c:\programdata\tekla structures\2017\environments\russia\system\componentcatalog.xml
12.08.2019 1:26:19 Error:В данной модели не установлен пользовательский компонент для элемента: Каркас_плоский, источник: c:\programdata\tekla structures\2017\environments\russia\system\componentcatalog.xml
12.08.2019 1:26:19 Error:В данной модели не установлен пользовательский компонент для элемента: ЗД_3, источник: c:\programdata\tekla structures\2017\environments\russia\system\componentcatalog.xml
12.08.2019 1:26:19 Error:В данной модели не установлен пользовательский компонент для элемента: ЗД_2, источник: c:\programdata\tekla structures\2017\environments\russia\system\componentcatalog.xml
12.08.2019 1:26:19 Error:В данной модели не установлен пользовательский компонент для элемента: ЗД_1, источник: c:\programdata\tekla structures\2017\environments\russia\system\componentcatalog.xml
12.08.2019 1:26:19 Error:В данной модели не установлен пользовательский компонент для элемента: Монтажная петля, источник: c:\programdata\tekla structures\2017\environments\russia\system\componentcatalog.xml
12.08.2019 1:26:19 Error:В данной модели не установлен пользовательский компонент для элемента: Плиты железобетонные ленточных фундаментов ФЛ, источник: c:\programdata\tekla structures\2017\environments\russia\system\componentcatalog.xml
12.08.2019 1:26:19 Error:В данной модели не установлен пользовательский компонент для элемента: Сваи забивные квадратного сечения СН, источник: c:\programdata\tekla structures\2017\environments\russia\system\componentcatalog.xml
12.08.2019 1:26:19 Error:В данной модели не установлен пользовательский компонент для элемента: Каркас плоский вертикальный СП, источник: c:\programdata\tekla structures\2017\environments\russia\system\componentcatalog.xml
12.08.2019 1:26:19 Error:В данной модели не установлен пользовательский компонент для элемента: Блоки бетонные ФБС ФБВ ФБП, источник: c:\programdata\tekla structures\2017\environments\russia\system\componentcatalog.xml
12.08.2019 1:26:19 Error:В данной модели не установлен пользовательский компонент для элемента: Фундаментные болты, источник: c:\programdata\tekla structures\2017\environments\russia\system\componentcatalog.xml
12.08.2019 1:26:19 Error:В данной модели не установлен пользовательский компонент для элемента: Фундаментный болт с пластиной, источник: c:\programdata\tekla structures\2017\environments\russia\system\componentcatalog.xml
12.08.2019 1:42:15 Information:Previous log file path: 'C:\TeklaStructuresModels\Олимпроект\Олимпроект(ФОК)\logs\ComponentCatalog_Batman.log'
12.08.2019 1:42:15 Information:New log file path: 'C:\TeklaStructuresModels\Олимпроект\Олимпроект(ФОК)\logs\ComponentCatalog_Batman.log'
12.08.2019 1:42:15 Error:В данной модели не установлен пользовательский компонент для элемента: Фундаментные болты, источник: c:\programdata\tekla structures\2017\environments\russia\system\componentcatalog.xml
12.08.2019 1:42:15 Error:В данной модели не установлен пользовательский компонент для элемента: Фундаментный болт с пластиной, источник: c:\programdata\tekla structures\2017\environments\russia\system\componentcatalog.xml
12.08.2019 1:42:15 Error:В данной модели не установлен пользовательский компонент для элемента: Фундаментный болт с пластиной, источник: c:\programdata\tekla structures\2017\environments\russia\system\componentcatalog.xml
12.08.2019 1:42:15 Error:В данной модели не установлен пользовательский компонент для элемента: Фундаментные болты, источник: c:\programdata\tekla structures\2017\environments\russia\system\componentcatalog.xml
12.08.2019 1:42:15 Error:В данной модели не установлен пользовательский компонент для элемента: Фундаментный болт с пластиной, источник: c:\programdata\tekla structures\2017\environments\russia\system\componentcatalog.xml
12.08.2019 1:42:15 Error:В данной модели не установлен пользовательский компонент для элемента: Фундаментные болты, источник: c:\programdata\tekla structures\2017\environments\russia\system\componentcatalog.xml
12.08.2019 1:42:15 Error:В данной модели не установлен пользовательский компонент для элемента: Каркас_плоский, источник: c:\programdata\tekla structures\2017\environments\russia\system\componentcatalog.xml
12.08.2019 1:42:15 Error:В данной модели не установлен пользовательский компонент для элемента: ЗД_3, источник: c:\programdata\tekla structures\2017\environments\russia\system\componentcatalog.xml
12.08.2019 1:42:15 Error:В данной модели не установлен пользовательский компонент для элемента: ЗД_2, источник: c:\programdata\tekla structures\2017\environments\russia\system\componentcatalog.xml
12.08.2019 1:42:15 Error:В данной модели не установлен пользовательский компонент для элемента: ЗД_1, источник: c:\programdata\tekla structures\2017\environments\russia\system\componentcatalog.xml
12.08.2019 1:42:15 Error:В данной модели не установлен пользовательский компонент для элемента: Монтажная петля, источник: c:\programdata\tekla structures\2017\environments\russia\system\componentcatalog.xml
12.08.2019 1:42:15 Error:В данной модели не установлен пользовательский компонент для элемента: Плиты железобетонные ленточных фундаментов ФЛ, источник: c:\programdata\tekla structures\2017\environments\russia\system\componentcatalog.xml
12.08.2019 1:42:15 Error:В данной модели не установлен пользовательский компонент для элемента: Сваи забивные квадратного сечения СН, источник: c:\programdata\tekla structures\2017\environments\russia\system\componentcatalog.xml
12.08.2019 1:42:15 Error:В данной модели не установлен пользовательский компонент для элемента: Каркас плоский вертикальный СП, источник: c:\programdata\tekla structures\2017\environments\russia\system\componentcatalog.xml
12.08.2019 1:42:15 Error:В данной модели не установлен пользовательский компонент для элемента: Блоки бетонные ФБС ФБВ ФБП, источник: c:\programdata\tekla structures\2017\environments\russia\system\componentcatalog.xml
12.08.2019 1:42:15 Error:В данной модели не установлен пользовательский компонент для элемента: Фундаментные болты, источник: c:\programdata\tekla structures\2017\environments\russia\system\componentcatalog.xml
12.08.2019 1:42:15 Error:В данной модели не установлен пользовательский компонент для элемента: Фундаментный болт с пластиной, источник: c:\programdata\tekla structures\2017\environments\russia\system\componentcatalog.xml
12.08.2019 18:18:24 Information:Previous log file path: 'C:\Users\Batman\AppData\Local\Trimble\TeklaStructures\2017\CatalogTreeFeature\2017.0.0.0\ComponentCatalog_Batman.log'
12.08.2019 18:18:24 Information:New log file path: 'C:\TeklaStructuresModels\Олимпроект\Олимпроект(ФОК)\logs\ComponentCatalog_Batman.log'
12.08.2019 18:18:25 Information:Previous log file path: 'C:\TeklaStructuresModels\Олимпроект\Олимпроект(ФОК)\logs\ComponentCatalog_Batman.log'
12.08.2019 18:18:25 Information:New log file path: 'C:\TeklaStructuresModels\Олимпроект\Олимпроект(ФОК)\logs\ComponentCatalog_Batman.log'
12.08.2019 18:18:26 Error:В данной модели не установлен пользовательский компонент для элемента: Фундаментные болты, источник: c:\programdata\tekla structures\2017\environments\russia\system\componentcatalog.xml
12.08.2019 18:18:26 Error:В данной модели не установлен пользовательский компонент для элемента: Фундаментный болт с пластиной, источник: c:\programdata\tekla structures\2017\environments\russia\system\componentcatalog.xml
12.08.2019 18:18:26 Error:В данной модели не установлен пользовательский компонент для элемента: Фундаментный болт с пластиной, источник: c:\programdata\tekla structures\2017\environments\russia\system\componentcatalog.xml
12.08.2019 18:18:26 Error:В данной модели не установлен пользовательский компонент для элемента: Фундаментные болты, источник: c:\programdata\tekla structures\2017\environments\russia\system\componentcatalog.xml
12.08.2019 18:18:27 Error:В данной модели не установлен пользовательский компонент для элемента: Фундаментный болт с пластиной, источник: c:\programdata\tekla structures\2017\environments\russia\system\componentcatalog.xml
12.08.2019 18:18:27 Error:В данной модели не установлен пользовательский компонент для элемента: Фундаментные болты, источник: c:\programdata\tekla structures\2017\environments\russia\system\componentcatalog.xml
12.08.2019 18:18:27 Error:В данной модели не установлен пользовательский компонент для элемента: Каркас_плоский, источник: c:\programdata\tekla structures\2017\environments\russia\system\componentcatalog.xml
12.08.2019 18:18:27 Error:В данной модели не установлен пользовательский компонент для элемента: ЗД_3, источник: c:\programdata\tekla structures\2017\environments\russia\system\componentcatalog.xml
12.08.2019 18:18:27 Error:В данной модели не установлен пользовательский компонент для элемента: ЗД_2, источник: c:\programdata\tekla structures\2017\environments\russia\system\componentcatalog.xml
12.08.2019 18:18:27 Error:В данной модели не установлен пользовательский компонент для элемента: ЗД_1, источник: c:\programdata\tekla structures\2017\environments\russia\system\componentcatalog.xml
12.08.2019 18:18:27 Error:В данной модели не установлен пользовательский компонент для элемента: Монтажная петля, источник: c:\programdata\tekla structures\2017\environments\russia\system\componentcatalog.xml
12.08.2019 18:18:27 Error:В данной модели не установлен пользовательский компонент для элемента: Плиты железобетонные ленточных фундаментов ФЛ, источник: c:\programdata\tekla structures\2017\environments\russia\system\componentcatalog.xml
12.08.2019 18:18:27 Error:В данной модели не установлен пользовательский компонент для элемента: Сваи забивные квадратного сечения СН, источник: c:\programdata\tekla structures\2017\environments\russia\system\componentcatalog.xml
12.08.2019 18:18:27 Error:В данной модели не установлен пользовательский компонент для элемента: Каркас плоский вертикальный СП, источник: c:\programdata\tekla structures\2017\environments\russia\system\componentcatalog.xml
12.08.2019 18:18:27 Error:В данной модели не установлен пользовательский компонент для элемента: Блоки бетонные ФБС ФБВ ФБП, источник: c:\programdata\tekla structures\2017\environments\russia\system\componentcatalog.xml
12.08.2019 18:18:27 Error:В данной модели не установлен пользовательский компонент для элемента: Фундаментные болты, источник: c:\programdata\tekla structures\2017\environments\russia\system\componentcatalog.xml
12.08.2019 18:18:27 Error:В данной модели не установлен пользовательский компонент для элемента: Фундаментный болт с пластиной, источник: c:\programdata\tekla structures\2017\environments\russia\system\componentcatalog.xml
12.08.2019 18:18:28 Error:В данной модели не установлен пользовательский компонент для элемента: Фундаментные болты, источник: c:\programdata\tekla structures\2017\environments\russia\system\componentcatalog.xml
12.08.2019 18:18:28 Error:В данной модели не установлен пользовательский компонент для элемента: Фундаментный болт с пластиной, источник: c:\programdata\tekla structures\2017\environments\russia\system\componentcatalog.xml
12.08.2019 18:18:28 Error:В данной модели не установлен пользовательский компонент для элемента: Фундаментный болт с пластиной, источник: c:\programdata\tekla structures\2017\environments\russia\system\componentcatalog.xml
12.08.2019 18:18:28 Error:В данной модели не установлен пользовательский компонент для элемента: Фундаментные болты, источник: c:\programdata\tekla structures\2017\environments\russia\system\componentcatalog.xml
12.08.2019 18:18:28 Error:В данной модели не установлен пользовательский компонент для элемента: Фундаментный болт с пластиной, источник: c:\programdata\tekla structures\2017\environments\russia\system\componentcatalog.xml
12.08.2019 18:18:28 Error:В данной модели не установлен пользовательский компонент для элемента: Фундаментные болты, источник: c:\programdata\tekla structures\2017\environments\russia\system\componentcatalog.xml
12.08.2019 18:18:28 Error:В данной модели не установлен пользовательский компонент для элемента: Каркас_плоский, источник: c:\programdata\tekla structures\2017\environments\russia\system\componentcatalog.xml
12.08.2019 18:18:28 Error:В данной модели не установлен пользовательский компонент для элемента: ЗД_3, источник: c:\programdata\tekla structures\2017\environments\russia\system\componentcatalog.xml
12.08.2019 18:18:28 Error:В данной модели не установлен пользовательский компонент для элемента: ЗД_2, источник: c:\programdata\tekla structures\2017\environments\russia\system\componentcatalog.xml
12.08.2019 18:18:28 Error:В данной модели не установлен пользовательский компонент для элемента: ЗД_1, источник: c:\programdata\tekla structures\2017\environments\russia\system\componentcatalog.xml
12.08.2019 18:18:28 Error:В данной модели не установлен пользовательский компонент для элемента: Монтажная петля, источник: c:\programdata\tekla structures\2017\environments\russia\system\componentcatalog.xml
12.08.2019 18:18:28 Error:В данной модели не установлен пользовательский компонент для элемента: Плиты железобетонные ленточных фундаментов ФЛ, источник: c:\programdata\tekla structures\2017\environments\russia\system\componentcatalog.xml
12.08.2019 18:18:28 Error:В данной модели не установлен пользовательский компонент для элемента: Сваи забивные квадратного сечения СН, источник: c:\programdata\tekla structures\2017\environments\russia\system\componentcatalog.xml
12.08.2019 18:18:28 Error:В данной модели не установлен пользовательский компонент для элемента: Каркас плоский вертикальный СП, источник: c:\programdata\tekla structures\2017\environments\russia\system\componentcatalog.xml
12.08.2019 18:18:28 Error:В данной модели не установлен пользовательский компонент для элемента: Блоки бетонные ФБС ФБВ ФБП, источник: c:\programdata\tekla structures\2017\environments\russia\system\componentcatalog.xml
12.08.2019 18:18:28 Error:В данной модели не установлен пользовательский компонент для элемента: Фундаментные болты, источник: c:\programdata\tekla structures\2017\environments\russia\system\componentcatalog.xml
12.08.2019 18:18:28 Error:В данной модели не установлен пользовательский компонент для элемента: Фундаментный болт с пластиной, источник: c:\programdata\tekla structures\2017\environments\russia\system\componentcatalog.xml
12.08.2019 18:18:56 Information:Previous log file path: 'C:\TeklaStructuresModels\Олимпроект\Олимпроект(ФОК)\logs\ComponentCatalog_Batman.log'
12.08.2019 18:18:56 Information:New log file path: 'C:\TeklaStructuresModels\Олимпроект\Олимпроект(ФОК)\logs\ComponentCatalog_Batman.log'
12.08.2019 18:18:56 Error:В данной модели не установлен пользовательский компонент для элемента: Фундаментные болты, источник: c:\programdata\tekla structures\2017\environments\russia\system\componentcatalog.xml
12.08.2019 18:18:56 Error:В данной модели не установлен пользовательский компонент для элемента: Фундаментный болт с пластиной, источник: c:\programdata\tekla structures\2017\environments\russia\system\componentcatalog.xml
12.08.2019 18:18:56 Error:В данной модели не установлен пользовательский компонент для элемента: Фундаментный болт с пластиной, источник: c:\programdata\tekla structures\2017\environments\russia\system\componentcatalog.xml
12.08.2019 18:18:56 Error:В данной модели не установлен пользовательский компонент для элемента: Фундаментные болты, источник: c:\programdata\tekla structures\2017\environments\russia\system\componentcatalog.xml
12.08.2019 18:18:56 Error:В данной модели не установлен пользовательский компонент для элемента: Фундаментный болт с пластиной, источник: c:\programdata\tekla structures\2017\environments\russia\system\componentcatalog.xml
12.08.2019 18:18:56 Error:В данной модели не установлен пользовательский компонент для элемента: Фундаментные болты, источник: c:\programdata\tekla structures\2017\environments\russia\system\componentcatalog.xml
12.08.2019 18:18:56 Error:В данной модели не установлен пользовательский компонент для элемента: Каркас_плоский, источник: c:\programdata\tekla structures\2017\environments\russia\system\componentcatalog.xml
12.08.2019 18:18:57 Error:В данной модели не установлен пользовательский компонент для элемента: ЗД_3, источник: c:\programdata\tekla structures\2017\environments\russia\system\componentcatalog.xml
12.08.2019 18:18:57 Error:В данной модели не установлен пользовательский компонент для элемента: ЗД_2, источник: c:\programdata\tekla structures\2017\environments\russia\system\componentcatalog.xml
12.08.2019 18:18:57 Error:В данной модели не установлен пользовательский компонент для элемента: ЗД_1, источник: c:\programdata\tekla structures\2017\environments\russia\system\componentcatalog.xml
12.08.2019 18:18:57 Error:В данной модели не установлен пользовательский компонент для элемента: Монтажная петля, источник: c:\programdata\tekla structures\2017\environments\russia\system\componentcatalog.xml
12.08.2019 18:18:57 Error:В данной модели не установлен пользовательский компонент для элемента: Плиты железобетонные ленточных фундаментов ФЛ, источник: c:\programdata\tekla structures\2017\environments\russia\system\componentcatalog.xml
12.08.2019 18:18:57 Error:В данной модели не установлен пользовательский компонент для элемента: Сваи забивные квадратного сечения СН, источник: c:\programdata\tekla structures\2017\environments\russia\system\componentcatalog.xml
12.08.2019 18:18:57 Error:В данной модели не установлен пользовательский компонент для элемента: Каркас плоский вертикальный СП, источник: c:\programdata\tekla structures\2017\environments\russia\system\componentcatalog.xml
12.08.2019 18:18:57 Error:В данной модели не установлен пользовательский компонент для элемента: Блоки бетонные ФБС ФБВ ФБП, источник: c:\programdata\tekla structures\2017\environments\russia\system\componentcatalog.xml
12.08.2019 18:18:57 Error:В данной модели не установлен пользовательский компонент для элемента: Фундаментные болты, источник: c:\programdata\tekla structures\2017\environments\russia\system\componentcatalog.xml
12.08.2019 18:18:57 Error:В данной модели не установлен пользовательский компонент для элемента: Фундаментный болт с пластиной, источник: c:\programdata\tekla structures\2017\environments\russia\system\componentcatalog.xml
12.08.2019 19:00:16 Information:Previous log file path: 'C:\TeklaStructuresModels\Олимпроект\Олимпроект(ФОК)\logs\ComponentCatalog_Batman.log'
12.08.2019 19:00:16 Information:New log file path: 'C:\TeklaStructuresModels\Олимпроект\Олимпроект(ФОК)\logs\ComponentCatalog_Batman.log'
12.08.2019 19:00:17 Error:В данной модели не установлен пользовательский компонент для элемента: Фундаментные болты, источник: c:\programdata\tekla structures\2017\environments\russia\system\componentcatalog.xml
12.08.2019 19:00:17 Error:В данной модели не установлен пользовательский компонент для элемента: Фундаментный болт с пластиной, источник: c:\programdata\tekla structures\2017\environments\russia\system\componentcatalog.xml
12.08.2019 19:00:17 Error:В данной модели не установлен пользовательский компонент для элемента: Фундаментный болт с пластиной, источник: c:\programdata\tekla structures\2017\environments\russia\system\componentcatalog.xml
12.08.2019 19:00:17 Error:В данной модели не установлен пользовательский компонент для элемента: Фундаментные болты, источник: c:\programdata\tekla structures\2017\environments\russia\system\componentcatalog.xml
12.08.2019 19:00:17 Error:В данной модели не установлен пользовательский компонент для элемента: Фундаментный болт с пластиной, источник: c:\programdata\tekla structures\2017\environments\russia\system\componentcatalog.xml
12.08.2019 19:00:17 Error:В данной модели не установлен пользовательский компонент для элемента: Фундаментные болты, источник: c:\programdata\tekla structures\2017\environments\russia\system\componentcatalog.xml
12.08.2019 19:00:17 Error:В данной модели не установлен пользовательский компонент для элемента: Каркас_плоский, источник: c:\programdata\tekla structures\2017\environments\russia\system\componentcatalog.xml
12.08.2019 19:00:17 Error:В данной модели не установлен пользовательский компонент для элемента: ЗД_3, источник: c:\programdata\tekla structures\2017\environments\russia\system\componentcatalog.xml
12.08.2019 19:00:17 Error:В данной модели не установлен пользовательский компонент для элемента: ЗД_2, источник: c:\programdata\tekla structures\2017\environments\russia\system\componentcatalog.xml
12.08.2019 19:00:17 Error:В данной модели не установлен пользовательский компонент для элемента: ЗД_1, источник: c:\programdata\tekla structures\2017\environments\russia\system\componentcatalog.xml
12.08.2019 19:00:17 Error:В данной модели не установлен пользовательский компонент для элемента: Монтажная петля, источник: c:\programdata\tekla structures\2017\environments\russia\system\componentcatalog.xml
12.08.2019 19:00:17 Error:В данной модели не установлен пользовательский компонент для элемента: Плиты железобетонные ленточных фундаментов ФЛ, источник: c:\programdata\tekla structures\2017\environments\russia\system\componentcatalog.xml
12.08.2019 19:00:17 Error:В данной модели не установлен пользовательский компонент для элемента: Сваи забивные квадратного сечения СН, источник: c:\programdata\tekla structures\2017\environments\russia\system\componentcatalog.xml
12.08.2019 19:00:17 Error:В данной модели не установлен пользовательский компонент для элемента: Каркас плоский вертикальный СП, источник: c:\programdata\tekla structures\2017\environments\russia\system\componentcatalog.xml
12.08.2019 19:00:17 Error:В данной модели не установлен пользовательский компонент для элемента: Блоки бетонные ФБС ФБВ ФБП, источник: c:\programdata\tekla structures\2017\environments\russia\system\componentcatalog.xml
12.08.2019 19:00:17 Error:В данной модели не установлен пользовательский компонент для элемента: Фундаментные болты, источник: c:\programdata\tekla structures\2017\environments\russia\system\componentcatalog.xml
12.08.2019 19:00:17 Error:В данной модели не установлен пользовательский компонент для элемента: Фундаментный болт с пластиной, источник: c:\programdata\tekla structures\2017\environments\russia\system\componentcatalog.xml
