02.08.2019 0:28:25:Main:DPMPrinter started ------------------------------------------------- C:\Program Files\Tekla Structures\2017\nt\bin\applications\tekla\model\DPMPrinter\DPMPrinterCommand.exe
02.08.2019 0:28:25:Main:DllDirectory = 'C:\Program Files\Tekla Structures\2017\\nt\bin\'
02.08.2019 0:28:25:Main:Path = 'C:\Program Files\Tekla Structures\2017\\nt\bin\;C:\Program Files (x86)\Intel\iCLS Client\;C:\Program Files\Intel\iCLS Client\;C:\Windows\system32;C:\Windows;C:\Windows\System32\Wbem;C:\Windows\System32\WindowsPowerShell\v1.0\;C:\Program Files (x86)\Intel\Intel(R) Management Engine Components\DAL;C:\Program Files\Intel\Intel(R) Management Engine Components\DAL;C:\Program Files (x86)\Intel\Intel(R) Management Engine Components\IPT;C:\Program Files\Intel\Intel(R) Management Engine Components\IPT;C:\Program Files (x86)\NVIDIA Corporation\PhysX\Common;C:\Program Files\Common Files\Autodesk Shared\Advance Steel\;C:\WINDOWS\system32;C:\WINDOWS;C:\WINDOWS\System32\Wbem;C:\WINDOWS\System32\WindowsPowerShell\v1.0\;C:\WINDOWS\System32\OpenSSH\;C:\Program Files (x86)\Yarn\bin\;C:\Program Files\nodejs\;C:\Program Files\NVIDIA Corporation\NVIDIA NvDLISR;C:\Program Files\dotnet\;C:\Program Files\Microsoft SQL Server\130\Tools\Binn\;C:\Users\Batman\AppData\Local\Microsoft\WindowsApps;C:\Users\Batman\AppData\Local\Programs\Microsoft VS Code\bin;C:\Users\Batman\AppData\Local\GitHubDesktop\bin;C:\Users\Batman\AppData\Local\Yarn\bin;C:\Users\Batman\AppData\Roaming\npm;C:\Program Files\JetBrains\WebStorm 2018.3.5\bin;;C:\Program Files\Mozilla Firefox;C:\Program Files\Mozilla Firefox'
02.08.2019 0:28:25:Main:Is64BitOS = True
02.08.2019 0:28:25:Main:Is64BitProcess = True
02.08.2019 0:28:31:.ctor:Content attributes searchPaths: C:\TeklaStructuresModels\Олимпроект\Олимпроект(ФОК), C:\TeklaStructuresModels\TEKLA_PROJECT, C:\TeklaStructuresModels\TEKLA, C:\ProgramData\Tekla Structures\2017\\environments\russia\template\settings\, settings, C:\Program Files\Tekla Structures\2017\\nt\bin\..\TplEd\settings
02.08.2019 0:28:31:ParsePropertyFile:Parsing: C:\Program Files\Tekla Structures\2017\\nt\bin\..\TplEd\settings\contentattributes_global.lst
02.08.2019 0:28:32:ParsePropertyFile:Parsing: C:\ProgramData\Tekla Structures\2017\\environments\russia\template\settings\contentattributes_userdefined.lst
02.08.2019 0:32:36:Main:DPMPrinter ended -------------------------------------------------
02.08.2019 0:56:05:Main:DPMPrinter started ------------------------------------------------- C:\Program Files\Tekla Structures\2017\nt\bin\applications\tekla\model\DPMPrinter\DPMPrinterCommand.exe
02.08.2019 0:56:05:Main:DllDirectory = 'C:\Program Files\Tekla Structures\2017\\nt\bin\'
02.08.2019 0:56:05:Main:Path = 'C:\Program Files\Tekla Structures\2017\\nt\bin\;C:\Program Files (x86)\Intel\iCLS Client\;C:\Program Files\Intel\iCLS Client\;C:\Windows\system32;C:\Windows;C:\Windows\System32\Wbem;C:\Windows\System32\WindowsPowerShell\v1.0\;C:\Program Files (x86)\Intel\Intel(R) Management Engine Components\DAL;C:\Program Files\Intel\Intel(R) Management Engine Components\DAL;C:\Program Files (x86)\Intel\Intel(R) Management Engine Components\IPT;C:\Program Files\Intel\Intel(R) Management Engine Components\IPT;C:\Program Files (x86)\NVIDIA Corporation\PhysX\Common;C:\Program Files\Common Files\Autodesk Shared\Advance Steel\;C:\WINDOWS\system32;C:\WINDOWS;C:\WINDOWS\System32\Wbem;C:\WINDOWS\System32\WindowsPowerShell\v1.0\;C:\WINDOWS\System32\OpenSSH\;C:\Program Files (x86)\Yarn\bin\;C:\Program Files\nodejs\;C:\Program Files\NVIDIA Corporation\NVIDIA NvDLISR;C:\Program Files\dotnet\;C:\Program Files\Microsoft SQL Server\130\Tools\Binn\;C:\Users\Batman\AppData\Local\Microsoft\WindowsApps;C:\Users\Batman\AppData\Local\Programs\Microsoft VS Code\bin;C:\Users\Batman\AppData\Local\GitHubDesktop\bin;C:\Users\Batman\AppData\Local\Yarn\bin;C:\Users\Batman\AppData\Roaming\npm;C:\Program Files\JetBrains\WebStorm 2018.3.5\bin;;C:\Program Files\Mozilla Firefox;C:\Program Files\Mozilla Firefox'
02.08.2019 0:56:05:Main:Is64BitOS = True
02.08.2019 0:56:05:Main:Is64BitProcess = True
02.08.2019 0:56:07:.ctor:Content attributes searchPaths: C:\TeklaStructuresModels\Олимпроект\Олимпроект(ФОК), C:\TeklaStructuresModels\TEKLA_PROJECT, C:\TeklaStructuresModels\TEKLA, C:\ProgramData\Tekla Structures\2017\\environments\russia\template\settings\, settings, C:\Program Files\Tekla Structures\2017\\nt\bin\..\TplEd\settings
02.08.2019 0:56:07:ParsePropertyFile:Parsing: C:\Program Files\Tekla Structures\2017\\nt\bin\..\TplEd\settings\contentattributes_global.lst
02.08.2019 0:56:07:ParsePropertyFile:Parsing: C:\ProgramData\Tekla Structures\2017\\environments\russia\template\settings\contentattributes_userdefined.lst
02.08.2019 1:04:07:Main:DPMPrinter ended -------------------------------------------------
02.08.2019 1:04:17:Main:DPMPrinter started ------------------------------------------------- C:\Program Files\Tekla Structures\2017\nt\bin\applications\tekla\model\DPMPrinter\DPMPrinterCommand.exe
02.08.2019 1:04:17:Main:DllDirectory = 'C:\Program Files\Tekla Structures\2017\\nt\bin\'
02.08.2019 1:04:17:Main:Path = 'C:\Program Files\Tekla Structures\2017\\nt\bin\;C:\Program Files (x86)\Intel\iCLS Client\;C:\Program Files\Intel\iCLS Client\;C:\Windows\system32;C:\Windows;C:\Windows\System32\Wbem;C:\Windows\System32\WindowsPowerShell\v1.0\;C:\Program Files (x86)\Intel\Intel(R) Management Engine Components\DAL;C:\Program Files\Intel\Intel(R) Management Engine Components\DAL;C:\Program Files (x86)\Intel\Intel(R) Management Engine Components\IPT;C:\Program Files\Intel\Intel(R) Management Engine Components\IPT;C:\Program Files (x86)\NVIDIA Corporation\PhysX\Common;C:\Program Files\Common Files\Autodesk Shared\Advance Steel\;C:\WINDOWS\system32;C:\WINDOWS;C:\WINDOWS\System32\Wbem;C:\WINDOWS\System32\WindowsPowerShell\v1.0\;C:\WINDOWS\System32\OpenSSH\;C:\Program Files (x86)\Yarn\bin\;C:\Program Files\nodejs\;C:\Program Files\NVIDIA Corporation\NVIDIA NvDLISR;C:\Program Files\dotnet\;C:\Program Files\Microsoft SQL Server\130\Tools\Binn\;C:\Users\Batman\AppData\Local\Microsoft\WindowsApps;C:\Users\Batman\AppData\Local\Programs\Microsoft VS Code\bin;C:\Users\Batman\AppData\Local\GitHubDesktop\bin;C:\Users\Batman\AppData\Local\Yarn\bin;C:\Users\Batman\AppData\Roaming\npm;C:\Program Files\JetBrains\WebStorm 2018.3.5\bin;;C:\Program Files\Mozilla Firefox;C:\Program Files\Mozilla Firefox'
02.08.2019 1:04:17:Main:Is64BitOS = True
02.08.2019 1:04:17:Main:Is64BitProcess = True
02.08.2019 1:04:19:.ctor:Content attributes searchPaths: C:\TeklaStructuresModels\Олимпроект\Олимпроект(ФОК), C:\TeklaStructuresModels\TEKLA_PROJECT, C:\TeklaStructuresModels\TEKLA, C:\ProgramData\Tekla Structures\2017\\environments\russia\template\settings\, settings, C:\Program Files\Tekla Structures\2017\\nt\bin\..\TplEd\settings
02.08.2019 1:04:19:ParsePropertyFile:Parsing: C:\Program Files\Tekla Structures\2017\\nt\bin\..\TplEd\settings\contentattributes_global.lst
02.08.2019 1:04:19:ParsePropertyFile:Parsing: C:\ProgramData\Tekla Structures\2017\\environments\russia\template\settings\contentattributes_userdefined.lst
02.08.2019 1:05:36:Main:DPMPrinter ended -------------------------------------------------
02.08.2019 2:14:24:Main:DPMPrinter started ------------------------------------------------- C:\Program Files\Tekla Structures\2017\nt\bin\applications\tekla\model\DPMPrinter\DPMPrinterCommand.exe
02.08.2019 2:14:24:Main:DllDirectory = 'C:\Program Files\Tekla Structures\2017\\nt\bin\'
02.08.2019 2:14:24:Main:Path = 'C:\Program Files\Tekla Structures\2017\\nt\bin\;C:\Program Files (x86)\Intel\iCLS Client\;C:\Program Files\Intel\iCLS Client\;C:\Windows\system32;C:\Windows;C:\Windows\System32\Wbem;C:\Windows\System32\WindowsPowerShell\v1.0\;C:\Program Files (x86)\Intel\Intel(R) Management Engine Components\DAL;C:\Program Files\Intel\Intel(R) Management Engine Components\DAL;C:\Program Files (x86)\Intel\Intel(R) Management Engine Components\IPT;C:\Program Files\Intel\Intel(R) Management Engine Components\IPT;C:\Program Files (x86)\NVIDIA Corporation\PhysX\Common;C:\Program Files\Common Files\Autodesk Shared\Advance Steel\;C:\WINDOWS\system32;C:\WINDOWS;C:\WINDOWS\System32\Wbem;C:\WINDOWS\System32\WindowsPowerShell\v1.0\;C:\WINDOWS\System32\OpenSSH\;C:\Program Files (x86)\Yarn\bin\;C:\Program Files\nodejs\;C:\Program Files\NVIDIA Corporation\NVIDIA NvDLISR;C:\Program Files\dotnet\;C:\Program Files\Microsoft SQL Server\130\Tools\Binn\;C:\Users\Batman\AppData\Local\Microsoft\WindowsApps;C:\Users\Batman\AppData\Local\Programs\Microsoft VS Code\bin;C:\Users\Batman\AppData\Local\GitHubDesktop\bin;C:\Users\Batman\AppData\Local\Yarn\bin;C:\Users\Batman\AppData\Roaming\npm;C:\Program Files\JetBrains\WebStorm 2018.3.5\bin;;C:\Program Files\Mozilla Firefox;C:\Program Files\Mozilla Firefox'
02.08.2019 2:14:24:Main:Is64BitOS = True
02.08.2019 2:14:24:Main:Is64BitProcess = True
02.08.2019 2:14:26:.ctor:Content attributes searchPaths: C:\TeklaStructuresModels\Олимпроект\Олимпроект(ФОК), C:\TeklaStructuresModels\TEKLA_PROJECT, C:\TeklaStructuresModels\TEKLA, C:\ProgramData\Tekla Structures\2017\\environments\russia\template\settings\, settings, C:\Program Files\Tekla Structures\2017\\nt\bin\..\TplEd\settings
02.08.2019 2:14:26:ParsePropertyFile:Parsing: C:\Program Files\Tekla Structures\2017\\nt\bin\..\TplEd\settings\contentattributes_global.lst
02.08.2019 2:14:26:ParsePropertyFile:Parsing: C:\ProgramData\Tekla Structures\2017\\environments\russia\template\settings\contentattributes_userdefined.lst
02.08.2019 2:17:28:Main:DPMPrinter ended -------------------------------------------------
02.08.2019 18:18:44:Main:DPMPrinter started ------------------------------------------------- C:\Program Files\Tekla Structures\2017\nt\bin\applications\tekla\model\DPMPrinter\DPMPrinterCommand.exe
02.08.2019 18:18:44:Main:DllDirectory = 'C:\Program Files\Tekla Structures\2017\\nt\bin\'
02.08.2019 18:18:44:Main:Path = 'C:\Program Files\Tekla Structures\2017\\nt\bin\;C:\Program Files (x86)\Intel\iCLS Client\;C:\Program Files\Intel\iCLS Client\;C:\Windows\system32;C:\Windows;C:\Windows\System32\Wbem;C:\Windows\System32\WindowsPowerShell\v1.0\;C:\Program Files (x86)\Intel\Intel(R) Management Engine Components\DAL;C:\Program Files\Intel\Intel(R) Management Engine Components\DAL;C:\Program Files (x86)\Intel\Intel(R) Management Engine Components\IPT;C:\Program Files\Intel\Intel(R) Management Engine Components\IPT;C:\Program Files (x86)\NVIDIA Corporation\PhysX\Common;C:\Program Files\Common Files\Autodesk Shared\Advance Steel\;C:\WINDOWS\system32;C:\WINDOWS;C:\WINDOWS\System32\Wbem;C:\WINDOWS\System32\WindowsPowerShell\v1.0\;C:\WINDOWS\System32\OpenSSH\;C:\Program Files (x86)\Yarn\bin\;C:\Program Files\nodejs\;C:\Program Files\NVIDIA Corporation\NVIDIA NvDLISR;C:\Program Files\dotnet\;C:\Program Files\Microsoft SQL Server\130\Tools\Binn\;C:\Users\Batman\AppData\Local\Microsoft\WindowsApps;C:\Users\Batman\AppData\Local\Programs\Microsoft VS Code\bin;C:\Users\Batman\AppData\Local\GitHubDesktop\bin;C:\Users\Batman\AppData\Local\Yarn\bin;C:\Users\Batman\AppData\Roaming\npm;C:\Program Files\JetBrains\WebStorm 2018.3.5\bin;'
02.08.2019 18:18:44:Main:Is64BitOS = True
02.08.2019 18:18:44:Main:Is64BitProcess = True
02.08.2019 18:18:46:.ctor:Content attributes searchPaths: C:\TeklaStructuresModels\Олимпроект\Олимпроект(ФОК), C:\TeklaStructuresModels\TEKLA_PROJECT, C:\TeklaStructuresModels\TEKLA, C:\ProgramData\Tekla Structures\2017\\environments\russia\template\settings\, settings, C:\Program Files\Tekla Structures\2017\\nt\bin\..\TplEd\settings
02.08.2019 18:18:46:ParsePropertyFile:Parsing: C:\Program Files\Tekla Structures\2017\\nt\bin\..\TplEd\settings\contentattributes_global.lst
02.08.2019 18:18:46:ParsePropertyFile:Parsing: C:\ProgramData\Tekla Structures\2017\\environments\russia\template\settings\contentattributes_userdefined.lst
02.08.2019 18:20:56:Main:DPMPrinter ended -------------------------------------------------
04.08.2019 15:11:57:Main:DPMPrinter started ------------------------------------------------- C:\Program Files\Tekla Structures\2017\nt\bin\applications\tekla\model\DPMPrinter\DPMPrinterCommand.exe
04.08.2019 15:11:57:Main:DllDirectory = 'C:\Program Files\Tekla Structures\2017\\nt\bin\'
04.08.2019 15:11:57:Main:Path = 'C:\Program Files\Tekla Structures\2017\\nt\bin\;C:\Program Files (x86)\Intel\iCLS Client\;C:\Program Files\Intel\iCLS Client\;C:\Windows\system32;C:\Windows;C:\Windows\System32\Wbem;C:\Windows\System32\WindowsPowerShell\v1.0\;C:\Program Files (x86)\Intel\Intel(R) Management Engine Components\DAL;C:\Program Files\Intel\Intel(R) Management Engine Components\DAL;C:\Program Files (x86)\Intel\Intel(R) Management Engine Components\IPT;C:\Program Files\Intel\Intel(R) Management Engine Components\IPT;C:\Program Files (x86)\NVIDIA Corporation\PhysX\Common;C:\Program Files\Common Files\Autodesk Shared\Advance Steel\;C:\WINDOWS\system32;C:\WINDOWS;C:\WINDOWS\System32\Wbem;C:\WINDOWS\System32\WindowsPowerShell\v1.0\;C:\WINDOWS\System32\OpenSSH\;C:\Program Files (x86)\Yarn\bin\;C:\Program Files\nodejs\;C:\Program Files\NVIDIA Corporation\NVIDIA NvDLISR;C:\Program Files\dotnet\;C:\Program Files\Microsoft SQL Server\130\Tools\Binn\;C:\Users\Batman\AppData\Local\Microsoft\WindowsApps;C:\Users\Batman\AppData\Local\Programs\Microsoft VS Code\bin;C:\Users\Batman\AppData\Local\GitHubDesktop\bin;C:\Users\Batman\AppData\Local\Yarn\bin;C:\Users\Batman\AppData\Roaming\npm;C:\Program Files\JetBrains\WebStorm 2018.3.5\bin;;C:\Program Files\Mozilla Firefox;C:\Program Files\Mozilla Firefox'
04.08.2019 15:11:57:Main:Is64BitOS = True
04.08.2019 15:11:57:Main:Is64BitProcess = True
04.08.2019 15:11:59:.ctor:Content attributes searchPaths: C:\TeklaStructuresModels\Олимпроект\Олимпроект(ФОК), \\25.98.58.137\TeklaStructuresModels\TEKLA_PROJECT, \\25.98.58.137\TeklaStructuresModels\TEKLA, C:\ProgramData\Tekla Structures\2017\\environments\russia\template\settings\, settings, C:\Program Files\Tekla Structures\2017\\nt\bin\..\TplEd\settings
04.08.2019 15:11:59:ParsePropertyFile:Parsing: C:\Program Files\Tekla Structures\2017\\nt\bin\..\TplEd\settings\contentattributes_global.lst
04.08.2019 15:11:59:ParsePropertyFile:Parsing: C:\ProgramData\Tekla Structures\2017\\environments\russia\template\settings\contentattributes_userdefined.lst
04.08.2019 15:13:33:Main:DPMPrinter ended -------------------------------------------------
04.08.2019 15:13:49:Main:DPMPrinter started ------------------------------------------------- C:\Program Files\Tekla Structures\2017\nt\bin\applications\tekla\model\DPMPrinter\DPMPrinterCommand.exe
04.08.2019 15:13:50:Main:DllDirectory = 'C:\Program Files\Tekla Structures\2017\\nt\bin\'
04.08.2019 15:13:50:Main:Path = 'C:\Program Files\Tekla Structures\2017\\nt\bin\;C:\Program Files (x86)\Intel\iCLS Client\;C:\Program Files\Intel\iCLS Client\;C:\Windows\system32;C:\Windows;C:\Windows\System32\Wbem;C:\Windows\System32\WindowsPowerShell\v1.0\;C:\Program Files (x86)\Intel\Intel(R) Management Engine Components\DAL;C:\Program Files\Intel\Intel(R) Management Engine Components\DAL;C:\Program Files (x86)\Intel\Intel(R) Management Engine Components\IPT;C:\Program Files\Intel\Intel(R) Management Engine Components\IPT;C:\Program Files (x86)\NVIDIA Corporation\PhysX\Common;C:\Program Files\Common Files\Autodesk Shared\Advance Steel\;C:\WINDOWS\system32;C:\WINDOWS;C:\WINDOWS\System32\Wbem;C:\WINDOWS\System32\WindowsPowerShell\v1.0\;C:\WINDOWS\System32\OpenSSH\;C:\Program Files (x86)\Yarn\bin\;C:\Program Files\nodejs\;C:\Program Files\NVIDIA Corporation\NVIDIA NvDLISR;C:\Program Files\dotnet\;C:\Program Files\Microsoft SQL Server\130\Tools\Binn\;C:\Users\Batman\AppData\Local\Microsoft\WindowsApps;C:\Users\Batman\AppData\Local\Programs\Microsoft VS Code\bin;C:\Users\Batman\AppData\Local\GitHubDesktop\bin;C:\Users\Batman\AppData\Local\Yarn\bin;C:\Users\Batman\AppData\Roaming\npm;C:\Program Files\JetBrains\WebStorm 2018.3.5\bin;;C:\Program Files\Mozilla Firefox;C:\Program Files\Mozilla Firefox'
04.08.2019 15:13:50:Main:Is64BitOS = True
04.08.2019 15:13:50:Main:Is64BitProcess = True
04.08.2019 15:13:51:.ctor:Content attributes searchPaths: C:\TeklaStructuresModels\Олимпроект\Олимпроект(ФОК), \\25.98.58.137\TeklaStructuresModels\TEKLA_PROJECT, \\25.98.58.137\TeklaStructuresModels\TEKLA, C:\ProgramData\Tekla Structures\2017\\environments\russia\template\settings\, settings, C:\Program Files\Tekla Structures\2017\\nt\bin\..\TplEd\settings
04.08.2019 15:13:51:ParsePropertyFile:Parsing: C:\Program Files\Tekla Structures\2017\\nt\bin\..\TplEd\settings\contentattributes_global.lst
04.08.2019 15:13:52:ParsePropertyFile:Parsing: C:\ProgramData\Tekla Structures\2017\\environments\russia\template\settings\contentattributes_userdefined.lst
04.08.2019 15:14:57:Main:DPMPrinter ended -------------------------------------------------
04.08.2019 19:23:05:Main:DPMPrinter started ------------------------------------------------- C:\Program Files\Tekla Structures\2017\nt\bin\applications\tekla\model\DPMPrinter\DPMPrinterCommand.exe
04.08.2019 19:23:05:Main:DllDirectory = 'C:\Program Files\Tekla Structures\2017\\nt\bin\'
04.08.2019 19:23:05:Main:Path = 'C:\Program Files\Tekla Structures\2017\\nt\bin\;C:\Program Files (x86)\Intel\iCLS Client\;C:\Program Files\Intel\iCLS Client\;C:\Windows\system32;C:\Windows;C:\Windows\System32\Wbem;C:\Windows\System32\WindowsPowerShell\v1.0\;C:\Program Files (x86)\Intel\Intel(R) Management Engine Components\DAL;C:\Program Files\Intel\Intel(R) Management Engine Components\DAL;C:\Program Files (x86)\Intel\Intel(R) Management Engine Components\IPT;C:\Program Files\Intel\Intel(R) Management Engine Components\IPT;C:\Program Files (x86)\NVIDIA Corporation\PhysX\Common;C:\Program Files\Common Files\Autodesk Shared\Advance Steel\;C:\WINDOWS\system32;C:\WINDOWS;C:\WINDOWS\System32\Wbem;C:\WINDOWS\System32\WindowsPowerShell\v1.0\;C:\WINDOWS\System32\OpenSSH\;C:\Program Files (x86)\Yarn\bin\;C:\Program Files\nodejs\;C:\Program Files\NVIDIA Corporation\NVIDIA NvDLISR;C:\Program Files\dotnet\;C:\Program Files\Microsoft SQL Server\130\Tools\Binn\;C:\Users\Batman\AppData\Local\Microsoft\WindowsApps;C:\Users\Batman\AppData\Local\Programs\Microsoft VS Code\bin;C:\Users\Batman\AppData\Local\GitHubDesktop\bin;C:\Users\Batman\AppData\Local\Yarn\bin;C:\Users\Batman\AppData\Roaming\npm;C:\Program Files\JetBrains\WebStorm 2018.3.5\bin;C:\Program Files\Mozilla Firefox;C:\Program Files\Mozilla Firefox'
04.08.2019 19:23:05:Main:Is64BitOS = True
04.08.2019 19:23:05:Main:Is64BitProcess = True
04.08.2019 19:23:08:.ctor:Content attributes searchPaths: C:\TeklaStructuresModels\Олимпроект\Олимпроект(ФОК), \\25.98.58.137\TeklaStructuresModels\TEKLA_PROJECT, \\25.98.58.137\TeklaStructuresModels\TEKLA, C:\ProgramData\Tekla Structures\2017\\environments\russia\template\settings\, settings, C:\Program Files\Tekla Structures\2017\\nt\bin\..\TplEd\settings
04.08.2019 19:23:08:ParsePropertyFile:Parsing: C:\Program Files\Tekla Structures\2017\\nt\bin\..\TplEd\settings\contentattributes_global.lst
04.08.2019 19:23:08:ParsePropertyFile:Parsing: C:\ProgramData\Tekla Structures\2017\\environments\russia\template\settings\contentattributes_userdefined.lst
04.08.2019 19:23:33:Main:DPMPrinter ended -------------------------------------------------
04.08.2019 23:33:11:Main:DPMPrinter started ------------------------------------------------- C:\Program Files\Tekla Structures\2017\nt\bin\applications\tekla\model\DPMPrinter\DPMPrinterCommand.exe
04.08.2019 23:33:11:Main:DllDirectory = 'C:\Program Files\Tekla Structures\2017\\nt\bin\'
04.08.2019 23:33:11:Main:Path = 'C:\Program Files\Tekla Structures\2017\\nt\bin\;C:\Program Files (x86)\Intel\iCLS Client\;C:\Program Files\Intel\iCLS Client\;C:\Windows\system32;C:\Windows;C:\Windows\System32\Wbem;C:\Windows\System32\WindowsPowerShell\v1.0\;C:\Program Files (x86)\Intel\Intel(R) Management Engine Components\DAL;C:\Program Files\Intel\Intel(R) Management Engine Components\DAL;C:\Program Files (x86)\Intel\Intel(R) Management Engine Components\IPT;C:\Program Files\Intel\Intel(R) Management Engine Components\IPT;C:\Program Files (x86)\NVIDIA Corporation\PhysX\Common;C:\Program Files\Common Files\Autodesk Shared\Advance Steel\;C:\WINDOWS\system32;C:\WINDOWS;C:\WINDOWS\System32\Wbem;C:\WINDOWS\System32\WindowsPowerShell\v1.0\;C:\WINDOWS\System32\OpenSSH\;C:\Program Files (x86)\Yarn\bin\;C:\Program Files\nodejs\;C:\Program Files\NVIDIA Corporation\NVIDIA NvDLISR;C:\Program Files\dotnet\;C:\Program Files\Microsoft SQL Server\130\Tools\Binn\;C:\Users\Batman\AppData\Local\Microsoft\WindowsApps;C:\Users\Batman\AppData\Local\Programs\Microsoft VS Code\bin;C:\Users\Batman\AppData\Local\GitHubDesktop\bin;C:\Users\Batman\AppData\Local\Yarn\bin;C:\Users\Batman\AppData\Roaming\npm;C:\Program Files\JetBrains\WebStorm 2018.3.5\bin;C:\Program Files\Mozilla Firefox;C:\Program Files\Mozilla Firefox'
04.08.2019 23:33:11:Main:Is64BitOS = True
04.08.2019 23:33:11:Main:Is64BitProcess = True
04.08.2019 23:33:13:.ctor:Content attributes searchPaths: C:\TeklaStructuresModels\Олимпроект\Олимпроект(ФОК), \\25.98.58.137\TeklaStructuresModels\TEKLA_PROJECT, \\25.98.58.137\TeklaStructuresModels\TEKLA, C:\ProgramData\Tekla Structures\2017\\environments\russia\template\settings\, settings, C:\Program Files\Tekla Structures\2017\\nt\bin\..\TplEd\settings
04.08.2019 23:33:13:ParsePropertyFile:Parsing: C:\Program Files\Tekla Structures\2017\\nt\bin\..\TplEd\settings\contentattributes_global.lst
04.08.2019 23:33:13:ParsePropertyFile:Parsing: C:\ProgramData\Tekla Structures\2017\\environments\russia\template\settings\contentattributes_userdefined.lst
04.08.2019 23:36:28:Main:DPMPrinter ended -------------------------------------------------
04.08.2019 23:36:36:Main:DPMPrinter started ------------------------------------------------- C:\Program Files\Tekla Structures\2017\nt\bin\applications\tekla\model\DPMPrinter\DPMPrinterCommand.exe
04.08.2019 23:36:36:Main:DllDirectory = 'C:\Program Files\Tekla Structures\2017\\nt\bin\'
04.08.2019 23:36:36:Main:Path = 'C:\Program Files\Tekla Structures\2017\\nt\bin\;C:\Program Files (x86)\Intel\iCLS Client\;C:\Program Files\Intel\iCLS Client\;C:\Windows\system32;C:\Windows;C:\Windows\System32\Wbem;C:\Windows\System32\WindowsPowerShell\v1.0\;C:\Program Files (x86)\Intel\Intel(R) Management Engine Components\DAL;C:\Program Files\Intel\Intel(R) Management Engine Components\DAL;C:\Program Files (x86)\Intel\Intel(R) Management Engine Components\IPT;C:\Program Files\Intel\Intel(R) Management Engine Components\IPT;C:\Program Files (x86)\NVIDIA Corporation\PhysX\Common;C:\Program Files\Common Files\Autodesk Shared\Advance Steel\;C:\WINDOWS\system32;C:\WINDOWS;C:\WINDOWS\System32\Wbem;C:\WINDOWS\System32\WindowsPowerShell\v1.0\;C:\WINDOWS\System32\OpenSSH\;C:\Program Files (x86)\Yarn\bin\;C:\Program Files\nodejs\;C:\Program Files\NVIDIA Corporation\NVIDIA NvDLISR;C:\Program Files\dotnet\;C:\Program Files\Microsoft SQL Server\130\Tools\Binn\;C:\Users\Batman\AppData\Local\Microsoft\WindowsApps;C:\Users\Batman\AppData\Local\Programs\Microsoft VS Code\bin;C:\Users\Batman\AppData\Local\GitHubDesktop\bin;C:\Users\Batman\AppData\Local\Yarn\bin;C:\Users\Batman\AppData\Roaming\npm;C:\Program Files\JetBrains\WebStorm 2018.3.5\bin;C:\Program Files\Mozilla Firefox;C:\Program Files\Mozilla Firefox'
04.08.2019 23:36:36:Main:Is64BitOS = True
04.08.2019 23:36:36:Main:Is64BitProcess = True
04.08.2019 23:36:38:.ctor:Content attributes searchPaths: C:\TeklaStructuresModels\Олимпроект\Олимпроект(ФОК), \\25.98.58.137\TeklaStructuresModels\TEKLA_PROJECT, \\25.98.58.137\TeklaStructuresModels\TEKLA, C:\ProgramData\Tekla Structures\2017\\environments\russia\template\settings\, settings, C:\Program Files\Tekla Structures\2017\\nt\bin\..\TplEd\settings
04.08.2019 23:36:38:ParsePropertyFile:Parsing: C:\Program Files\Tekla Structures\2017\\nt\bin\..\TplEd\settings\contentattributes_global.lst
04.08.2019 23:36:38:ParsePropertyFile:Parsing: C:\ProgramData\Tekla Structures\2017\\environments\russia\template\settings\contentattributes_userdefined.lst
04.08.2019 23:38:35:Main:DPMPrinter ended -------------------------------------------------
08.08.2019 19:09:57:Main:DPMPrinter started ------------------------------------------------- C:\Program Files\Tekla Structures\2017\nt\bin\applications\tekla\model\DPMPrinter\DPMPrinterCommand.exe
08.08.2019 19:09:57:Main:DllDirectory = 'C:\Program Files\Tekla Structures\2017\\nt\bin\'
08.08.2019 19:09:57:Main:Path = 'C:\Program Files\Tekla Structures\2017\\nt\bin\;C:\Program Files (x86)\Intel\iCLS Client\;C:\Program Files\Intel\iCLS Client\;C:\Windows\system32;C:\Windows;C:\Windows\System32\Wbem;C:\Windows\System32\WindowsPowerShell\v1.0\;C:\Program Files (x86)\Intel\Intel(R) Management Engine Components\DAL;C:\Program Files\Intel\Intel(R) Management Engine Components\DAL;C:\Program Files (x86)\Intel\Intel(R) Management Engine Components\IPT;C:\Program Files\Intel\Intel(R) Management Engine Components\IPT;C:\Program Files (x86)\NVIDIA Corporation\PhysX\Common;C:\Program Files\Common Files\Autodesk Shared\Advance Steel\;C:\WINDOWS\system32;C:\WINDOWS;C:\WINDOWS\System32\Wbem;C:\WINDOWS\System32\WindowsPowerShell\v1.0\;C:\WINDOWS\System32\OpenSSH\;C:\Program Files (x86)\Yarn\bin\;C:\Program Files\nodejs\;C:\Program Files\NVIDIA Corporation\NVIDIA NvDLISR;C:\Program Files\dotnet\;C:\Program Files\Microsoft SQL Server\130\Tools\Binn\;C:\Users\Batman\AppData\Local\Microsoft\WindowsApps;C:\Users\Batman\AppData\Local\Programs\Microsoft VS Code\bin;C:\Users\Batman\AppData\Local\GitHubDesktop\bin;C:\Users\Batman\AppData\Local\Yarn\bin;C:\Users\Batman\AppData\Roaming\npm;C:\Program Files\JetBrains\WebStorm 2018.3.5\bin;'
08.08.2019 19:09:57:Main:Is64BitOS = True
08.08.2019 19:09:57:Main:Is64BitProcess = True
08.08.2019 19:10:03:.ctor:Content attributes searchPaths: C:\TeklaStructuresModels\Олимпроект\Олимпроект(ФОК), \\25.98.58.137\TeklaStructuresModels\TEKLA_PROJECT, \\25.98.58.137\TeklaStructuresModels\TEKLA, C:\ProgramData\Tekla Structures\2017\\environments\russia\template\settings\, settings, C:\Program Files\Tekla Structures\2017\\nt\bin\..\TplEd\settings
08.08.2019 19:10:03:ParsePropertyFile:Parsing: C:\Program Files\Tekla Structures\2017\\nt\bin\..\TplEd\settings\contentattributes_global.lst
08.08.2019 19:10:03:ParsePropertyFile:Parsing: C:\ProgramData\Tekla Structures\2017\\environments\russia\template\settings\contentattributes_userdefined.lst
08.08.2019 19:16:10:Main:DPMPrinter ended -------------------------------------------------
08.08.2019 19:16:26:Main:DPMPrinter started ------------------------------------------------- C:\Program Files\Tekla Structures\2017\nt\bin\applications\tekla\model\DPMPrinter\DPMPrinterCommand.exe
08.08.2019 19:16:26:Main:DllDirectory = 'C:\Program Files\Tekla Structures\2017\\nt\bin\'
08.08.2019 19:16:26:Main:Path = 'C:\Program Files\Tekla Structures\2017\\nt\bin\;C:\Program Files (x86)\Intel\iCLS Client\;C:\Program Files\Intel\iCLS Client\;C:\Windows\system32;C:\Windows;C:\Windows\System32\Wbem;C:\Windows\System32\WindowsPowerShell\v1.0\;C:\Program Files (x86)\Intel\Intel(R) Management Engine Components\DAL;C:\Program Files\Intel\Intel(R) Management Engine Components\DAL;C:\Program Files (x86)\Intel\Intel(R) Management Engine Components\IPT;C:\Program Files\Intel\Intel(R) Management Engine Components\IPT;C:\Program Files (x86)\NVIDIA Corporation\PhysX\Common;C:\Program Files\Common Files\Autodesk Shared\Advance Steel\;C:\WINDOWS\system32;C:\WINDOWS;C:\WINDOWS\System32\Wbem;C:\WINDOWS\System32\WindowsPowerShell\v1.0\;C:\WINDOWS\System32\OpenSSH\;C:\Program Files (x86)\Yarn\bin\;C:\Program Files\nodejs\;C:\Program Files\NVIDIA Corporation\NVIDIA NvDLISR;C:\Program Files\dotnet\;C:\Program Files\Microsoft SQL Server\130\Tools\Binn\;C:\Users\Batman\AppData\Local\Microsoft\WindowsApps;C:\Users\Batman\AppData\Local\Programs\Microsoft VS Code\bin;C:\Users\Batman\AppData\Local\GitHubDesktop\bin;C:\Users\Batman\AppData\Local\Yarn\bin;C:\Users\Batman\AppData\Roaming\npm;C:\Program Files\JetBrains\WebStorm 2018.3.5\bin;'
08.08.2019 19:16:26:Main:Is64BitOS = True
08.08.2019 19:16:26:Main:Is64BitProcess = True
08.08.2019 19:16:28:.ctor:Content attributes searchPaths: C:\TeklaStructuresModels\Олимпроект\Олимпроект(ФОК), \\25.98.58.137\TeklaStructuresModels\TEKLA_PROJECT, \\25.98.58.137\TeklaStructuresModels\TEKLA, C:\ProgramData\Tekla Structures\2017\\environments\russia\template\settings\, settings, C:\Program Files\Tekla Structures\2017\\nt\bin\..\TplEd\settings
08.08.2019 19:16:28:ParsePropertyFile:Parsing: C:\Program Files\Tekla Structures\2017\\nt\bin\..\TplEd\settings\contentattributes_global.lst
08.08.2019 19:16:28:ParsePropertyFile:Parsing: C:\ProgramData\Tekla Structures\2017\\environments\russia\template\settings\contentattributes_userdefined.lst
08.08.2019 19:16:55:DrawPolygon:Печать в PDF: аппаратные кисти не поддерживаются.
08.08.2019 19:16:55:DrawPolygon:Печать в PDF: аппаратные кисти не поддерживаются.
08.08.2019 19:16:55:DrawPolygon:Печать в PDF: аппаратные кисти не поддерживаются.
08.08.2019 19:17:15:DrawPolygon:Печать в PDF: аппаратные кисти не поддерживаются.
08.08.2019 19:17:15:DrawPolygon:Печать в PDF: аппаратные кисти не поддерживаются.
08.08.2019 19:17:15:DrawPolygon:Печать в PDF: аппаратные кисти не поддерживаются.
08.08.2019 19:20:56:Main:DPMPrinter ended -------------------------------------------------
08.08.2019 19:25:40:Main:DPMPrinter started ------------------------------------------------- C:\Program Files\Tekla Structures\2017\nt\bin\applications\tekla\model\DPMPrinter\DPMPrinterCommand.exe
08.08.2019 19:25:40:Main:DllDirectory = 'C:\Program Files\Tekla Structures\2017\\nt\bin\'
08.08.2019 19:25:40:Main:Path = 'C:\Program Files\Tekla Structures\2017\\nt\bin\;C:\Program Files (x86)\Intel\iCLS Client\;C:\Program Files\Intel\iCLS Client\;C:\Windows\system32;C:\Windows;C:\Windows\System32\Wbem;C:\Windows\System32\WindowsPowerShell\v1.0\;C:\Program Files (x86)\Intel\Intel(R) Management Engine Components\DAL;C:\Program Files\Intel\Intel(R) Management Engine Components\DAL;C:\Program Files (x86)\Intel\Intel(R) Management Engine Components\IPT;C:\Program Files\Intel\Intel(R) Management Engine Components\IPT;C:\Program Files (x86)\NVIDIA Corporation\PhysX\Common;C:\Program Files\Common Files\Autodesk Shared\Advance Steel\;C:\WINDOWS\system32;C:\WINDOWS;C:\WINDOWS\System32\Wbem;C:\WINDOWS\System32\WindowsPowerShell\v1.0\;C:\WINDOWS\System32\OpenSSH\;C:\Program Files (x86)\Yarn\bin\;C:\Program Files\nodejs\;C:\Program Files\NVIDIA Corporation\NVIDIA NvDLISR;C:\Program Files\dotnet\;C:\Program Files\Microsoft SQL Server\130\Tools\Binn\;C:\Users\Batman\AppData\Local\Microsoft\WindowsApps;C:\Users\Batman\AppData\Local\Programs\Microsoft VS Code\bin;C:\Users\Batman\AppData\Local\GitHubDesktop\bin;C:\Users\Batman\AppData\Local\Yarn\bin;C:\Users\Batman\AppData\Roaming\npm;C:\Program Files\JetBrains\WebStorm 2018.3.5\bin;'
08.08.2019 19:25:40:Main:Is64BitOS = True
08.08.2019 19:25:40:Main:Is64BitProcess = True
08.08.2019 19:25:42:.ctor:Content attributes searchPaths: C:\TeklaStructuresModels\Олимпроект\Олимпроект(ФОК), \\25.98.58.137\TeklaStructuresModels\TEKLA_PROJECT, \\25.98.58.137\TeklaStructuresModels\TEKLA, C:\ProgramData\Tekla Structures\2017\\environments\russia\template\settings\, settings, C:\Program Files\Tekla Structures\2017\\nt\bin\..\TplEd\settings
08.08.2019 19:25:42:ParsePropertyFile:Parsing: C:\Program Files\Tekla Structures\2017\\nt\bin\..\TplEd\settings\contentattributes_global.lst
08.08.2019 19:25:42:ParsePropertyFile:Parsing: C:\ProgramData\Tekla Structures\2017\\environments\russia\template\settings\contentattributes_userdefined.lst
08.08.2019 19:26:41:Main:DPMPrinter ended -------------------------------------------------
10.08.2019 12:46:55:Main:DPMPrinter started ------------------------------------------------- C:\Program Files\Tekla Structures\2017\nt\bin\applications\tekla\model\DPMPrinter\DPMPrinterCommand.exe
10.08.2019 12:46:55:Main:DllDirectory = 'C:\Program Files\Tekla Structures\2017\\nt\bin\'
10.08.2019 12:46:55:Main:Path = 'C:\Program Files\Tekla Structures\2017\\nt\bin\;C:\Program Files (x86)\Intel\iCLS Client\;C:\Program Files\Intel\iCLS Client\;C:\Windows\system32;C:\Windows;C:\Windows\System32\Wbem;C:\Windows\System32\WindowsPowerShell\v1.0\;C:\Program Files (x86)\Intel\Intel(R) Management Engine Components\DAL;C:\Program Files\Intel\Intel(R) Management Engine Components\DAL;C:\Program Files (x86)\Intel\Intel(R) Management Engine Components\IPT;C:\Program Files\Intel\Intel(R) Management Engine Components\IPT;C:\Program Files (x86)\NVIDIA Corporation\PhysX\Common;C:\Program Files\Common Files\Autodesk Shared\Advance Steel\;C:\WINDOWS\system32;C:\WINDOWS;C:\WINDOWS\System32\Wbem;C:\WINDOWS\System32\WindowsPowerShell\v1.0\;C:\WINDOWS\System32\OpenSSH\;C:\Program Files (x86)\Yarn\bin\;C:\Program Files\nodejs\;C:\Program Files\NVIDIA Corporation\NVIDIA NvDLISR;C:\Program Files\dotnet\;C:\Program Files\Microsoft SQL Server\130\Tools\Binn\;C:\Users\Batman\AppData\Local\Microsoft\WindowsApps;C:\Users\Batman\AppData\Local\Programs\Microsoft VS Code\bin;C:\Users\Batman\AppData\Local\GitHubDesktop\bin;C:\Users\Batman\AppData\Local\Yarn\bin;C:\Users\Batman\AppData\Roaming\npm;C:\Program Files\JetBrains\WebStorm 2018.3.5\bin;'
10.08.2019 12:46:55:Main:Is64BitOS = True
10.08.2019 12:46:55:Main:Is64BitProcess = True
10.08.2019 12:47:02:.ctor:Content attributes searchPaths: C:\TeklaStructuresModels\Олимпроект\Олимпроект(ФОК), \\25.98.58.137\TeklaStructuresModels\TEKLA_PROJECT, \\25.98.58.137\TeklaStructuresModels\TEKLA, C:\ProgramData\Tekla Structures\2017\\environments\russia\template\settings\, settings, C:\Program Files\Tekla Structures\2017\\nt\bin\..\TplEd\settings
10.08.2019 12:47:02:ParsePropertyFile:Parsing: C:\Program Files\Tekla Structures\2017\\nt\bin\..\TplEd\settings\contentattributes_global.lst
10.08.2019 12:47:03:ParsePropertyFile:Parsing: C:\ProgramData\Tekla Structures\2017\\environments\russia\template\settings\contentattributes_userdefined.lst
10.08.2019 12:58:16:Main:DPMPrinter ended -------------------------------------------------
13.08.2019 22:54:54:Main:DPMPrinter started ------------------------------------------------- C:\Program Files\Tekla Structures\2017\nt\bin\applications\tekla\model\DPMPrinter\DPMPrinterCommand.exe
13.08.2019 22:54:54:Main:DllDirectory = 'C:\Program Files\Tekla Structures\2017\\nt\bin\'
13.08.2019 22:54:54:Main:Path = 'C:\Program Files\Tekla Structures\2017\\nt\bin\;C:\Program Files (x86)\Intel\iCLS Client\;C:\Program Files\Intel\iCLS Client\;C:\Windows\system32;C:\Windows;C:\Windows\System32\Wbem;C:\Windows\System32\WindowsPowerShell\v1.0\;C:\Program Files (x86)\Intel\Intel(R) Management Engine Components\DAL;C:\Program Files\Intel\Intel(R) Management Engine Components\DAL;C:\Program Files (x86)\Intel\Intel(R) Management Engine Components\IPT;C:\Program Files\Intel\Intel(R) Management Engine Components\IPT;C:\Program Files (x86)\NVIDIA Corporation\PhysX\Common;C:\Program Files\Common Files\Autodesk Shared\Advance Steel\;C:\WINDOWS\system32;C:\WINDOWS;C:\WINDOWS\System32\Wbem;C:\WINDOWS\System32\WindowsPowerShell\v1.0\;C:\WINDOWS\System32\OpenSSH\;C:\Program Files (x86)\Yarn\bin\;C:\Program Files\nodejs\;C:\Program Files\NVIDIA Corporation\NVIDIA NvDLISR;C:\Program Files\dotnet\;C:\Program Files\Microsoft SQL Server\130\Tools\Binn\;C:\Users\Batman\AppData\Local\Microsoft\WindowsApps;C:\Users\Batman\AppData\Local\Programs\Microsoft VS Code\bin;C:\Users\Batman\AppData\Local\GitHubDesktop\bin;C:\Users\Batman\AppData\Local\Yarn\bin;C:\Users\Batman\AppData\Roaming\npm;C:\Program Files\JetBrains\WebStorm 2018.3.5\bin;'
13.08.2019 22:54:54:Main:Is64BitOS = True
13.08.2019 22:54:54:Main:Is64BitProcess = True
13.08.2019 22:54:58:.ctor:Content attributes searchPaths: C:\TeklaStructuresModels\Олимпроект\Олимпроект(ФОК), \\25.98.58.137\TeklaStructuresModels\TEKLA_PROJECT, \\25.98.58.137\TeklaStructuresModels\TEKLA, C:\ProgramData\Tekla Structures\2017\\environments\russia\template\settings\, settings, C:\Program Files\Tekla Structures\2017\\nt\bin\..\TplEd\settings
13.08.2019 22:54:58:ParsePropertyFile:Parsing: C:\Program Files\Tekla Structures\2017\\nt\bin\..\TplEd\settings\contentattributes_global.lst
13.08.2019 22:54:58:ParsePropertyFile:Parsing: C:\ProgramData\Tekla Structures\2017\\environments\russia\template\settings\contentattributes_userdefined.lst
13.08.2019 22:57:26:Main:DPMPrinter ended -------------------------------------------------
13.08.2019 22:58:29:Main:DPMPrinter started ------------------------------------------------- C:\Program Files\Tekla Structures\2017\nt\bin\applications\tekla\model\DPMPrinter\DPMPrinterCommand.exe
13.08.2019 22:58:29:Main:DllDirectory = 'C:\Program Files\Tekla Structures\2017\\nt\bin\'
13.08.2019 22:58:29:Main:Path = 'C:\Program Files\Tekla Structures\2017\\nt\bin\;C:\Program Files (x86)\Intel\iCLS Client\;C:\Program Files\Intel\iCLS Client\;C:\Windows\system32;C:\Windows;C:\Windows\System32\Wbem;C:\Windows\System32\WindowsPowerShell\v1.0\;C:\Program Files (x86)\Intel\Intel(R) Management Engine Components\DAL;C:\Program Files\Intel\Intel(R) Management Engine Components\DAL;C:\Program Files (x86)\Intel\Intel(R) Management Engine Components\IPT;C:\Program Files\Intel\Intel(R) Management Engine Components\IPT;C:\Program Files (x86)\NVIDIA Corporation\PhysX\Common;C:\Program Files\Common Files\Autodesk Shared\Advance Steel\;C:\WINDOWS\system32;C:\WINDOWS;C:\WINDOWS\System32\Wbem;C:\WINDOWS\System32\WindowsPowerShell\v1.0\;C:\WINDOWS\System32\OpenSSH\;C:\Program Files (x86)\Yarn\bin\;C:\Program Files\nodejs\;C:\Program Files\NVIDIA Corporation\NVIDIA NvDLISR;C:\Program Files\dotnet\;C:\Program Files\Microsoft SQL Server\130\Tools\Binn\;C:\Users\Batman\AppData\Local\Microsoft\WindowsApps;C:\Users\Batman\AppData\Local\Programs\Microsoft VS Code\bin;C:\Users\Batman\AppData\Local\GitHubDesktop\bin;C:\Users\Batman\AppData\Local\Yarn\bin;C:\Users\Batman\AppData\Roaming\npm;C:\Program Files\JetBrains\WebStorm 2018.3.5\bin;'
13.08.2019 22:58:29:Main:Is64BitOS = True
13.08.2019 22:58:29:Main:Is64BitProcess = True
13.08.2019 22:58:32:.ctor:Content attributes searchPaths: C:\TeklaStructuresModels\Олимпроект\Олимпроект(ФОК), \\25.98.58.137\TeklaStructuresModels\TEKLA_PROJECT, \\25.98.58.137\TeklaStructuresModels\TEKLA, C:\ProgramData\Tekla Structures\2017\\environments\russia\template\settings\, settings, C:\Program Files\Tekla Structures\2017\\nt\bin\..\TplEd\settings
13.08.2019 22:58:32:ParsePropertyFile:Parsing: C:\Program Files\Tekla Structures\2017\\nt\bin\..\TplEd\settings\contentattributes_global.lst
13.08.2019 22:58:32:ParsePropertyFile:Parsing: C:\ProgramData\Tekla Structures\2017\\environments\russia\template\settings\contentattributes_userdefined.lst
13.08.2019 23:00:02:Main:DPMPrinter ended -------------------------------------------------
13.08.2019 23:24:17:Main:DPMPrinter started ------------------------------------------------- C:\Program Files\Tekla Structures\2017\nt\bin\applications\tekla\model\DPMPrinter\DPMPrinterCommand.exe
13.08.2019 23:24:17:Main:DllDirectory = 'C:\Program Files\Tekla Structures\2017\\nt\bin\'
13.08.2019 23:24:17:Main:Path = 'C:\Program Files\Tekla Structures\2017\\nt\bin\;C:\Program Files (x86)\Intel\iCLS Client\;C:\Program Files\Intel\iCLS Client\;C:\Windows\system32;C:\Windows;C:\Windows\System32\Wbem;C:\Windows\System32\WindowsPowerShell\v1.0\;C:\Program Files (x86)\Intel\Intel(R) Management Engine Components\DAL;C:\Program Files\Intel\Intel(R) Management Engine Components\DAL;C:\Program Files (x86)\Intel\Intel(R) Management Engine Components\IPT;C:\Program Files\Intel\Intel(R) Management Engine Components\IPT;C:\Program Files (x86)\NVIDIA Corporation\PhysX\Common;C:\Program Files\Common Files\Autodesk Shared\Advance Steel\;C:\WINDOWS\system32;C:\WINDOWS;C:\WINDOWS\System32\Wbem;C:\WINDOWS\System32\WindowsPowerShell\v1.0\;C:\WINDOWS\System32\OpenSSH\;C:\Program Files (x86)\Yarn\bin\;C:\Program Files\nodejs\;C:\Program Files\NVIDIA Corporation\NVIDIA NvDLISR;C:\Program Files\dotnet\;C:\Program Files\Microsoft SQL Server\130\Tools\Binn\;C:\Users\Batman\AppData\Local\Microsoft\WindowsApps;C:\Users\Batman\AppData\Local\Programs\Microsoft VS Code\bin;C:\Users\Batman\AppData\Local\GitHubDesktop\bin;C:\Users\Batman\AppData\Local\Yarn\bin;C:\Users\Batman\AppData\Roaming\npm;C:\Program Files\JetBrains\WebStorm 2018.3.5\bin;'
13.08.2019 23:24:17:Main:Is64BitOS = True
13.08.2019 23:24:17:Main:Is64BitProcess = True
13.08.2019 23:24:20:.ctor:Content attributes searchPaths: C:\TeklaStructuresModels\Олимпроект\Олимпроект(ФОК), \\25.98.58.137\TeklaStructuresModels\TEKLA_PROJECT, \\25.98.58.137\TeklaStructuresModels\TEKLA, C:\ProgramData\Tekla Structures\2017\\environments\russia\template\settings\, settings, C:\Program Files\Tekla Structures\2017\\nt\bin\..\TplEd\settings
13.08.2019 23:24:20:ParsePropertyFile:Parsing: C:\Program Files\Tekla Structures\2017\\nt\bin\..\TplEd\settings\contentattributes_global.lst
13.08.2019 23:24:20:ParsePropertyFile:Parsing: C:\ProgramData\Tekla Structures\2017\\environments\russia\template\settings\contentattributes_userdefined.lst
13.08.2019 23:26:02:Main:DPMPrinter ended -------------------------------------------------
14.08.2019 19:30:38:Main:DPMPrinter started ------------------------------------------------- C:\Program Files\Tekla Structures\2017\nt\bin\applications\tekla\model\DPMPrinter\DPMPrinterCommand.exe
14.08.2019 19:30:39:Main:DllDirectory = 'C:\Program Files\Tekla Structures\2017\\nt\bin\'
14.08.2019 19:30:39:Main:Path = 'C:\Program Files\Tekla Structures\2017\\nt\bin\;C:\Program Files (x86)\Intel\iCLS Client\;C:\Program Files\Intel\iCLS Client\;C:\Windows\system32;C:\Windows;C:\Windows\System32\Wbem;C:\Windows\System32\WindowsPowerShell\v1.0\;C:\Program Files (x86)\Intel\Intel(R) Management Engine Components\DAL;C:\Program Files\Intel\Intel(R) Management Engine Components\DAL;C:\Program Files (x86)\Intel\Intel(R) Management Engine Components\IPT;C:\Program Files\Intel\Intel(R) Management Engine Components\IPT;C:\Program Files (x86)\NVIDIA Corporation\PhysX\Common;C:\Program Files\Common Files\Autodesk Shared\Advance Steel\;C:\WINDOWS\system32;C:\WINDOWS;C:\WINDOWS\System32\Wbem;C:\WINDOWS\System32\WindowsPowerShell\v1.0\;C:\WINDOWS\System32\OpenSSH\;C:\Program Files (x86)\Yarn\bin\;C:\Program Files\nodejs\;C:\Program Files\NVIDIA Corporation\NVIDIA NvDLISR;C:\Program Files\dotnet\;C:\Program Files\Microsoft SQL Server\130\Tools\Binn\;C:\Users\Batman\AppData\Local\Microsoft\WindowsApps;C:\Users\Batman\AppData\Local\Programs\Microsoft VS Code\bin;C:\Users\Batman\AppData\Local\GitHubDesktop\bin;C:\Users\Batman\AppData\Local\Yarn\bin;C:\Users\Batman\AppData\Roaming\npm;C:\Program Files\JetBrains\WebStorm 2018.3.5\bin;'
14.08.2019 19:30:39:Main:Is64BitOS = True
14.08.2019 19:30:39:Main:Is64BitProcess = True
14.08.2019 19:30:41:.ctor:Content attributes searchPaths: C:\TeklaStructuresModels\Олимпроект\Олимпроект(ФОК), \\25.98.58.137\TeklaStructuresModels\TEKLA_PROJECT, \\25.98.58.137\TeklaStructuresModels\TEKLA, C:\ProgramData\Tekla Structures\2017\\environments\russia\template\settings\, settings, C:\Program Files\Tekla Structures\2017\\nt\bin\..\TplEd\settings
14.08.2019 19:30:42:ParsePropertyFile:Parsing: C:\Program Files\Tekla Structures\2017\\nt\bin\..\TplEd\settings\contentattributes_global.lst
14.08.2019 19:30:42:ParsePropertyFile:Parsing: C:\ProgramData\Tekla Structures\2017\\environments\russia\template\settings\contentattributes_userdefined.lst
14.08.2019 19:32:38:Main:DPMPrinter ended -------------------------------------------------
15.08.2019 18:50:17:Main:DPMPrinter started ------------------------------------------------- C:\Program Files\Tekla Structures\2017\nt\bin\applications\tekla\model\DPMPrinter\DPMPrinterCommand.exe
15.08.2019 18:50:17:Main:DllDirectory = 'C:\Program Files\Tekla Structures\2017\\nt\bin\'
15.08.2019 18:50:17:Main:Path = 'C:\Program Files\Tekla Structures\2017\\nt\bin\;C:\Program Files (x86)\Intel\iCLS Client\;C:\Program Files\Intel\iCLS Client\;C:\Windows\system32;C:\Windows;C:\Windows\System32\Wbem;C:\Windows\System32\WindowsPowerShell\v1.0\;C:\Program Files (x86)\Intel\Intel(R) Management Engine Components\DAL;C:\Program Files\Intel\Intel(R) Management Engine Components\DAL;C:\Program Files (x86)\Intel\Intel(R) Management Engine Components\IPT;C:\Program Files\Intel\Intel(R) Management Engine Components\IPT;C:\Program Files (x86)\NVIDIA Corporation\PhysX\Common;C:\Program Files\Common Files\Autodesk Shared\Advance Steel\;C:\WINDOWS\system32;C:\WINDOWS;C:\WINDOWS\System32\Wbem;C:\WINDOWS\System32\WindowsPowerShell\v1.0\;C:\WINDOWS\System32\OpenSSH\;C:\Program Files (x86)\Yarn\bin\;C:\Program Files\nodejs\;C:\Program Files\NVIDIA Corporation\NVIDIA NvDLISR;C:\Program Files\dotnet\;C:\Program Files\Microsoft SQL Server\130\Tools\Binn\;C:\Users\Batman\AppData\Local\Microsoft\WindowsApps;C:\Users\Batman\AppData\Local\Programs\Microsoft VS Code\bin;C:\Users\Batman\AppData\Local\GitHubDesktop\bin;C:\Users\Batman\AppData\Local\Yarn\bin;C:\Users\Batman\AppData\Roaming\npm;C:\Program Files\JetBrains\WebStorm 2018.3.5\bin;'
15.08.2019 18:50:17:Main:Is64BitOS = True
15.08.2019 18:50:17:Main:Is64BitProcess = True
15.08.2019 18:50:20:.ctor:Content attributes searchPaths: C:\TeklaStructuresModels\Олимпроект\Олимпроект(ФОК), \\25.98.58.137\TeklaStructuresModels\TEKLA_PROJECT, \\25.98.58.137\TeklaStructuresModels\TEKLA, C:\ProgramData\Tekla Structures\2017\\environments\russia\template\settings\, settings, C:\Program Files\Tekla Structures\2017\\nt\bin\..\TplEd\settings
15.08.2019 18:50:20:ParsePropertyFile:Parsing: C:\Program Files\Tekla Structures\2017\\nt\bin\..\TplEd\settings\contentattributes_global.lst
15.08.2019 18:50:20:ParsePropertyFile:Parsing: C:\ProgramData\Tekla Structures\2017\\environments\russia\template\settings\contentattributes_userdefined.lst
15.08.2019 19:07:02:Main:DPMPrinter ended -------------------------------------------------
15.08.2019 21:29:54:Main:DPMPrinter started ------------------------------------------------- C:\Program Files\Tekla Structures\2017\nt\bin\applications\tekla\model\DPMPrinter\DPMPrinterCommand.exe
15.08.2019 21:29:54:Main:DllDirectory = 'C:\Program Files\Tekla Structures\2017\\nt\bin\'
15.08.2019 21:29:54:Main:Path = 'C:\Program Files\Tekla Structures\2017\\nt\bin\;C:\Program Files (x86)\Intel\iCLS Client\;C:\Program Files\Intel\iCLS Client\;C:\Windows\system32;C:\Windows;C:\Windows\System32\Wbem;C:\Windows\System32\WindowsPowerShell\v1.0\;C:\Program Files (x86)\Intel\Intel(R) Management Engine Components\DAL;C:\Program Files\Intel\Intel(R) Management Engine Components\DAL;C:\Program Files (x86)\Intel\Intel(R) Management Engine Components\IPT;C:\Program Files\Intel\Intel(R) Management Engine Components\IPT;C:\Program Files (x86)\NVIDIA Corporation\PhysX\Common;C:\Program Files\Common Files\Autodesk Shared\Advance Steel\;C:\WINDOWS\system32;C:\WINDOWS;C:\WINDOWS\System32\Wbem;C:\WINDOWS\System32\WindowsPowerShell\v1.0\;C:\WINDOWS\System32\OpenSSH\;C:\Program Files (x86)\Yarn\bin\;C:\Program Files\nodejs\;C:\Program Files\NVIDIA Corporation\NVIDIA NvDLISR;C:\Program Files\dotnet\;C:\Program Files\Microsoft SQL Server\130\Tools\Binn\;C:\Users\Batman\AppData\Local\Microsoft\WindowsApps;C:\Users\Batman\AppData\Local\Programs\Microsoft VS Code\bin;C:\Users\Batman\AppData\Local\GitHubDesktop\bin;C:\Users\Batman\AppData\Local\Yarn\bin;C:\Users\Batman\AppData\Roaming\npm;C:\Program Files\JetBrains\WebStorm 2018.3.5\bin;'
15.08.2019 21:29:54:Main:Is64BitOS = True
15.08.2019 21:29:54:Main:Is64BitProcess = True
15.08.2019 21:29:56:.ctor:Content attributes searchPaths: C:\TeklaStructuresModels\Олимпроект\Олимпроект(ФОК), \\25.98.58.137\TeklaStructuresModels\TEKLA_PROJECT, \\25.98.58.137\TeklaStructuresModels\TEKLA, C:\ProgramData\Tekla Structures\2017\\environments\russia\template\settings\, settings, C:\Program Files\Tekla Structures\2017\\nt\bin\..\TplEd\settings
15.08.2019 21:29:56:ParsePropertyFile:Parsing: C:\Program Files\Tekla Structures\2017\\nt\bin\..\TplEd\settings\contentattributes_global.lst
15.08.2019 21:29:57:ParsePropertyFile:Parsing: C:\ProgramData\Tekla Structures\2017\\environments\russia\template\settings\contentattributes_userdefined.lst
15.08.2019 21:30:34:Main:DPMPrinter ended -------------------------------------------------
