ERROR:  17.08.2019 12:42:22 Unable to match the defined hatch name with any of the available hatches.
ERROR:  17.08.2019 12:42:22 Hatch schema file parsing failed with definition MISCELLANEOUS,Стекло,Стекло,0.1,3,1.
ERROR:  17.08.2019 12:42:22 Unable to match the defined hatch name with any of the available hatches.
ERROR:  17.08.2019 12:42:22 Hatch schema file parsing failed with definition MISCELLANEOUS,Песок,Песок,0.5,3,1.
ERROR:  17.08.2019 12:42:22 Unable to match the defined hatch name with any of the available hatches.
ERROR:  17.08.2019 12:42:22 Hatch schema file parsing failed with definition MISCELLANEOUS,Щебень,Щебень,0.5,3,1.
ERROR:  17.08.2019 13:29:53 DWGImport encountered errors while importing file: .\dwg\Uzlu.dwg
ERROR:  17.08.2019 13:29:53 Font missing: Using 'Segoe UI semibold' for '2'
ERROR:  17.08.2019 13:29:53 Font missing: Using 'Segoe UI semibold' for '2'
ERROR:  17.08.2019 13:29:53 DWGImport encountered errors while importing file: .\dwg\Uzlu.dwg
ERROR:  17.08.2019 13:31:52 DWGImport encountered errors while importing file: .\dwg\Uzlu.dwg
ERROR:  17.08.2019 13:31:53 Font missing: Using 'Segoe UI semibold' for '2'
ERROR:  17.08.2019 13:31:53 Font missing: Using 'Segoe UI semibold' for '2'
ERROR:  17.08.2019 13:31:53 DWGImport encountered errors while importing file: .\dwg\Uzlu.dwg
ERROR:  17.08.2019 13:32:19 DWGImport encountered errors while importing file: .\dwg\Uzlu.dwg
ERROR:  17.08.2019 13:32:19 Font missing: Using 'Segoe UI semibold' for '2'
ERROR:  17.08.2019 13:32:19 Font missing: Using 'Segoe UI semibold' for '2'
ERROR:  17.08.2019 13:32:19 DWGImport encountered errors while importing file: .\dwg\Uzlu.dwg
ERROR:  17.08.2019 13:32:34 DWGImport encountered errors while importing file: .\dwg\Uzlu.dwg
ERROR:  17.08.2019 13:32:34 Font missing: Using 'Segoe UI semibold' for '2'
ERROR:  17.08.2019 13:32:34 Font missing: Using 'Segoe UI semibold' for '2'
ERROR:  17.08.2019 13:32:34 DWGImport encountered errors while importing file: .\dwg\Uzlu.dwg
ERROR:  17.08.2019 14:15:34 DWGImport encountered errors while importing file: .\dwg\Uzlu.dwg
ERROR:  17.08.2019 14:15:35 Font missing: Using 'Segoe UI semibold' for '2'
ERROR:  17.08.2019 14:15:35 Font missing: Using 'Segoe UI semibold' for '2'
ERROR:  17.08.2019 14:15:35 DWGImport encountered errors while importing file: .\dwg\Uzlu.dwg
ERROR:  17.08.2019 14:15:40 DWGImport encountered errors while importing file: .\dwg\Uzlu2.dwg
ERROR:  17.08.2019 14:15:40 Font missing: Using 'Segoe UI semibold' for '2'
ERROR:  17.08.2019 14:15:40 Font missing: Using 'Segoe UI semibold' for '2'
ERROR:  17.08.2019 14:15:40 DWGImport encountered errors while importing file: .\dwg\Uzlu2.dwg
ASSERT: 17.08.2019 14:15:48 REASON: (!LicenseInfo.empty()), File: tpl_project.cpp, Line: 24
ERROR:  17.08.2019 14:19:11 DWGImport encountered errors while importing file: .\dwg\Uzlu.dwg
ERROR:  17.08.2019 14:19:11 Font missing: Using 'Segoe UI semibold' for '2'
ERROR:  17.08.2019 14:19:11 Font missing: Using 'Segoe UI semibold' for '2'
ERROR:  17.08.2019 14:19:11 DWGImport encountered errors while importing file: .\dwg\Uzlu.dwg
ERROR:  17.08.2019 14:19:14 DWGImport encountered errors while importing file: .\dwg\Uzlu.dwg
ERROR:  17.08.2019 14:19:14 Font missing: Using 'Segoe UI semibold' for '2'
ERROR:  17.08.2019 14:19:14 Font missing: Using 'Segoe UI semibold' for '2'
ERROR:  17.08.2019 14:19:14 DWGImport encountered errors while importing file: .\dwg\Uzlu.dwg
ERROR:  17.08.2019 14:19:17 DWGImport encountered errors while importing file: .\dwg\Uzlu.dwg
ERROR:  17.08.2019 14:19:17 Font missing: Using 'Segoe UI semibold' for '2'
ERROR:  17.08.2019 14:19:17 Font missing: Using 'Segoe UI semibold' for '2'
ERROR:  17.08.2019 14:19:17 DWGImport encountered errors while importing file: .\dwg\Uzlu.dwg
ERROR:  17.08.2019 14:19:20 DWGImport encountered errors while importing file: .\dwg\Uzlu.dwg
ERROR:  17.08.2019 14:19:20 Font missing: Using 'Segoe UI semibold' for '2'
ERROR:  17.08.2019 14:19:20 Font missing: Using 'Segoe UI semibold' for '2'
ERROR:  17.08.2019 14:19:20 DWGImport encountered errors while importing file: .\dwg\Uzlu.dwg
ERROR:  17.08.2019 14:19:23 DWGImport encountered errors while importing file: .\dwg\Uzlu2.dwg
ERROR:  17.08.2019 14:19:23 Font missing: Using 'Segoe UI semibold' for '2'
ERROR:  17.08.2019 14:19:23 Font missing: Using 'Segoe UI semibold' for '2'
ERROR:  17.08.2019 14:19:23 DWGImport encountered errors while importing file: .\dwg\Uzlu2.dwg
ERROR:  17.08.2019 14:19:25 DWGImport encountered errors while importing file: .\dwg\Uzlu.dwg
ERROR:  17.08.2019 14:19:25 Font missing: Using 'Segoe UI semibold' for '2'
ERROR:  17.08.2019 14:19:25 Font missing: Using 'Segoe UI semibold' for '2'
ERROR:  17.08.2019 14:19:25 DWGImport encountered errors while importing file: .\dwg\Uzlu.dwg
ERROR:  17.08.2019 14:19:29 DWGImport encountered errors while importing file: .\dwg\Uzlu.dwg
ERROR:  17.08.2019 14:19:29 Font missing: Using 'Segoe UI semibold' for '2'
ERROR:  17.08.2019 14:19:29 Font missing: Using 'Segoe UI semibold' for '2'
ERROR:  17.08.2019 14:19:29 DWGImport encountered errors while importing file: .\dwg\Uzlu.dwg
ERROR:  17.08.2019 14:19:31 DWGImport encountered errors while importing file: .\dwg\Uzlu.dwg
ERROR:  17.08.2019 14:19:31 Font missing: Using 'Segoe UI semibold' for '2'
ERROR:  17.08.2019 14:19:31 Font missing: Using 'Segoe UI semibold' for '2'
ERROR:  17.08.2019 14:19:31 DWGImport encountered errors while importing file: .\dwg\Uzlu.dwg
ERROR:  17.08.2019 14:19:34 DWGImport encountered errors while importing file: .\dwg\Uzlu.dwg
ERROR:  17.08.2019 14:19:34 Font missing: Using 'Segoe UI semibold' for '2'
ERROR:  17.08.2019 14:19:34 Font missing: Using 'Segoe UI semibold' for '2'
ERROR:  17.08.2019 14:19:34 DWGImport encountered errors while importing file: .\dwg\Uzlu.dwg
ERROR:  17.08.2019 14:19:37 DWGImport encountered errors while importing file: .\dwg\Uzlu.dwg
ERROR:  17.08.2019 14:19:37 Font missing: Using 'Segoe UI semibold' for '2'
ERROR:  17.08.2019 14:19:37 Font missing: Using 'Segoe UI semibold' for '2'
ERROR:  17.08.2019 14:19:37 DWGImport encountered errors while importing file: .\dwg\Uzlu.dwg
ERROR:  17.08.2019 14:19:40 DWGImport encountered errors while importing file: .\dwg\Uzlu.dwg
ERROR:  17.08.2019 14:19:40 Font missing: Using 'Segoe UI semibold' for '2'
ERROR:  17.08.2019 14:19:40 Font missing: Using 'Segoe UI semibold' for '2'
ERROR:  17.08.2019 14:19:40 DWGImport encountered errors while importing file: .\dwg\Uzlu.dwg
ERROR:  17.08.2019 14:19:42 DWGImport encountered errors while importing file: .\dwg\Uzlu.dwg
ERROR:  17.08.2019 14:19:43 Font missing: Using 'Segoe UI semibold' for '2'
ERROR:  17.08.2019 14:19:43 Font missing: Using 'Segoe UI semibold' for '2'
ERROR:  17.08.2019 14:19:43 DWGImport encountered errors while importing file: .\dwg\Uzlu.dwg
ERROR:  17.08.2019 14:19:45 DWGImport encountered errors while importing file: .\dwg\Uzlu.dwg
ERROR:  17.08.2019 14:19:45 Font missing: Using 'Segoe UI semibold' for '2'
ERROR:  17.08.2019 14:19:45 Font missing: Using 'Segoe UI semibold' for '2'
ERROR:  17.08.2019 14:19:45 DWGImport encountered errors while importing file: .\dwg\Uzlu.dwg
ERROR:  17.08.2019 14:19:48 DWGImport encountered errors while importing file: .\dwg\Uzlu.dwg
ERROR:  17.08.2019 14:19:48 Font missing: Using 'Segoe UI semibold' for '2'
ERROR:  17.08.2019 14:19:48 Font missing: Using 'Segoe UI semibold' for '2'
ERROR:  17.08.2019 14:19:48 DWGImport encountered errors while importing file: .\dwg\Uzlu.dwg
ERROR:  17.08.2019 14:19:50 DWGImport encountered errors while importing file: .\dwg\Uzlu.dwg
ERROR:  17.08.2019 14:19:50 Font missing: Using 'Segoe UI semibold' for '2'
ERROR:  17.08.2019 14:19:50 Font missing: Using 'Segoe UI semibold' for '2'
ERROR:  17.08.2019 14:19:50 DWGImport encountered errors while importing file: .\dwg\Uzlu.dwg
ERROR:  17.08.2019 14:19:53 DWGImport encountered errors while importing file: .\dwg\Uzlu.dwg
ERROR:  17.08.2019 14:19:53 Font missing: Using 'Segoe UI semibold' for '2'
ERROR:  17.08.2019 14:19:53 Font missing: Using 'Segoe UI semibold' for '2'
ERROR:  17.08.2019 14:19:53 DWGImport encountered errors while importing file: .\dwg\Uzlu.dwg
ERROR:  17.08.2019 14:19:55 DWGImport encountered errors while importing file: .\dwg\Uzlu2.dwg
ERROR:  17.08.2019 14:19:56 Font missing: Using 'Segoe UI semibold' for '2'
ERROR:  17.08.2019 14:19:56 Font missing: Using 'Segoe UI semibold' for '2'
ERROR:  17.08.2019 14:19:56 DWGImport encountered errors while importing file: .\dwg\Uzlu2.dwg
ASSERT: 17.08.2019 14:45:28 REASON: (!"Model selection called when in drawing mode"), File: sel_select_objects.cpp, Line: 413
ASSERT: 17.08.2019 14:45:28 REASON: (!"Model selection called when in drawing mode"), File: sel_select_objects.cpp, Line: 413
ASSERT: 17.08.2019 14:45:28 REASON: (!"Model selection called when in drawing mode"), File: sel_select_objects.cpp, Line: 413
ASSERT: 17.08.2019 14:45:28 REASON: (!"Model selection called when in drawing mode"), File: sel_select_objects.cpp, Line: 413
ASSERT: 17.08.2019 14:45:28 REASON: (!"Model selection called when in drawing mode"), File: sel_select_objects.cpp, Line: 413
ASSERT: 17.08.2019 14:45:28 REASON: (!"Model selection called when in drawing mode"), File: sel_select_objects.cpp, Line: 413
ASSERT: 17.08.2019 14:45:28 REASON: (!"Model selection called when in drawing mode"), File: sel_select_objects.cpp, Line: 413
ASSERT: 17.08.2019 14:45:28 REASON: (!"Model selection called when in drawing mode"), File: sel_select_objects.cpp, Line: 413
ASSERT: 17.08.2019 14:45:28 REASON: (!"Model selection called when in drawing mode"), File: sel_select_objects.cpp, Line: 413
ASSERT: 17.08.2019 14:45:28 REASON: (!"Model selection called when in drawing mode"), File: sel_select_objects.cpp, Line: 413
ASSERT: 17.08.2019 14:45:28 REASON: (!"Model selection called when in drawing mode"), File: sel_select_objects.cpp, Line: 413
ASSERT: 17.08.2019 14:45:28 REASON: (!"Model selection called when in drawing mode"), File: sel_select_objects.cpp, Line: 413
ASSERT: 17.08.2019 14:45:28 REASON: (!"Model selection called when in drawing mode"), File: sel_select_objects.cpp, Line: 413
ASSERT: 17.08.2019 14:45:28 REASON: (!"Model selection called when in drawing mode"), File: sel_select_objects.cpp, Line: 413
ASSERT: 17.08.2019 14:45:28 REASON: (!"Model selection called when in drawing mode"), File: sel_select_objects.cpp, Line: 413
ASSERT: 17.08.2019 14:45:28 REASON: (!"Model selection called when in drawing mode"), File: sel_select_objects.cpp, Line: 413
ERROR:  17.08.2019 15:13:13 DWGImport encountered errors while importing file: .\dwg\Uzlu.dwg
ERROR:  17.08.2019 15:13:14 Font missing: Using 'Segoe UI semibold' for '2'
ERROR:  17.08.2019 15:13:14 Font missing: Using 'Segoe UI semibold' for '2'
ERROR:  17.08.2019 15:13:14 DWGImport encountered errors while importing file: .\dwg\Uzlu.dwg
ERROR:  17.08.2019 15:13:17 DWGImport encountered errors while importing file: .\dwg\Uzlu.dwg
ERROR:  17.08.2019 15:13:17 Font missing: Using 'Segoe UI semibold' for '2'
ERROR:  17.08.2019 15:13:17 Font missing: Using 'Segoe UI semibold' for '2'
ERROR:  17.08.2019 15:13:17 DWGImport encountered errors while importing file: .\dwg\Uzlu.dwg
ERROR:  17.08.2019 15:13:20 DWGImport encountered errors while importing file: .\dwg\Uzlu.dwg
ERROR:  17.08.2019 15:13:20 Font missing: Using 'Segoe UI semibold' for '2'
ERROR:  17.08.2019 15:13:20 Font missing: Using 'Segoe UI semibold' for '2'
ERROR:  17.08.2019 15:13:20 DWGImport encountered errors while importing file: .\dwg\Uzlu.dwg
ERROR:  17.08.2019 15:13:22 DWGImport encountered errors while importing file: .\dwg\Uzlu.dwg
ERROR:  17.08.2019 15:13:22 Font missing: Using 'Segoe UI semibold' for '2'
ERROR:  17.08.2019 15:13:22 Font missing: Using 'Segoe UI semibold' for '2'
ERROR:  17.08.2019 15:13:23 DWGImport encountered errors while importing file: .\dwg\Uzlu.dwg
ERROR:  17.08.2019 15:13:25 DWGImport encountered errors while importing file: .\dwg\Uzlu2.dwg
ERROR:  17.08.2019 15:13:25 Font missing: Using 'Segoe UI semibold' for '2'
ERROR:  17.08.2019 15:13:25 Font missing: Using 'Segoe UI semibold' for '2'
ERROR:  17.08.2019 15:13:25 DWGImport encountered errors while importing file: .\dwg\Uzlu2.dwg
ERROR:  17.08.2019 15:13:28 DWGImport encountered errors while importing file: .\dwg\Uzlu.dwg
ERROR:  17.08.2019 15:13:28 Font missing: Using 'Segoe UI semibold' for '2'
ERROR:  17.08.2019 15:13:28 Font missing: Using 'Segoe UI semibold' for '2'
ERROR:  17.08.2019 15:13:28 DWGImport encountered errors while importing file: .\dwg\Uzlu.dwg
ERROR:  17.08.2019 15:13:31 DWGImport encountered errors while importing file: .\dwg\Uzlu.dwg
ERROR:  17.08.2019 15:13:31 Font missing: Using 'Segoe UI semibold' for '2'
ERROR:  17.08.2019 15:13:31 Font missing: Using 'Segoe UI semibold' for '2'
ERROR:  17.08.2019 15:13:31 DWGImport encountered errors while importing file: .\dwg\Uzlu.dwg
ERROR:  17.08.2019 15:13:33 DWGImport encountered errors while importing file: .\dwg\Uzlu.dwg
ERROR:  17.08.2019 15:13:33 Font missing: Using 'Segoe UI semibold' for '2'
ERROR:  17.08.2019 15:13:33 Font missing: Using 'Segoe UI semibold' for '2'
ERROR:  17.08.2019 15:13:33 DWGImport encountered errors while importing file: .\dwg\Uzlu.dwg
ERROR:  17.08.2019 15:13:36 DWGImport encountered errors while importing file: .\dwg\Uzlu.dwg
ERROR:  17.08.2019 15:13:37 Font missing: Using 'Segoe UI semibold' for '2'
ERROR:  17.08.2019 15:13:37 Font missing: Using 'Segoe UI semibold' for '2'
ERROR:  17.08.2019 15:13:37 DWGImport encountered errors while importing file: .\dwg\Uzlu.dwg
ERROR:  17.08.2019 15:13:39 DWGImport encountered errors while importing file: .\dwg\Uzlu.dwg
ERROR:  17.08.2019 15:13:39 Font missing: Using 'Segoe UI semibold' for '2'
ERROR:  17.08.2019 15:13:39 Font missing: Using 'Segoe UI semibold' for '2'
ERROR:  17.08.2019 15:13:39 DWGImport encountered errors while importing file: .\dwg\Uzlu.dwg
ERROR:  17.08.2019 15:13:42 DWGImport encountered errors while importing file: .\dwg\Uzlu.dwg
ERROR:  17.08.2019 15:13:42 Font missing: Using 'Segoe UI semibold' for '2'
ERROR:  17.08.2019 15:13:42 Font missing: Using 'Segoe UI semibold' for '2'
ERROR:  17.08.2019 15:13:42 DWGImport encountered errors while importing file: .\dwg\Uzlu.dwg
ERROR:  17.08.2019 15:13:45 DWGImport encountered errors while importing file: .\dwg\Uzlu.dwg
ERROR:  17.08.2019 15:13:45 Font missing: Using 'Segoe UI semibold' for '2'
ERROR:  17.08.2019 15:13:45 Font missing: Using 'Segoe UI semibold' for '2'
ERROR:  17.08.2019 15:13:45 DWGImport encountered errors while importing file: .\dwg\Uzlu.dwg
ERROR:  17.08.2019 15:13:47 DWGImport encountered errors while importing file: .\dwg\Uzlu.dwg
ERROR:  17.08.2019 15:13:47 Font missing: Using 'Segoe UI semibold' for '2'
ERROR:  17.08.2019 15:13:47 Font missing: Using 'Segoe UI semibold' for '2'
ERROR:  17.08.2019 15:13:47 DWGImport encountered errors while importing file: .\dwg\Uzlu.dwg
ERROR:  17.08.2019 15:13:50 DWGImport encountered errors while importing file: .\dwg\Uzlu.dwg
ERROR:  17.08.2019 15:13:51 Font missing: Using 'Segoe UI semibold' for '2'
ERROR:  17.08.2019 15:13:51 Font missing: Using 'Segoe UI semibold' for '2'
ERROR:  17.08.2019 15:13:51 DWGImport encountered errors while importing file: .\dwg\Uzlu.dwg
ERROR:  17.08.2019 15:13:53 DWGImport encountered errors while importing file: .\dwg\Uzlu.dwg
ERROR:  17.08.2019 15:13:53 Font missing: Using 'Segoe UI semibold' for '2'
ERROR:  17.08.2019 15:13:53 Font missing: Using 'Segoe UI semibold' for '2'
ERROR:  17.08.2019 15:13:53 DWGImport encountered errors while importing file: .\dwg\Uzlu.dwg
ERROR:  17.08.2019 15:13:56 DWGImport encountered errors while importing file: .\dwg\Uzlu.dwg
ERROR:  17.08.2019 15:13:56 Font missing: Using 'Segoe UI semibold' for '2'
ERROR:  17.08.2019 15:13:56 Font missing: Using 'Segoe UI semibold' for '2'
ERROR:  17.08.2019 15:13:56 DWGImport encountered errors while importing file: .\dwg\Uzlu.dwg
ERROR:  17.08.2019 15:13:58 DWGImport encountered errors while importing file: .\dwg\Uzlu2.dwg
ERROR:  17.08.2019 15:13:58 Font missing: Using 'Segoe UI semibold' for '2'
ERROR:  17.08.2019 15:13:58 Font missing: Using 'Segoe UI semibold' for '2'
ERROR:  17.08.2019 15:13:58 DWGImport encountered errors while importing file: .\dwg\Uzlu2.dwg
ASSERT: 17.08.2019 15:18:04 REASON: (!"Model selection called when in drawing mode"), File: sel_select_objects.cpp, Line: 413
ASSERT: 17.08.2019 15:18:04 REASON: (!"Model selection called when in drawing mode"), File: sel_select_objects.cpp, Line: 413
ASSERT: 17.08.2019 15:18:04 REASON: (!"Model selection called when in drawing mode"), File: sel_select_objects.cpp, Line: 413
ASSERT: 17.08.2019 15:18:04 REASON: (!"Model selection called when in drawing mode"), File: sel_select_objects.cpp, Line: 413
ASSERT: 17.08.2019 15:18:04 REASON: (!"Model selection called when in drawing mode"), File: sel_select_objects.cpp, Line: 413
ASSERT: 17.08.2019 15:18:04 REASON: (!"Model selection called when in drawing mode"), File: sel_select_objects.cpp, Line: 413
ERROR:  17.08.2019 15:35:15 Timeid 359474438 mapping failed (SolidCache_ci::UpdateCacheIdsAfterCompacting - Unfold)
ASSERT: 17.08.2019 15:35:15 REASON: (!"Timeid mapping from old to new failed, please check the log and report the details"), File: db_domain_and_events.cpp, Line: 159
ERROR:  17.08.2019 15:35:15 Timeid 359474438 mapping failed (SolidCache_ci::UpdateCacheIdsAfterCompacting - Unfold)
ASSERT: 17.08.2019 15:35:15 REASON: (!"Timeid mapping from old to new failed, please check the log and report the details"), File: db_domain_and_events.cpp, Line: 159
ERROR:  17.08.2019 15:35:15 Timeid 359474438 mapping failed (SolidCache_ci::UpdateCacheIdsAfterCompacting - Unfold)
ASSERT: 17.08.2019 15:35:15 REASON: (!"Timeid mapping from old to new failed, please check the log and report the details"), File: db_domain_and_events.cpp, Line: 159
ERROR:  17.08.2019 15:35:15 Timeid 359479775 mapping failed (SolidCache_ci::UpdateCacheIdsAfterCompacting - Unfold)
ASSERT: 17.08.2019 15:35:15 REASON: (!"Timeid mapping from old to new failed, please check the log and report the details"), File: db_domain_and_events.cpp, Line: 159
ERROR:  17.08.2019 15:35:15 Timeid 359479775 mapping failed (SolidCache_ci::UpdateCacheIdsAfterCompacting - Unfold)
ASSERT: 17.08.2019 15:35:15 REASON: (!"Timeid mapping from old to new failed, please check the log and report the details"), File: db_domain_and_events.cpp, Line: 159
ERROR:  17.08.2019 15:35:15 Timeid 359479775 mapping failed (SolidCache_ci::UpdateCacheIdsAfterCompacting - Unfold)
ASSERT: 17.08.2019 15:35:15 REASON: (!"Timeid mapping from old to new failed, please check the log and report the details"), File: db_domain_and_events.cpp, Line: 159
