ASSERT: 01.08.2019 23:54:23 REASON: (!"history_delete is empty"), File: db_history.cpp, Line: 415
ASSERT: 02.08.2019 00:31:20 REASON: (!LicenseInfo.empty()), File: tpl_project.cpp, Line: 24
ERROR:  02.08.2019 01:44:30 Unable to match the defined hatch name with any of the available hatches.
ERROR:  02.08.2019 01:44:30 Hatch schema file parsing failed with definition MISCELLANEOUS,Стекло,Стекло,0.1,3,1.
ERROR:  02.08.2019 01:44:30 Unable to match the defined hatch name with any of the available hatches.
ERROR:  02.08.2019 01:44:30 Hatch schema file parsing failed with definition MISCELLANEOUS,Песок,Песок,0.5,3,1.
ERROR:  02.08.2019 01:44:30 Unable to match the defined hatch name with any of the available hatches.
ERROR:  02.08.2019 01:44:30 Hatch schema file parsing failed with definition MISCELLANEOUS,Щебень,Щебень,0.5,3,1.
ERROR:  02.08.2019 01:56:36 current planes out of sync
ERROR:  02.08.2019 01:56:36 current planes out of sync
ERROR:  02.08.2019 01:56:36 current planes out of sync
ERROR:  02.08.2019 01:56:36 current planes out of sync
ERROR:  02.08.2019 01:56:36 current planes out of sync
ERROR:  02.08.2019 01:56:36 current planes out of sync
ERROR:  02.08.2019 01:56:36 current planes out of sync
ERROR:  02.08.2019 01:56:36 current planes out of sync
ERROR:  02.08.2019 01:56:36 current planes out of sync
ERROR:  02.08.2019 01:56:36 current planes out of sync
ERROR:  02.08.2019 01:56:36 current planes out of sync
ERROR:  02.08.2019 01:56:36 current planes out of sync
ERROR:  02.08.2019 01:56:36 current planes out of sync
ERROR:  02.08.2019 01:56:36 current planes out of sync
ERROR:  02.08.2019 01:56:36 current planes out of sync
ERROR:  02.08.2019 01:56:36 current planes out of sync
ERROR:  02.08.2019 01:56:36 current planes out of sync
ERROR:  02.08.2019 01:56:36 current planes out of sync
ERROR:  02.08.2019 01:56:36 current planes out of sync
ERROR:  02.08.2019 01:56:36 current planes out of sync
ERROR:  02.08.2019 01:56:36 current planes out of sync
ERROR:  02.08.2019 01:56:36 current planes out of sync
ERROR:  02.08.2019 01:56:36 current planes out of sync
ERROR:  02.08.2019 01:56:36 current planes out of sync
ERROR:  02.08.2019 01:56:36 current planes out of sync
ERROR:  02.08.2019 01:56:36 current planes out of sync
ERROR:  02.08.2019 01:56:36 current planes out of sync
ERROR:  02.08.2019 01:56:36 current planes out of sync
ERROR:  02.08.2019 01:56:36 current planes out of sync
ERROR:  02.08.2019 01:56:36 current planes out of sync
ERROR:  02.08.2019 01:56:36 current planes out of sync
ERROR:  02.08.2019 01:56:36 current planes out of sync
ERROR:  02.08.2019 01:56:36 current planes out of sync
ERROR:  02.08.2019 01:56:36 current planes out of sync
ERROR:  02.08.2019 01:56:36 current planes out of sync
ERROR:  02.08.2019 01:56:36 current planes out of sync
ERROR:  02.08.2019 01:56:36 current planes out of sync
ERROR:  02.08.2019 01:56:36 current planes out of sync
ERROR:  02.08.2019 01:56:36 current planes out of sync
ERROR:  02.08.2019 01:56:36 current planes out of sync
ERROR:  02.08.2019 01:56:36 current planes out of sync
ERROR:  02.08.2019 01:56:36 current planes out of sync
ERROR:  02.08.2019 01:56:36 current planes out of sync
ERROR:  02.08.2019 01:57:47 current planes out of sync
ERROR:  02.08.2019 01:57:47 current planes out of sync
ERROR:  02.08.2019 01:57:47 current planes out of sync
ERROR:  02.08.2019 01:57:47 current planes out of sync
ERROR:  02.08.2019 01:57:47 current planes out of sync
ERROR:  02.08.2019 01:57:47 current planes out of sync
ERROR:  02.08.2019 01:57:47 current planes out of sync
ERROR:  02.08.2019 01:57:47 current planes out of sync
ERROR:  02.08.2019 01:57:47 current planes out of sync
ERROR:  02.08.2019 01:57:47 current planes out of sync
ERROR:  02.08.2019 01:57:47 current planes out of sync
ERROR:  02.08.2019 01:57:47 current planes out of sync
ERROR:  02.08.2019 01:57:47 current planes out of sync
ERROR:  02.08.2019 01:57:47 current planes out of sync
ERROR:  02.08.2019 01:57:47 current planes out of sync
ERROR:  02.08.2019 01:57:47 current planes out of sync
ERROR:  02.08.2019 01:57:47 current planes out of sync
ERROR:  02.08.2019 01:57:47 current planes out of sync
ERROR:  02.08.2019 02:02:07 current planes out of sync
ERROR:  02.08.2019 02:02:07 current planes out of sync
ERROR:  02.08.2019 02:14:06 current planes out of sync
ERROR:  02.08.2019 02:14:06 current planes out of sync
ERROR:  02.08.2019 02:14:06 current planes out of sync
ERROR:  02.08.2019 02:14:06 current planes out of sync
ERROR:  02.08.2019 02:14:06 current planes out of sync
ERROR:  02.08.2019 02:14:06 current planes out of sync
ERROR:  02.08.2019 02:14:06 current planes out of sync
ERROR:  02.08.2019 02:14:06 current planes out of sync
ERROR:  02.08.2019 02:14:06 current planes out of sync
ERROR:  02.08.2019 02:14:06 current planes out of sync
ERROR:  02.08.2019 02:14:06 current planes out of sync
ERROR:  02.08.2019 02:14:06 current planes out of sync
ERROR:  02.08.2019 02:14:06 current planes out of sync
ERROR:  02.08.2019 02:14:06 current planes out of sync
ERROR:  02.08.2019 02:14:06 current planes out of sync
ERROR:  02.08.2019 02:14:06 current planes out of sync
ERROR:  02.08.2019 02:14:06 current planes out of sync
ERROR:  02.08.2019 02:14:06 current planes out of sync
ERROR:  02.08.2019 02:14:06 current planes out of sync
ERROR:  02.08.2019 02:14:06 current planes out of sync
ERROR:  02.08.2019 02:14:37 current planes out of sync
ERROR:  02.08.2019 02:14:37 current planes out of sync
ERROR:  02.08.2019 02:14:37 current planes out of sync
ERROR:  02.08.2019 02:14:37 current planes out of sync
ERROR:  02.08.2019 02:14:37 current planes out of sync
ERROR:  02.08.2019 02:14:37 current planes out of sync
ERROR:  02.08.2019 02:14:37 current planes out of sync
ERROR:  02.08.2019 02:14:37 current planes out of sync
ERROR:  02.08.2019 02:14:37 current planes out of sync
ERROR:  02.08.2019 02:14:37 current planes out of sync
ERROR:  02.08.2019 02:14:37 current planes out of sync
ERROR:  02.08.2019 02:14:37 current planes out of sync
ERROR:  02.08.2019 02:14:37 current planes out of sync
ERROR:  02.08.2019 02:14:37 current planes out of sync
ERROR:  02.08.2019 02:14:37 current planes out of sync
ERROR:  02.08.2019 02:14:37 current planes out of sync
ERROR:  02.08.2019 02:14:37 current planes out of sync
ERROR:  02.08.2019 02:14:37 current planes out of sync
ERROR:  02.08.2019 02:14:37 current planes out of sync
ERROR:  02.08.2019 02:14:37 current planes out of sync
ERROR:  02.08.2019 02:14:46 current planes out of sync
ERROR:  02.08.2019 02:14:46 current planes out of sync
ERROR:  02.08.2019 02:14:46 current planes out of sync
ERROR:  02.08.2019 02:14:46 current planes out of sync
ERROR:  02.08.2019 02:14:46 current planes out of sync
ERROR:  02.08.2019 02:14:46 current planes out of sync
ERROR:  02.08.2019 02:14:46 current planes out of sync
ERROR:  02.08.2019 02:14:46 current planes out of sync
ERROR:  02.08.2019 02:14:46 current planes out of sync
ERROR:  02.08.2019 02:14:46 current planes out of sync
ERROR:  02.08.2019 02:14:46 current planes out of sync
ERROR:  02.08.2019 02:14:46 current planes out of sync
ERROR:  02.08.2019 02:14:46 current planes out of sync
ERROR:  02.08.2019 02:14:46 current planes out of sync
ERROR:  02.08.2019 02:14:46 current planes out of sync
ERROR:  02.08.2019 02:14:46 current planes out of sync
ERROR:  02.08.2019 02:14:46 current planes out of sync
ERROR:  02.08.2019 02:14:46 current planes out of sync
ERROR:  02.08.2019 02:14:46 current planes out of sync
ERROR:  02.08.2019 02:14:46 current planes out of sync
ERROR:  02.08.2019 02:17:21 current planes out of sync
ERROR:  02.08.2019 02:17:21 current planes out of sync
ERROR:  02.08.2019 02:17:21 current planes out of sync
ERROR:  02.08.2019 02:17:21 current planes out of sync
ERROR:  02.08.2019 02:17:21 current planes out of sync
ERROR:  02.08.2019 02:17:21 current planes out of sync
ERROR:  02.08.2019 02:17:21 current planes out of sync
ERROR:  02.08.2019 02:17:21 current planes out of sync
ERROR:  02.08.2019 02:17:21 current planes out of sync
ERROR:  02.08.2019 02:17:21 current planes out of sync
ERROR:  02.08.2019 02:17:21 current planes out of sync
ERROR:  02.08.2019 02:17:21 current planes out of sync
ERROR:  02.08.2019 02:17:21 current planes out of sync
ERROR:  02.08.2019 02:17:21 current planes out of sync
ERROR:  02.08.2019 02:17:21 current planes out of sync
ERROR:  02.08.2019 02:17:21 current planes out of sync
ERROR:  02.08.2019 02:17:21 current planes out of sync
ERROR:  02.08.2019 02:17:21 current planes out of sync
ERROR:  02.08.2019 02:17:22 current planes out of sync
ERROR:  02.08.2019 02:17:22 current planes out of sync
ERROR:  02.08.2019 02:18:57 current planes out of sync
ERROR:  02.08.2019 02:18:57 current planes out of sync
ERROR:  02.08.2019 02:18:57 current planes out of sync
ERROR:  02.08.2019 02:18:57 current planes out of sync
ERROR:  02.08.2019 02:18:57 current planes out of sync
ERROR:  02.08.2019 02:18:57 current planes out of sync
ERROR:  02.08.2019 02:18:57 current planes out of sync
ERROR:  02.08.2019 02:18:57 current planes out of sync
ERROR:  02.08.2019 02:18:57 current planes out of sync
ERROR:  02.08.2019 02:18:57 current planes out of sync
ERROR:  02.08.2019 02:18:57 current planes out of sync
ERROR:  02.08.2019 02:18:57 current planes out of sync
ERROR:  02.08.2019 02:18:57 current planes out of sync
ERROR:  02.08.2019 02:18:57 current planes out of sync
ERROR:  02.08.2019 02:18:57 current planes out of sync
ERROR:  02.08.2019 02:18:57 current planes out of sync
ERROR:  02.08.2019 02:18:57 current planes out of sync
ERROR:  02.08.2019 02:18:57 current planes out of sync
ERROR:  02.08.2019 02:18:57 current planes out of sync
ERROR:  02.08.2019 02:18:57 current planes out of sync
ERROR:  02.08.2019 03:06:56 Could not find UI name for plugin named Column
ERROR:  02.08.2019 03:06:57 Could not find UI name for plugin named Column
ERROR:  02.08.2019 03:06:57 Could not find UI name for plugin named Column
ERROR:  02.08.2019 03:25:12 Could not find UI name for plugin named Балка
ERROR:  02.08.2019 03:25:13 Could not find UI name for plugin named Балка
ERROR:  02.08.2019 03:25:36 Could not find UI name for plugin named Балка
ERROR:  02.08.2019 03:25:36 Could not find UI name for plugin named Балка
ERROR:  02.08.2019 03:43:51 Could not find UI name for plugin named Балка
ERROR:  02.08.2019 03:43:52 Could not find UI name for plugin named Балка
ASSERT: 02.08.2019 04:09:08 REASON: (!"chk_check_object(object)"), File: fun_objects.cpp, Line: 107
