ERROR:  07.08.2019 00:08:41 Unable to match the defined hatch name with any of the available hatches.
ERROR:  07.08.2019 00:08:41 Hatch schema file parsing failed with definition MISCELLANEOUS,Стекло,Стекло,0.1,3,1.
ERROR:  07.08.2019 00:08:41 Unable to match the defined hatch name with any of the available hatches.
ERROR:  07.08.2019 00:08:41 Hatch schema file parsing failed with definition MISCELLANEOUS,Песок,Песок,0.5,3,1.
ERROR:  07.08.2019 00:08:41 Unable to match the defined hatch name with any of the available hatches.
ERROR:  07.08.2019 00:08:41 Hatch schema file parsing failed with definition MISCELLANEOUS,Щебень,Щебень,0.5,3,1.
ERROR:  07.08.2019 00:56:34 current planes out of sync
ERROR:  07.08.2019 00:56:34 current planes out of sync
ERROR:  07.08.2019 00:56:34 current planes out of sync
ERROR:  07.08.2019 00:56:34 current planes out of sync
ERROR:  07.08.2019 00:56:34 current planes out of sync
ERROR:  07.08.2019 00:56:34 current planes out of sync
ERROR:  07.08.2019 00:56:34 current planes out of sync
ERROR:  07.08.2019 00:56:34 current planes out of sync
ERROR:  07.08.2019 00:56:34 current planes out of sync
ERROR:  07.08.2019 00:56:34 current planes out of sync
ERROR:  07.08.2019 00:56:34 current planes out of sync
ERROR:  07.08.2019 00:56:34 current planes out of sync
ERROR:  07.08.2019 00:56:34 current planes out of sync
ERROR:  07.08.2019 00:56:34 current planes out of sync
ERROR:  07.08.2019 00:56:34 current planes out of sync
ERROR:  07.08.2019 00:56:34 current planes out of sync
ERROR:  07.08.2019 00:56:34 current planes out of sync
ERROR:  07.08.2019 00:56:34 current planes out of sync
ERROR:  07.08.2019 00:56:34 current planes out of sync
ERROR:  07.08.2019 00:56:34 current planes out of sync
ERROR:  07.08.2019 00:56:34 current planes out of sync
ERROR:  07.08.2019 00:56:34 current planes out of sync
ERROR:  07.08.2019 00:56:34 current planes out of sync
ERROR:  07.08.2019 00:56:34 current planes out of sync
ERROR:  07.08.2019 00:56:34 current planes out of sync
ERROR:  07.08.2019 00:56:34 current planes out of sync
ERROR:  07.08.2019 00:56:34 current planes out of sync
ERROR:  07.08.2019 00:56:34 current planes out of sync
ERROR:  07.08.2019 00:56:34 current planes out of sync
ERROR:  07.08.2019 00:56:34 current planes out of sync
ERROR:  07.08.2019 00:56:34 current planes out of sync
ERROR:  07.08.2019 00:56:34 current planes out of sync
ERROR:  07.08.2019 00:56:34 current planes out of sync
ERROR:  07.08.2019 00:56:34 current planes out of sync
ERROR:  07.08.2019 00:56:34 current planes out of sync
ERROR:  07.08.2019 00:56:34 current planes out of sync
ERROR:  07.08.2019 00:56:34 current planes out of sync
ERROR:  07.08.2019 00:56:34 current planes out of sync
ERROR:  07.08.2019 00:56:34 current planes out of sync
ERROR:  07.08.2019 00:56:34 current planes out of sync
ERROR:  07.08.2019 00:56:34 current planes out of sync
ERROR:  07.08.2019 00:56:34 current planes out of sync
ERROR:  07.08.2019 00:56:34 current planes out of sync
ERROR:  07.08.2019 00:56:34 current planes out of sync
ERROR:  07.08.2019 00:56:34 current planes out of sync
ERROR:  07.08.2019 00:56:34 current planes out of sync
ERROR:  07.08.2019 00:56:34 current planes out of sync
ERROR:  07.08.2019 00:56:34 current planes out of sync
ERROR:  07.08.2019 00:56:34 current planes out of sync
ERROR:  07.08.2019 00:56:34 current planes out of sync
ERROR:  07.08.2019 00:56:34 current planes out of sync
ERROR:  07.08.2019 00:56:34 current planes out of sync
ERROR:  07.08.2019 00:56:34 current planes out of sync
ERROR:  07.08.2019 00:56:34 current planes out of sync
ERROR:  07.08.2019 00:56:34 current planes out of sync
ERROR:  07.08.2019 00:56:34 current planes out of sync
ERROR:  07.08.2019 00:56:34 current planes out of sync
ERROR:  07.08.2019 00:56:34 current planes out of sync
ERROR:  07.08.2019 00:56:34 current planes out of sync
ERROR:  07.08.2019 00:56:34 current planes out of sync
ERROR:  07.08.2019 00:56:34 current planes out of sync
ERROR:  07.08.2019 00:56:34 current planes out of sync
ERROR:  07.08.2019 00:56:34 current planes out of sync
ERROR:  07.08.2019 00:56:34 current planes out of sync
ERROR:  07.08.2019 00:56:34 current planes out of sync
ERROR:  07.08.2019 00:56:34 current planes out of sync
ERROR:  07.08.2019 00:56:34 current planes out of sync
ERROR:  07.08.2019 00:56:34 current planes out of sync
ERROR:  07.08.2019 00:56:34 current planes out of sync
ERROR:  07.08.2019 00:56:34 current planes out of sync
ERROR:  07.08.2019 00:56:34 current planes out of sync
ERROR:  07.08.2019 00:56:34 current planes out of sync
ERROR:  07.08.2019 00:56:34 current planes out of sync
ERROR:  07.08.2019 00:56:34 current planes out of sync
ERROR:  07.08.2019 00:56:34 current planes out of sync
ERROR:  07.08.2019 00:56:34 current planes out of sync
ERROR:  07.08.2019 00:56:34 current planes out of sync
ERROR:  07.08.2019 00:56:34 current planes out of sync
ERROR:  07.08.2019 00:56:34 current planes out of sync
ERROR:  07.08.2019 00:56:34 current planes out of sync
ERROR:  07.08.2019 00:56:34 current planes out of sync
ERROR:  07.08.2019 00:56:34 current planes out of sync
ERROR:  07.08.2019 00:56:34 current planes out of sync
ERROR:  07.08.2019 00:56:34 current planes out of sync
ERROR:  07.08.2019 00:56:34 current planes out of sync
ERROR:  07.08.2019 00:56:34 current planes out of sync
ERROR:  07.08.2019 00:56:34 current planes out of sync
ERROR:  07.08.2019 00:56:34 current planes out of sync
ERROR:  07.08.2019 00:56:34 current planes out of sync
ERROR:  07.08.2019 00:56:34 current planes out of sync
ERROR:  07.08.2019 00:56:34 current planes out of sync
ERROR:  07.08.2019 00:56:34 current planes out of sync
ERROR:  07.08.2019 00:56:34 current planes out of sync
ERROR:  07.08.2019 00:56:34 current planes out of sync
ERROR:  07.08.2019 00:56:34 current planes out of sync
ERROR:  07.08.2019 00:56:34 current planes out of sync
ERROR:  07.08.2019 00:56:34 current planes out of sync
ERROR:  07.08.2019 00:56:34 current planes out of sync
ERROR:  07.08.2019 00:56:34 current planes out of sync
ERROR:  07.08.2019 00:56:34 current planes out of sync
ERROR:  07.08.2019 00:56:34 current planes out of sync
ERROR:  07.08.2019 00:56:34 current planes out of sync
ERROR:  07.08.2019 00:56:34 current planes out of sync
ERROR:  07.08.2019 00:56:34 current planes out of sync
ERROR:  07.08.2019 00:56:34 current planes out of sync
ERROR:  07.08.2019 00:56:34 current planes out of sync
ERROR:  07.08.2019 00:56:34 current planes out of sync
ERROR:  07.08.2019 00:56:34 current planes out of sync
ERROR:  07.08.2019 00:56:34 current planes out of sync
ERROR:  07.08.2019 00:56:34 current planes out of sync
ERROR:  07.08.2019 00:56:34 current planes out of sync
ERROR:  07.08.2019 00:56:34 current planes out of sync
ERROR:  07.08.2019 00:56:34 current planes out of sync
ERROR:  07.08.2019 00:56:34 current planes out of sync
ERROR:  07.08.2019 00:56:34 current planes out of sync
ERROR:  07.08.2019 00:56:34 current planes out of sync
ERROR:  07.08.2019 00:56:34 current planes out of sync
ERROR:  07.08.2019 00:56:34 current planes out of sync
ERROR:  07.08.2019 00:56:34 current planes out of sync
ERROR:  07.08.2019 00:56:34 current planes out of sync
ERROR:  07.08.2019 00:56:34 current planes out of sync
ERROR:  07.08.2019 00:56:34 current planes out of sync
ERROR:  07.08.2019 00:56:34 current planes out of sync
ERROR:  07.08.2019 00:56:34 current planes out of sync
ERROR:  07.08.2019 00:56:34 current planes out of sync
ERROR:  07.08.2019 00:56:34 current planes out of sync
ERROR:  07.08.2019 00:56:34 current planes out of sync
ERROR:  07.08.2019 00:56:34 current planes out of sync
ERROR:  07.08.2019 00:56:34 current planes out of sync
ERROR:  07.08.2019 00:56:34 current planes out of sync
ERROR:  07.08.2019 00:56:34 current planes out of sync
ERROR:  07.08.2019 00:56:34 current planes out of sync
ERROR:  07.08.2019 00:56:34 current planes out of sync
ERROR:  07.08.2019 00:56:34 current planes out of sync
ERROR:  07.08.2019 00:56:34 current planes out of sync
ERROR:  07.08.2019 00:56:34 current planes out of sync
ERROR:  07.08.2019 00:56:34 current planes out of sync
ERROR:  07.08.2019 00:56:34 current planes out of sync
ERROR:  07.08.2019 00:56:34 current planes out of sync
ERROR:  07.08.2019 00:56:34 current planes out of sync
ERROR:  07.08.2019 00:56:34 current planes out of sync
ERROR:  07.08.2019 00:56:34 current planes out of sync
ERROR:  07.08.2019 00:56:34 current planes out of sync
ERROR:  07.08.2019 00:56:34 current planes out of sync
ERROR:  07.08.2019 00:56:34 current planes out of sync
ERROR:  07.08.2019 00:56:44 current planes out of sync
ERROR:  07.08.2019 00:56:44 current planes out of sync
ERROR:  07.08.2019 00:56:44 current planes out of sync
ERROR:  07.08.2019 00:56:44 current planes out of sync
ERROR:  07.08.2019 00:56:44 current planes out of sync
ERROR:  07.08.2019 00:56:44 current planes out of sync
ERROR:  07.08.2019 00:56:44 current planes out of sync
ERROR:  07.08.2019 00:56:44 current planes out of sync
ERROR:  07.08.2019 00:56:44 current planes out of sync
ERROR:  07.08.2019 00:56:44 current planes out of sync
ERROR:  07.08.2019 00:56:44 current planes out of sync
ERROR:  07.08.2019 00:56:44 current planes out of sync
ERROR:  07.08.2019 00:56:44 current planes out of sync
ERROR:  07.08.2019 00:56:44 current planes out of sync
ERROR:  07.08.2019 00:56:44 current planes out of sync
ERROR:  07.08.2019 00:56:44 current planes out of sync
ERROR:  07.08.2019 00:56:44 current planes out of sync
ERROR:  07.08.2019 00:56:44 current planes out of sync
ERROR:  07.08.2019 00:56:44 current planes out of sync
ERROR:  07.08.2019 00:56:44 current planes out of sync
ERROR:  07.08.2019 00:56:44 current planes out of sync
ERROR:  07.08.2019 00:56:44 current planes out of sync
ERROR:  07.08.2019 00:56:44 current planes out of sync
ERROR:  07.08.2019 00:56:44 current planes out of sync
ERROR:  07.08.2019 00:56:44 current planes out of sync
ERROR:  07.08.2019 00:56:44 current planes out of sync
ERROR:  07.08.2019 00:56:44 current planes out of sync
ERROR:  07.08.2019 00:56:44 current planes out of sync
ERROR:  07.08.2019 00:56:44 current planes out of sync
ERROR:  07.08.2019 00:56:44 current planes out of sync
ERROR:  07.08.2019 00:56:44 current planes out of sync
ERROR:  07.08.2019 00:56:44 current planes out of sync
ERROR:  07.08.2019 00:56:44 current planes out of sync
ERROR:  07.08.2019 00:56:44 current planes out of sync
ERROR:  07.08.2019 00:56:44 current planes out of sync
ERROR:  07.08.2019 00:56:44 current planes out of sync
ERROR:  07.08.2019 00:56:44 current planes out of sync
ERROR:  07.08.2019 00:56:44 current planes out of sync
ERROR:  07.08.2019 00:56:44 current planes out of sync
ERROR:  07.08.2019 00:56:44 current planes out of sync
ERROR:  07.08.2019 00:56:44 current planes out of sync
ERROR:  07.08.2019 00:56:44 current planes out of sync
ERROR:  07.08.2019 00:56:44 current planes out of sync
ERROR:  07.08.2019 00:56:44 current planes out of sync
ERROR:  07.08.2019 00:56:44 current planes out of sync
ERROR:  07.08.2019 00:56:44 current planes out of sync
ERROR:  07.08.2019 00:56:44 current planes out of sync
ERROR:  07.08.2019 00:56:44 current planes out of sync
ERROR:  07.08.2019 00:56:44 current planes out of sync
ERROR:  07.08.2019 00:56:44 current planes out of sync
ERROR:  07.08.2019 00:56:44 current planes out of sync
ERROR:  07.08.2019 00:56:44 current planes out of sync
ERROR:  07.08.2019 00:56:44 current planes out of sync
ERROR:  07.08.2019 00:56:44 current planes out of sync
ERROR:  07.08.2019 00:56:44 current planes out of sync
ERROR:  07.08.2019 00:56:44 current planes out of sync
ERROR:  07.08.2019 00:56:44 current planes out of sync
ERROR:  07.08.2019 00:56:44 current planes out of sync
ERROR:  07.08.2019 00:56:44 current planes out of sync
ERROR:  07.08.2019 00:56:44 current planes out of sync
ERROR:  07.08.2019 00:56:44 current planes out of sync
ERROR:  07.08.2019 00:56:44 current planes out of sync
ERROR:  07.08.2019 00:56:44 current planes out of sync
ERROR:  07.08.2019 00:56:44 current planes out of sync
ERROR:  07.08.2019 00:56:44 current planes out of sync
ERROR:  07.08.2019 00:56:44 current planes out of sync
ERROR:  07.08.2019 00:56:44 current planes out of sync
ERROR:  07.08.2019 00:56:44 current planes out of sync
ERROR:  07.08.2019 00:56:44 current planes out of sync
ERROR:  07.08.2019 00:56:44 current planes out of sync
ERROR:  07.08.2019 00:56:44 current planes out of sync
ERROR:  07.08.2019 00:56:44 current planes out of sync
ERROR:  07.08.2019 00:56:44 current planes out of sync
ERROR:  07.08.2019 00:56:44 current planes out of sync
ERROR:  07.08.2019 00:56:44 current planes out of sync
ERROR:  07.08.2019 00:56:44 current planes out of sync
ERROR:  07.08.2019 00:56:44 current planes out of sync
ERROR:  07.08.2019 00:56:44 current planes out of sync
ERROR:  07.08.2019 00:56:44 current planes out of sync
ERROR:  07.08.2019 00:56:44 current planes out of sync
ERROR:  07.08.2019 00:56:44 current planes out of sync
ERROR:  07.08.2019 00:56:44 current planes out of sync
ERROR:  07.08.2019 00:56:44 current planes out of sync
ERROR:  07.08.2019 00:56:44 current planes out of sync
ERROR:  07.08.2019 00:56:44 current planes out of sync
ERROR:  07.08.2019 00:56:44 current planes out of sync
ERROR:  07.08.2019 00:56:44 current planes out of sync
ERROR:  07.08.2019 00:56:44 current planes out of sync
ERROR:  07.08.2019 00:56:44 current planes out of sync
ERROR:  07.08.2019 00:56:44 current planes out of sync
ERROR:  07.08.2019 00:56:44 current planes out of sync
ERROR:  07.08.2019 00:56:44 current planes out of sync
ERROR:  07.08.2019 00:56:44 current planes out of sync
ERROR:  07.08.2019 00:56:44 current planes out of sync
ERROR:  07.08.2019 00:56:44 current planes out of sync
ERROR:  07.08.2019 00:56:44 current planes out of sync
ERROR:  07.08.2019 00:56:44 current planes out of sync
ERROR:  07.08.2019 00:56:44 current planes out of sync
ERROR:  07.08.2019 00:56:44 current planes out of sync
ERROR:  07.08.2019 00:56:44 current planes out of sync
ERROR:  07.08.2019 00:56:44 current planes out of sync
ERROR:  07.08.2019 00:56:44 current planes out of sync
ERROR:  07.08.2019 00:56:44 current planes out of sync
ERROR:  07.08.2019 00:56:44 current planes out of sync
ERROR:  07.08.2019 00:56:44 current planes out of sync
ERROR:  07.08.2019 00:56:44 current planes out of sync
ERROR:  07.08.2019 00:56:44 current planes out of sync
ERROR:  07.08.2019 00:56:44 current planes out of sync
ERROR:  07.08.2019 00:56:44 current planes out of sync
ERROR:  07.08.2019 00:56:44 current planes out of sync
ERROR:  07.08.2019 00:56:44 current planes out of sync
ERROR:  07.08.2019 00:56:44 current planes out of sync
ERROR:  07.08.2019 00:56:44 current planes out of sync
ERROR:  07.08.2019 00:56:44 current planes out of sync
ERROR:  07.08.2019 00:56:44 current planes out of sync
ERROR:  07.08.2019 00:56:44 current planes out of sync
ERROR:  07.08.2019 00:56:44 current planes out of sync
ERROR:  07.08.2019 00:56:44 current planes out of sync
ERROR:  07.08.2019 00:56:44 current planes out of sync
ERROR:  07.08.2019 00:56:44 current planes out of sync
ERROR:  07.08.2019 00:56:44 current planes out of sync
ERROR:  07.08.2019 00:56:44 current planes out of sync
ERROR:  07.08.2019 00:56:44 current planes out of sync
ERROR:  07.08.2019 00:56:44 current planes out of sync
ERROR:  07.08.2019 00:56:44 current planes out of sync
ERROR:  07.08.2019 00:56:44 current planes out of sync
ERROR:  07.08.2019 00:56:44 current planes out of sync
ERROR:  07.08.2019 00:56:44 current planes out of sync
ERROR:  07.08.2019 00:56:44 current planes out of sync
ERROR:  07.08.2019 00:56:44 current planes out of sync
ERROR:  07.08.2019 00:56:44 current planes out of sync
ERROR:  07.08.2019 00:56:44 current planes out of sync
ERROR:  07.08.2019 00:56:44 current planes out of sync
ERROR:  07.08.2019 00:56:44 current planes out of sync
ERROR:  07.08.2019 00:56:44 current planes out of sync
ERROR:  07.08.2019 00:56:44 current planes out of sync
ERROR:  07.08.2019 00:56:44 current planes out of sync
ERROR:  07.08.2019 00:56:44 current planes out of sync
ERROR:  07.08.2019 00:56:44 current planes out of sync
ERROR:  07.08.2019 00:56:44 current planes out of sync
ERROR:  07.08.2019 00:56:44 current planes out of sync
ERROR:  07.08.2019 00:56:44 current planes out of sync
ERROR:  07.08.2019 00:56:44 current planes out of sync
ERROR:  07.08.2019 00:56:44 current planes out of sync
ERROR:  07.08.2019 00:56:44 current planes out of sync
ERROR:  07.08.2019 00:57:00 current planes out of sync
ERROR:  07.08.2019 00:57:00 current planes out of sync
ERROR:  07.08.2019 00:57:00 current planes out of sync
ERROR:  07.08.2019 00:57:00 current planes out of sync
ERROR:  07.08.2019 00:57:00 current planes out of sync
ERROR:  07.08.2019 00:57:00 current planes out of sync
ERROR:  07.08.2019 00:57:00 current planes out of sync
ERROR:  07.08.2019 00:57:00 current planes out of sync
ERROR:  07.08.2019 00:57:00 current planes out of sync
ERROR:  07.08.2019 00:57:00 current planes out of sync
ERROR:  07.08.2019 00:57:00 current planes out of sync
ERROR:  07.08.2019 00:57:00 current planes out of sync
ERROR:  07.08.2019 00:57:00 current planes out of sync
ERROR:  07.08.2019 00:57:00 current planes out of sync
ERROR:  07.08.2019 00:57:00 current planes out of sync
ERROR:  07.08.2019 00:57:00 current planes out of sync
ERROR:  07.08.2019 00:57:00 current planes out of sync
ERROR:  07.08.2019 00:57:00 current planes out of sync
ERROR:  07.08.2019 00:57:10 current planes out of sync
ERROR:  07.08.2019 00:57:10 current planes out of sync
ERROR:  07.08.2019 00:57:10 current planes out of sync
ERROR:  07.08.2019 00:57:10 current planes out of sync
ERROR:  07.08.2019 00:57:10 current planes out of sync
ERROR:  07.08.2019 00:57:10 current planes out of sync
ERROR:  07.08.2019 00:57:10 current planes out of sync
ERROR:  07.08.2019 00:57:10 current planes out of sync
ERROR:  07.08.2019 00:57:10 current planes out of sync
ERROR:  07.08.2019 00:57:10 current planes out of sync
ERROR:  07.08.2019 00:57:10 current planes out of sync
ERROR:  07.08.2019 00:57:10 current planes out of sync
ERROR:  07.08.2019 00:57:10 current planes out of sync
ERROR:  07.08.2019 00:57:10 current planes out of sync
ERROR:  07.08.2019 00:57:10 current planes out of sync
ERROR:  07.08.2019 00:57:10 current planes out of sync
ERROR:  07.08.2019 00:57:10 current planes out of sync
ERROR:  07.08.2019 00:57:10 current planes out of sync
ERROR:  07.08.2019 01:03:43 current planes out of sync
ERROR:  07.08.2019 01:03:43 current planes out of sync
ERROR:  07.08.2019 01:03:43 current planes out of sync
ERROR:  07.08.2019 01:03:43 current planes out of sync
ERROR:  07.08.2019 01:03:43 current planes out of sync
ERROR:  07.08.2019 01:03:43 current planes out of sync
ERROR:  07.08.2019 01:03:43 current planes out of sync
ERROR:  07.08.2019 01:03:43 current planes out of sync
ERROR:  07.08.2019 01:03:43 current planes out of sync
ERROR:  07.08.2019 01:03:43 current planes out of sync
ERROR:  07.08.2019 01:03:43 current planes out of sync
ERROR:  07.08.2019 01:03:43 current planes out of sync
ERROR:  07.08.2019 01:03:43 current planes out of sync
ERROR:  07.08.2019 01:03:43 current planes out of sync
ERROR:  07.08.2019 01:03:43 current planes out of sync
ERROR:  07.08.2019 01:03:43 current planes out of sync
ERROR:  07.08.2019 01:03:43 current planes out of sync
ERROR:  07.08.2019 01:03:43 current planes out of sync
ERROR:  07.08.2019 01:05:00 current planes out of sync
ERROR:  07.08.2019 01:05:00 current planes out of sync
ERROR:  07.08.2019 01:05:00 current planes out of sync
ERROR:  07.08.2019 01:05:00 current planes out of sync
ERROR:  07.08.2019 01:05:00 current planes out of sync
ERROR:  07.08.2019 01:05:00 current planes out of sync
ERROR:  07.08.2019 01:05:00 current planes out of sync
ERROR:  07.08.2019 01:05:00 current planes out of sync
ERROR:  07.08.2019 01:05:00 current planes out of sync
ERROR:  07.08.2019 01:05:00 current planes out of sync
ERROR:  07.08.2019 01:05:00 current planes out of sync
ERROR:  07.08.2019 01:05:00 current planes out of sync
ERROR:  07.08.2019 01:05:00 current planes out of sync
ERROR:  07.08.2019 01:05:00 current planes out of sync
ERROR:  07.08.2019 01:05:00 current planes out of sync
ERROR:  07.08.2019 01:05:00 current planes out of sync
ERROR:  07.08.2019 01:05:00 current planes out of sync
ERROR:  07.08.2019 01:05:00 current planes out of sync
ERROR:  07.08.2019 01:05:18 current planes out of sync
ERROR:  07.08.2019 01:05:18 current planes out of sync
ERROR:  07.08.2019 01:05:18 current planes out of sync
ERROR:  07.08.2019 01:05:18 current planes out of sync
ERROR:  07.08.2019 01:05:18 current planes out of sync
ERROR:  07.08.2019 01:05:18 current planes out of sync
ERROR:  07.08.2019 01:05:18 current planes out of sync
ERROR:  07.08.2019 01:05:18 current planes out of sync
ERROR:  07.08.2019 01:05:18 current planes out of sync
ERROR:  07.08.2019 01:05:18 current planes out of sync
ERROR:  07.08.2019 01:05:18 current planes out of sync
ERROR:  07.08.2019 01:05:18 current planes out of sync
ERROR:  07.08.2019 01:05:18 current planes out of sync
ERROR:  07.08.2019 01:05:18 current planes out of sync
ERROR:  07.08.2019 01:05:18 current planes out of sync
ERROR:  07.08.2019 01:05:18 current planes out of sync
ERROR:  07.08.2019 01:05:18 current planes out of sync
ERROR:  07.08.2019 01:05:18 current planes out of sync
ERROR:  07.08.2019 01:05:25 current planes out of sync
ERROR:  07.08.2019 01:05:25 current planes out of sync
ERROR:  07.08.2019 01:05:25 current planes out of sync
ERROR:  07.08.2019 01:05:25 current planes out of sync
ERROR:  07.08.2019 01:05:25 current planes out of sync
ERROR:  07.08.2019 01:05:25 current planes out of sync
ERROR:  07.08.2019 01:05:25 current planes out of sync
ERROR:  07.08.2019 01:05:25 current planes out of sync
ERROR:  07.08.2019 01:05:25 current planes out of sync
ERROR:  07.08.2019 01:05:25 current planes out of sync
ERROR:  07.08.2019 01:05:25 current planes out of sync
ERROR:  07.08.2019 01:05:25 current planes out of sync
ERROR:  07.08.2019 01:05:25 current planes out of sync
ERROR:  07.08.2019 01:05:25 current planes out of sync
ERROR:  07.08.2019 01:05:25 current planes out of sync
ERROR:  07.08.2019 01:05:25 current planes out of sync
ERROR:  07.08.2019 01:05:25 current planes out of sync
ERROR:  07.08.2019 01:05:25 current planes out of sync
ERROR:  07.08.2019 01:05:32 current planes out of sync
ERROR:  07.08.2019 01:05:32 current planes out of sync
ERROR:  07.08.2019 01:05:32 current planes out of sync
ERROR:  07.08.2019 01:05:32 current planes out of sync
ERROR:  07.08.2019 01:05:32 current planes out of sync
ERROR:  07.08.2019 01:05:32 current planes out of sync
ERROR:  07.08.2019 01:05:32 current planes out of sync
ERROR:  07.08.2019 01:05:32 current planes out of sync
ERROR:  07.08.2019 01:05:32 current planes out of sync
ERROR:  07.08.2019 01:05:32 current planes out of sync
ERROR:  07.08.2019 01:05:32 current planes out of sync
ERROR:  07.08.2019 01:05:32 current planes out of sync
ERROR:  07.08.2019 01:05:32 current planes out of sync
ERROR:  07.08.2019 01:05:32 current planes out of sync
ERROR:  07.08.2019 01:05:32 current planes out of sync
ERROR:  07.08.2019 01:05:32 current planes out of sync
ERROR:  07.08.2019 01:05:32 current planes out of sync
ERROR:  07.08.2019 01:05:32 current planes out of sync
ERROR:  07.08.2019 01:06:15 current planes out of sync
ERROR:  07.08.2019 01:06:15 current planes out of sync
ERROR:  07.08.2019 01:06:15 current planes out of sync
ERROR:  07.08.2019 01:06:15 current planes out of sync
ERROR:  07.08.2019 01:06:15 current planes out of sync
ERROR:  07.08.2019 01:06:15 current planes out of sync
ERROR:  07.08.2019 01:06:15 current planes out of sync
ERROR:  07.08.2019 01:06:15 current planes out of sync
ERROR:  07.08.2019 01:06:15 current planes out of sync
ERROR:  07.08.2019 01:06:15 current planes out of sync
ERROR:  07.08.2019 01:06:15 current planes out of sync
ERROR:  07.08.2019 01:06:15 current planes out of sync
ERROR:  07.08.2019 01:06:15 current planes out of sync
ERROR:  07.08.2019 01:06:15 current planes out of sync
ERROR:  07.08.2019 01:06:15 current planes out of sync
ERROR:  07.08.2019 01:06:15 current planes out of sync
ERROR:  07.08.2019 01:06:15 current planes out of sync
ERROR:  07.08.2019 01:06:15 current planes out of sync
ERROR:  07.08.2019 01:54:18 current planes out of sync
ERROR:  07.08.2019 01:54:18 current planes out of sync
ERROR:  07.08.2019 01:54:18 current planes out of sync
ERROR:  07.08.2019 01:54:18 current planes out of sync
ERROR:  07.08.2019 01:54:18 current planes out of sync
ERROR:  07.08.2019 01:54:18 current planes out of sync
ERROR:  07.08.2019 01:54:18 current planes out of sync
ERROR:  07.08.2019 01:54:18 current planes out of sync
ERROR:  07.08.2019 01:54:18 current planes out of sync
ERROR:  07.08.2019 01:54:18 current planes out of sync
ERROR:  07.08.2019 01:54:18 current planes out of sync
ERROR:  07.08.2019 01:54:18 current planes out of sync
ERROR:  07.08.2019 01:54:18 current planes out of sync
ERROR:  07.08.2019 01:54:18 current planes out of sync
ERROR:  07.08.2019 01:54:18 current planes out of sync
ERROR:  07.08.2019 01:54:18 current planes out of sync
ERROR:  07.08.2019 01:54:18 current planes out of sync
ERROR:  07.08.2019 01:54:18 current planes out of sync
