ERROR:  08.08.2019 19:02:34 Unable to match the defined hatch name with any of the available hatches.
ERROR:  08.08.2019 19:02:34 Hatch schema file parsing failed with definition MISCELLANEOUS,Стекло,Стекло,0.1,3,1.
ERROR:  08.08.2019 19:02:34 Unable to match the defined hatch name with any of the available hatches.
ERROR:  08.08.2019 19:02:34 Hatch schema file parsing failed with definition MISCELLANEOUS,Песок,Песок,0.5,3,1.
ERROR:  08.08.2019 19:02:34 Unable to match the defined hatch name with any of the available hatches.
ERROR:  08.08.2019 19:02:34 Hatch schema file parsing failed with definition MISCELLANEOUS,Щебень,Щебень,0.5,3,1.
ERROR:  08.08.2019 19:02:34 current planes out of sync
ERROR:  08.08.2019 19:02:34 current planes out of sync
ERROR:  08.08.2019 19:02:34 current planes out of sync
ERROR:  08.08.2019 19:02:34 current planes out of sync
ERROR:  08.08.2019 19:02:34 current planes out of sync
ERROR:  08.08.2019 19:02:34 current planes out of sync
ERROR:  08.08.2019 19:02:34 current planes out of sync
ERROR:  08.08.2019 19:02:34 current planes out of sync
ERROR:  08.08.2019 19:02:34 current planes out of sync
ERROR:  08.08.2019 19:02:34 current planes out of sync
ERROR:  08.08.2019 19:02:34 current planes out of sync
ERROR:  08.08.2019 19:02:34 current planes out of sync
ERROR:  08.08.2019 19:02:34 current planes out of sync
ERROR:  08.08.2019 19:02:34 current planes out of sync
ERROR:  08.08.2019 19:02:34 current planes out of sync
ERROR:  08.08.2019 19:02:34 current planes out of sync
ERROR:  08.08.2019 19:02:34 current planes out of sync
ERROR:  08.08.2019 19:02:34 current planes out of sync
ERROR:  08.08.2019 19:02:34 current planes out of sync
ERROR:  08.08.2019 19:02:34 current planes out of sync
ERROR:  08.08.2019 19:02:35 current planes out of sync
ERROR:  08.08.2019 19:02:35 current planes out of sync
ERROR:  08.08.2019 19:02:35 current planes out of sync
ERROR:  08.08.2019 19:02:35 current planes out of sync
ERROR:  08.08.2019 19:02:35 current planes out of sync
ERROR:  08.08.2019 19:02:35 current planes out of sync
ERROR:  08.08.2019 19:02:35 current planes out of sync
ERROR:  08.08.2019 19:02:35 current planes out of sync
ERROR:  08.08.2019 19:02:35 current planes out of sync
ERROR:  08.08.2019 19:02:35 current planes out of sync
ERROR:  08.08.2019 19:02:35 current planes out of sync
ERROR:  08.08.2019 19:02:35 current planes out of sync
ERROR:  08.08.2019 19:02:35 current planes out of sync
ERROR:  08.08.2019 19:02:35 current planes out of sync
ERROR:  08.08.2019 19:02:35 current planes out of sync
ERROR:  08.08.2019 19:02:35 current planes out of sync
ERROR:  08.08.2019 19:02:35 current planes out of sync
ERROR:  08.08.2019 19:02:35 current planes out of sync
ERROR:  08.08.2019 19:02:35 current planes out of sync
ERROR:  08.08.2019 19:02:35 current planes out of sync
ERROR:  08.08.2019 19:02:35 current planes out of sync
ERROR:  08.08.2019 19:02:35 current planes out of sync
ERROR:  08.08.2019 19:02:35 current planes out of sync
ERROR:  08.08.2019 19:02:35 current planes out of sync
ERROR:  08.08.2019 19:02:35 current planes out of sync
ERROR:  08.08.2019 19:02:35 current planes out of sync
ERROR:  08.08.2019 19:02:35 current planes out of sync
ERROR:  08.08.2019 19:02:35 current planes out of sync
ERROR:  08.08.2019 19:02:35 current planes out of sync
ERROR:  08.08.2019 19:02:35 current planes out of sync
ERROR:  08.08.2019 19:02:35 current planes out of sync
ERROR:  08.08.2019 19:02:35 current planes out of sync
ERROR:  08.08.2019 19:02:35 current planes out of sync
ERROR:  08.08.2019 19:02:35 current planes out of sync
ERROR:  08.08.2019 19:02:35 current planes out of sync
ERROR:  08.08.2019 19:02:35 current planes out of sync
ERROR:  08.08.2019 19:02:35 current planes out of sync
ERROR:  08.08.2019 19:02:35 current planes out of sync
ERROR:  08.08.2019 19:02:35 current planes out of sync
ERROR:  08.08.2019 19:02:35 current planes out of sync
ERROR:  08.08.2019 19:02:35 current planes out of sync
ERROR:  08.08.2019 19:02:35 current planes out of sync
ERROR:  08.08.2019 19:02:35 current planes out of sync
ERROR:  08.08.2019 19:02:35 current planes out of sync
ERROR:  08.08.2019 19:02:35 current planes out of sync
ERROR:  08.08.2019 19:02:35 current planes out of sync
ERROR:  08.08.2019 19:02:35 current planes out of sync
ERROR:  08.08.2019 19:02:35 current planes out of sync
ERROR:  08.08.2019 19:02:35 current planes out of sync
ERROR:  08.08.2019 19:02:35 current planes out of sync
ERROR:  08.08.2019 19:02:35 current planes out of sync
ERROR:  08.08.2019 19:02:35 current planes out of sync
ERROR:  08.08.2019 19:02:35 current planes out of sync
ASSERT: 08.08.2019 19:11:14 REASON: (!LicenseInfo.empty()), File: tpl_project.cpp, Line: 24
ERROR:  08.08.2019 19:16:51 current planes out of sync
ERROR:  08.08.2019 19:16:51 current planes out of sync
ERROR:  08.08.2019 19:16:51 current planes out of sync
ERROR:  08.08.2019 19:16:51 current planes out of sync
ERROR:  08.08.2019 19:16:51 current planes out of sync
ERROR:  08.08.2019 19:16:51 current planes out of sync
ERROR:  08.08.2019 19:16:51 current planes out of sync
ERROR:  08.08.2019 19:16:51 current planes out of sync
ERROR:  08.08.2019 19:16:51 current planes out of sync
ERROR:  08.08.2019 19:16:51 current planes out of sync
ERROR:  08.08.2019 19:16:51 current planes out of sync
ERROR:  08.08.2019 19:16:51 current planes out of sync
ERROR:  08.08.2019 19:16:51 current planes out of sync
ERROR:  08.08.2019 19:16:51 current planes out of sync
ERROR:  08.08.2019 19:16:51 current planes out of sync
ERROR:  08.08.2019 19:16:51 current planes out of sync
ERROR:  08.08.2019 19:16:51 current planes out of sync
ERROR:  08.08.2019 19:16:51 current planes out of sync
ERROR:  08.08.2019 19:16:52 current planes out of sync
ERROR:  08.08.2019 19:16:52 current planes out of sync
ERROR:  08.08.2019 19:16:52 current planes out of sync
ERROR:  08.08.2019 19:16:52 current planes out of sync
ERROR:  08.08.2019 19:16:52 current planes out of sync
ERROR:  08.08.2019 19:16:52 current planes out of sync
ERROR:  08.08.2019 19:16:52 current planes out of sync
ERROR:  08.08.2019 19:16:52 current planes out of sync
ERROR:  08.08.2019 19:16:52 current planes out of sync
ERROR:  08.08.2019 19:16:52 current planes out of sync
ERROR:  08.08.2019 19:16:52 current planes out of sync
ERROR:  08.08.2019 19:16:52 current planes out of sync
ERROR:  08.08.2019 19:16:52 current planes out of sync
ERROR:  08.08.2019 19:16:53 current planes out of sync
ERROR:  08.08.2019 19:16:53 current planes out of sync
ERROR:  08.08.2019 19:16:53 current planes out of sync
ERROR:  08.08.2019 19:16:53 current planes out of sync
ERROR:  08.08.2019 19:16:53 current planes out of sync
ERROR:  08.08.2019 19:16:53 current planes out of sync
ERROR:  08.08.2019 19:16:53 current planes out of sync
ERROR:  08.08.2019 19:16:53 current planes out of sync
ERROR:  08.08.2019 19:16:53 current planes out of sync
ERROR:  08.08.2019 19:16:53 current planes out of sync
ERROR:  08.08.2019 19:16:53 current planes out of sync
ERROR:  08.08.2019 19:16:53 current planes out of sync
ERROR:  08.08.2019 19:16:53 current planes out of sync
ERROR:  08.08.2019 19:16:53 current planes out of sync
ERROR:  08.08.2019 19:16:53 current planes out of sync
ERROR:  08.08.2019 19:16:53 current planes out of sync
ERROR:  08.08.2019 19:16:53 current planes out of sync
ERROR:  08.08.2019 19:16:53 current planes out of sync
ERROR:  08.08.2019 19:16:53 current planes out of sync
ERROR:  08.08.2019 19:16:53 current planes out of sync
ERROR:  08.08.2019 19:16:53 current planes out of sync
ERROR:  08.08.2019 19:16:53 current planes out of sync
ERROR:  08.08.2019 19:16:53 current planes out of sync
ERROR:  08.08.2019 19:16:53 current planes out of sync
ERROR:  08.08.2019 19:16:53 current planes out of sync
ERROR:  08.08.2019 19:16:53 current planes out of sync
ERROR:  08.08.2019 19:16:53 current planes out of sync
ERROR:  08.08.2019 19:16:53 current planes out of sync
ERROR:  08.08.2019 19:16:53 current planes out of sync
ERROR:  08.08.2019 19:16:53 current planes out of sync
ERROR:  08.08.2019 19:16:53 current planes out of sync
ERROR:  08.08.2019 19:16:53 current planes out of sync
ERROR:  08.08.2019 19:16:53 current planes out of sync
ERROR:  08.08.2019 19:16:53 current planes out of sync
ERROR:  08.08.2019 19:16:53 current planes out of sync
ERROR:  08.08.2019 19:16:53 current planes out of sync
ERROR:  08.08.2019 19:16:53 current planes out of sync
ERROR:  08.08.2019 19:16:53 current planes out of sync
ERROR:  08.08.2019 19:16:53 current planes out of sync
ERROR:  08.08.2019 19:16:53 current planes out of sync
ERROR:  08.08.2019 19:16:53 current planes out of sync
ERROR:  08.08.2019 19:16:53 current planes out of sync
ERROR:  08.08.2019 19:17:11 current planes out of sync
ERROR:  08.08.2019 19:17:11 current planes out of sync
ERROR:  08.08.2019 19:17:11 current planes out of sync
ERROR:  08.08.2019 19:17:11 current planes out of sync
ERROR:  08.08.2019 19:17:11 current planes out of sync
ERROR:  08.08.2019 19:17:11 current planes out of sync
ERROR:  08.08.2019 19:17:11 current planes out of sync
ERROR:  08.08.2019 19:17:11 current planes out of sync
ERROR:  08.08.2019 19:17:11 current planes out of sync
ERROR:  08.08.2019 19:17:11 current planes out of sync
ERROR:  08.08.2019 19:17:11 current planes out of sync
ERROR:  08.08.2019 19:17:11 current planes out of sync
ERROR:  08.08.2019 19:17:11 current planes out of sync
ERROR:  08.08.2019 19:17:11 current planes out of sync
ERROR:  08.08.2019 19:17:11 current planes out of sync
ERROR:  08.08.2019 19:17:11 current planes out of sync
ERROR:  08.08.2019 19:17:11 current planes out of sync
ERROR:  08.08.2019 19:17:11 current planes out of sync
ERROR:  08.08.2019 19:17:12 current planes out of sync
ERROR:  08.08.2019 19:17:12 current planes out of sync
ERROR:  08.08.2019 19:17:12 current planes out of sync
ERROR:  08.08.2019 19:17:12 current planes out of sync
ERROR:  08.08.2019 19:17:12 current planes out of sync
ERROR:  08.08.2019 19:17:12 current planes out of sync
ERROR:  08.08.2019 19:17:12 current planes out of sync
ERROR:  08.08.2019 19:17:12 current planes out of sync
ERROR:  08.08.2019 19:17:12 current planes out of sync
ERROR:  08.08.2019 19:17:12 current planes out of sync
ERROR:  08.08.2019 19:17:12 current planes out of sync
ERROR:  08.08.2019 19:17:12 current planes out of sync
ERROR:  08.08.2019 19:17:12 current planes out of sync
ERROR:  08.08.2019 19:17:12 current planes out of sync
ERROR:  08.08.2019 19:17:12 current planes out of sync
ERROR:  08.08.2019 19:17:12 current planes out of sync
ERROR:  08.08.2019 19:17:12 current planes out of sync
ERROR:  08.08.2019 19:17:12 current planes out of sync
ERROR:  08.08.2019 19:17:12 current planes out of sync
ERROR:  08.08.2019 19:17:12 current planes out of sync
ERROR:  08.08.2019 19:17:12 current planes out of sync
ERROR:  08.08.2019 19:17:12 current planes out of sync
ERROR:  08.08.2019 19:17:12 current planes out of sync
ERROR:  08.08.2019 19:17:12 current planes out of sync
ERROR:  08.08.2019 19:17:12 current planes out of sync
ERROR:  08.08.2019 19:17:13 current planes out of sync
ERROR:  08.08.2019 19:17:13 current planes out of sync
ERROR:  08.08.2019 19:17:13 current planes out of sync
ERROR:  08.08.2019 19:17:13 current planes out of sync
ERROR:  08.08.2019 19:17:13 current planes out of sync
ERROR:  08.08.2019 19:17:13 current planes out of sync
ERROR:  08.08.2019 19:17:13 current planes out of sync
ERROR:  08.08.2019 19:17:13 current planes out of sync
ERROR:  08.08.2019 19:17:13 current planes out of sync
ERROR:  08.08.2019 19:17:13 current planes out of sync
ERROR:  08.08.2019 19:17:13 current planes out of sync
ERROR:  08.08.2019 19:17:13 current planes out of sync
ERROR:  08.08.2019 19:17:13 current planes out of sync
ERROR:  08.08.2019 19:17:13 current planes out of sync
ERROR:  08.08.2019 19:17:13 current planes out of sync
ERROR:  08.08.2019 19:17:13 current planes out of sync
ERROR:  08.08.2019 19:17:13 current planes out of sync
ERROR:  08.08.2019 19:17:13 current planes out of sync
ERROR:  08.08.2019 19:17:13 current planes out of sync
ERROR:  08.08.2019 19:17:13 current planes out of sync
ERROR:  08.08.2019 19:17:13 current planes out of sync
ERROR:  08.08.2019 19:17:13 current planes out of sync
ERROR:  08.08.2019 19:17:13 current planes out of sync
ERROR:  08.08.2019 19:17:13 current planes out of sync
ERROR:  08.08.2019 19:17:13 current planes out of sync
ERROR:  08.08.2019 19:17:13 current planes out of sync
ERROR:  08.08.2019 19:17:13 current planes out of sync
ERROR:  08.08.2019 19:17:13 current planes out of sync
ERROR:  08.08.2019 19:17:13 current planes out of sync
ERROR:  08.08.2019 19:17:13 current planes out of sync
ERROR:  08.08.2019 19:27:03 current planes out of sync
ERROR:  08.08.2019 19:27:03 current planes out of sync
ERROR:  08.08.2019 19:27:03 current planes out of sync
ERROR:  08.08.2019 19:27:03 current planes out of sync
ERROR:  08.08.2019 19:27:03 current planes out of sync
ERROR:  08.08.2019 19:27:03 current planes out of sync
ERROR:  08.08.2019 19:27:03 current planes out of sync
ERROR:  08.08.2019 19:27:03 current planes out of sync
ERROR:  08.08.2019 19:27:03 current planes out of sync
ERROR:  08.08.2019 19:27:03 current planes out of sync
ERROR:  08.08.2019 19:27:03 current planes out of sync
ERROR:  08.08.2019 19:27:03 current planes out of sync
ERROR:  08.08.2019 19:27:03 current planes out of sync
ERROR:  08.08.2019 19:27:03 current planes out of sync
ERROR:  08.08.2019 19:27:03 current planes out of sync
ERROR:  08.08.2019 19:27:03 current planes out of sync
ERROR:  08.08.2019 19:27:03 current planes out of sync
ERROR:  08.08.2019 19:27:03 current planes out of sync
ERROR:  08.08.2019 19:27:04 current planes out of sync
ERROR:  08.08.2019 19:27:04 current planes out of sync
ERROR:  08.08.2019 19:27:04 current planes out of sync
ERROR:  08.08.2019 19:27:04 current planes out of sync
ERROR:  08.08.2019 19:27:04 current planes out of sync
ERROR:  08.08.2019 19:27:04 current planes out of sync
ERROR:  08.08.2019 19:27:04 current planes out of sync
ERROR:  08.08.2019 19:27:04 current planes out of sync
ERROR:  08.08.2019 19:27:04 current planes out of sync
ERROR:  08.08.2019 19:27:04 current planes out of sync
ERROR:  08.08.2019 19:27:04 current planes out of sync
ERROR:  08.08.2019 19:27:04 current planes out of sync
ERROR:  08.08.2019 19:27:04 current planes out of sync
ERROR:  08.08.2019 19:27:04 current planes out of sync
ERROR:  08.08.2019 19:27:04 current planes out of sync
ERROR:  08.08.2019 19:27:04 current planes out of sync
ERROR:  08.08.2019 19:27:04 current planes out of sync
ERROR:  08.08.2019 19:27:04 current planes out of sync
ERROR:  08.08.2019 19:27:04 current planes out of sync
ERROR:  08.08.2019 19:27:04 current planes out of sync
ERROR:  08.08.2019 19:27:04 current planes out of sync
ERROR:  08.08.2019 19:27:04 current planes out of sync
ERROR:  08.08.2019 19:27:04 current planes out of sync
ERROR:  08.08.2019 19:27:04 current planes out of sync
ERROR:  08.08.2019 19:27:04 current planes out of sync
ERROR:  08.08.2019 19:27:04 current planes out of sync
ERROR:  08.08.2019 19:27:04 current planes out of sync
ERROR:  08.08.2019 19:27:04 current planes out of sync
ERROR:  08.08.2019 19:27:04 current planes out of sync
ERROR:  08.08.2019 19:27:04 current planes out of sync
ERROR:  08.08.2019 19:27:04 current planes out of sync
ERROR:  08.08.2019 19:27:04 current planes out of sync
ERROR:  08.08.2019 19:27:04 current planes out of sync
ERROR:  08.08.2019 19:27:04 current planes out of sync
ERROR:  08.08.2019 19:27:04 current planes out of sync
ERROR:  08.08.2019 19:27:04 current planes out of sync
ERROR:  08.08.2019 19:27:04 current planes out of sync
ERROR:  08.08.2019 19:27:04 current planes out of sync
ERROR:  08.08.2019 19:27:04 current planes out of sync
ERROR:  08.08.2019 19:27:04 current planes out of sync
ERROR:  08.08.2019 19:27:04 current planes out of sync
ERROR:  08.08.2019 19:27:04 current planes out of sync
ERROR:  08.08.2019 19:27:04 current planes out of sync
ERROR:  08.08.2019 19:27:04 current planes out of sync
ERROR:  08.08.2019 19:27:04 current planes out of sync
ERROR:  08.08.2019 19:27:05 current planes out of sync
ERROR:  08.08.2019 19:27:05 current planes out of sync
ERROR:  08.08.2019 19:27:05 current planes out of sync
ERROR:  08.08.2019 19:27:05 current planes out of sync
ERROR:  08.08.2019 19:27:05 current planes out of sync
ERROR:  08.08.2019 19:27:05 current planes out of sync
ERROR:  08.08.2019 19:27:05 current planes out of sync
ERROR:  08.08.2019 19:27:05 current planes out of sync
ERROR:  08.08.2019 19:27:05 current planes out of sync
ERROR:  08.08.2019 19:27:05 current planes out of sync
ASSERT: 08.08.2019 22:45:03 REASON: (!"chk_check_object(object)"), File: fun_objects.cpp, Line: 107
ASSERT: 08.08.2019 22:47:29 REASON: (!"chk_check_object(object)"), File: fun_objects.cpp, Line: 107
ASSERT: 08.08.2019 23:20:19 REASON: (!"chk_check_object(object)"), File: fun_objects.cpp, Line: 107
ASSERT: 09.08.2019 00:11:03 REASON: (!"chk_check_object(object)"), File: fun_objects.cpp, Line: 107
ASSERT: 09.08.2019 00:11:08 REASON: (!"chk_check_object(object)"), File: fun_objects.cpp, Line: 107
ASSERT: 09.08.2019 00:12:01 REASON: (!"chk_check_object(object)"), File: fun_objects.cpp, Line: 107
ASSERT: 09.08.2019 00:13:32 REASON: (!"chk_check_object(object)"), File: fun_objects.cpp, Line: 107
ASSERT: 09.08.2019 00:16:47 REASON: (!"chk_check_object(object)"), File: fun_objects.cpp, Line: 107
ASSERT: 09.08.2019 00:24:49 REASON: (!"chk_check_object(object)"), File: fun_objects.cpp, Line: 107
ASSERT: 09.08.2019 00:24:50 REASON: (!"chk_check_object(object)"), File: fun_objects.cpp, Line: 107
