ASSERT: 15.08.2019 18:50:55 REASON: (!LicenseInfo.empty()), File: tpl_project.cpp, Line: 24
ERROR:  15.08.2019 18:51:58 Can not find drawing name 
ERROR:  15.08.2019 18:51:58 Can not find drawing name 
ERROR:  15.08.2019 18:51:58 Can not find drawing name 
ERROR:  15.08.2019 18:51:59 Can not find drawing name 
ERROR:  15.08.2019 18:51:59 Can not find drawing name 
ERROR:  15.08.2019 18:51:59 Can not find drawing name 
ERROR:  15.08.2019 18:51:59 Can not find drawing name 
ERROR:  15.08.2019 18:55:55 DWGImport encountered errors while importing file: .\dwg\Uzlu.dwg
ERROR:  15.08.2019 18:55:55 Font missing: Using 'Segoe UI semibold' for '2'
ERROR:  15.08.2019 18:55:55 Font missing: Using 'Segoe UI semibold' for '2'
ERROR:  15.08.2019 18:55:55 DWGImport encountered errors while importing file: .\dwg\Uzlu.dwg
ERROR:  15.08.2019 21:17:36 Unable to match the defined hatch name with any of the available hatches.
ERROR:  15.08.2019 21:17:36 Hatch schema file parsing failed with definition MISCELLANEOUS,Стекло,Стекло,0.1,3,1.
ERROR:  15.08.2019 21:17:36 Unable to match the defined hatch name with any of the available hatches.
ERROR:  15.08.2019 21:17:36 Hatch schema file parsing failed with definition MISCELLANEOUS,Песок,Песок,0.5,3,1.
ERROR:  15.08.2019 21:17:36 Unable to match the defined hatch name with any of the available hatches.
ERROR:  15.08.2019 21:17:36 Hatch schema file parsing failed with definition MISCELLANEOUS,Щебень,Щебень,0.5,3,1.
ASSERT: 15.08.2019 22:52:28 REASON: (!"PlacePartMark: Text on line has equal basepoints"), File: gr_mark.cpp, Line: 1459
ASSERT: 15.08.2019 22:52:28 REASON: (!"PlacePartMark: Text on line has equal basepoints"), File: gr_mark.cpp, Line: 1459
ASSERT: 15.08.2019 22:52:28 REASON: (!"PlacePartMark: Text on line has equal basepoints"), File: gr_mark.cpp, Line: 1459
ASSERT: 15.08.2019 22:52:28 REASON: (!"PlacePartMark: Text on line has equal basepoints"), File: gr_mark.cpp, Line: 1459
