ASSERT: 07.08.2019 19:54:39 REASON: (0), File: int_drawing_view.cpp, Line: 148
ASSERT: 07.08.2019 19:54:39 REASON: (0), File: int_drawing_view.cpp, Line: 148
ASSERT: 07.08.2019 19:54:39 REASON: (0), File: int_drawing_view.cpp, Line: 148
ASSERT: 07.08.2019 19:54:39 REASON: (0), File: int_drawing_view.cpp, Line: 148
ASSERT: 07.08.2019 19:54:39 REASON: (0), File: int_drawing_view.cpp, Line: 148
ASSERT: 07.08.2019 19:54:39 REASON: (0), File: int_drawing_view.cpp, Line: 148
ASSERT: 07.08.2019 19:54:39 REASON: (0), File: int_drawing_view.cpp, Line: 148
ASSERT: 07.08.2019 19:54:39 REASON: (0), File: int_drawing_view.cpp, Line: 148
ASSERT: 07.08.2019 19:54:39 REASON: (0), File: int_drawing_view.cpp, Line: 148
ASSERT: 07.08.2019 19:54:39 REASON: (0), File: int_drawing_view.cpp, Line: 148
ASSERT: 07.08.2019 20:00:59 REASON: (0), File: int_drawing_view.cpp, Line: 148
ASSERT: 07.08.2019 20:00:59 REASON: (0), File: int_drawing_view.cpp, Line: 148
ASSERT: 07.08.2019 20:00:59 REASON: (0), File: int_drawing_view.cpp, Line: 148
ASSERT: 07.08.2019 20:00:59 REASON: (0), File: int_drawing_view.cpp, Line: 148
ASSERT: 07.08.2019 20:00:59 REASON: (0), File: int_drawing_view.cpp, Line: 148
ASSERT: 07.08.2019 20:01:01 REASON: (0), File: int_drawing_view.cpp, Line: 148
ASSERT: 07.08.2019 20:01:01 REASON: (0), File: int_drawing_view.cpp, Line: 148
ASSERT: 07.08.2019 20:01:02 REASON: (0), File: int_drawing_view.cpp, Line: 148
ASSERT: 07.08.2019 20:01:02 REASON: (0), File: int_drawing_view.cpp, Line: 148
ASSERT: 07.08.2019 20:01:02 REASON: (0), File: int_drawing_view.cpp, Line: 148
ASSERT: 07.08.2019 20:01:03 REASON: (0), File: int_drawing_view.cpp, Line: 148
ASSERT: 07.08.2019 20:01:03 REASON: (0), File: int_drawing_view.cpp, Line: 148
ASSERT: 07.08.2019 20:01:03 REASON: (0), File: int_drawing_view.cpp, Line: 148
ASSERT: 07.08.2019 20:01:03 REASON: (0), File: int_drawing_view.cpp, Line: 148
ASSERT: 07.08.2019 20:01:03 REASON: (0), File: int_drawing_view.cpp, Line: 148
ASSERT: 07.08.2019 20:01:05 REASON: (0), File: int_drawing_view.cpp, Line: 148
ASSERT: 07.08.2019 20:01:05 REASON: (0), File: int_drawing_view.cpp, Line: 148
ASSERT: 07.08.2019 20:01:05 REASON: (0), File: int_drawing_view.cpp, Line: 148
ASSERT: 07.08.2019 20:01:05 REASON: (0), File: int_drawing_view.cpp, Line: 148
ASSERT: 07.08.2019 20:01:05 REASON: (0), File: int_drawing_view.cpp, Line: 148
ASSERT: 07.08.2019 20:01:09 REASON: (0), File: int_drawing_view.cpp, Line: 148
ASSERT: 07.08.2019 20:01:09 REASON: (0), File: int_drawing_view.cpp, Line: 148
ASSERT: 07.08.2019 20:01:09 REASON: (0), File: int_drawing_view.cpp, Line: 148
ASSERT: 07.08.2019 20:01:09 REASON: (0), File: int_drawing_view.cpp, Line: 148
ASSERT: 07.08.2019 20:01:09 REASON: (0), File: int_drawing_view.cpp, Line: 148
ERROR:  07.08.2019 21:09:58 Unable to match the defined hatch name with any of the available hatches.
ERROR:  07.08.2019 21:09:58 Hatch schema file parsing failed with definition MISCELLANEOUS,Стекло,Стекло,0.1,3,1.
ERROR:  07.08.2019 21:09:58 Unable to match the defined hatch name with any of the available hatches.
ERROR:  07.08.2019 21:09:58 Hatch schema file parsing failed with definition MISCELLANEOUS,Песок,Песок,0.5,3,1.
ERROR:  07.08.2019 21:09:58 Unable to match the defined hatch name with any of the available hatches.
ERROR:  07.08.2019 21:09:58 Hatch schema file parsing failed with definition MISCELLANEOUS,Щебень,Щебень,0.5,3,1.
ERROR:  07.08.2019 21:09:58 current planes out of sync
ERROR:  07.08.2019 21:09:58 current planes out of sync
ERROR:  07.08.2019 21:09:58 current planes out of sync
ERROR:  07.08.2019 21:09:58 current planes out of sync
ERROR:  07.08.2019 21:09:58 current planes out of sync
ERROR:  07.08.2019 21:09:58 current planes out of sync
ERROR:  07.08.2019 21:09:58 current planes out of sync
ERROR:  07.08.2019 21:09:58 current planes out of sync
ERROR:  07.08.2019 21:09:58 current planes out of sync
ERROR:  07.08.2019 21:09:58 current planes out of sync
ERROR:  07.08.2019 21:09:58 current planes out of sync
ERROR:  07.08.2019 21:09:58 current planes out of sync
ERROR:  07.08.2019 21:09:58 current planes out of sync
ERROR:  07.08.2019 21:09:58 current planes out of sync
ERROR:  07.08.2019 21:09:58 current planes out of sync
ERROR:  07.08.2019 21:09:58 current planes out of sync
ERROR:  07.08.2019 21:09:58 current planes out of sync
ERROR:  07.08.2019 21:09:58 current planes out of sync
ASSERT: 07.08.2019 21:46:00 REASON: ("Incorrect world" && 0), File: gr_dotnet.cpp, Line: 239
ASSERT: 07.08.2019 21:46:00 REASON: (!"UNKNOWN TYPE ENCOUNTERED IN ConvertViewTypeFromCore"), File: gr_dotnet_view.cpp, Line: 105
ASSERT: 07.08.2019 21:47:17 REASON: ("Incorrect world" && 0), File: gr_dotnet.cpp, Line: 239
ASSERT: 07.08.2019 21:47:17 REASON: (!"UNKNOWN TYPE ENCOUNTERED IN ConvertViewTypeFromCore"), File: gr_dotnet_view.cpp, Line: 105
