ERROR:  07.08.2019 19:39:43 Unable to match the defined hatch name with any of the available hatches.
ERROR:  07.08.2019 19:39:43 Hatch schema file parsing failed with definition MISCELLANEOUS,Стекло,Стекло,0.1,3,1.
ERROR:  07.08.2019 19:39:43 Unable to match the defined hatch name with any of the available hatches.
ERROR:  07.08.2019 19:39:43 Hatch schema file parsing failed with definition MISCELLANEOUS,Песок,Песок,0.5,3,1.
ERROR:  07.08.2019 19:39:43 Unable to match the defined hatch name with any of the available hatches.
ERROR:  07.08.2019 19:39:43 Hatch schema file parsing failed with definition MISCELLANEOUS,Щебень,Щебень,0.5,3,1.
ERROR:  07.08.2019 19:39:43 current planes out of sync
ERROR:  07.08.2019 19:39:43 current planes out of sync
ERROR:  07.08.2019 19:39:43 current planes out of sync
ERROR:  07.08.2019 19:39:43 current planes out of sync
ERROR:  07.08.2019 19:39:43 current planes out of sync
ERROR:  07.08.2019 19:39:43 current planes out of sync
ERROR:  07.08.2019 19:39:43 current planes out of sync
ERROR:  07.08.2019 19:39:43 current planes out of sync
ERROR:  07.08.2019 19:39:43 current planes out of sync
ERROR:  07.08.2019 19:39:43 current planes out of sync
ERROR:  07.08.2019 19:39:43 current planes out of sync
ERROR:  07.08.2019 19:39:43 current planes out of sync
ERROR:  07.08.2019 19:39:43 current planes out of sync
ERROR:  07.08.2019 19:39:43 current planes out of sync
ERROR:  07.08.2019 19:39:43 current planes out of sync
ERROR:  07.08.2019 19:39:43 current planes out of sync
ERROR:  07.08.2019 19:39:43 current planes out of sync
ERROR:  07.08.2019 19:39:43 current planes out of sync
ERROR:  07.08.2019 21:08:38 current planes out of sync
ERROR:  07.08.2019 21:08:38 current planes out of sync
ERROR:  07.08.2019 21:08:38 current planes out of sync
ERROR:  07.08.2019 21:08:38 current planes out of sync
ERROR:  07.08.2019 21:08:38 current planes out of sync
ERROR:  07.08.2019 21:08:38 current planes out of sync
ERROR:  07.08.2019 21:08:38 current planes out of sync
ERROR:  07.08.2019 21:08:38 current planes out of sync
ERROR:  07.08.2019 21:08:38 current planes out of sync
ERROR:  07.08.2019 21:08:38 current planes out of sync
ERROR:  07.08.2019 21:08:38 current planes out of sync
ERROR:  07.08.2019 21:08:38 current planes out of sync
ERROR:  07.08.2019 21:08:38 current planes out of sync
ERROR:  07.08.2019 21:08:38 current planes out of sync
ERROR:  07.08.2019 21:08:38 current planes out of sync
ERROR:  07.08.2019 21:08:38 current planes out of sync
ERROR:  07.08.2019 21:08:38 current planes out of sync
ERROR:  07.08.2019 21:08:38 current planes out of sync
ASSERT: 07.08.2019 21:12:05 REASON: (!GetPluginDefineInputRunning() && "We should never have another plugin DefineInputRunning."), File: grplu_plugin_handler.cpp, Line: 117
ERROR:  07.08.2019 21:55:47 current planes out of sync
ERROR:  07.08.2019 21:55:47 current planes out of sync
ERROR:  07.08.2019 21:55:47 current planes out of sync
ERROR:  07.08.2019 21:55:47 current planes out of sync
ERROR:  07.08.2019 21:55:47 current planes out of sync
ERROR:  07.08.2019 21:55:47 current planes out of sync
ERROR:  07.08.2019 21:55:47 current planes out of sync
ERROR:  07.08.2019 21:55:47 current planes out of sync
ERROR:  07.08.2019 21:55:47 current planes out of sync
ERROR:  07.08.2019 21:55:47 current planes out of sync
ERROR:  07.08.2019 21:55:47 current planes out of sync
ERROR:  07.08.2019 21:55:47 current planes out of sync
ERROR:  07.08.2019 21:55:47 current planes out of sync
ERROR:  07.08.2019 21:55:47 current planes out of sync
ERROR:  07.08.2019 21:55:47 current planes out of sync
ERROR:  07.08.2019 21:55:47 current planes out of sync
ERROR:  07.08.2019 21:55:47 current planes out of sync
ERROR:  07.08.2019 21:55:47 current planes out of sync
ERROR:  07.08.2019 22:26:24 current planes out of sync
ERROR:  07.08.2019 22:26:24 current planes out of sync
ERROR:  07.08.2019 22:26:24 current planes out of sync
ERROR:  07.08.2019 22:26:24 current planes out of sync
ERROR:  07.08.2019 22:26:24 current planes out of sync
ERROR:  07.08.2019 22:26:24 current planes out of sync
ERROR:  07.08.2019 22:26:24 current planes out of sync
ERROR:  07.08.2019 22:26:24 current planes out of sync
ERROR:  07.08.2019 22:26:24 current planes out of sync
ERROR:  07.08.2019 22:26:24 current planes out of sync
ERROR:  07.08.2019 22:26:24 current planes out of sync
ERROR:  07.08.2019 22:26:24 current planes out of sync
ERROR:  07.08.2019 22:26:24 current planes out of sync
ERROR:  07.08.2019 22:26:24 current planes out of sync
ERROR:  07.08.2019 22:26:24 current planes out of sync
ERROR:  07.08.2019 22:26:24 current planes out of sync
ERROR:  07.08.2019 22:26:24 current planes out of sync
ERROR:  07.08.2019 22:26:24 current planes out of sync
ERROR:  07.08.2019 22:49:17 current planes out of sync
ERROR:  07.08.2019 22:49:17 current planes out of sync
ERROR:  07.08.2019 22:49:17 current planes out of sync
ERROR:  07.08.2019 22:49:17 current planes out of sync
ERROR:  07.08.2019 22:49:17 current planes out of sync
ERROR:  07.08.2019 22:49:17 current planes out of sync
ERROR:  07.08.2019 22:49:17 current planes out of sync
ERROR:  07.08.2019 22:49:17 current planes out of sync
ERROR:  07.08.2019 22:49:17 current planes out of sync
ERROR:  07.08.2019 22:49:17 current planes out of sync
ERROR:  07.08.2019 22:49:17 current planes out of sync
ERROR:  07.08.2019 22:49:17 current planes out of sync
ERROR:  07.08.2019 22:49:17 current planes out of sync
ERROR:  07.08.2019 22:49:17 current planes out of sync
ERROR:  07.08.2019 22:49:17 current planes out of sync
ERROR:  07.08.2019 22:49:17 current planes out of sync
ERROR:  07.08.2019 22:49:17 current planes out of sync
ERROR:  07.08.2019 22:49:17 current planes out of sync
ERROR:  07.08.2019 23:38:13 current planes out of sync
ERROR:  07.08.2019 23:38:13 current planes out of sync
ERROR:  07.08.2019 23:38:13 current planes out of sync
ERROR:  07.08.2019 23:38:13 current planes out of sync
ERROR:  07.08.2019 23:38:13 current planes out of sync
ERROR:  07.08.2019 23:38:13 current planes out of sync
ERROR:  07.08.2019 23:38:13 current planes out of sync
ERROR:  07.08.2019 23:38:13 current planes out of sync
ERROR:  07.08.2019 23:38:13 current planes out of sync
ERROR:  07.08.2019 23:38:13 current planes out of sync
ERROR:  07.08.2019 23:38:13 current planes out of sync
ERROR:  07.08.2019 23:38:13 current planes out of sync
ERROR:  07.08.2019 23:38:13 current planes out of sync
ERROR:  07.08.2019 23:38:13 current planes out of sync
ERROR:  07.08.2019 23:38:13 current planes out of sync
ERROR:  07.08.2019 23:38:13 current planes out of sync
ERROR:  07.08.2019 23:38:13 current planes out of sync
ERROR:  07.08.2019 23:38:13 current planes out of sync
ERROR:  07.08.2019 23:41:17 current planes out of sync
ERROR:  07.08.2019 23:41:17 current planes out of sync
ERROR:  07.08.2019 23:41:17 current planes out of sync
ERROR:  07.08.2019 23:41:17 current planes out of sync
ERROR:  07.08.2019 23:41:17 current planes out of sync
ERROR:  07.08.2019 23:41:17 current planes out of sync
ERROR:  07.08.2019 23:41:17 current planes out of sync
ERROR:  07.08.2019 23:41:17 current planes out of sync
ERROR:  07.08.2019 23:41:17 current planes out of sync
ERROR:  07.08.2019 23:41:17 current planes out of sync
ERROR:  07.08.2019 23:41:17 current planes out of sync
ERROR:  07.08.2019 23:41:17 current planes out of sync
ERROR:  07.08.2019 23:41:17 current planes out of sync
ERROR:  07.08.2019 23:41:17 current planes out of sync
ERROR:  07.08.2019 23:41:17 current planes out of sync
ERROR:  07.08.2019 23:41:17 current planes out of sync
ERROR:  07.08.2019 23:41:17 current planes out of sync
ERROR:  07.08.2019 23:41:17 current planes out of sync
ERROR:  08.08.2019 00:11:09 current planes out of sync
ERROR:  08.08.2019 00:11:09 current planes out of sync
ERROR:  08.08.2019 00:11:09 current planes out of sync
ERROR:  08.08.2019 00:11:09 current planes out of sync
ERROR:  08.08.2019 00:11:09 current planes out of sync
ERROR:  08.08.2019 00:11:09 current planes out of sync
ERROR:  08.08.2019 00:11:09 current planes out of sync
ERROR:  08.08.2019 00:11:09 current planes out of sync
ERROR:  08.08.2019 00:11:09 current planes out of sync
ERROR:  08.08.2019 00:11:09 current planes out of sync
ERROR:  08.08.2019 00:11:09 current planes out of sync
ERROR:  08.08.2019 00:11:09 current planes out of sync
ERROR:  08.08.2019 00:11:09 current planes out of sync
ERROR:  08.08.2019 00:11:09 current planes out of sync
ERROR:  08.08.2019 00:11:09 current planes out of sync
ERROR:  08.08.2019 00:11:09 current planes out of sync
ERROR:  08.08.2019 00:11:09 current planes out of sync
ERROR:  08.08.2019 00:11:09 current planes out of sync
ERROR:  08.08.2019 00:33:32 current planes out of sync
ERROR:  08.08.2019 00:33:32 current planes out of sync
ERROR:  08.08.2019 00:33:32 current planes out of sync
ERROR:  08.08.2019 00:33:32 current planes out of sync
ERROR:  08.08.2019 00:33:32 current planes out of sync
ERROR:  08.08.2019 00:33:32 current planes out of sync
ERROR:  08.08.2019 00:33:32 current planes out of sync
ERROR:  08.08.2019 00:33:32 current planes out of sync
ERROR:  08.08.2019 00:33:32 current planes out of sync
ERROR:  08.08.2019 00:33:32 current planes out of sync
ERROR:  08.08.2019 00:33:32 current planes out of sync
ERROR:  08.08.2019 00:33:32 current planes out of sync
ERROR:  08.08.2019 00:33:32 current planes out of sync
ERROR:  08.08.2019 00:33:41 current planes out of sync
ERROR:  08.08.2019 00:33:41 current planes out of sync
ERROR:  08.08.2019 00:33:41 current planes out of sync
ERROR:  08.08.2019 00:33:41 current planes out of sync
ERROR:  08.08.2019 00:33:41 current planes out of sync
ERROR:  08.08.2019 00:33:41 current planes out of sync
ERROR:  08.08.2019 00:33:41 current planes out of sync
ERROR:  08.08.2019 00:33:41 current planes out of sync
ERROR:  08.08.2019 00:33:41 current planes out of sync
ERROR:  08.08.2019 00:33:41 current planes out of sync
ERROR:  08.08.2019 00:33:41 current planes out of sync
ERROR:  08.08.2019 00:33:41 current planes out of sync
ERROR:  08.08.2019 00:33:41 current planes out of sync
ERROR:  08.08.2019 00:36:03 current planes out of sync
ERROR:  08.08.2019 00:36:03 current planes out of sync
ERROR:  08.08.2019 00:36:03 current planes out of sync
ERROR:  08.08.2019 00:36:03 current planes out of sync
ERROR:  08.08.2019 00:36:03 current planes out of sync
ERROR:  08.08.2019 00:36:03 current planes out of sync
ERROR:  08.08.2019 00:36:03 current planes out of sync
ERROR:  08.08.2019 00:36:03 current planes out of sync
ERROR:  08.08.2019 00:36:03 current planes out of sync
ERROR:  08.08.2019 00:36:03 current planes out of sync
ERROR:  08.08.2019 00:36:03 current planes out of sync
ERROR:  08.08.2019 00:36:03 current planes out of sync
ERROR:  08.08.2019 00:36:03 current planes out of sync
ERROR:  08.08.2019 00:36:15 current planes out of sync
ERROR:  08.08.2019 00:36:15 current planes out of sync
ERROR:  08.08.2019 00:36:15 current planes out of sync
ERROR:  08.08.2019 00:36:15 current planes out of sync
ERROR:  08.08.2019 00:36:15 current planes out of sync
ERROR:  08.08.2019 00:36:15 current planes out of sync
ERROR:  08.08.2019 00:36:15 current planes out of sync
ERROR:  08.08.2019 00:36:15 current planes out of sync
ERROR:  08.08.2019 00:36:15 current planes out of sync
ERROR:  08.08.2019 00:36:15 current planes out of sync
ERROR:  08.08.2019 00:36:15 current planes out of sync
ERROR:  08.08.2019 00:36:15 current planes out of sync
ERROR:  08.08.2019 00:36:15 current planes out of sync
ERROR:  08.08.2019 00:36:16 current planes out of sync
ERROR:  08.08.2019 00:36:16 current planes out of sync
ERROR:  08.08.2019 00:36:16 current planes out of sync
ERROR:  08.08.2019 00:36:16 current planes out of sync
ERROR:  08.08.2019 00:36:16 current planes out of sync
ERROR:  08.08.2019 00:36:16 current planes out of sync
ERROR:  08.08.2019 00:36:16 current planes out of sync
ERROR:  08.08.2019 00:36:16 current planes out of sync
ERROR:  08.08.2019 00:36:16 current planes out of sync
ERROR:  08.08.2019 00:36:16 current planes out of sync
ERROR:  08.08.2019 00:36:16 current planes out of sync
ERROR:  08.08.2019 00:36:16 current planes out of sync
ERROR:  08.08.2019 00:36:16 current planes out of sync
ERROR:  08.08.2019 00:38:13 current planes out of sync
ERROR:  08.08.2019 00:38:13 current planes out of sync
ERROR:  08.08.2019 00:38:13 current planes out of sync
ERROR:  08.08.2019 00:38:13 current planes out of sync
ERROR:  08.08.2019 00:38:13 current planes out of sync
ERROR:  08.08.2019 00:38:13 current planes out of sync
ERROR:  08.08.2019 00:38:13 current planes out of sync
ERROR:  08.08.2019 00:38:20 current planes out of sync
ERROR:  08.08.2019 00:38:20 current planes out of sync
ERROR:  08.08.2019 00:38:20 current planes out of sync
ERROR:  08.08.2019 00:38:20 current planes out of sync
ERROR:  08.08.2019 00:38:20 current planes out of sync
ERROR:  08.08.2019 00:38:20 current planes out of sync
ERROR:  08.08.2019 00:38:20 current planes out of sync
ERROR:  08.08.2019 00:40:28 current planes out of sync
ERROR:  08.08.2019 00:40:28 current planes out of sync
ERROR:  08.08.2019 00:40:28 current planes out of sync
ERROR:  08.08.2019 00:40:28 current planes out of sync
ERROR:  08.08.2019 00:40:28 current planes out of sync
ERROR:  08.08.2019 00:40:35 current planes out of sync
ERROR:  08.08.2019 00:40:35 current planes out of sync
ERROR:  08.08.2019 00:40:35 current planes out of sync
ERROR:  08.08.2019 00:40:35 current planes out of sync
ERROR:  08.08.2019 00:40:35 current planes out of sync
ERROR:  08.08.2019 00:41:06 current planes out of sync
ERROR:  08.08.2019 00:41:06 current planes out of sync
ERROR:  08.08.2019 00:41:06 current planes out of sync
ERROR:  08.08.2019 00:41:06 current planes out of sync
ERROR:  08.08.2019 00:41:06 current planes out of sync
ERROR:  08.08.2019 00:41:06 current planes out of sync
ERROR:  08.08.2019 00:41:06 current planes out of sync
ERROR:  08.08.2019 00:41:13 current planes out of sync
ERROR:  08.08.2019 00:41:13 current planes out of sync
ERROR:  08.08.2019 00:41:13 current planes out of sync
ERROR:  08.08.2019 00:41:13 current planes out of sync
ERROR:  08.08.2019 00:41:13 current planes out of sync
ERROR:  08.08.2019 00:41:13 current planes out of sync
ERROR:  08.08.2019 00:41:13 current planes out of sync
ERROR:  08.08.2019 00:41:29 current planes out of sync
ERROR:  08.08.2019 00:41:29 current planes out of sync
ERROR:  08.08.2019 00:41:29 current planes out of sync
ERROR:  08.08.2019 00:41:29 current planes out of sync
ERROR:  08.08.2019 00:41:29 current planes out of sync
ERROR:  08.08.2019 00:41:29 current planes out of sync
ERROR:  08.08.2019 00:41:29 current planes out of sync
ERROR:  08.08.2019 00:41:47 current planes out of sync
ERROR:  08.08.2019 00:41:47 current planes out of sync
ERROR:  08.08.2019 00:41:47 current planes out of sync
ERROR:  08.08.2019 00:41:47 current planes out of sync
ERROR:  08.08.2019 00:41:47 current planes out of sync
ERROR:  08.08.2019 00:41:47 current planes out of sync
ERROR:  08.08.2019 00:41:47 current planes out of sync
ERROR:  08.08.2019 00:41:55 current planes out of sync
ERROR:  08.08.2019 00:41:55 current planes out of sync
ERROR:  08.08.2019 00:41:55 current planes out of sync
ERROR:  08.08.2019 00:41:55 current planes out of sync
ERROR:  08.08.2019 00:41:55 current planes out of sync
ERROR:  08.08.2019 00:41:55 current planes out of sync
ERROR:  08.08.2019 00:41:55 current planes out of sync
ERROR:  08.08.2019 00:42:02 current planes out of sync
ERROR:  08.08.2019 00:42:02 current planes out of sync
ERROR:  08.08.2019 00:42:02 current planes out of sync
ERROR:  08.08.2019 00:42:02 current planes out of sync
ERROR:  08.08.2019 00:42:02 current planes out of sync
ERROR:  08.08.2019 00:42:02 current planes out of sync
ERROR:  08.08.2019 00:42:02 current planes out of sync
ERROR:  08.08.2019 00:48:18 current planes out of sync
ERROR:  08.08.2019 00:48:18 current planes out of sync
ERROR:  08.08.2019 00:48:18 current planes out of sync
ERROR:  08.08.2019 00:48:18 current planes out of sync
ERROR:  08.08.2019 00:48:18 current planes out of sync
ERROR:  08.08.2019 00:48:18 current planes out of sync
ERROR:  08.08.2019 00:48:18 current planes out of sync
ERROR:  08.08.2019 00:48:18 current planes out of sync
ERROR:  08.08.2019 00:48:18 current planes out of sync
ERROR:  08.08.2019 00:48:18 current planes out of sync
ERROR:  08.08.2019 00:48:18 current planes out of sync
ERROR:  08.08.2019 00:48:18 current planes out of sync
ERROR:  08.08.2019 00:48:18 current planes out of sync
ERROR:  08.08.2019 00:48:18 current planes out of sync
ERROR:  08.08.2019 00:48:18 current planes out of sync
ERROR:  08.08.2019 00:48:18 current planes out of sync
ERROR:  08.08.2019 00:48:18 current planes out of sync
ERROR:  08.08.2019 00:48:18 current planes out of sync
ERROR:  08.08.2019 00:48:20 current planes out of sync
ERROR:  08.08.2019 00:48:20 current planes out of sync
ERROR:  08.08.2019 00:48:20 current planes out of sync
ERROR:  08.08.2019 00:48:20 current planes out of sync
ERROR:  08.08.2019 00:48:20 current planes out of sync
ERROR:  08.08.2019 00:48:20 current planes out of sync
ERROR:  08.08.2019 00:48:20 current planes out of sync
ERROR:  08.08.2019 00:48:20 current planes out of sync
ERROR:  08.08.2019 00:48:20 current planes out of sync
ERROR:  08.08.2019 00:48:20 current planes out of sync
ERROR:  08.08.2019 00:48:20 current planes out of sync
ERROR:  08.08.2019 00:48:20 current planes out of sync
ERROR:  08.08.2019 00:48:20 current planes out of sync
ERROR:  08.08.2019 00:48:20 current planes out of sync
ERROR:  08.08.2019 00:48:22 current planes out of sync
ERROR:  08.08.2019 00:48:22 current planes out of sync
ERROR:  08.08.2019 00:48:22 current planes out of sync
ERROR:  08.08.2019 00:48:22 current planes out of sync
ERROR:  08.08.2019 00:48:22 current planes out of sync
ERROR:  08.08.2019 00:48:22 current planes out of sync
ERROR:  08.08.2019 00:48:22 current planes out of sync
ERROR:  08.08.2019 00:48:22 current planes out of sync
ERROR:  08.08.2019 00:48:22 current planes out of sync
ERROR:  08.08.2019 00:48:22 current planes out of sync
ERROR:  08.08.2019 00:48:22 current planes out of sync
ERROR:  08.08.2019 00:48:22 current planes out of sync
ERROR:  08.08.2019 00:48:22 current planes out of sync
ERROR:  08.08.2019 00:48:22 current planes out of sync
ERROR:  08.08.2019 00:48:22 current planes out of sync
ERROR:  08.08.2019 00:48:22 current planes out of sync
ERROR:  08.08.2019 00:48:22 current planes out of sync
ERROR:  08.08.2019 00:48:22 current planes out of sync
ERROR:  08.08.2019 00:48:22 current planes out of sync
ERROR:  08.08.2019 00:48:22 current planes out of sync
ERROR:  08.08.2019 00:48:22 current planes out of sync
ERROR:  08.08.2019 00:48:22 current planes out of sync
ERROR:  08.08.2019 00:48:22 current planes out of sync
ERROR:  08.08.2019 00:48:22 current planes out of sync
ERROR:  08.08.2019 00:48:22 current planes out of sync
ERROR:  08.08.2019 00:49:06 current planes out of sync
ERROR:  08.08.2019 00:49:06 current planes out of sync
ERROR:  08.08.2019 00:49:06 current planes out of sync
ERROR:  08.08.2019 00:49:06 current planes out of sync
ERROR:  08.08.2019 00:49:06 current planes out of sync
ERROR:  08.08.2019 00:49:06 current planes out of sync
ERROR:  08.08.2019 00:49:06 current planes out of sync
ERROR:  08.08.2019 00:49:06 current planes out of sync
ERROR:  08.08.2019 00:49:06 current planes out of sync
ERROR:  08.08.2019 00:49:06 current planes out of sync
ERROR:  08.08.2019 00:49:06 current planes out of sync
ERROR:  08.08.2019 00:49:06 current planes out of sync
ERROR:  08.08.2019 00:49:06 current planes out of sync
ERROR:  08.08.2019 00:49:06 current planes out of sync
ERROR:  08.08.2019 00:49:07 current planes out of sync
ERROR:  08.08.2019 00:49:07 current planes out of sync
ERROR:  08.08.2019 00:49:07 current planes out of sync
ERROR:  08.08.2019 00:49:07 current planes out of sync
ERROR:  08.08.2019 00:49:07 current planes out of sync
ERROR:  08.08.2019 00:49:07 current planes out of sync
ERROR:  08.08.2019 00:49:07 current planes out of sync
ERROR:  08.08.2019 00:49:07 current planes out of sync
ERROR:  08.08.2019 00:49:07 current planes out of sync
ERROR:  08.08.2019 00:49:07 current planes out of sync
ERROR:  08.08.2019 00:49:07 current planes out of sync
ERROR:  08.08.2019 00:49:07 current planes out of sync
ERROR:  08.08.2019 00:49:07 current planes out of sync
ERROR:  08.08.2019 00:49:07 current planes out of sync
ERROR:  08.08.2019 00:49:07 current planes out of sync
ERROR:  08.08.2019 00:49:07 current planes out of sync
ERROR:  08.08.2019 00:49:07 current planes out of sync
ERROR:  08.08.2019 00:49:07 current planes out of sync
ERROR:  08.08.2019 00:49:07 current planes out of sync
ERROR:  08.08.2019 00:49:07 current planes out of sync
ERROR:  08.08.2019 00:49:07 current planes out of sync
ERROR:  08.08.2019 00:49:07 current planes out of sync
ERROR:  08.08.2019 00:49:07 current planes out of sync
ERROR:  08.08.2019 00:49:07 current planes out of sync
ERROR:  08.08.2019 00:49:07 current planes out of sync
ERROR:  08.08.2019 00:49:22 current planes out of sync
ERROR:  08.08.2019 00:49:22 current planes out of sync
ERROR:  08.08.2019 00:49:22 current planes out of sync
ERROR:  08.08.2019 00:49:22 current planes out of sync
ERROR:  08.08.2019 00:49:22 current planes out of sync
ERROR:  08.08.2019 00:49:22 current planes out of sync
ERROR:  08.08.2019 00:49:22 current planes out of sync
ERROR:  08.08.2019 00:49:22 current planes out of sync
ERROR:  08.08.2019 00:49:22 current planes out of sync
ERROR:  08.08.2019 00:49:22 current planes out of sync
ERROR:  08.08.2019 00:49:22 current planes out of sync
ERROR:  08.08.2019 00:49:22 current planes out of sync
ERROR:  08.08.2019 00:49:22 current planes out of sync
ERROR:  08.08.2019 00:49:22 current planes out of sync
ERROR:  08.08.2019 00:49:23 current planes out of sync
ERROR:  08.08.2019 00:49:23 current planes out of sync
ERROR:  08.08.2019 00:49:23 current planes out of sync
ERROR:  08.08.2019 00:49:23 current planes out of sync
ERROR:  08.08.2019 00:49:23 current planes out of sync
ERROR:  08.08.2019 00:49:23 current planes out of sync
ERROR:  08.08.2019 00:49:23 current planes out of sync
ERROR:  08.08.2019 00:49:24 current planes out of sync
ERROR:  08.08.2019 00:49:24 current planes out of sync
ERROR:  08.08.2019 00:49:24 current planes out of sync
ERROR:  08.08.2019 00:49:24 current planes out of sync
ERROR:  08.08.2019 00:49:24 current planes out of sync
ERROR:  08.08.2019 00:49:35 current planes out of sync
ERROR:  08.08.2019 00:49:35 current planes out of sync
ERROR:  08.08.2019 00:49:35 current planes out of sync
ERROR:  08.08.2019 00:49:35 current planes out of sync
ERROR:  08.08.2019 00:49:35 current planes out of sync
ERROR:  08.08.2019 00:49:35 current planes out of sync
ERROR:  08.08.2019 00:49:35 current planes out of sync
ERROR:  08.08.2019 00:49:36 current planes out of sync
ERROR:  08.08.2019 00:49:36 current planes out of sync
ERROR:  08.08.2019 00:49:36 current planes out of sync
ERROR:  08.08.2019 00:49:36 current planes out of sync
ERROR:  08.08.2019 00:49:36 current planes out of sync
ERROR:  08.08.2019 00:49:36 current planes out of sync
ERROR:  08.08.2019 00:49:36 current planes out of sync
ERROR:  08.08.2019 00:49:36 current planes out of sync
ERROR:  08.08.2019 00:49:36 current planes out of sync
ERROR:  08.08.2019 00:49:36 current planes out of sync
ERROR:  08.08.2019 00:49:36 current planes out of sync
ERROR:  08.08.2019 00:49:36 current planes out of sync
ERROR:  08.08.2019 00:49:48 current planes out of sync
ERROR:  08.08.2019 00:49:48 current planes out of sync
ERROR:  08.08.2019 00:49:48 current planes out of sync
ERROR:  08.08.2019 00:49:48 current planes out of sync
ERROR:  08.08.2019 00:49:48 current planes out of sync
ERROR:  08.08.2019 00:49:48 current planes out of sync
ERROR:  08.08.2019 00:49:48 current planes out of sync
ERROR:  08.08.2019 00:49:48 current planes out of sync
ERROR:  08.08.2019 00:49:48 current planes out of sync
ERROR:  08.08.2019 00:49:48 current planes out of sync
ERROR:  08.08.2019 00:49:48 current planes out of sync
ERROR:  08.08.2019 00:49:48 current planes out of sync
ERROR:  08.08.2019 00:50:01 current planes out of sync
ERROR:  08.08.2019 00:50:01 current planes out of sync
ERROR:  08.08.2019 00:50:01 current planes out of sync
ERROR:  08.08.2019 00:50:01 current planes out of sync
ERROR:  08.08.2019 00:50:01 current planes out of sync
ERROR:  08.08.2019 00:50:27 current planes out of sync
ERROR:  08.08.2019 00:50:27 current planes out of sync
ERROR:  08.08.2019 00:50:27 current planes out of sync
ERROR:  08.08.2019 00:50:27 current planes out of sync
ERROR:  08.08.2019 00:50:27 current planes out of sync
ERROR:  08.08.2019 00:50:27 current planes out of sync
ERROR:  08.08.2019 00:50:27 current planes out of sync
ERROR:  08.08.2019 00:50:27 current planes out of sync
ERROR:  08.08.2019 00:50:27 current planes out of sync
ERROR:  08.08.2019 00:50:27 current planes out of sync
ERROR:  08.08.2019 00:50:27 current planes out of sync
ERROR:  08.08.2019 00:50:27 current planes out of sync
ERROR:  08.08.2019 00:50:27 current planes out of sync
ERROR:  08.08.2019 00:50:27 current planes out of sync
ERROR:  08.08.2019 00:50:27 current planes out of sync
ERROR:  08.08.2019 00:50:27 current planes out of sync
ERROR:  08.08.2019 00:50:27 current planes out of sync
ERROR:  08.08.2019 00:50:27 current planes out of sync
ERROR:  08.08.2019 00:50:27 current planes out of sync
ERROR:  08.08.2019 00:50:27 current planes out of sync
ERROR:  08.08.2019 00:50:28 current planes out of sync
ERROR:  08.08.2019 00:50:28 current planes out of sync
ERROR:  08.08.2019 00:50:28 current planes out of sync
ERROR:  08.08.2019 00:50:28 current planes out of sync
ERROR:  08.08.2019 00:50:28 current planes out of sync
ERROR:  08.08.2019 00:50:28 current planes out of sync
ERROR:  08.08.2019 00:50:28 current planes out of sync
ERROR:  08.08.2019 00:50:28 current planes out of sync
ERROR:  08.08.2019 00:50:28 current planes out of sync
ERROR:  08.08.2019 00:50:28 current planes out of sync
ERROR:  08.08.2019 00:50:28 current planes out of sync
ERROR:  08.08.2019 00:50:28 current planes out of sync
ERROR:  08.08.2019 00:50:28 current planes out of sync
ERROR:  08.08.2019 00:50:28 current planes out of sync
ERROR:  08.08.2019 00:50:28 current planes out of sync
ERROR:  08.08.2019 00:50:28 current planes out of sync
ERROR:  08.08.2019 00:50:28 current planes out of sync
ERROR:  08.08.2019 00:50:28 current planes out of sync
ERROR:  08.08.2019 00:50:28 current planes out of sync
ERROR:  08.08.2019 00:50:28 current planes out of sync
ERROR:  08.08.2019 00:50:28 current planes out of sync
ERROR:  08.08.2019 00:50:28 current planes out of sync
ERROR:  08.08.2019 00:50:28 current planes out of sync
ERROR:  08.08.2019 00:50:28 current planes out of sync
ERROR:  08.08.2019 00:50:28 current planes out of sync
ERROR:  08.08.2019 00:50:28 current planes out of sync
ERROR:  08.08.2019 00:50:28 current planes out of sync
ERROR:  08.08.2019 00:50:28 current planes out of sync
ERROR:  08.08.2019 00:50:28 current planes out of sync
ERROR:  08.08.2019 00:50:28 current planes out of sync
ERROR:  08.08.2019 00:50:28 current planes out of sync
ERROR:  08.08.2019 00:50:28 current planes out of sync
ERROR:  08.08.2019 00:50:28 current planes out of sync
ERROR:  08.08.2019 00:50:28 current planes out of sync
ERROR:  08.08.2019 00:50:28 current planes out of sync
ERROR:  08.08.2019 00:50:28 current planes out of sync
ERROR:  08.08.2019 00:50:28 current planes out of sync
ERROR:  08.08.2019 00:50:48 current planes out of sync
ERROR:  08.08.2019 00:50:48 current planes out of sync
ERROR:  08.08.2019 00:50:48 current planes out of sync
ERROR:  08.08.2019 00:50:48 current planes out of sync
ERROR:  08.08.2019 00:50:48 current planes out of sync
ERROR:  08.08.2019 00:50:48 current planes out of sync
ERROR:  08.08.2019 00:50:48 current planes out of sync
ERROR:  08.08.2019 00:50:48 current planes out of sync
ERROR:  08.08.2019 00:50:48 current planes out of sync
ERROR:  08.08.2019 00:50:48 current planes out of sync
ERROR:  08.08.2019 00:50:48 current planes out of sync
ERROR:  08.08.2019 00:50:48 current planes out of sync
ERROR:  08.08.2019 00:50:48 current planes out of sync
ERROR:  08.08.2019 00:50:48 current planes out of sync
ERROR:  08.08.2019 00:50:48 current planes out of sync
ERROR:  08.08.2019 00:50:48 current planes out of sync
ERROR:  08.08.2019 00:50:48 current planes out of sync
ERROR:  08.08.2019 00:50:48 current planes out of sync
ERROR:  08.08.2019 00:50:55 current planes out of sync
ERROR:  08.08.2019 00:50:55 current planes out of sync
ERROR:  08.08.2019 00:50:55 current planes out of sync
ERROR:  08.08.2019 00:50:55 current planes out of sync
ERROR:  08.08.2019 00:50:55 current planes out of sync
ERROR:  08.08.2019 00:50:55 current planes out of sync
ERROR:  08.08.2019 00:50:55 current planes out of sync
ERROR:  08.08.2019 00:50:55 current planes out of sync
ERROR:  08.08.2019 00:50:55 current planes out of sync
ERROR:  08.08.2019 00:50:55 current planes out of sync
ERROR:  08.08.2019 00:50:55 current planes out of sync
ERROR:  08.08.2019 00:50:55 current planes out of sync
ERROR:  08.08.2019 00:50:55 current planes out of sync
ERROR:  08.08.2019 00:50:55 current planes out of sync
ERROR:  08.08.2019 00:50:55 current planes out of sync
ERROR:  08.08.2019 00:50:55 current planes out of sync
ERROR:  08.08.2019 00:50:55 current planes out of sync
ERROR:  08.08.2019 00:50:55 current planes out of sync
ERROR:  08.08.2019 00:51:13 current planes out of sync
ERROR:  08.08.2019 00:51:13 current planes out of sync
ERROR:  08.08.2019 00:51:13 current planes out of sync
ERROR:  08.08.2019 00:51:13 current planes out of sync
ERROR:  08.08.2019 00:51:13 current planes out of sync
ERROR:  08.08.2019 00:51:13 current planes out of sync
ERROR:  08.08.2019 00:51:13 current planes out of sync
ERROR:  08.08.2019 00:51:14 current planes out of sync
ERROR:  08.08.2019 00:51:14 current planes out of sync
ERROR:  08.08.2019 00:51:14 current planes out of sync
ERROR:  08.08.2019 00:51:14 current planes out of sync
ERROR:  08.08.2019 00:51:14 current planes out of sync
ERROR:  08.08.2019 00:51:14 current planes out of sync
ERROR:  08.08.2019 00:51:17 current planes out of sync
ERROR:  08.08.2019 00:51:17 current planes out of sync
ERROR:  08.08.2019 00:51:18 current planes out of sync
ERROR:  08.08.2019 00:51:18 current planes out of sync
ERROR:  08.08.2019 00:51:18 current planes out of sync
ERROR:  08.08.2019 00:51:18 current planes out of sync
ERROR:  08.08.2019 00:51:18 current planes out of sync
ERROR:  08.08.2019 00:51:18 current planes out of sync
ERROR:  08.08.2019 00:51:18 current planes out of sync
ERROR:  08.08.2019 00:51:18 current planes out of sync
ERROR:  08.08.2019 00:51:18 current planes out of sync
ERROR:  08.08.2019 00:51:18 current planes out of sync
ERROR:  08.08.2019 00:51:18 current planes out of sync
ERROR:  08.08.2019 00:51:42 current planes out of sync
ERROR:  08.08.2019 00:51:42 current planes out of sync
ERROR:  08.08.2019 00:51:42 current planes out of sync
ERROR:  08.08.2019 00:51:42 current planes out of sync
ERROR:  08.08.2019 00:51:42 current planes out of sync
ERROR:  08.08.2019 00:51:42 current planes out of sync
ERROR:  08.08.2019 00:51:42 current planes out of sync
ERROR:  08.08.2019 00:51:58 current planes out of sync
ERROR:  08.08.2019 00:51:58 current planes out of sync
ERROR:  08.08.2019 00:51:58 current planes out of sync
ERROR:  08.08.2019 00:51:58 current planes out of sync
ERROR:  08.08.2019 00:51:58 current planes out of sync
ERROR:  08.08.2019 00:51:58 current planes out of sync
ERROR:  08.08.2019 00:51:58 current planes out of sync
ERROR:  08.08.2019 01:03:28 current planes out of sync
ERROR:  08.08.2019 01:03:28 current planes out of sync
ERROR:  08.08.2019 01:03:28 current planes out of sync
ERROR:  08.08.2019 01:03:28 current planes out of sync
ERROR:  08.08.2019 01:03:28 current planes out of sync
ERROR:  08.08.2019 01:03:28 current planes out of sync
ERROR:  08.08.2019 01:03:28 current planes out of sync
ERROR:  08.08.2019 01:03:28 current planes out of sync
ERROR:  08.08.2019 01:03:28 current planes out of sync
ERROR:  08.08.2019 01:03:28 current planes out of sync
ERROR:  08.08.2019 01:03:28 current planes out of sync
ERROR:  08.08.2019 01:03:28 current planes out of sync
ERROR:  08.08.2019 01:03:28 current planes out of sync
ERROR:  08.08.2019 01:03:28 current planes out of sync
ERROR:  08.08.2019 01:03:28 current planes out of sync
ERROR:  08.08.2019 01:03:28 current planes out of sync
ERROR:  08.08.2019 01:03:28 current planes out of sync
ERROR:  08.08.2019 01:03:28 current planes out of sync
ERROR:  08.08.2019 01:03:29 current planes out of sync
ERROR:  08.08.2019 01:03:29 current planes out of sync
ERROR:  08.08.2019 01:03:29 current planes out of sync
ERROR:  08.08.2019 01:03:29 current planes out of sync
ERROR:  08.08.2019 01:03:29 current planes out of sync
ERROR:  08.08.2019 01:03:29 current planes out of sync
ERROR:  08.08.2019 01:03:29 current planes out of sync
ERROR:  08.08.2019 01:03:29 current planes out of sync
ERROR:  08.08.2019 01:03:29 current planes out of sync
ERROR:  08.08.2019 01:03:29 current planes out of sync
ERROR:  08.08.2019 01:03:29 current planes out of sync
ERROR:  08.08.2019 01:03:29 current planes out of sync
ERROR:  08.08.2019 01:03:29 current planes out of sync
ERROR:  08.08.2019 01:03:29 current planes out of sync
ERROR:  08.08.2019 01:03:29 current planes out of sync
ERROR:  08.08.2019 01:03:29 current planes out of sync
ERROR:  08.08.2019 01:03:29 current planes out of sync
ERROR:  08.08.2019 01:03:29 current planes out of sync
ERROR:  08.08.2019 01:03:29 current planes out of sync
ERROR:  08.08.2019 01:03:29 current planes out of sync
ERROR:  08.08.2019 01:03:29 current planes out of sync
ERROR:  08.08.2019 01:03:29 current planes out of sync
ERROR:  08.08.2019 01:03:29 current planes out of sync
ERROR:  08.08.2019 01:03:29 current planes out of sync
ERROR:  08.08.2019 01:03:29 current planes out of sync
ERROR:  08.08.2019 01:03:30 current planes out of sync
ERROR:  08.08.2019 01:03:30 current planes out of sync
ERROR:  08.08.2019 01:03:30 current planes out of sync
ERROR:  08.08.2019 01:03:30 current planes out of sync
ERROR:  08.08.2019 01:03:30 current planes out of sync
ERROR:  08.08.2019 01:03:30 current planes out of sync
ERROR:  08.08.2019 01:03:30 current planes out of sync
ERROR:  08.08.2019 01:03:30 current planes out of sync
ERROR:  08.08.2019 01:03:30 current planes out of sync
ERROR:  08.08.2019 01:03:30 current planes out of sync
ERROR:  08.08.2019 01:03:30 current planes out of sync
ERROR:  08.08.2019 01:03:30 current planes out of sync
ERROR:  08.08.2019 01:03:30 current planes out of sync
ERROR:  08.08.2019 01:03:30 current planes out of sync
ERROR:  08.08.2019 01:07:04 current planes out of sync
ERROR:  08.08.2019 01:07:04 current planes out of sync
ERROR:  08.08.2019 01:07:04 current planes out of sync
ERROR:  08.08.2019 01:07:04 current planes out of sync
ERROR:  08.08.2019 01:07:04 current planes out of sync
ERROR:  08.08.2019 01:07:04 current planes out of sync
ERROR:  08.08.2019 01:07:04 current planes out of sync
ERROR:  08.08.2019 01:07:04 current planes out of sync
ERROR:  08.08.2019 01:07:04 current planes out of sync
ERROR:  08.08.2019 01:07:04 current planes out of sync
ERROR:  08.08.2019 01:07:04 current planes out of sync
ERROR:  08.08.2019 01:07:04 current planes out of sync
ERROR:  08.08.2019 01:07:04 current planes out of sync
ERROR:  08.08.2019 01:07:04 current planes out of sync
ERROR:  08.08.2019 01:07:04 current planes out of sync
ERROR:  08.08.2019 01:07:04 current planes out of sync
ERROR:  08.08.2019 01:07:04 current planes out of sync
ERROR:  08.08.2019 01:07:04 current planes out of sync
ERROR:  08.08.2019 01:07:05 current planes out of sync
ERROR:  08.08.2019 01:07:05 current planes out of sync
ERROR:  08.08.2019 01:07:05 current planes out of sync
ERROR:  08.08.2019 01:07:05 current planes out of sync
ERROR:  08.08.2019 01:07:05 current planes out of sync
ERROR:  08.08.2019 01:07:05 current planes out of sync
ERROR:  08.08.2019 01:07:05 current planes out of sync
ERROR:  08.08.2019 01:07:05 current planes out of sync
ERROR:  08.08.2019 01:07:05 current planes out of sync
ERROR:  08.08.2019 01:07:05 current planes out of sync
ERROR:  08.08.2019 01:07:05 current planes out of sync
ERROR:  08.08.2019 01:07:05 current planes out of sync
ERROR:  08.08.2019 01:07:05 current planes out of sync
ERROR:  08.08.2019 01:07:05 current planes out of sync
ERROR:  08.08.2019 01:07:05 current planes out of sync
ERROR:  08.08.2019 01:07:05 current planes out of sync
ERROR:  08.08.2019 01:07:05 current planes out of sync
ERROR:  08.08.2019 01:07:05 current planes out of sync
ERROR:  08.08.2019 01:07:05 current planes out of sync
ERROR:  08.08.2019 01:07:05 current planes out of sync
ERROR:  08.08.2019 01:07:05 current planes out of sync
ERROR:  08.08.2019 01:07:05 current planes out of sync
ERROR:  08.08.2019 01:07:05 current planes out of sync
ERROR:  08.08.2019 01:07:05 current planes out of sync
ERROR:  08.08.2019 01:07:05 current planes out of sync
ERROR:  08.08.2019 01:07:05 current planes out of sync
ERROR:  08.08.2019 01:07:05 current planes out of sync
ERROR:  08.08.2019 01:07:05 current planes out of sync
ERROR:  08.08.2019 01:07:05 current planes out of sync
ERROR:  08.08.2019 01:07:05 current planes out of sync
ERROR:  08.08.2019 01:07:05 current planes out of sync
ERROR:  08.08.2019 01:07:05 current planes out of sync
ERROR:  08.08.2019 01:07:05 current planes out of sync
ERROR:  08.08.2019 01:07:05 current planes out of sync
ERROR:  08.08.2019 01:07:06 current planes out of sync
ERROR:  08.08.2019 01:07:06 current planes out of sync
ERROR:  08.08.2019 01:07:06 current planes out of sync
ERROR:  08.08.2019 01:07:06 current planes out of sync
ERROR:  08.08.2019 01:07:06 current planes out of sync
ERROR:  08.08.2019 01:08:15 current planes out of sync
ERROR:  08.08.2019 01:08:15 current planes out of sync
ERROR:  08.08.2019 01:08:15 current planes out of sync
ERROR:  08.08.2019 01:08:24 current planes out of sync
ERROR:  08.08.2019 01:08:24 current planes out of sync
ERROR:  08.08.2019 01:08:24 current planes out of sync
ERROR:  08.08.2019 01:09:00 current planes out of sync
ERROR:  08.08.2019 01:09:00 current planes out of sync
ERROR:  08.08.2019 01:09:00 current planes out of sync
ERROR:  08.08.2019 01:09:08 current planes out of sync
ERROR:  08.08.2019 01:09:08 current planes out of sync
ERROR:  08.08.2019 01:09:08 current planes out of sync
ERROR:  08.08.2019 01:10:08 current planes out of sync
ERROR:  08.08.2019 01:10:08 current planes out of sync
ERROR:  08.08.2019 01:10:16 current planes out of sync
ERROR:  08.08.2019 01:10:16 current planes out of sync
ERROR:  08.08.2019 01:11:47 current planes out of sync
ERROR:  08.08.2019 01:11:47 current planes out of sync
ERROR:  08.08.2019 01:11:53 current planes out of sync
ERROR:  08.08.2019 01:11:53 current planes out of sync
ERROR:  08.08.2019 01:11:55 current planes out of sync
ERROR:  08.08.2019 01:11:55 current planes out of sync
ERROR:  08.08.2019 01:11:57 current planes out of sync
ERROR:  08.08.2019 01:11:57 current planes out of sync
ERROR:  08.08.2019 01:12:46 current planes out of sync
ERROR:  08.08.2019 01:12:46 current planes out of sync
ERROR:  08.08.2019 01:16:29 current planes out of sync
ERROR:  08.08.2019 01:16:29 current planes out of sync
ERROR:  08.08.2019 01:16:29 current planes out of sync
ERROR:  08.08.2019 01:17:15 current planes out of sync
ERROR:  08.08.2019 01:17:15 current planes out of sync
ERROR:  08.08.2019 01:17:15 current planes out of sync
ERROR:  08.08.2019 01:17:20 current planes out of sync
ERROR:  08.08.2019 01:17:20 current planes out of sync
ERROR:  08.08.2019 01:17:20 current planes out of sync
ERROR:  08.08.2019 01:17:24 current planes out of sync
ERROR:  08.08.2019 01:17:24 current planes out of sync
ERROR:  08.08.2019 01:17:24 current planes out of sync
ERROR:  08.08.2019 01:17:50 current planes out of sync
ERROR:  08.08.2019 01:17:50 current planes out of sync
ERROR:  08.08.2019 01:17:50 current planes out of sync
ERROR:  08.08.2019 01:17:52 current planes out of sync
ERROR:  08.08.2019 01:17:52 current planes out of sync
ERROR:  08.08.2019 01:17:52 current planes out of sync
