ASSERT: 03.08.2019 21:46:59 REASON: (0), File: int_drawing_view.cpp, Line: 148
ASSERT: 03.08.2019 21:46:59 REASON: (0), File: int_drawing_view.cpp, Line: 148
ASSERT: 03.08.2019 21:46:59 REASON: (0), File: int_drawing_view.cpp, Line: 148
ASSERT: 03.08.2019 21:46:59 REASON: (0), File: int_drawing_view.cpp, Line: 148
ASSERT: 03.08.2019 23:13:31 REASON: (false), File: int_intelligent_graphic_object_point.cpp, Line: 101
ASSERT: 03.08.2019 23:13:31 REASON: (!"Failed to insert associative rule (GO)"), File: int_intelligent_go_associations.cpp, Line: 21
ASSERT: 03.08.2019 23:13:31 REASON: (false), File: int_intelligent_graphic_object_point.cpp, Line: 101
ASSERT: 03.08.2019 23:13:31 REASON: (!"Failed to insert associative rule (GO)"), File: int_intelligent_go_associations.cpp, Line: 21
ASSERT: 03.08.2019 23:15:14 REASON: (false), File: int_intelligent_graphic_object_point.cpp, Line: 101
ASSERT: 03.08.2019 23:15:14 REASON: (!"Failed to insert associative rule (GO)"), File: int_intelligent_go_associations.cpp, Line: 21
ASSERT: 03.08.2019 23:15:14 REASON: (false), File: int_intelligent_graphic_object_point.cpp, Line: 101
ASSERT: 03.08.2019 23:15:14 REASON: (!"Failed to insert associative rule (GO)"), File: int_intelligent_go_associations.cpp, Line: 21
ASSERT: 03.08.2019 23:19:17 REASON: (0), File: int_drawing_view.cpp, Line: 148
ASSERT: 03.08.2019 23:19:17 REASON: (0), File: int_drawing_view.cpp, Line: 148
ASSERT: 03.08.2019 23:19:17 REASON: (false), File: int_intelligent_graphic_object_point.cpp, Line: 101
ASSERT: 03.08.2019 23:19:17 REASON: (!"Failed to insert associative rule (GO)"), File: int_intelligent_go_associations.cpp, Line: 21
ASSERT: 03.08.2019 23:19:17 REASON: (false), File: int_intelligent_graphic_object_point.cpp, Line: 101
ASSERT: 03.08.2019 23:19:17 REASON: (!"Failed to insert associative rule (GO)"), File: int_intelligent_go_associations.cpp, Line: 21
ASSERT: 03.08.2019 23:19:17 REASON: (0), File: int_drawing_view.cpp, Line: 148
ERROR:  04.08.2019 00:16:10 Timeid 53526713 mapping failed (selUpdateViewFilterMapIdsAfterCompactingCB)
ASSERT: 04.08.2019 00:16:11 REASON: (!"Timeid mapping from old to new failed, please check the log and report the details"), File: db_domain_and_events.cpp, Line: 159
