ERROR:  07.08.2019 02:03:07 Unable to match the defined hatch name with any of the available hatches.
ERROR:  07.08.2019 02:03:07 Hatch schema file parsing failed with definition MISCELLANEOUS,Стекло,Стекло,0.1,3,1.
ERROR:  07.08.2019 02:03:07 Unable to match the defined hatch name with any of the available hatches.
ERROR:  07.08.2019 02:03:07 Hatch schema file parsing failed with definition MISCELLANEOUS,Песок,Песок,0.5,3,1.
ERROR:  07.08.2019 02:03:07 Unable to match the defined hatch name with any of the available hatches.
ERROR:  07.08.2019 02:03:07 Hatch schema file parsing failed with definition MISCELLANEOUS,Щебень,Щебень,0.5,3,1.
ERROR:  07.08.2019 02:03:07 current planes out of sync
ERROR:  07.08.2019 02:03:07 current planes out of sync
ERROR:  07.08.2019 02:03:07 current planes out of sync
ERROR:  07.08.2019 02:03:07 current planes out of sync
ERROR:  07.08.2019 02:03:07 current planes out of sync
ERROR:  07.08.2019 02:03:07 current planes out of sync
ERROR:  07.08.2019 02:03:07 current planes out of sync
ERROR:  07.08.2019 02:03:07 current planes out of sync
ERROR:  07.08.2019 02:03:07 current planes out of sync
ERROR:  07.08.2019 02:03:07 current planes out of sync
ERROR:  07.08.2019 02:03:07 current planes out of sync
ERROR:  07.08.2019 02:03:07 current planes out of sync
ERROR:  07.08.2019 02:03:07 current planes out of sync
ERROR:  07.08.2019 02:03:07 current planes out of sync
ERROR:  07.08.2019 02:03:07 current planes out of sync
ERROR:  07.08.2019 02:03:07 current planes out of sync
ERROR:  07.08.2019 02:03:07 current planes out of sync
ERROR:  07.08.2019 02:03:07 current planes out of sync
ERROR:  07.08.2019 02:17:17 current planes out of sync
ERROR:  07.08.2019 02:17:17 current planes out of sync
ERROR:  07.08.2019 02:17:17 current planes out of sync
ERROR:  07.08.2019 02:17:17 current planes out of sync
ERROR:  07.08.2019 02:17:17 current planes out of sync
ERROR:  07.08.2019 02:17:17 current planes out of sync
ERROR:  07.08.2019 02:17:17 current planes out of sync
ERROR:  07.08.2019 02:17:17 current planes out of sync
ERROR:  07.08.2019 02:17:17 current planes out of sync
ERROR:  07.08.2019 02:17:17 current planes out of sync
ERROR:  07.08.2019 02:17:17 current planes out of sync
ERROR:  07.08.2019 02:17:17 current planes out of sync
ERROR:  07.08.2019 02:17:17 current planes out of sync
ERROR:  07.08.2019 02:17:17 current planes out of sync
ERROR:  07.08.2019 02:17:17 current planes out of sync
ERROR:  07.08.2019 02:17:17 current planes out of sync
ERROR:  07.08.2019 02:17:17 current planes out of sync
ERROR:  07.08.2019 02:17:17 current planes out of sync
ASSERT: 07.08.2019 02:57:07 REASON: (0), File: int_drawing_view.cpp, Line: 148
ASSERT: 07.08.2019 02:57:07 REASON: (0), File: int_drawing_view.cpp, Line: 148
ASSERT: 07.08.2019 02:57:07 REASON: (0), File: int_drawing_view.cpp, Line: 148
ASSERT: 07.08.2019 02:57:07 REASON: (0), File: int_drawing_view.cpp, Line: 148
ASSERT: 07.08.2019 02:57:07 REASON: (0), File: int_drawing_view.cpp, Line: 148
ERROR:  07.08.2019 03:33:38 current planes out of sync
ERROR:  07.08.2019 03:33:38 current planes out of sync
ERROR:  07.08.2019 03:33:38 current planes out of sync
ERROR:  07.08.2019 03:33:38 current planes out of sync
ERROR:  07.08.2019 03:33:38 current planes out of sync
ERROR:  07.08.2019 03:33:38 current planes out of sync
ERROR:  07.08.2019 03:33:38 current planes out of sync
ERROR:  07.08.2019 03:33:38 current planes out of sync
ERROR:  07.08.2019 03:33:38 current planes out of sync
ERROR:  07.08.2019 03:33:38 current planes out of sync
ERROR:  07.08.2019 03:33:38 current planes out of sync
ERROR:  07.08.2019 03:33:38 current planes out of sync
ERROR:  07.08.2019 03:33:38 current planes out of sync
ERROR:  07.08.2019 03:33:38 current planes out of sync
ERROR:  07.08.2019 03:33:38 current planes out of sync
ERROR:  07.08.2019 03:33:38 current planes out of sync
ERROR:  07.08.2019 03:33:38 current planes out of sync
ERROR:  07.08.2019 03:33:38 current planes out of sync
ERROR:  07.08.2019 03:36:52 current planes out of sync
ERROR:  07.08.2019 03:36:52 current planes out of sync
ERROR:  07.08.2019 03:36:52 current planes out of sync
ERROR:  07.08.2019 03:36:52 current planes out of sync
ERROR:  07.08.2019 03:36:52 current planes out of sync
ERROR:  07.08.2019 03:36:52 current planes out of sync
ERROR:  07.08.2019 03:36:52 current planes out of sync
ERROR:  07.08.2019 03:36:52 current planes out of sync
ERROR:  07.08.2019 03:36:52 current planes out of sync
ERROR:  07.08.2019 03:36:52 current planes out of sync
ERROR:  07.08.2019 03:36:52 current planes out of sync
ERROR:  07.08.2019 03:36:52 current planes out of sync
ERROR:  07.08.2019 03:36:52 current planes out of sync
ERROR:  07.08.2019 03:36:52 current planes out of sync
ERROR:  07.08.2019 03:36:52 current planes out of sync
ERROR:  07.08.2019 03:36:52 current planes out of sync
ERROR:  07.08.2019 03:36:52 current planes out of sync
ERROR:  07.08.2019 03:36:52 current planes out of sync
ERROR:  07.08.2019 03:45:42 current planes out of sync
ERROR:  07.08.2019 03:45:42 current planes out of sync
ERROR:  07.08.2019 03:45:42 current planes out of sync
ERROR:  07.08.2019 03:45:42 current planes out of sync
ERROR:  07.08.2019 03:45:42 current planes out of sync
ERROR:  07.08.2019 03:45:42 current planes out of sync
ERROR:  07.08.2019 03:45:42 current planes out of sync
ERROR:  07.08.2019 03:45:42 current planes out of sync
ERROR:  07.08.2019 03:45:42 current planes out of sync
ERROR:  07.08.2019 03:45:42 current planes out of sync
ERROR:  07.08.2019 03:45:42 current planes out of sync
ERROR:  07.08.2019 03:45:42 current planes out of sync
ERROR:  07.08.2019 03:45:42 current planes out of sync
ERROR:  07.08.2019 03:45:42 current planes out of sync
ERROR:  07.08.2019 03:45:42 current planes out of sync
ERROR:  07.08.2019 03:45:42 current planes out of sync
ERROR:  07.08.2019 03:45:42 current planes out of sync
ERROR:  07.08.2019 03:45:42 current planes out of sync
